[2.077s] DEBUG:colcon:Command line arguments: ['/usr/bin/colcon', 'build', '--symlink-install']
[2.077s] DEBUG:colcon:Parsed command line arguments: Namespace(allow_overriding=[], ament_cmake_args=None, base_paths=['.'], build_base='build', catkin_cmake_args=None, catkin_skip_building_tests=False, cmake_args=None, cmake_clean_cache=False, cmake_clean_first=False, cmake_force_configure=False, cmake_target=None, cmake_target_skip_unavailable=False, continue_on_error=False, event_handlers=None, executor='parallel', ignore_user_meta=False, install_base='install', log_base=None, log_level=None, main=<bound method BuildVerb.main of <colcon_core.verb.build.BuildVerb object at 0x7f40a2066640>>, merge_install=False, metas=['./colcon.meta'], packages_above=None, packages_above_and_dependencies=None, packages_above_depth=None, packages_end=None, packages_ignore=None, packages_ignore_regex=None, packages_select=None, packages_select_build_failed=False, packages_select_by_dep=None, packages_select_regex=None, packages_select_test_failures=False, packages_skip=None, packages_skip_build_finished=False, packages_skip_by_dep=None, packages_skip_regex=None, packages_skip_test_passed=False, packages_skip_up_to=None, packages_start=None, packages_up_to=None, packages_up_to_regex=None, parallel_workers=16, paths=None, symlink_install=True, test_result_base=None, verb_extension=<colcon_core.verb.build.BuildVerb object at 0x7f40a2066640>, verb_name='build', verb_parser=<colcon_defaults.argument_parser.defaults.DefaultArgumentsDecorator object at 0x7f40a2066880>)
[2.168s] Level 1:colcon.colcon_core.package_discovery:discover_packages(colcon_meta) check parameters
[2.168s] Level 1:colcon.colcon_core.package_discovery:discover_packages(recursive) check parameters
[2.168s] Level 1:colcon.colcon_core.package_discovery:discover_packages(ignore) check parameters
[2.168s] Level 1:colcon.colcon_core.package_discovery:discover_packages(path) check parameters
[2.168s] Level 1:colcon.colcon_core.package_discovery:discover_packages(colcon_meta) discover
[2.168s] Level 1:colcon.colcon_core.package_discovery:discover_packages(recursive) discover
[2.168s] INFO:colcon.colcon_core.package_discovery:Crawling recursively for packages in '/home/corey/Cubemars_AK_Series_Driver'
[2.168s] Level 1:colcon.colcon_core.package_identification:_identify(.) by extensions ['ignore', 'ignore_ament_install']
[2.168s] Level 1:colcon.colcon_core.package_identification:_identify(.) by extension 'ignore'
[2.168s] Level 1:colcon.colcon_core.package_identification:_identify(.) by extension 'ignore_ament_install'
[2.169s] Level 1:colcon.colcon_core.package_identification:_identify(.) by extensions ['colcon_pkg']
[2.169s] Level 1:colcon.colcon_core.package_identification:_identify(.) by extension 'colcon_pkg'
[2.169s] Level 1:colcon.colcon_core.package_identification:_identify(.) by extensions ['colcon_meta']
[2.169s] Level 1:colcon.colcon_core.package_identification:_identify(.) by extension 'colcon_meta'
[2.169s] Level 1:colcon.colcon_core.package_identification:_identify(.) by extensions ['ros']
[2.169s] Level 1:colcon.colcon_core.package_identification:_identify(.) by extension 'ros'
[2.178s] Level 1:colcon.colcon_core.package_identification:_identify(.) by extensions ['cmake', 'python']
[2.178s] Level 1:colcon.colcon_core.package_identification:_identify(.) by extension 'cmake'
[2.178s] Level 1:colcon.colcon_core.package_identification:_identify(.) by extension 'python'
[2.178s] Level 1:colcon.colcon_core.package_identification:_identify(.) by extensions ['python_setup_py']
[2.178s] Level 1:colcon.colcon_core.package_identification:_identify(.) by extension 'python_setup_py'
[2.178s] Level 1:colcon.colcon_core.package_identification:_identify(build) by extensions ['ignore', 'ignore_ament_install']
[2.178s] Level 1:colcon.colcon_core.package_identification:_identify(build) by extension 'ignore'
[2.179s] Level 1:colcon.colcon_core.package_identification:_identify(build) ignored
[2.179s] Level 1:colcon.colcon_core.package_identification:_identify(install) by extensions ['ignore', 'ignore_ament_install']
[2.179s] Level 1:colcon.colcon_core.package_identification:_identify(install) by extension 'ignore'
[2.179s] Level 1:colcon.colcon_core.package_identification:_identify(install) ignored
[2.179s] Level 1:colcon.colcon_core.package_identification:_identify(log) by extensions ['ignore', 'ignore_ament_install']
[2.179s] Level 1:colcon.colcon_core.package_identification:_identify(log) by extension 'ignore'
[2.179s] Level 1:colcon.colcon_core.package_identification:_identify(log) ignored
[2.179s] Level 1:colcon.colcon_core.package_identification:_identify(resources) by extensions ['ignore', 'ignore_ament_install']
[2.179s] Level 1:colcon.colcon_core.package_identification:_identify(resources) by extension 'ignore'
[2.179s] Level 1:colcon.colcon_core.package_identification:_identify(resources) by extension 'ignore_ament_install'
[2.179s] Level 1:colcon.colcon_core.package_identification:_identify(resources) by extensions ['colcon_pkg']
[2.179s] Level 1:colcon.colcon_core.package_identification:_identify(resources) by extension 'colcon_pkg'
[2.179s] Level 1:colcon.colcon_core.package_identification:_identify(resources) by extensions ['colcon_meta']
[2.179s] Level 1:colcon.colcon_core.package_identification:_identify(resources) by extension 'colcon_meta'
[2.180s] Level 1:colcon.colcon_core.package_identification:_identify(resources) by extensions ['ros']
[2.180s] Level 1:colcon.colcon_core.package_identification:_identify(resources) by extension 'ros'
[2.180s] Level 1:colcon.colcon_core.package_identification:_identify(resources) by extensions ['cmake', 'python']
[2.180s] Level 1:colcon.colcon_core.package_identification:_identify(resources) by extension 'cmake'
[2.180s] Level 1:colcon.colcon_core.package_identification:_identify(resources) by extension 'python'
[2.180s] Level 1:colcon.colcon_core.package_identification:_identify(resources) by extensions ['python_setup_py']
[2.180s] Level 1:colcon.colcon_core.package_identification:_identify(resources) by extension 'python_setup_py'
[2.180s] Level 1:colcon.colcon_core.package_identification:_identify(resources/autom4te.cache) by extensions ['ignore', 'ignore_ament_install']
[2.180s] Level 1:colcon.colcon_core.package_identification:_identify(resources/autom4te.cache) by extension 'ignore'
[2.180s] Level 1:colcon.colcon_core.package_identification:_identify(resources/autom4te.cache) by extension 'ignore_ament_install'
[2.180s] Level 1:colcon.colcon_core.package_identification:_identify(resources/autom4te.cache) by extensions ['colcon_pkg']
[2.180s] Level 1:colcon.colcon_core.package_identification:_identify(resources/autom4te.cache) by extension 'colcon_pkg'
[2.180s] Level 1:colcon.colcon_core.package_identification:_identify(resources/autom4te.cache) by extensions ['colcon_meta']
[2.180s] Level 1:colcon.colcon_core.package_identification:_identify(resources/autom4te.cache) by extension 'colcon_meta'
[2.180s] Level 1:colcon.colcon_core.package_identification:_identify(resources/autom4te.cache) by extensions ['ros']
[2.180s] Level 1:colcon.colcon_core.package_identification:_identify(resources/autom4te.cache) by extension 'ros'
[2.180s] Level 1:colcon.colcon_core.package_identification:_identify(resources/autom4te.cache) by extensions ['cmake', 'python']
[2.180s] Level 1:colcon.colcon_core.package_identification:_identify(resources/autom4te.cache) by extension 'cmake'
[2.180s] Level 1:colcon.colcon_core.package_identification:_identify(resources/autom4te.cache) by extension 'python'
[2.180s] Level 1:colcon.colcon_core.package_identification:_identify(resources/autom4te.cache) by extensions ['python_setup_py']
[2.180s] Level 1:colcon.colcon_core.package_identification:_identify(resources/autom4te.cache) by extension 'python_setup_py'
[2.180s] Level 1:colcon.colcon_core.package_identification:_identify(resources/config) by extensions ['ignore', 'ignore_ament_install']
[2.180s] Level 1:colcon.colcon_core.package_identification:_identify(resources/config) by extension 'ignore'
[2.181s] Level 1:colcon.colcon_core.package_identification:_identify(resources/config) by extension 'ignore_ament_install'
[2.181s] Level 1:colcon.colcon_core.package_identification:_identify(resources/config) by extensions ['colcon_pkg']
[2.181s] Level 1:colcon.colcon_core.package_identification:_identify(resources/config) by extension 'colcon_pkg'
[2.181s] Level 1:colcon.colcon_core.package_identification:_identify(resources/config) by extensions ['colcon_meta']
[2.181s] Level 1:colcon.colcon_core.package_identification:_identify(resources/config) by extension 'colcon_meta'
[2.181s] Level 1:colcon.colcon_core.package_identification:_identify(resources/config) by extensions ['ros']
[2.181s] Level 1:colcon.colcon_core.package_identification:_identify(resources/config) by extension 'ros'
[2.181s] Level 1:colcon.colcon_core.package_identification:_identify(resources/config) by extensions ['cmake', 'python']
[2.181s] Level 1:colcon.colcon_core.package_identification:_identify(resources/config) by extension 'cmake'
[2.181s] Level 1:colcon.colcon_core.package_identification:_identify(resources/config) by extension 'python'
[2.181s] Level 1:colcon.colcon_core.package_identification:_identify(resources/config) by extensions ['python_setup_py']
[2.181s] Level 1:colcon.colcon_core.package_identification:_identify(resources/config) by extension 'python_setup_py'
[2.181s] Level 1:colcon.colcon_core.package_identification:_identify(resources/config/autoconf) by extensions ['ignore', 'ignore_ament_install']
[2.181s] Level 1:colcon.colcon_core.package_identification:_identify(resources/config/autoconf) by extension 'ignore'
[2.181s] Level 1:colcon.colcon_core.package_identification:_identify(resources/config/autoconf) by extension 'ignore_ament_install'
[2.181s] Level 1:colcon.colcon_core.package_identification:_identify(resources/config/autoconf) by extensions ['colcon_pkg']
[2.181s] Level 1:colcon.colcon_core.package_identification:_identify(resources/config/autoconf) by extension 'colcon_pkg'
[2.181s] Level 1:colcon.colcon_core.package_identification:_identify(resources/config/autoconf) by extensions ['colcon_meta']
[2.181s] Level 1:colcon.colcon_core.package_identification:_identify(resources/config/autoconf) by extension 'colcon_meta'
[2.181s] Level 1:colcon.colcon_core.package_identification:_identify(resources/config/autoconf) by extensions ['ros']
[2.181s] Level 1:colcon.colcon_core.package_identification:_identify(resources/config/autoconf) by extension 'ros'
[2.181s] Level 1:colcon.colcon_core.package_identification:_identify(resources/config/autoconf) by extensions ['cmake', 'python']
[2.181s] Level 1:colcon.colcon_core.package_identification:_identify(resources/config/autoconf) by extension 'cmake'
[2.181s] Level 1:colcon.colcon_core.package_identification:_identify(resources/config/autoconf) by extension 'python'
[2.181s] Level 1:colcon.colcon_core.package_identification:_identify(resources/config/autoconf) by extensions ['python_setup_py']
[2.182s] Level 1:colcon.colcon_core.package_identification:_identify(resources/config/autoconf) by extension 'python_setup_py'
[2.182s] Level 1:colcon.colcon_core.package_identification:_identify(resources/config/m4) by extensions ['ignore', 'ignore_ament_install']
[2.182s] Level 1:colcon.colcon_core.package_identification:_identify(resources/config/m4) by extension 'ignore'
[2.182s] Level 1:colcon.colcon_core.package_identification:_identify(resources/config/m4) by extension 'ignore_ament_install'
[2.182s] Level 1:colcon.colcon_core.package_identification:_identify(resources/config/m4) by extensions ['colcon_pkg']
[2.182s] Level 1:colcon.colcon_core.package_identification:_identify(resources/config/m4) by extension 'colcon_pkg'
[2.182s] Level 1:colcon.colcon_core.package_identification:_identify(resources/config/m4) by extensions ['colcon_meta']
[2.182s] Level 1:colcon.colcon_core.package_identification:_identify(resources/config/m4) by extension 'colcon_meta'
[2.182s] Level 1:colcon.colcon_core.package_identification:_identify(resources/config/m4) by extensions ['ros']
[2.182s] Level 1:colcon.colcon_core.package_identification:_identify(resources/config/m4) by extension 'ros'
[2.182s] Level 1:colcon.colcon_core.package_identification:_identify(resources/config/m4) by extensions ['cmake', 'python']
[2.182s] Level 1:colcon.colcon_core.package_identification:_identify(resources/config/m4) by extension 'cmake'
[2.182s] Level 1:colcon.colcon_core.package_identification:_identify(resources/config/m4) by extension 'python'
[2.182s] Level 1:colcon.colcon_core.package_identification:_identify(resources/config/m4) by extensions ['python_setup_py']
[2.182s] Level 1:colcon.colcon_core.package_identification:_identify(resources/config/m4) by extension 'python_setup_py'
[2.182s] Level 1:colcon.colcon_core.package_identification:_identify(resources/include) by extensions ['ignore', 'ignore_ament_install']
[2.182s] Level 1:colcon.colcon_core.package_identification:_identify(resources/include) by extension 'ignore'
[2.182s] Level 1:colcon.colcon_core.package_identification:_identify(resources/include) by extension 'ignore_ament_install'
[2.182s] Level 1:colcon.colcon_core.package_identification:_identify(resources/include) by extensions ['colcon_pkg']
[2.182s] Level 1:colcon.colcon_core.package_identification:_identify(resources/include) by extension 'colcon_pkg'
[2.182s] Level 1:colcon.colcon_core.package_identification:_identify(resources/include) by extensions ['colcon_meta']
[2.182s] Level 1:colcon.colcon_core.package_identification:_identify(resources/include) by extension 'colcon_meta'
[2.182s] Level 1:colcon.colcon_core.package_identification:_identify(resources/include) by extensions ['ros']
[2.182s] Level 1:colcon.colcon_core.package_identification:_identify(resources/include) by extension 'ros'
[2.183s] Level 1:colcon.colcon_core.package_identification:_identify(resources/include) by extensions ['cmake', 'python']
[2.183s] Level 1:colcon.colcon_core.package_identification:_identify(resources/include) by extension 'cmake'
[2.183s] Level 1:colcon.colcon_core.package_identification:_identify(resources/include) by extension 'python'
[2.183s] Level 1:colcon.colcon_core.package_identification:_identify(resources/include) by extensions ['python_setup_py']
[2.183s] Level 1:colcon.colcon_core.package_identification:_identify(resources/include) by extension 'python_setup_py'
[2.183s] Level 1:colcon.colcon_core.package_identification:_identify(resources/include/linux) by extensions ['ignore', 'ignore_ament_install']
[2.183s] Level 1:colcon.colcon_core.package_identification:_identify(resources/include/linux) by extension 'ignore'
[2.183s] Level 1:colcon.colcon_core.package_identification:_identify(resources/include/linux) by extension 'ignore_ament_install'
[2.183s] Level 1:colcon.colcon_core.package_identification:_identify(resources/include/linux) by extensions ['colcon_pkg']
[2.183s] Level 1:colcon.colcon_core.package_identification:_identify(resources/include/linux) by extension 'colcon_pkg'
[2.183s] Level 1:colcon.colcon_core.package_identification:_identify(resources/include/linux) by extensions ['colcon_meta']
[2.183s] Level 1:colcon.colcon_core.package_identification:_identify(resources/include/linux) by extension 'colcon_meta'
[2.183s] Level 1:colcon.colcon_core.package_identification:_identify(resources/include/linux) by extensions ['ros']
[2.183s] Level 1:colcon.colcon_core.package_identification:_identify(resources/include/linux) by extension 'ros'
[2.183s] Level 1:colcon.colcon_core.package_identification:_identify(resources/include/linux) by extensions ['cmake', 'python']
[2.183s] Level 1:colcon.colcon_core.package_identification:_identify(resources/include/linux) by extension 'cmake'
[2.183s] Level 1:colcon.colcon_core.package_identification:_identify(resources/include/linux) by extension 'python'
[2.183s] Level 1:colcon.colcon_core.package_identification:_identify(resources/include/linux) by extensions ['python_setup_py']
[2.183s] Level 1:colcon.colcon_core.package_identification:_identify(resources/include/linux) by extension 'python_setup_py'
[2.183s] Level 1:colcon.colcon_core.package_identification:_identify(resources/include/linux/can) by extensions ['ignore', 'ignore_ament_install']
[2.183s] Level 1:colcon.colcon_core.package_identification:_identify(resources/include/linux/can) by extension 'ignore'
[2.183s] Level 1:colcon.colcon_core.package_identification:_identify(resources/include/linux/can) by extension 'ignore_ament_install'
[2.184s] Level 1:colcon.colcon_core.package_identification:_identify(resources/include/linux/can) by extensions ['colcon_pkg']
[2.184s] Level 1:colcon.colcon_core.package_identification:_identify(resources/include/linux/can) by extension 'colcon_pkg'
[2.184s] Level 1:colcon.colcon_core.package_identification:_identify(resources/include/linux/can) by extensions ['colcon_meta']
[2.184s] Level 1:colcon.colcon_core.package_identification:_identify(resources/include/linux/can) by extension 'colcon_meta'
[2.184s] Level 1:colcon.colcon_core.package_identification:_identify(resources/include/linux/can) by extensions ['ros']
[2.184s] Level 1:colcon.colcon_core.package_identification:_identify(resources/include/linux/can) by extension 'ros'
[2.184s] Level 1:colcon.colcon_core.package_identification:_identify(resources/include/linux/can) by extensions ['cmake', 'python']
[2.184s] Level 1:colcon.colcon_core.package_identification:_identify(resources/include/linux/can) by extension 'cmake'
[2.184s] Level 1:colcon.colcon_core.package_identification:_identify(resources/include/linux/can) by extension 'python'
[2.184s] Level 1:colcon.colcon_core.package_identification:_identify(resources/include/linux/can) by extensions ['python_setup_py']
[2.184s] Level 1:colcon.colcon_core.package_identification:_identify(resources/include/linux/can) by extension 'python_setup_py'
[2.184s] Level 1:colcon.colcon_core.package_identification:_identify(src) by extensions ['ignore', 'ignore_ament_install']
[2.184s] Level 1:colcon.colcon_core.package_identification:_identify(src) by extension 'ignore'
[2.184s] Level 1:colcon.colcon_core.package_identification:_identify(src) by extension 'ignore_ament_install'
[2.184s] Level 1:colcon.colcon_core.package_identification:_identify(src) by extensions ['colcon_pkg']
[2.184s] Level 1:colcon.colcon_core.package_identification:_identify(src) by extension 'colcon_pkg'
[2.184s] Level 1:colcon.colcon_core.package_identification:_identify(src) by extensions ['colcon_meta']
[2.184s] Level 1:colcon.colcon_core.package_identification:_identify(src) by extension 'colcon_meta'
[2.184s] Level 1:colcon.colcon_core.package_identification:_identify(src) by extensions ['ros']
[2.184s] Level 1:colcon.colcon_core.package_identification:_identify(src) by extension 'ros'
[2.184s] Level 1:colcon.colcon_core.package_identification:_identify(src) by extensions ['cmake', 'python']
[2.184s] Level 1:colcon.colcon_core.package_identification:_identify(src) by extension 'cmake'
[2.184s] Level 1:colcon.colcon_core.package_identification:_identify(src) by extension 'python'
[2.184s] Level 1:colcon.colcon_core.package_identification:_identify(src) by extensions ['python_setup_py']
[2.184s] Level 1:colcon.colcon_core.package_identification:_identify(src) by extension 'python_setup_py'
[2.184s] Level 1:colcon.colcon_core.package_identification:_identify(src/ak_series_driver) by extensions ['ignore', 'ignore_ament_install']
[2.185s] Level 1:colcon.colcon_core.package_identification:_identify(src/ak_series_driver) by extension 'ignore'
[2.185s] Level 1:colcon.colcon_core.package_identification:_identify(src/ak_series_driver) by extension 'ignore_ament_install'
[2.185s] Level 1:colcon.colcon_core.package_identification:_identify(src/ak_series_driver) by extensions ['colcon_pkg']
[2.185s] Level 1:colcon.colcon_core.package_identification:_identify(src/ak_series_driver) by extension 'colcon_pkg'
[2.185s] Level 1:colcon.colcon_core.package_identification:_identify(src/ak_series_driver) by extensions ['colcon_meta']
[2.185s] Level 1:colcon.colcon_core.package_identification:_identify(src/ak_series_driver) by extension 'colcon_meta'
[2.185s] Level 1:colcon.colcon_core.package_identification:_identify(src/ak_series_driver) by extensions ['ros']
[2.185s] Level 1:colcon.colcon_core.package_identification:_identify(src/ak_series_driver) by extension 'ros'
[2.186s] DEBUG:colcon.colcon_core.package_identification:Package 'src/ak_series_driver' with type 'ros.ament_cmake' and name 'ak_series_driver'
[2.187s] Level 1:colcon.colcon_core.package_identification:_identify(src/test_topic) by extensions ['ignore', 'ignore_ament_install']
[2.187s] Level 1:colcon.colcon_core.package_identification:_identify(src/test_topic) by extension 'ignore'
[2.187s] Level 1:colcon.colcon_core.package_identification:_identify(src/test_topic) by extension 'ignore_ament_install'
[2.187s] Level 1:colcon.colcon_core.package_identification:_identify(src/test_topic) by extensions ['colcon_pkg']
[2.187s] Level 1:colcon.colcon_core.package_identification:_identify(src/test_topic) by extension 'colcon_pkg'
[2.187s] Level 1:colcon.colcon_core.package_identification:_identify(src/test_topic) by extensions ['colcon_meta']
[2.187s] Level 1:colcon.colcon_core.package_identification:_identify(src/test_topic) by extension 'colcon_meta'
[2.187s] Level 1:colcon.colcon_core.package_identification:_identify(src/test_topic) by extensions ['ros']
[2.187s] Level 1:colcon.colcon_core.package_identification:_identify(src/test_topic) by extension 'ros'
[2.187s] DEBUG:colcon.colcon_core.package_identification:Package 'src/test_topic' with type 'ros.ament_python' and name 'test_topic'
[2.187s] Level 1:colcon.colcon_core.package_discovery:discover_packages(recursive) using defaults
[2.187s] Level 1:colcon.colcon_core.package_discovery:discover_packages(ignore) discover
[2.187s] Level 1:colcon.colcon_core.package_discovery:discover_packages(ignore) using defaults
[2.188s] Level 1:colcon.colcon_core.package_discovery:discover_packages(path) discover
[2.188s] Level 1:colcon.colcon_core.package_discovery:discover_packages(path) using defaults
[2.382s] Level 1:colcon.colcon_core.package_discovery:discover_packages(prefix_path) check parameters
[2.382s] Level 1:colcon.colcon_core.package_discovery:discover_packages(prefix_path) discover
[2.456s] DEBUG:colcon.colcon_installed_package_information.package_discovery:Found 350 installed packages in /opt/ros/galactic
[2.457s] Level 1:colcon.colcon_core.package_discovery:discover_packages(prefix_path) using defaults
[2.607s] Level 5:colcon.colcon_core.verb:set package 'ak_series_driver' build argument 'cmake_args' from command line to 'None'
[2.607s] Level 5:colcon.colcon_core.verb:set package 'ak_series_driver' build argument 'cmake_target' from command line to 'None'
[2.607s] Level 5:colcon.colcon_core.verb:set package 'ak_series_driver' build argument 'cmake_target_skip_unavailable' from command line to 'False'
[2.607s] Level 5:colcon.colcon_core.verb:set package 'ak_series_driver' build argument 'cmake_clean_cache' from command line to 'False'
[2.607s] Level 5:colcon.colcon_core.verb:set package 'ak_series_driver' build argument 'cmake_clean_first' from command line to 'False'
[2.607s] Level 5:colcon.colcon_core.verb:set package 'ak_series_driver' build argument 'cmake_force_configure' from command line to 'False'
[2.607s] Level 5:colcon.colcon_core.verb:set package 'ak_series_driver' build argument 'ament_cmake_args' from command line to 'None'
[2.607s] Level 5:colcon.colcon_core.verb:set package 'ak_series_driver' build argument 'catkin_cmake_args' from command line to 'None'
[2.607s] Level 5:colcon.colcon_core.verb:set package 'ak_series_driver' build argument 'catkin_skip_building_tests' from command line to 'False'
[2.607s] DEBUG:colcon.colcon_core.verb:Building package 'ak_series_driver' with the following arguments: {'ament_cmake_args': None, 'build_base': '/home/corey/Cubemars_AK_Series_Driver/build/ak_series_driver', 'catkin_cmake_args': None, 'catkin_skip_building_tests': False, 'cmake_args': None, 'cmake_clean_cache': False, 'cmake_clean_first': False, 'cmake_force_configure': False, 'cmake_target': None, 'cmake_target_skip_unavailable': False, 'install_base': '/home/corey/Cubemars_AK_Series_Driver/install/ak_series_driver', 'merge_install': False, 'path': '/home/corey/Cubemars_AK_Series_Driver/src/ak_series_driver', 'symlink_install': True, 'test_result_base': None}
[2.643s] Level 5:colcon.colcon_core.verb:set package 'test_topic' build argument 'cmake_args' from command line to 'None'
[2.643s] Level 5:colcon.colcon_core.verb:set package 'test_topic' build argument 'cmake_target' from command line to 'None'
[2.643s] Level 5:colcon.colcon_core.verb:set package 'test_topic' build argument 'cmake_target_skip_unavailable' from command line to 'False'
[2.643s] Level 5:colcon.colcon_core.verb:set package 'test_topic' build argument 'cmake_clean_cache' from command line to 'False'
[2.643s] Level 5:colcon.colcon_core.verb:set package 'test_topic' build argument 'cmake_clean_first' from command line to 'False'
[2.644s] Level 5:colcon.colcon_core.verb:set package 'test_topic' build argument 'cmake_force_configure' from command line to 'False'
[2.644s] Level 5:colcon.colcon_core.verb:set package 'test_topic' build argument 'ament_cmake_args' from command line to 'None'
[2.644s] Level 5:colcon.colcon_core.verb:set package 'test_topic' build argument 'catkin_cmake_args' from command line to 'None'
[2.644s] Level 5:colcon.colcon_core.verb:set package 'test_topic' build argument 'catkin_skip_building_tests' from command line to 'False'
[2.644s] DEBUG:colcon.colcon_core.verb:Building package 'test_topic' with the following arguments: {'ament_cmake_args': None, 'build_base': '/home/corey/Cubemars_AK_Series_Driver/build/test_topic', 'catkin_cmake_args': None, 'catkin_skip_building_tests': False, 'cmake_args': None, 'cmake_clean_cache': False, 'cmake_clean_first': False, 'cmake_force_configure': False, 'cmake_target': None, 'cmake_target_skip_unavailable': False, 'install_base': '/home/corey/Cubemars_AK_Series_Driver/install/test_topic', 'merge_install': False, 'path': '/home/corey/Cubemars_AK_Series_Driver/src/test_topic', 'symlink_install': True, 'test_result_base': None}
[2.682s] INFO:colcon.colcon_core.executor:Executing jobs using 'parallel' executor
[2.721s] DEBUG:colcon.colcon_parallel_executor.executor.parallel:run_until_complete
[2.721s] INFO:colcon.colcon_ros.task.ament_cmake.build:Building ROS package in '/home/corey/Cubemars_AK_Series_Driver/src/ak_series_driver' with build type 'ament_cmake'
[2.721s] INFO:colcon.colcon_cmake.task.cmake.build:Building CMake package in '/home/corey/Cubemars_AK_Series_Driver/src/ak_series_driver'
[2.760s] INFO:colcon.colcon_core.plugin_system:Skipping extension 'colcon_core.shell.bat': Not used on non-Windows systems
[2.761s] INFO:colcon.colcon_core.shell:Skip shell extension 'powershell' for command environment: Not usable outside of PowerShell
[2.761s] DEBUG:colcon.colcon_core.shell:Skip shell extension 'dsv' for command environment
[2.839s] INFO:colcon.colcon_ros.task.ament_python.build:Building ROS package in '/home/corey/Cubemars_AK_Series_Driver/src/test_topic' with build type 'ament_python'
[2.839s] Level 1:colcon.colcon_core.shell:create_environment_hook('test_topic', 'ament_prefix_path')
[2.878s] INFO:colcon.colcon_core.shell:Creating environment hook '/home/corey/Cubemars_AK_Series_Driver/install/test_topic/share/test_topic/hook/ament_prefix_path.ps1'
[2.879s] INFO:colcon.colcon_core.shell:Creating environment descriptor '/home/corey/Cubemars_AK_Series_Driver/install/test_topic/share/test_topic/hook/ament_prefix_path.dsv'
[2.880s] INFO:colcon.colcon_core.shell:Creating environment hook '/home/corey/Cubemars_AK_Series_Driver/install/test_topic/share/test_topic/hook/ament_prefix_path.sh'
[2.918s] INFO:colcon.colcon_core.shell:Skip shell extension 'powershell' for command environment: Not usable outside of PowerShell
[2.918s] DEBUG:colcon.colcon_core.shell:Skip shell extension 'dsv' for command environment
[3.001s] DEBUG:colcon.colcon_core.event_handler.log_command:Invoking command in '/home/corey/Cubemars_AK_Series_Driver/build/ak_series_driver': CMAKE_PREFIX_PATH=/opt/ros/galactic /home/corey/.local/bin/cmake --build /home/corey/Cubemars_AK_Series_Driver/build/ak_series_driver -- -j16 -l16
[3.191s] INFO:colcon.colcon_core.task.python.build:Building Python package in '/home/corey/Cubemars_AK_Series_Driver/src/test_topic'
[3.236s] INFO:colcon.colcon_core.shell:Skip shell extension 'powershell' for command environment: Not usable outside of PowerShell
[3.236s] DEBUG:colcon.colcon_core.shell:Skip shell extension 'dsv' for command environment
[3.635s] DEBUG:colcon.colcon_core.event_handler.log_command:Invoking command in '/home/corey/Cubemars_AK_Series_Driver/build/test_topic': PYTHONPATH=/home/corey/Cubemars_AK_Series_Driver/build/test_topic/prefix_override:/home/corey/Cubemars_AK_Series_Driver/install/test_topic/lib/python3.8/site-packages:${PYTHONPATH} /usr/bin/python3 setup.py develop --editable --build-directory /home/corey/Cubemars_AK_Series_Driver/build/test_topic/build --no-deps install_data
[4.044s] Level 1:colcon.colcon_core.shell:create_environment_hook('test_topic', 'pythonpath_develop')
[4.045s] DEBUG:colcon.colcon_core.event_handler.log_command:Invoked command in '/home/corey/Cubemars_AK_Series_Driver/build/test_topic' returned '0': PYTHONPATH=/home/corey/Cubemars_AK_Series_Driver/build/test_topic/prefix_override:/home/corey/Cubemars_AK_Series_Driver/install/test_topic/lib/python3.8/site-packages:${PYTHONPATH} /usr/bin/python3 setup.py develop --editable --build-directory /home/corey/Cubemars_AK_Series_Driver/build/test_topic/build --no-deps install_data
[4.084s] INFO:colcon.colcon_core.shell:Creating environment hook '/home/corey/Cubemars_AK_Series_Driver/build/test_topic/share/test_topic/hook/pythonpath_develop.ps1'
[4.084s] INFO:colcon.colcon_core.shell:Creating environment descriptor '/home/corey/Cubemars_AK_Series_Driver/build/test_topic/share/test_topic/hook/pythonpath_develop.dsv'
[4.084s] INFO:colcon.colcon_core.shell:Creating environment hook '/home/corey/Cubemars_AK_Series_Driver/build/test_topic/share/test_topic/hook/pythonpath_develop.sh'
[4.124s] Level 1:colcon.colcon_core.environment:checking '/home/corey/Cubemars_AK_Series_Driver/install/test_topic' for CMake module files
[4.124s] Level 1:colcon.colcon_core.environment:checking '/home/corey/Cubemars_AK_Series_Driver/install/test_topic' for CMake config files
[4.125s] Level 1:colcon.colcon_core.environment:checking '/home/corey/Cubemars_AK_Series_Driver/install/test_topic/lib'
[4.125s] Level 1:colcon.colcon_core.environment:checking '/home/corey/Cubemars_AK_Series_Driver/install/test_topic/bin'
[4.125s] Level 1:colcon.colcon_core.environment:checking '/home/corey/Cubemars_AK_Series_Driver/install/test_topic/lib/pkgconfig/test_topic.pc'
[4.125s] Level 1:colcon.colcon_core.environment:checking '/home/corey/Cubemars_AK_Series_Driver/install/test_topic/lib/python3.8/site-packages'
[4.125s] Level 1:colcon.colcon_core.shell:create_environment_hook('test_topic', 'pythonpath')
[4.164s] INFO:colcon.colcon_core.shell:Creating environment hook '/home/corey/Cubemars_AK_Series_Driver/install/test_topic/share/test_topic/hook/pythonpath.ps1'
[4.165s] INFO:colcon.colcon_core.shell:Creating environment descriptor '/home/corey/Cubemars_AK_Series_Driver/install/test_topic/share/test_topic/hook/pythonpath.dsv'
[4.165s] INFO:colcon.colcon_core.shell:Creating environment hook '/home/corey/Cubemars_AK_Series_Driver/install/test_topic/share/test_topic/hook/pythonpath.sh'
[4.165s] Level 1:colcon.colcon_core.environment:checking '/home/corey/Cubemars_AK_Series_Driver/install/test_topic/bin'
[4.165s] Level 1:colcon.colcon_core.environment:create_environment_scripts_only(test_topic)
[4.204s] INFO:colcon.colcon_core.shell:Creating package script '/home/corey/Cubemars_AK_Series_Driver/install/test_topic/share/test_topic/package.ps1'
[4.205s] INFO:colcon.colcon_core.shell:Creating package descriptor '/home/corey/Cubemars_AK_Series_Driver/install/test_topic/share/test_topic/package.dsv'
[4.205s] INFO:colcon.colcon_core.shell:Creating package script '/home/corey/Cubemars_AK_Series_Driver/install/test_topic/share/test_topic/package.sh'
[4.206s] INFO:colcon.colcon_core.shell:Creating package script '/home/corey/Cubemars_AK_Series_Driver/install/test_topic/share/test_topic/package.bash'
[4.206s] INFO:colcon.colcon_core.shell:Creating package script '/home/corey/Cubemars_AK_Series_Driver/install/test_topic/share/test_topic/package.zsh'
[4.207s] Level 1:colcon.colcon_core.environment:create_file_with_runtime_dependencies(/home/corey/Cubemars_AK_Series_Driver/install/test_topic/share/colcon-core/packages/test_topic)
[6.266s] DEBUG:colcon.colcon_core.event_handler.log_command:Invoked command in '/home/corey/Cubemars_AK_Series_Driver/build/ak_series_driver' returned '2': CMAKE_PREFIX_PATH=/opt/ros/galactic /home/corey/.local/bin/cmake --build /home/corey/Cubemars_AK_Series_Driver/build/ak_series_driver -- -j16 -l16
[6.335s] Level 1:colcon.colcon_core.environment:create_environment_scripts_only(ak_series_driver)
[6.373s] Level 1:colcon.colcon_core.environment:checking '/home/corey/Cubemars_AK_Series_Driver/install/ak_series_driver' for CMake module files
[6.373s] Level 1:colcon.colcon_core.environment:checking '/home/corey/Cubemars_AK_Series_Driver/install/ak_series_driver' for CMake config files
[6.374s] Level 1:colcon.colcon_core.shell:create_environment_hook('ak_series_driver', 'cmake_prefix_path')
[6.413s] INFO:colcon.colcon_core.shell:Creating environment hook '/home/corey/Cubemars_AK_Series_Driver/install/ak_series_driver/share/ak_series_driver/hook/cmake_prefix_path.ps1'
[6.413s] INFO:colcon.colcon_core.shell:Creating environment descriptor '/home/corey/Cubemars_AK_Series_Driver/install/ak_series_driver/share/ak_series_driver/hook/cmake_prefix_path.dsv'
[6.414s] INFO:colcon.colcon_core.shell:Creating environment hook '/home/corey/Cubemars_AK_Series_Driver/install/ak_series_driver/share/ak_series_driver/hook/cmake_prefix_path.sh'
[6.414s] Level 1:colcon.colcon_core.environment:checking '/home/corey/Cubemars_AK_Series_Driver/install/ak_series_driver/lib'
[6.414s] Level 1:colcon.colcon_core.environment:checking '/home/corey/Cubemars_AK_Series_Driver/install/ak_series_driver/bin'
[6.414s] Level 1:colcon.colcon_core.environment:checking '/home/corey/Cubemars_AK_Series_Driver/install/ak_series_driver/lib/pkgconfig/ak_series_driver.pc'
[6.414s] Level 1:colcon.colcon_core.environment:checking '/home/corey/Cubemars_AK_Series_Driver/install/ak_series_driver/lib/python3.8/site-packages'
[6.415s] Level 1:colcon.colcon_core.environment:checking '/home/corey/Cubemars_AK_Series_Driver/install/ak_series_driver/bin'
[6.457s] INFO:colcon.colcon_core.shell:Creating package script '/home/corey/Cubemars_AK_Series_Driver/install/ak_series_driver/share/ak_series_driver/package.ps1'
[6.457s] INFO:colcon.colcon_core.shell:Creating package descriptor '/home/corey/Cubemars_AK_Series_Driver/install/ak_series_driver/share/ak_series_driver/package.dsv'
[6.458s] INFO:colcon.colcon_core.shell:Creating package script '/home/corey/Cubemars_AK_Series_Driver/install/ak_series_driver/share/ak_series_driver/package.sh'
[6.458s] INFO:colcon.colcon_core.shell:Creating package script '/home/corey/Cubemars_AK_Series_Driver/install/ak_series_driver/share/ak_series_driver/package.bash'
[6.458s] INFO:colcon.colcon_core.shell:Creating package script '/home/corey/Cubemars_AK_Series_Driver/install/ak_series_driver/share/ak_series_driver/package.zsh'
[6.459s] Level 1:colcon.colcon_core.environment:create_file_with_runtime_dependencies(/home/corey/Cubemars_AK_Series_Driver/install/ak_series_driver/share/colcon-core/packages/ak_series_driver)
[6.469s] DEBUG:colcon.colcon_parallel_executor.executor.parallel:closing loop
[6.469s] DEBUG:colcon.colcon_parallel_executor.executor.parallel:loop closed
[6.470s] DEBUG:colcon.colcon_parallel_executor.executor.parallel:run_until_complete finished with '2'
[6.470s] DEBUG:colcon.colcon_core.event_reactor:joining thread
[6.537s] INFO:colcon.colcon_core.plugin_system:Skipping extension 'colcon_notification.desktop_notification.terminal_notifier': Not used on non-Darwin systems
[6.537s] INFO:colcon.colcon_core.plugin_system:Skipping extension 'colcon_notification.desktop_notification.win32': Not used on non-Windows systems
[6.537s] INFO:colcon.colcon_notification.desktop_notification:Sending desktop notification using 'notify2'
[6.548s] DEBUG:colcon.colcon_core.event_reactor:joined thread
[6.613s] INFO:colcon.colcon_core.shell:Creating prefix script '/home/corey/Cubemars_AK_Series_Driver/install/local_setup.ps1'
[6.614s] INFO:colcon.colcon_core.shell:Creating prefix util module '/home/corey/Cubemars_AK_Series_Driver/install/_local_setup_util_ps1.py'
[6.615s] INFO:colcon.colcon_core.shell:Creating prefix chain script '/home/corey/Cubemars_AK_Series_Driver/install/setup.ps1'
[6.660s] INFO:colcon.colcon_core.shell:Creating prefix script '/home/corey/Cubemars_AK_Series_Driver/install/local_setup.sh'
[6.660s] INFO:colcon.colcon_core.shell:Creating prefix util module '/home/corey/Cubemars_AK_Series_Driver/install/_local_setup_util_sh.py'
[6.661s] INFO:colcon.colcon_core.shell:Creating prefix chain script '/home/corey/Cubemars_AK_Series_Driver/install/setup.sh'
[6.700s] INFO:colcon.colcon_core.shell:Creating prefix script '/home/corey/Cubemars_AK_Series_Driver/install/local_setup.bash'
[6.701s] INFO:colcon.colcon_core.shell:Creating prefix chain script '/home/corey/Cubemars_AK_Series_Driver/install/setup.bash'
[6.743s] INFO:colcon.colcon_core.shell:Creating prefix script '/home/corey/Cubemars_AK_Series_Driver/install/local_setup.zsh'
[6.744s] INFO:colcon.colcon_core.shell:Creating prefix chain script '/home/corey/Cubemars_AK_Series_Driver/install/setup.zsh'
