[0.157s] Invoking command in '/home/corey/ros2_ws/build/ak_series_driver': CMAKE_PREFIX_PATH=${CMAKE_PREFIX_PATH}:/opt/ros/galactic /home/corey/.local/bin/cmake --build /home/corey/ros2_ws/build/ak_series_driver -- -j16 -l16
[0.195s] [ 25%] [32mBuilding CXX object CMakeFiles/ak_series_driver.dir/src/test_node.cpp.o[0m
[1.413s] In file included from [01m[K/home/corey/ros2_ws/src/Cubemars_AK_Series_Driver/ak_series_driver/src/test_node.cpp:14[m[K:
[1.413s] [01m[K/home/corey/ros2_ws/src/Cubemars_AK_Series_Driver/ak_series_driver/include/ak_series_driver/can_communication.hpp:[m[K In member function ‘[01m[Kvoid CanCommunication::start(int, int)[m[K’:
[1.414s] [01m[K/home/corey/ros2_ws/src/Cubemars_AK_Series_Driver/ak_series_driver/include/ak_series_driver/can_communication.hpp:39:33:[m[K [01;31m[Kerror: [m[Kuse of deleted function ‘[01m[Kstd::__cxx11::basic_stringstream<_CharT, _Traits, _Alloc>::basic_stringstream(const std::__cxx11::basic_stringstream<_CharT, _Traits, _Alloc>&) [with _CharT = char; _Traits = std::char_traits<char>; _Alloc = std::allocator<char>][m[K’
[1.414s]    39 |                 send_command(cmd[01;31m[K)[m[K;
[1.414s]       |                                 [01;31m[K^[m[K
[1.414s] In file included from [01m[K/opt/ros/galactic/include/rclcpp/client.hpp:22[m[K,
[1.414s]                  from [01m[K/opt/ros/galactic/include/rclcpp/callback_group.hpp:23[m[K,
[1.414s]                  from [01m[K/opt/ros/galactic/include/rclcpp/any_executable.hpp:20[m[K,
[1.414s]                  from [01m[K/opt/ros/galactic/include/rclcpp/memory_strategy.hpp:25[m[K,
[1.414s]                  from [01m[K/opt/ros/galactic/include/rclcpp/memory_strategies.hpp:18[m[K,
[1.414s]                  from [01m[K/opt/ros/galactic/include/rclcpp/executor_options.hpp:20[m[K,
[1.414s]                  from [01m[K/opt/ros/galactic/include/rclcpp/executor.hpp:36[m[K,
[1.414s]                  from [01m[K/opt/ros/galactic/include/rclcpp/executors/multi_threaded_executor.hpp:26[m[K,
[1.414s]                  from [01m[K/opt/ros/galactic/include/rclcpp/executors.hpp:21[m[K,
[1.414s]                  from [01m[K/opt/ros/galactic/include/rclcpp/rclcpp.hpp:156[m[K,
[1.414s]                  from [01m[K/home/corey/ros2_ws/src/Cubemars_AK_Series_Driver/ak_series_driver/src/test_node.cpp:13[m[K:
[1.414s] [01m[K/usr/include/c++/9/sstream:787:7:[m[K [01;36m[Knote: [m[Kdeclared here
[1.414s]   787 |       [01;36m[Kbasic_stringstream[m[K(const basic_stringstream&) = delete;
[1.415s]       |       [01;36m[K^~~~~~~~~~~~~~~~~~[m[K
[1.415s] In file included from [01m[K/home/corey/ros2_ws/src/Cubemars_AK_Series_Driver/ak_series_driver/src/test_node.cpp:14[m[K:
[1.415s] [01m[K/home/corey/ros2_ws/src/Cubemars_AK_Series_Driver/ak_series_driver/include/ak_series_driver/can_communication.hpp:59:45:[m[K [01;36m[Knote: [m[K  initializing argument 1 of ‘[01m[Kvoid CanCommunication::send_command(std::stringstream)[m[K’
[1.415s]    59 |         void send_command([01;36m[Kstd::stringstream str[m[K)
[1.415s]       |                           [01;36m[K~~~~~~~~~~~~~~~~~~^~~[m[K
[1.415s] [01m[K/home/corey/ros2_ws/src/Cubemars_AK_Series_Driver/ak_series_driver/include/ak_series_driver/can_communication.hpp:41:33:[m[K [01;31m[Kerror: [m[Kuse of deleted function ‘[01m[Kstd::__cxx11::basic_stringstream<_CharT, _Traits, _Alloc>::basic_stringstream(const std::__cxx11::basic_stringstream<_CharT, _Traits, _Alloc>&) [with _CharT = char; _Traits = std::char_traits<char>; _Alloc = std::allocator<char>][m[K’
[1.415s]    41 |                 send_command(cmd[01;31m[K)[m[K;
[1.415s]       |                                 [01;31m[K^[m[K
[1.415s] In file included from [01m[K/opt/ros/galactic/include/rclcpp/client.hpp:22[m[K,
[1.415s]                  from [01m[K/opt/ros/galactic/include/rclcpp/callback_group.hpp:23[m[K,
[1.415s]                  from [01m[K/opt/ros/galactic/include/rclcpp/any_executable.hpp:20[m[K,
[1.415s]                  from [01m[K/opt/ros/galactic/include/rclcpp/memory_strategy.hpp:25[m[K,
[1.415s]                  from [01m[K/opt/ros/galactic/include/rclcpp/memory_strategies.hpp:18[m[K,
[1.415s]                  from [01m[K/opt/ros/galactic/include/rclcpp/executor_options.hpp:20[m[K,
[1.415s]                  from [01m[K/opt/ros/galactic/include/rclcpp/executor.hpp:36[m[K,
[1.415s]                  from [01m[K/opt/ros/galactic/include/rclcpp/executors/multi_threaded_executor.hpp:26[m[K,
[1.415s]                  from [01m[K/opt/ros/galactic/include/rclcpp/executors.hpp:21[m[K,
[1.415s]                  from [01m[K/opt/ros/galactic/include/rclcpp/rclcpp.hpp:156[m[K,
[1.415s]                  from [01m[K/home/corey/ros2_ws/src/Cubemars_AK_Series_Driver/ak_series_driver/src/test_node.cpp:13[m[K:
[1.415s] [01m[K/usr/include/c++/9/sstream:787:7:[m[K [01;36m[Knote: [m[Kdeclared here
[1.415s]   787 |       [01;36m[Kbasic_stringstream[m[K(const basic_stringstream&) = delete;
[1.415s]       |       [01;36m[K^~~~~~~~~~~~~~~~~~[m[K
[1.416s] In file included from [01m[K/home/corey/ros2_ws/src/Cubemars_AK_Series_Driver/ak_series_driver/src/test_node.cpp:14[m[K:
[1.416s] [01m[K/home/corey/ros2_ws/src/Cubemars_AK_Series_Driver/ak_series_driver/include/ak_series_driver/can_communication.hpp:59:45:[m[K [01;36m[Knote: [m[K  initializing argument 1 of ‘[01m[Kvoid CanCommunication::send_command(std::stringstream)[m[K’
[1.416s]    59 |         void send_command([01;36m[Kstd::stringstream str[m[K)
[1.416s]       |                           [01;36m[K~~~~~~~~~~~~~~~~~~^~~[m[K
[1.416s] [01m[K/home/corey/ros2_ws/src/Cubemars_AK_Series_Driver/ak_series_driver/include/ak_series_driver/can_communication.hpp:43:33:[m[K [01;31m[Kerror: [m[Kuse of deleted function ‘[01m[Kstd::__cxx11::basic_stringstream<_CharT, _Traits, _Alloc>::basic_stringstream(const std::__cxx11::basic_stringstream<_CharT, _Traits, _Alloc>&) [with _CharT = char; _Traits = std::char_traits<char>; _Alloc = std::allocator<char>][m[K’
[1.416s]    43 |                 send_command(cmd[01;31m[K)[m[K;
[1.416s]       |                                 [01;31m[K^[m[K
[1.416s] In file included from [01m[K/opt/ros/galactic/include/rclcpp/client.hpp:22[m[K,
[1.416s]                  from [01m[K/opt/ros/galactic/include/rclcpp/callback_group.hpp:23[m[K,
[1.416s]                  from [01m[K/opt/ros/galactic/include/rclcpp/any_executable.hpp:20[m[K,
[1.416s]                  from [01m[K/opt/ros/galactic/include/rclcpp/memory_strategy.hpp:25[m[K,
[1.416s]                  from [01m[K/opt/ros/galactic/include/rclcpp/memory_strategies.hpp:18[m[K,
[1.416s]                  from [01m[K/opt/ros/galactic/include/rclcpp/executor_options.hpp:20[m[K,
[1.416s]                  from [01m[K/opt/ros/galactic/include/rclcpp/executor.hpp:36[m[K,
[1.416s]                  from [01m[K/opt/ros/galactic/include/rclcpp/executors/multi_threaded_executor.hpp:26[m[K,
[1.416s]                  from [01m[K/opt/ros/galactic/include/rclcpp/executors.hpp:21[m[K,
[1.416s]                  from [01m[K/opt/ros/galactic/include/rclcpp/rclcpp.hpp:156[m[K,
[1.416s]                  from [01m[K/home/corey/ros2_ws/src/Cubemars_AK_Series_Driver/ak_series_driver/src/test_node.cpp:13[m[K:
[1.416s] [01m[K/usr/include/c++/9/sstream:787:7:[m[K [01;36m[Knote: [m[Kdeclared here
[1.416s]   787 |       [01;36m[Kbasic_stringstream[m[K(const basic_stringstream&) = delete;
[1.417s]       |       [01;36m[K^~~~~~~~~~~~~~~~~~[m[K
[1.417s] In file included from [01m[K/home/corey/ros2_ws/src/Cubemars_AK_Series_Driver/ak_series_driver/src/test_node.cpp:14[m[K:
[1.417s] [01m[K/home/corey/ros2_ws/src/Cubemars_AK_Series_Driver/ak_series_driver/include/ak_series_driver/can_communication.hpp:59:45:[m[K [01;36m[Knote: [m[K  initializing argument 1 of ‘[01m[Kvoid CanCommunication::send_command(std::stringstream)[m[K’
[1.417s]    59 |         void send_command([01;36m[Kstd::stringstream str[m[K)
[1.417s]       |                           [01;36m[K~~~~~~~~~~~~~~~~~~^~~[m[K
[1.884s] make[2]: *** [CMakeFiles/ak_series_driver.dir/build.make:76: CMakeFiles/ak_series_driver.dir/src/test_node.cpp.o] Error 1
[1.884s] make[1]: *** [CMakeFiles/Makefile2:139: CMakeFiles/ak_series_driver.dir/all] Error 2
[1.884s] make: *** [Makefile:146: all] Error 2
[1.888s] Invoked command in '/home/corey/ros2_ws/build/ak_series_driver' returned '2': CMAKE_PREFIX_PATH=${CMAKE_PREFIX_PATH}:/opt/ros/galactic /home/corey/.local/bin/cmake --build /home/corey/ros2_ws/build/ak_series_driver -- -j16 -l16
