[0.016s] Invoking command in '/home/corey/Cubemars_AK_Series_Driver/build/ak_series_driver': CMAKE_PREFIX_PATH=/opt/ros/galactic /home/corey/.local/bin/cmake --build /home/corey/Cubemars_AK_Series_Driver/build/ak_series_driver -- -j16 -l16
[0.066s] [35m[1mScanning dependencies of target ak_series_driver[0m
[0.086s] [ 16%] [32mBuilding CXX object CMakeFiles/ak_series_driver.dir/src/single_motor.cpp.o[0m
[1.679s] In file included from [01m[K/home/corey/Cubemars_AK_Series_Driver/src/ak_series_driver/src/single_motor.cpp:11[m[K:
[1.679s] /usr/include/c++/9/thread: In instantiation of ‘[01m[Kstd::thread::thread(_Callable&&, _Args&& ...) [with _Callable = void (SingleMotor::*)(); _Args = {}; <template-parameter-1-3> = void][m[K’:
[1.679s] [01m[K/home/corey/Cubemars_AK_Series_Driver/src/ak_series_driver/src/single_motor.cpp:54:60:[m[K   required from here
[1.679s] [01m[K/usr/include/c++/9/thread:120:44:[m[K [01;31m[Kerror: [m[Kstatic assertion failed: std::thread arguments must be invocable after conversion to rvalues
[1.679s]   120 |           typename decay<_Args>::type...>::[01;31m[Kvalue[m[K,
[1.680s]       |                                            [01;31m[K^~~~~[m[K
[1.681s] /usr/include/c++/9/thread: In instantiation of ‘[01m[Kstruct std::thread::_Invoker<std::tuple<void (SingleMotor::*)()> >[m[K’:
[1.681s] [01m[K/usr/include/c++/9/thread:131:22:[m[K   required from ‘[01m[Kstd::thread::thread(_Callable&&, _Args&& ...) [with _Callable = void (SingleMotor::*)(); _Args = {}; <template-parameter-1-3> = void][m[K’
[1.681s] [01m[K/home/corey/Cubemars_AK_Series_Driver/src/ak_series_driver/src/single_motor.cpp:54:60:[m[K   required from here
[1.681s] [01m[K/usr/include/c++/9/thread:243:4:[m[K [01;31m[Kerror: [m[Kno type named ‘[01m[Ktype[m[K’ in ‘[01m[Kstruct std::thread::_Invoker<std::tuple<void (SingleMotor::*)()> >::__result<std::tuple<void (SingleMotor::*)()> >[m[K’
[1.681s]   243 |    [01;31m[K_M_invoke[m[K(_Index_tuple<_Ind...>)
[1.681s]       |    [01;31m[K^~~~~~~~~[m[K
[1.681s] [01m[K/usr/include/c++/9/thread:247:2:[m[K [01;31m[Kerror: [m[Kno type named ‘[01m[Ktype[m[K’ in ‘[01m[Kstruct std::thread::_Invoker<std::tuple<void (SingleMotor::*)()> >::__result<std::tuple<void (SingleMotor::*)()> >[m[K’
[1.681s]   247 |  [01;31m[Koperator[m[K()()
[1.681s]       |  [01;31m[K^~~~~~~~[m[K
[3.161s] make[2]: *** [CMakeFiles/ak_series_driver.dir/build.make:63: CMakeFiles/ak_series_driver.dir/src/single_motor.cpp.o] Error 1
[3.161s] make[1]: *** [CMakeFiles/Makefile2:136: CMakeFiles/ak_series_driver.dir/all] Error 2
[3.161s] make: *** [Makefile:141: all] Error 2
[3.165s] Invoked command in '/home/corey/Cubemars_AK_Series_Driver/build/ak_series_driver' returned '2': CMAKE_PREFIX_PATH=/opt/ros/galactic /home/corey/.local/bin/cmake --build /home/corey/Cubemars_AK_Series_Driver/build/ak_series_driver -- -j16 -l16
