[01m[K/home/corey/Cubemars_AK_Series_Driver/src/ak_series_driver/src/single_motor.cpp:[m[K In member function ‘[01m[Kvoid SingleMotor::setup()[m[K’:
[01m[K/home/corey/Cubemars_AK_Series_Driver/src/ak_series_driver/src/single_motor.cpp:65:32:[m[K [01;31m[Kerror: [m[Kcannot bind non-const lvalue reference of type ‘[01m[Kstd::string&[m[K’ {aka ‘[01m[Kstd::__cxx11::basic_string<char>&[m[K’} to an rvalue of type ‘[01m[Kstd::string[m[K’ {aka ‘[01m[Kstd::__cxx11::basic_string<char>[m[K’}
   65 |             driver.setup_motor([01;31m[K"motor1"[m[K, 0, 0.0, 17.0);
      |                                [01;31m[K^~~~~~~~[m[K
In file included from [01m[K/usr/include/c++/9/string:55[m[K,
                 from [01m[K/usr/include/c++/9/stdexcept:39[m[K,
                 from [01m[K/usr/include/c++/9/array:39[m[K,
                 from [01m[K/usr/include/c++/9/tuple:39[m[K,
                 from [01m[K/usr/include/c++/9/bits/unique_ptr.h:37[m[K,
                 from [01m[K/usr/include/c++/9/memory:80[m[K,
                 from [01m[K/usr/include/c++/9/thread:39[m[K,
                 from [01m[K/home/corey/Cubemars_AK_Series_Driver/src/ak_series_driver/src/single_motor.cpp:11[m[K:
[01m[K/usr/include/c++/9/bits/basic_string.h:529:7:[m[K [01;36m[Knote: [m[K  after user-defined conversion: ‘[01m[Kstd::__cxx11::basic_string<_CharT, _Traits, _Alloc>::basic_string(const _CharT*, const _Alloc&) [with <template-parameter-2-1> = std::allocator<char>; _CharT = char; _Traits = std::char_traits<char>; _Alloc = std::allocator<char>][m[K’
  529 |       [01;36m[Kbasic_string[m[K(const _CharT* __s, const _Alloc& __a = _Alloc())
      |       [01;36m[K^~~~~~~~~~~~[m[K
In file included from [01m[K/home/corey/Cubemars_AK_Series_Driver/src/ak_series_driver/src/single_motor.cpp:19[m[K:
[01m[K/home/corey/Cubemars_AK_Series_Driver/src/ak_series_driver/include/ak_series_driver/ak_driver.hpp:22:39:[m[K [01;36m[Knote: [m[K  initializing argument 1 of ‘[01m[Kvoid AKDriver::setup_motor(std::string&, int&, double&, double&)[m[K’
   22 |         void setup_motor([01;36m[Kstd::string &name[m[K, int &can_id, double &angle_offset, double &gear_ratio)
      |                          [01;36m[K~~~~~~~~~~~~~^~~~[m[K
make[2]: *** [CMakeFiles/ak_series_driver.dir/build.make:63: CMakeFiles/ak_series_driver.dir/src/single_motor.cpp.o] Error 1
make[1]: *** [CMakeFiles/Makefile2:136: CMakeFiles/ak_series_driver.dir/all] Error 2
make: *** [Makefile:141: all] Error 2
