[0.009s] Invoking command in '/home/corey/Cubemars_AK_Series_Driver/build/ak_series_driver': CMAKE_PREFIX_PATH=${CMAKE_PREFIX_PATH}:/home/corey/Cubemars_AK_Series_Driver/install/control:/opt/ros/galactic /usr/bin/cmake --build /home/corey/Cubemars_AK_Series_Driver/build/ak_series_driver -- -j32 -l32
[0.031s] [35m[1mScanning dependencies of target ak_series_driver[0m
[0.046s] [ 16%] [32mBuilding CXX object CMakeFiles/ak_series_driver.dir/src/single_motor.cpp.o[0m
[0.840s] [01m[K/home/corey/Cubemars_AK_Series_Driver/src/ak_series_driver/src/single_motor.cpp:[m[K In member function ‘[01m[Kvoid SingleMotor::setup()[m[K’:
[0.840s] [01m[K/home/corey/Cubemars_AK_Series_Driver/src/ak_series_driver/src/single_motor.cpp:65:32:[m[K [01;31m[Kerror: [m[Kcannot bind non-const lvalue reference of type ‘[01m[Kstd::string&[m[K’ {aka ‘[01m[Kstd::__cxx11::basic_string<char>&[m[K’} to an rvalue of type ‘[01m[Kstd::string[m[K’ {aka ‘[01m[Kstd::__cxx11::basic_string<char>[m[K’}
[0.840s]    65 |             driver.setup_motor([01;31m[K"motor1"[m[K, 0, 0.0, 17.0);
[0.840s]       |                                [01;31m[K^~~~~~~~[m[K
[0.840s] In file included from [01m[K/usr/include/c++/9/string:55[m[K,
[0.840s]                  from [01m[K/usr/include/c++/9/stdexcept:39[m[K,
[0.840s]                  from [01m[K/usr/include/c++/9/array:39[m[K,
[0.840s]                  from [01m[K/usr/include/c++/9/tuple:39[m[K,
[0.840s]                  from [01m[K/usr/include/c++/9/bits/unique_ptr.h:37[m[K,
[0.841s]                  from [01m[K/usr/include/c++/9/memory:80[m[K,
[0.841s]                  from [01m[K/usr/include/c++/9/thread:39[m[K,
[0.841s]                  from [01m[K/home/corey/Cubemars_AK_Series_Driver/src/ak_series_driver/src/single_motor.cpp:11[m[K:
[0.841s] [01m[K/usr/include/c++/9/bits/basic_string.h:529:7:[m[K [01;36m[Knote: [m[K  after user-defined conversion: ‘[01m[Kstd::__cxx11::basic_string<_CharT, _Traits, _Alloc>::basic_string(const _CharT*, const _Alloc&) [with <template-parameter-2-1> = std::allocator<char>; _CharT = char; _Traits = std::char_traits<char>; _Alloc = std::allocator<char>][m[K’
[0.841s]   529 |       [01;36m[Kbasic_string[m[K(const _CharT* __s, const _Alloc& __a = _Alloc())
[0.841s]       |       [01;36m[K^~~~~~~~~~~~[m[K
[0.841s] In file included from [01m[K/home/corey/Cubemars_AK_Series_Driver/src/ak_series_driver/src/single_motor.cpp:19[m[K:
[0.841s] [01m[K/home/corey/Cubemars_AK_Series_Driver/src/ak_series_driver/include/ak_series_driver/ak_driver.hpp:22:39:[m[K [01;36m[Knote: [m[K  initializing argument 1 of ‘[01m[Kvoid AKDriver::setup_motor(std::string&, int&, double&, double&)[m[K’
[0.841s]    22 |         void setup_motor([01;36m[Kstd::string &name[m[K, int &can_id, double &angle_offset, double &gear_ratio)
[0.841s]       |                          [01;36m[K~~~~~~~~~~~~~^~~~[m[K
[1.724s] make[2]: *** [CMakeFiles/ak_series_driver.dir/build.make:63: CMakeFiles/ak_series_driver.dir/src/single_motor.cpp.o] Error 1
[1.724s] make[1]: *** [CMakeFiles/Makefile2:136: CMakeFiles/ak_series_driver.dir/all] Error 2
[1.724s] make: *** [Makefile:141: all] Error 2
[1.726s] Invoked command in '/home/corey/Cubemars_AK_Series_Driver/build/ak_series_driver' returned '2': CMAKE_PREFIX_PATH=${CMAKE_PREFIX_PATH}:/home/corey/Cubemars_AK_Series_Driver/install/control:/opt/ros/galactic /usr/bin/cmake --build /home/corey/Cubemars_AK_Series_Driver/build/ak_series_driver -- -j32 -l32
