-- Found ament_cmake: 1.1.6 (/opt/ros/galactic/share/ament_cmake/cmake)
[33mCMake Warning (dev) at /opt/ros/galactic/share/ament_cmake_core/cmake/core/python.cmake:22 (find_package):
  Policy CMP0148 is not set: The FindPythonInterp and FindPythonLibs modules
  are removed.  Run "cmake --help-policy CMP0148" for policy details.  Use
  the cmake_policy command to set the policy and suppress this warning.

Call Stack (most recent call first):
  /opt/ros/galactic/share/ament_cmake_core/cmake/core/all.cmake:53 (include)
  /opt/ros/galactic/share/ament_cmake_core/cmake/ament_cmake_core-extras.cmake:17 (include)
  /opt/ros/galactic/share/ament_cmake_core/cmake/ament_cmake_coreConfig.cmake:41 (include)
  /opt/ros/galactic/share/ament_cmake/cmake/ament_cmake_export_dependencies-extras.cmake:15 (find_package)
  /opt/ros/galactic/share/ament_cmake/cmake/ament_cmakeConfig.cmake:41 (include)
  CMakeLists.txt:9 (find_package)
This warning is for project developers.  Use -Wno-dev to suppress it.
[0m
-- Using PYTHON_EXECUTABLE: /usr/bin/python3
-- Override CMake install command with custom implementation using symlinks instead of copying resources
-- Found rclcpp: 9.2.2 (/opt/ros/galactic/share/rclcpp/cmake)
-- Using all available rosidl_typesupport_c: rosidl_typesupport_fastrtps_c;rosidl_typesupport_introspection_c
-- Found rosidl_adapter: 2.2.3 (/opt/ros/galactic/share/rosidl_adapter/cmake)
-- Using all available rosidl_typesupport_cpp: rosidl_typesupport_fastrtps_cpp;rosidl_typesupport_introspection_cpp
-- Found rmw_implementation_cmake: 3.3.1 (/opt/ros/galactic/share/rmw_implementation_cmake/cmake)
-- Found rmw_cyclonedds_cpp: 0.22.6 (/opt/ros/galactic/share/rmw_cyclonedds_cpp/cmake)
-- Using RMW implementation 'rmw_cyclonedds_cpp' as default
-- Configuring done (0.6s)
-- Generating done (0.0s)
-- Build files have been written to: /home/corey/ros2_ws/build/ak_series_driver
[ 25%] [32mBuilding CXX object CMakeFiles/ak_series_driver.dir/src/test_node.cpp.o[0m
[ 50%] [32m[1mLinking CXX shared library libak_series_driver.so[0m
[ 50%] Built target ak_series_driver
[ 75%] [32mBuilding CXX object CMakeFiles/testCode.dir/src/test_node.cpp.o[0m
[100%] [32m[1mLinking CXX executable testCode[0m
[100%] Built target testCode
-- Install configuration: ""
-- Execute custom install script
-- Up-to-date symlink: /home/corey/ros2_ws/install/ak_series_driver/lib/ak_series_driver/libak_series_driver.so
-- Up-to-date symlink: /home/corey/ros2_ws/install/ak_series_driver/include/ak_series_driver//ak_driver.hpp
-- Up-to-date symlink: /home/corey/ros2_ws/install/ak_series_driver/include/ak_series_driver//can_communication.hpp
-- Up-to-date symlink: /home/corey/ros2_ws/install/ak_series_driver/include/ak_series_driver//mit_params.hpp
-- Up-to-date symlink: /home/corey/ros2_ws/install/ak_series_driver/lib/ak_series_driver/testCode
-- Up-to-date symlink: /home/corey/ros2_ws/install/ak_series_driver/share/ak_series_driver/environment/library_path.sh
-- Up-to-date symlink: /home/corey/ros2_ws/install/ak_series_driver/share/ak_series_driver/environment/library_path.dsv
-- Up-to-date symlink: /home/corey/ros2_ws/install/ak_series_driver/share/ament_index/resource_index/package_run_dependencies/ak_series_driver
-- Up-to-date symlink: /home/corey/ros2_ws/install/ak_series_driver/share/ament_index/resource_index/parent_prefix_path/ak_series_driver
-- Up-to-date symlink: /home/corey/ros2_ws/install/ak_series_driver/share/ak_series_driver/environment/ament_prefix_path.sh
-- Up-to-date symlink: /home/corey/ros2_ws/install/ak_series_driver/share/ak_series_driver/environment/ament_prefix_path.dsv
-- Up-to-date symlink: /home/corey/ros2_ws/install/ak_series_driver/share/ak_series_driver/environment/path.sh
-- Up-to-date symlink: /home/corey/ros2_ws/install/ak_series_driver/share/ak_series_driver/environment/path.dsv
-- Up-to-date symlink: /home/corey/ros2_ws/install/ak_series_driver/share/ak_series_driver/local_setup.bash
-- Up-to-date symlink: /home/corey/ros2_ws/install/ak_series_driver/share/ak_series_driver/local_setup.sh
-- Up-to-date symlink: /home/corey/ros2_ws/install/ak_series_driver/share/ak_series_driver/local_setup.zsh
-- Up-to-date symlink: /home/corey/ros2_ws/install/ak_series_driver/share/ak_series_driver/local_setup.dsv
-- Symlinking: /home/corey/ros2_ws/install/ak_series_driver/share/ak_series_driver/package.dsv
-- Up-to-date symlink: /home/corey/ros2_ws/install/ak_series_driver/share/ament_index/resource_index/packages/ak_series_driver
-- Up-to-date symlink: /home/corey/ros2_ws/install/ak_series_driver/share/ak_series_driver/cmake/ament_cmake_export_include_directories-extras.cmake
-- Up-to-date symlink: /home/corey/ros2_ws/install/ak_series_driver/share/ak_series_driver/cmake/ament_cmake_export_libraries-extras.cmake
-- Up-to-date symlink: /home/corey/ros2_ws/install/ak_series_driver/share/ak_series_driver/cmake/ament_cmake_export_dependencies-extras.cmake
-- Up-to-date symlink: /home/corey/ros2_ws/install/ak_series_driver/share/ak_series_driver/cmake/ak_series_driverConfig.cmake
-- Up-to-date symlink: /home/corey/ros2_ws/install/ak_series_driver/share/ak_series_driver/cmake/ak_series_driverConfig-version.cmake
-- Up-to-date symlink: /home/corey/ros2_ws/install/ak_series_driver/share/ak_series_driver/package.xml
