[0.108s] Invoking command in '/home/corey/Cubemars_AK_Series_Driver/build/ak_series_driver': CMAKE_PREFIX_PATH=${CMAKE_PREFIX_PATH}:/home/corey/Cubemars_AK_Series_Driver/install/ak_driver_status:/home/corey/Cubemars_AK_Series_Driver/install/control:/opt/ros/galactic /usr/bin/cmake --build /home/corey/Cubemars_AK_Series_Driver/build/ak_series_driver -- -j32 -l32
[0.121s] -- Found ament_cmake: 1.1.6 (/opt/ros/galactic/share/ament_cmake/cmake)
[0.134s] -- Using PYTHON_EXECUTABLE: /usr/bin/python3
[0.162s] -- Override CMake install command with custom implementation using symlinks instead of copying resources
[0.165s] -- Found rclcpp: 9.2.2 (/opt/ros/galactic/share/rclcpp/cmake)
[0.182s] -- Using all available rosidl_typesupport_c: rosidl_typesupport_fastrtps_c;rosidl_typesupport_introspection_c
[0.183s] -- Found rosidl_adapter: 2.2.3 (/opt/ros/galactic/share/rosidl_adapter/cmake)
[0.240s] -- Using all available rosidl_typesupport_cpp: rosidl_typesupport_fastrtps_cpp;rosidl_typesupport_introspection_cpp
[0.264s] -- Found rmw_implementation_cmake: 3.3.1 (/opt/ros/galactic/share/rmw_implementation_cmake/cmake)
[0.265s] -- Found rmw_cyclonedds_cpp: 0.22.6 (/opt/ros/galactic/share/rmw_cyclonedds_cpp/cmake)
[0.273s] -- Using RMW implementation 'rmw_cyclonedds_cpp' as default
[0.341s] CMake Error at /opt/ros/galactic/share/ament_cmake_core/cmake/symlink_install/ament_cmake_symlink_install_targets.cmake:67 (message):
[0.341s]   ament_cmake_symlink_install_targets() 'single' is not a target
[0.341s] Call Stack (most recent call first):
[0.341s]   /opt/ros/galactic/share/ament_cmake_core/cmake/symlink_install/install.cmake:37 (ament_cmake_symlink_install_targets)
[0.341s]   CMakeLists.txt:61 (install)
[0.341s] 
[0.341s] 
[0.341s] -- Configuring incomplete, errors occurred!
[0.341s] See also "/home/corey/Cubemars_AK_Series_Driver/build/ak_series_driver/CMakeFiles/CMakeOutput.log".
[0.341s] See also "/home/corey/Cubemars_AK_Series_Driver/build/ak_series_driver/CMakeFiles/CMakeError.log".
[0.344s] make: *** [Makefile:283: cmake_check_build_system] Error 1
[0.346s] Invoked command in '/home/corey/Cubemars_AK_Series_Driver/build/ak_series_driver' returned '2': CMAKE_PREFIX_PATH=${CMAKE_PREFIX_PATH}:/home/corey/Cubemars_AK_Series_Driver/install/ak_driver_status:/home/corey/Cubemars_AK_Series_Driver/install/control:/opt/ros/galactic /usr/bin/cmake --build /home/corey/Cubemars_AK_Series_Driver/build/ak_series_driver -- -j32 -l32
