[0.014s] Invoking command in '/home/corey/Cubemars_AK_Series_Driver/build/ak_series_driver': CMAKE_PREFIX_PATH=/opt/ros/galactic /home/corey/.local/bin/cmake --build /home/corey/Cubemars_AK_Series_Driver/build/ak_series_driver -- -j16 -l16
[0.062s] [35m[1mScanning dependencies of target ak_series_driver[0m
[0.082s] [ 16%] [32mBuilding CXX object CMakeFiles/ak_series_driver.dir/src/single_motor.cpp.o[0m
[1.365s] In file included from [01m[K/home/corey/Cubemars_AK_Series_Driver/src/ak_series_driver/src/single_motor.cpp:18[m[K:
[1.365s] [01m[K/home/corey/Cubemars_AK_Series_Driver/src/ak_series_driver/include/ak_series_driver/can_communication.hpp:[m[K In member function ‘[01m[Kvoid CanCommunication::send_cmd(uint32_t, uint8_t, uint8_t*)[m[K’:
[1.365s] [01m[K/home/corey/Cubemars_AK_Series_Driver/src/ak_series_driver/include/ak_series_driver/can_communication.hpp:92:22:[m[K [01;35m[Kwarning: [m[Kformat ‘[01m[K%X[m[K’ expects argument of type ‘[01m[Kunsigned int[m[K’, but argument 2 has type ‘[01m[Kconst char*[m[K’ [[01;35m[K-Wformat=[m[K]
[1.365s]    92 |             printf("[01;35m[K%X[m[K", [32m[Kstd::to_string(frame.can_id).c_str()[m[K);
[1.365s]       |                     [01;35m[K~^[m[K   [32m[K~~~~~~~~~~~~~~~~~~~~~~~~~~~~~~~~~~~~[m[K
[1.365s]       |                      [01;35m[K|[m[K                                     [32m[K|[m[K
[1.365s]       |                      [01;35m[Kunsigned int[m[K                          [32m[Kconst char*[m[K
[1.365s]       |                     [32m[K%s[m[K
[1.365s] [01m[K/home/corey/Cubemars_AK_Series_Driver/src/ak_series_driver/include/ak_series_driver/can_communication.hpp:98:26:[m[K [01;35m[Kwarning: [m[Kformat ‘[01m[K%X[m[K’ expects argument of type ‘[01m[Kunsigned int[m[K’, but argument 2 has type ‘[01m[Kconst char*[m[K’ [[01;35m[K-Wformat=[m[K]
[1.365s]    98 |                 printf("[01;35m[K%X[m[K", [32m[Kstd::to_string(data[i]).c_str()[m[K);
[1.365s]       |                         [01;35m[K~^[m[K   [32m[K~~~~~~~~~~~~~~~~~~~~~~~~~~~~~~~[m[K
[1.365s]       |                          [01;35m[K|[m[K                                [32m[K|[m[K
[1.366s]       |                          [01;35m[Kunsigned int[m[K                     [32m[Kconst char*[m[K
[1.366s]       |                         [32m[K%s[m[K
[1.367s] In file included from [01m[K/home/corey/Cubemars_AK_Series_Driver/src/ak_series_driver/src/single_motor.cpp:19[m[K:
[1.367s] [01m[K/home/corey/Cubemars_AK_Series_Driver/src/ak_series_driver/include/ak_series_driver/ak_driver.hpp:[m[K In member function ‘[01m[Kvoid AKDriver::buffer_append_int32(uint8_t*, int32_t, int32_t*)[m[K’:
[1.367s] [01m[K/home/corey/Cubemars_AK_Series_Driver/src/ak_series_driver/include/ak_series_driver/ak_driver.hpp:187:31:[m[K [01;35m[Kwarning: [m[Kcomparison of integer expressions of different signedness: ‘[01m[Kint[m[K’ and ‘[01m[Klong unsigned int[m[K’ [[01;35m[K-Wsign-compare[m[K]
[1.368s]   187 |             for (int i = 0; [01;35m[Ki < sizeof(buffer)[m[K; i++)
[1.368s]       |                             [01;35m[K~~^~~~~~~~~~~~~~~~[m[K
[5.265s] [ 33%] [32m[1mLinking CXX shared library libak_series_driver.so[0m
[5.515s] [ 33%] Built target ak_series_driver
[5.525s] [35m[1mScanning dependencies of target dual[0m
[5.525s] [35m[1mScanning dependencies of target single[0m
[5.547s] [ 50%] [32mBuilding CXX object CMakeFiles/single.dir/src/single_motor.cpp.o[0m
[5.548s] [ 66%] [32mBuilding CXX object CMakeFiles/dual.dir/src/dual_motor.cpp.o[0m
[6.796s] In file included from [01m[K/home/corey/Cubemars_AK_Series_Driver/src/ak_series_driver/src/single_motor.cpp:18[m[K:
[6.796s] [01m[K/home/corey/Cubemars_AK_Series_Driver/src/ak_series_driver/include/ak_series_driver/can_communication.hpp:[m[K In member function ‘[01m[Kvoid CanCommunication::send_cmd(uint32_t, uint8_t, uint8_t*)[m[K’:
[6.796s] [01m[K/home/corey/Cubemars_AK_Series_Driver/src/ak_series_driver/include/ak_series_driver/can_communication.hpp:92:22:[m[K [01;35m[Kwarning: [m[Kformat ‘[01m[K%X[m[K’ expects argument of type ‘[01m[Kunsigned int[m[K’, but argument 2 has type ‘[01m[Kconst char*[m[K’ [[01;35m[K-Wformat=[m[K]
[6.797s]    92 |             printf("[01;35m[K%X[m[K", [32m[Kstd::to_string(frame.can_id).c_str()[m[K);
[6.797s]       |                     [01;35m[K~^[m[K   [32m[K~~~~~~~~~~~~~~~~~~~~~~~~~~~~~~~~~~~~[m[K
[6.797s]       |                      [01;35m[K|[m[K                                     [32m[K|[m[K
[6.797s]       |                      [01;35m[Kunsigned int[m[K                          [32m[Kconst char*[m[K
[6.797s]       |                     [32m[K%s[m[K
[6.797s] [01m[K/home/corey/Cubemars_AK_Series_Driver/src/ak_series_driver/include/ak_series_driver/can_communication.hpp:98:26:[m[K [01;35m[Kwarning: [m[Kformat ‘[01m[K%X[m[K’ expects argument of type ‘[01m[Kunsigned int[m[K’, but argument 2 has type ‘[01m[Kconst char*[m[K’ [[01;35m[K-Wformat=[m[K]
[6.797s]    98 |                 printf("[01;35m[K%X[m[K", [32m[Kstd::to_string(data[i]).c_str()[m[K);
[6.797s]       |                         [01;35m[K~^[m[K   [32m[K~~~~~~~~~~~~~~~~~~~~~~~~~~~~~~~[m[K
[6.797s]       |                          [01;35m[K|[m[K                                [32m[K|[m[K
[6.797s]       |                          [01;35m[Kunsigned int[m[K                     [32m[Kconst char*[m[K
[6.797s]       |                         [32m[K%s[m[K
[6.799s] In file included from [01m[K/home/corey/Cubemars_AK_Series_Driver/src/ak_series_driver/src/single_motor.cpp:19[m[K:
[6.799s] [01m[K/home/corey/Cubemars_AK_Series_Driver/src/ak_series_driver/include/ak_series_driver/ak_driver.hpp:[m[K In member function ‘[01m[Kvoid AKDriver::buffer_append_int32(uint8_t*, int32_t, int32_t*)[m[K’:
[6.799s] [01m[K/home/corey/Cubemars_AK_Series_Driver/src/ak_series_driver/include/ak_series_driver/ak_driver.hpp:187:31:[m[K [01;35m[Kwarning: [m[Kcomparison of integer expressions of different signedness: ‘[01m[Kint[m[K’ and ‘[01m[Klong unsigned int[m[K’ [[01;35m[K-Wsign-compare[m[K]
[6.799s]   187 |             for (int i = 0; [01;35m[Ki < sizeof(buffer)[m[K; i++)
[6.799s]       |                             [01;35m[K~~^~~~~~~~~~~~~~~~[m[K
[6.848s] In file included from [01m[K/home/corey/Cubemars_AK_Series_Driver/src/ak_series_driver/src/dual_motor.cpp:18[m[K:
[6.848s] [01m[K/home/corey/Cubemars_AK_Series_Driver/src/ak_series_driver/include/ak_series_driver/can_communication.hpp:[m[K In member function ‘[01m[Kvoid CanCommunication::send_cmd(uint32_t, uint8_t, uint8_t*)[m[K’:
[6.849s] [01m[K/home/corey/Cubemars_AK_Series_Driver/src/ak_series_driver/include/ak_series_driver/can_communication.hpp:92:22:[m[K [01;35m[Kwarning: [m[Kformat ‘[01m[K%X[m[K’ expects argument of type ‘[01m[Kunsigned int[m[K’, but argument 2 has type ‘[01m[Kconst char*[m[K’ [[01;35m[K-Wformat=[m[K]
[6.849s]    92 |             printf("[01;35m[K%X[m[K", [32m[Kstd::to_string(frame.can_id).c_str()[m[K);
[6.849s]       |                     [01;35m[K~^[m[K   [32m[K~~~~~~~~~~~~~~~~~~~~~~~~~~~~~~~~~~~~[m[K
[6.849s]       |                      [01;35m[K|[m[K                                     [32m[K|[m[K
[6.849s]       |                      [01;35m[Kunsigned int[m[K                          [32m[Kconst char*[m[K
[6.849s]       |                     [32m[K%s[m[K
[6.849s] [01m[K/home/corey/Cubemars_AK_Series_Driver/src/ak_series_driver/include/ak_series_driver/can_communication.hpp:98:26:[m[K [01;35m[Kwarning: [m[Kformat ‘[01m[K%X[m[K’ expects argument of type ‘[01m[Kunsigned int[m[K’, but argument 2 has type ‘[01m[Kconst char*[m[K’ [[01;35m[K-Wformat=[m[K]
[6.849s]    98 |                 printf("[01;35m[K%X[m[K", [32m[Kstd::to_string(data[i]).c_str()[m[K);
[6.849s]       |                         [01;35m[K~^[m[K   [32m[K~~~~~~~~~~~~~~~~~~~~~~~~~~~~~~~[m[K
[6.849s]       |                          [01;35m[K|[m[K                                [32m[K|[m[K
[6.849s]       |                          [01;35m[Kunsigned int[m[K                     [32m[Kconst char*[m[K
[6.849s]       |                         [32m[K%s[m[K
[6.851s] In file included from [01m[K/home/corey/Cubemars_AK_Series_Driver/src/ak_series_driver/src/dual_motor.cpp:19[m[K:
[6.851s] [01m[K/home/corey/Cubemars_AK_Series_Driver/src/ak_series_driver/include/ak_series_driver/ak_driver.hpp:[m[K In member function ‘[01m[Kvoid AKDriver::buffer_append_int32(uint8_t*, int32_t, int32_t*)[m[K’:
[6.851s] [01m[K/home/corey/Cubemars_AK_Series_Driver/src/ak_series_driver/include/ak_series_driver/ak_driver.hpp:187:31:[m[K [01;35m[Kwarning: [m[Kcomparison of integer expressions of different signedness: ‘[01m[Kint[m[K’ and ‘[01m[Klong unsigned int[m[K’ [[01;35m[K-Wsign-compare[m[K]
[6.851s]   187 |             for (int i = 0; [01;35m[Ki < sizeof(buffer)[m[K; i++)
[6.851s]       |                             [01;35m[K~~^~~~~~~~~~~~~~~~[m[K
[10.699s] [ 83%] [32m[1mLinking CXX executable single[0m
[10.806s] [100%] [32m[1mLinking CXX executable dual[0m
[11.010s] [100%] Built target single
[11.097s] [100%] Built target dual
[11.108s] Invoked command in '/home/corey/Cubemars_AK_Series_Driver/build/ak_series_driver' returned '0': CMAKE_PREFIX_PATH=/opt/ros/galactic /home/corey/.local/bin/cmake --build /home/corey/Cubemars_AK_Series_Driver/build/ak_series_driver -- -j16 -l16
[11.162s] Invoking command in '/home/corey/Cubemars_AK_Series_Driver/build/ak_series_driver': CMAKE_PREFIX_PATH=/opt/ros/galactic /home/corey/.local/bin/cmake --install /home/corey/Cubemars_AK_Series_Driver/build/ak_series_driver
[11.183s] -- Install configuration: ""
[11.183s] -- Execute custom install script
[11.183s] -- Up-to-date symlink: /home/corey/Cubemars_AK_Series_Driver/install/ak_series_driver/lib/ak_series_driver/libak_series_driver.so
[11.184s] -- Up-to-date symlink: /home/corey/Cubemars_AK_Series_Driver/install/ak_series_driver/include/ak_series_driver//ak_driver.hpp
[11.184s] -- Up-to-date symlink: /home/corey/Cubemars_AK_Series_Driver/install/ak_series_driver/include/ak_series_driver//can_communication.hpp
[11.184s] -- Symlinking: /home/corey/Cubemars_AK_Series_Driver/install/ak_series_driver/include/ak_series_driver//cortexm3_macro.h
[11.190s] -- Up-to-date symlink: /home/corey/Cubemars_AK_Series_Driver/install/ak_series_driver/include/ak_series_driver//mit_params.hpp
[11.190s] -- Up-to-date symlink: /home/corey/Cubemars_AK_Series_Driver/install/ak_series_driver/include/ak_series_driver//motor.hpp
[11.191s] -- Symlinking: /home/corey/Cubemars_AK_Series_Driver/install/ak_series_driver/include/ak_series_driver//stm32f10x_adc.h
[11.197s] -- Symlinking: /home/corey/Cubemars_AK_Series_Driver/install/ak_series_driver/include/ak_series_driver//stm32f10x_bkp.h
[11.204s] -- Up-to-date symlink: /home/corey/Cubemars_AK_Series_Driver/install/ak_series_driver/include/ak_series_driver//stm32f10x_can.h
[11.204s] -- Symlinking: /home/corey/Cubemars_AK_Series_Driver/install/ak_series_driver/include/ak_series_driver//stm32f10x_conf.h
[11.210s] -- Symlinking: /home/corey/Cubemars_AK_Series_Driver/install/ak_series_driver/include/ak_series_driver//stm32f10x_dma.h
[11.215s] -- Symlinking: /home/corey/Cubemars_AK_Series_Driver/install/ak_series_driver/include/ak_series_driver//stm32f10x_exti.h
[11.221s] -- Symlinking: /home/corey/Cubemars_AK_Series_Driver/install/ak_series_driver/include/ak_series_driver//stm32f10x_flash.h
[11.226s] -- Symlinking: /home/corey/Cubemars_AK_Series_Driver/install/ak_series_driver/include/ak_series_driver//stm32f10x_gpio.h
[11.232s] -- Symlinking: /home/corey/Cubemars_AK_Series_Driver/install/ak_series_driver/include/ak_series_driver//stm32f10x_i2c.h
[11.239s] -- Symlinking: /home/corey/Cubemars_AK_Series_Driver/install/ak_series_driver/include/ak_series_driver//stm32f10x_iwdg.h
[11.245s] -- Symlinking: /home/corey/Cubemars_AK_Series_Driver/install/ak_series_driver/include/ak_series_driver//stm32f10x_lib.h
[11.250s] -- Symlinking: /home/corey/Cubemars_AK_Series_Driver/install/ak_series_driver/include/ak_series_driver//stm32f10x_map.h
[11.257s] -- Symlinking: /home/corey/Cubemars_AK_Series_Driver/install/ak_series_driver/include/ak_series_driver//stm32f10x_nvic.h
[11.263s] -- Symlinking: /home/corey/Cubemars_AK_Series_Driver/install/ak_series_driver/include/ak_series_driver//stm32f10x_pwr.h
[11.268s] -- Up-to-date symlink: /home/corey/Cubemars_AK_Series_Driver/install/ak_series_driver/include/ak_series_driver//stm32f10x_rcc.h
[11.269s] -- Symlinking: /home/corey/Cubemars_AK_Series_Driver/install/ak_series_driver/include/ak_series_driver//stm32f10x_rtc.h
[11.274s] -- Symlinking: /home/corey/Cubemars_AK_Series_Driver/install/ak_series_driver/include/ak_series_driver//stm32f10x_spi.h
[11.280s] -- Symlinking: /home/corey/Cubemars_AK_Series_Driver/install/ak_series_driver/include/ak_series_driver//stm32f10x_systick.h
[11.285s] -- Symlinking: /home/corey/Cubemars_AK_Series_Driver/install/ak_series_driver/include/ak_series_driver//stm32f10x_tim.h
[11.291s] -- Symlinking: /home/corey/Cubemars_AK_Series_Driver/install/ak_series_driver/include/ak_series_driver//stm32f10x_tim1.h
[11.297s] -- Symlinking: /home/corey/Cubemars_AK_Series_Driver/install/ak_series_driver/include/ak_series_driver//stm32f10x_type.h
[11.303s] -- Symlinking: /home/corey/Cubemars_AK_Series_Driver/install/ak_series_driver/include/ak_series_driver//stm32f10x_usart.h
[11.308s] -- Symlinking: /home/corey/Cubemars_AK_Series_Driver/install/ak_series_driver/include/ak_series_driver//stm32f10x_wwdg.h
[11.314s] -- Up-to-date symlink: /home/corey/Cubemars_AK_Series_Driver/install/ak_series_driver/lib/ak_series_driver/single
[11.314s] -- Up-to-date symlink: /home/corey/Cubemars_AK_Series_Driver/install/ak_series_driver/lib/ak_series_driver/dual
[11.314s] -- Up-to-date symlink: /home/corey/Cubemars_AK_Series_Driver/install/ak_series_driver/share/ak_series_driver/environment/library_path.sh
[11.314s] -- Up-to-date symlink: /home/corey/Cubemars_AK_Series_Driver/install/ak_series_driver/share/ak_series_driver/environment/library_path.dsv
[11.314s] -- Up-to-date symlink: /home/corey/Cubemars_AK_Series_Driver/install/ak_series_driver/share/ament_index/resource_index/package_run_dependencies/ak_series_driver
[11.314s] -- Up-to-date symlink: /home/corey/Cubemars_AK_Series_Driver/install/ak_series_driver/share/ament_index/resource_index/parent_prefix_path/ak_series_driver
[11.315s] -- Up-to-date symlink: /home/corey/Cubemars_AK_Series_Driver/install/ak_series_driver/share/ak_series_driver/environment/ament_prefix_path.sh
[11.315s] -- Up-to-date symlink: /home/corey/Cubemars_AK_Series_Driver/install/ak_series_driver/share/ak_series_driver/environment/ament_prefix_path.dsv
[11.315s] -- Up-to-date symlink: /home/corey/Cubemars_AK_Series_Driver/install/ak_series_driver/share/ak_series_driver/environment/path.sh
[11.315s] -- Up-to-date symlink: /home/corey/Cubemars_AK_Series_Driver/install/ak_series_driver/share/ak_series_driver/environment/path.dsv
[11.315s] -- Up-to-date symlink: /home/corey/Cubemars_AK_Series_Driver/install/ak_series_driver/share/ak_series_driver/local_setup.bash
[11.315s] -- Up-to-date symlink: /home/corey/Cubemars_AK_Series_Driver/install/ak_series_driver/share/ak_series_driver/local_setup.sh
[11.315s] -- Up-to-date symlink: /home/corey/Cubemars_AK_Series_Driver/install/ak_series_driver/share/ak_series_driver/local_setup.zsh
[11.316s] -- Up-to-date symlink: /home/corey/Cubemars_AK_Series_Driver/install/ak_series_driver/share/ak_series_driver/local_setup.dsv
[11.316s] -- Symlinking: /home/corey/Cubemars_AK_Series_Driver/install/ak_series_driver/share/ak_series_driver/package.dsv
[11.321s] -- Up-to-date symlink: /home/corey/Cubemars_AK_Series_Driver/install/ak_series_driver/share/ament_index/resource_index/packages/ak_series_driver
[11.321s] -- Up-to-date symlink: /home/corey/Cubemars_AK_Series_Driver/install/ak_series_driver/share/ak_series_driver/cmake/ament_cmake_export_include_directories-extras.cmake
[11.321s] -- Up-to-date symlink: /home/corey/Cubemars_AK_Series_Driver/install/ak_series_driver/share/ak_series_driver/cmake/ament_cmake_export_libraries-extras.cmake
[11.321s] -- Up-to-date symlink: /home/corey/Cubemars_AK_Series_Driver/install/ak_series_driver/share/ak_series_driver/cmake/ament_cmake_export_dependencies-extras.cmake
[11.322s] -- Up-to-date symlink: /home/corey/Cubemars_AK_Series_Driver/install/ak_series_driver/share/ak_series_driver/cmake/ak_series_driverConfig.cmake
[11.322s] -- Up-to-date symlink: /home/corey/Cubemars_AK_Series_Driver/install/ak_series_driver/share/ak_series_driver/cmake/ak_series_driverConfig-version.cmake
[11.322s] -- Up-to-date symlink: /home/corey/Cubemars_AK_Series_Driver/install/ak_series_driver/share/ak_series_driver/package.xml
[11.326s] Invoked command in '/home/corey/Cubemars_AK_Series_Driver/build/ak_series_driver' returned '0': CMAKE_PREFIX_PATH=/opt/ros/galactic /home/corey/.local/bin/cmake --install /home/corey/Cubemars_AK_Series_Driver/build/ak_series_driver
