[01m[K/home/corey/ros2_ws/src/Cubemars_AK_Series_Driver/ak_series_driver/src/test_node.cpp:[m[K In function ‘[01m[Kint main(int, char**)[m[K’:
[01m[K/home/corey/ros2_ws/src/Cubemars_AK_Series_Driver/ak_series_driver/src/test_node.cpp:79:47:[m[K [01;31m[Kerror: [m[Kcannot convert ‘[01m[K__gnu_cxx::__alloc_traits<std::allocator<std::__cxx11::basic_string<char> >, std::__cxx11::basic_string<char> >::value_type[m[K’ {aka ‘[01m[Kstd::__cxx11::basic_string<char>[m[K’} to ‘[01m[Kconst char*[m[K’
   79 |     driver.set_motor_param(std::atof(inputs[0][01;31m[K)[m[K, std::atof(inputs[1]),
      |                                               [01;31m[K^[m[K
      |                                               [01;31m[K|[m[K
      |                                               [01;31m[K__gnu_cxx::__alloc_traits<std::allocator<std::__cxx11::basic_string<char> >, std::__cxx11::basic_string<char> >::value_type {aka std::__cxx11::basic_string<char>}[m[K
In file included from [01m[K/usr/include/c++/9/cstdlib:75[m[K,
                 from [01m[K/usr/include/c++/9/stdlib.h:36[m[K,
                 from [01m[K/home/corey/ros2_ws/src/Cubemars_AK_Series_Driver/ak_series_driver/src/test_node.cpp:2[m[K:
[01m[K/usr/include/stdlib.h:101:33:[m[K [01;36m[Knote: [m[K  initializing argument 1 of ‘[01m[Kdouble atof(const char*)[m[K’
  101 | extern double atof ([01;36m[Kconst char *__nptr[m[K)
      |                     [01;36m[K~~~~~~~~~~~~^~~~~~[m[K
[01m[K/home/corey/ros2_ws/src/Cubemars_AK_Series_Driver/ak_series_driver/src/test_node.cpp:79:69:[m[K [01;31m[Kerror: [m[Kcannot convert ‘[01m[K__gnu_cxx::__alloc_traits<std::allocator<std::__cxx11::basic_string<char> >, std::__cxx11::basic_string<char> >::value_type[m[K’ {aka ‘[01m[Kstd::__cxx11::basic_string<char>[m[K’} to ‘[01m[Kconst char*[m[K’
   79 |     driver.set_motor_param(std::atof(inputs[0]), std::atof(inputs[1][01;31m[K)[m[K,
      |                                                                     [01;31m[K^[m[K
      |                                                                     [01;31m[K|[m[K
      |                                                                     [01;31m[K__gnu_cxx::__alloc_traits<std::allocator<std::__cxx11::basic_string<char> >, std::__cxx11::basic_string<char> >::value_type {aka std::__cxx11::basic_string<char>}[m[K
In file included from [01m[K/usr/include/c++/9/cstdlib:75[m[K,
                 from [01m[K/usr/include/c++/9/stdlib.h:36[m[K,
                 from [01m[K/home/corey/ros2_ws/src/Cubemars_AK_Series_Driver/ak_series_driver/src/test_node.cpp:2[m[K:
[01m[K/usr/include/stdlib.h:101:33:[m[K [01;36m[Knote: [m[K  initializing argument 1 of ‘[01m[Kdouble atof(const char*)[m[K’
  101 | extern double atof ([01;36m[Kconst char *__nptr[m[K)
      |                     [01;36m[K~~~~~~~~~~~~^~~~~~[m[K
[01m[K/home/corey/ros2_ws/src/Cubemars_AK_Series_Driver/ak_series_driver/src/test_node.cpp:80:32:[m[K [01;31m[Kerror: [m[Kcannot convert ‘[01m[K__gnu_cxx::__alloc_traits<std::allocator<std::__cxx11::basic_string<char> >, std::__cxx11::basic_string<char> >::value_type[m[K’ {aka ‘[01m[Kstd::__cxx11::basic_string<char>[m[K’} to ‘[01m[Kconst char*[m[K’
   80 |             std::atof(inputs[2][01;31m[K)[m[K, std::atof(inputs[3]), std::atof(inputs[4]));
      |                                [01;31m[K^[m[K
      |                                [01;31m[K|[m[K
      |                                [01;31m[K__gnu_cxx::__alloc_traits<std::allocator<std::__cxx11::basic_string<char> >, std::__cxx11::basic_string<char> >::value_type {aka std::__cxx11::basic_string<char>}[m[K
In file included from [01m[K/usr/include/c++/9/cstdlib:75[m[K,
                 from [01m[K/usr/include/c++/9/stdlib.h:36[m[K,
                 from [01m[K/home/corey/ros2_ws/src/Cubemars_AK_Series_Driver/ak_series_driver/src/test_node.cpp:2[m[K:
[01m[K/usr/include/stdlib.h:101:33:[m[K [01;36m[Knote: [m[K  initializing argument 1 of ‘[01m[Kdouble atof(const char*)[m[K’
  101 | extern double atof ([01;36m[Kconst char *__nptr[m[K)
      |                     [01;36m[K~~~~~~~~~~~~^~~~~~[m[K
[01m[K/home/corey/ros2_ws/src/Cubemars_AK_Series_Driver/ak_series_driver/src/test_node.cpp:80:54:[m[K [01;31m[Kerror: [m[Kcannot convert ‘[01m[K__gnu_cxx::__alloc_traits<std::allocator<std::__cxx11::basic_string<char> >, std::__cxx11::basic_string<char> >::value_type[m[K’ {aka ‘[01m[Kstd::__cxx11::basic_string<char>[m[K’} to ‘[01m[Kconst char*[m[K’
   80 |             std::atof(inputs[2]), std::atof(inputs[3][01;31m[K)[m[K, std::atof(inputs[4]));
      |                                                      [01;31m[K^[m[K
      |                                                      [01;31m[K|[m[K
      |                                                      [01;31m[K__gnu_cxx::__alloc_traits<std::allocator<std::__cxx11::basic_string<char> >, std::__cxx11::basic_string<char> >::value_type {aka std::__cxx11::basic_string<char>}[m[K
In file included from [01m[K/usr/include/c++/9/cstdlib:75[m[K,
                 from [01m[K/usr/include/c++/9/stdlib.h:36[m[K,
                 from [01m[K/home/corey/ros2_ws/src/Cubemars_AK_Series_Driver/ak_series_driver/src/test_node.cpp:2[m[K:
[01m[K/usr/include/stdlib.h:101:33:[m[K [01;36m[Knote: [m[K  initializing argument 1 of ‘[01m[Kdouble atof(const char*)[m[K’
  101 | extern double atof ([01;36m[Kconst char *__nptr[m[K)
      |                     [01;36m[K~~~~~~~~~~~~^~~~~~[m[K
[01m[K/home/corey/ros2_ws/src/Cubemars_AK_Series_Driver/ak_series_driver/src/test_node.cpp:80:76:[m[K [01;31m[Kerror: [m[Kcannot convert ‘[01m[K__gnu_cxx::__alloc_traits<std::allocator<std::__cxx11::basic_string<char> >, std::__cxx11::basic_string<char> >::value_type[m[K’ {aka ‘[01m[Kstd::__cxx11::basic_string<char>[m[K’} to ‘[01m[Kconst char*[m[K’
   80 |             std::atof(inputs[2]), std::atof(inputs[3]), std::atof(inputs[4][01;31m[K)[m[K);
      |                                                                            [01;31m[K^[m[K
      |                                                                            [01;31m[K|[m[K
      |                                                                            [01;31m[K__gnu_cxx::__alloc_traits<std::allocator<std::__cxx11::basic_string<char> >, std::__cxx11::basic_string<char> >::value_type {aka std::__cxx11::basic_string<char>}[m[K
In file included from [01m[K/usr/include/c++/9/cstdlib:75[m[K,
                 from [01m[K/usr/include/c++/9/stdlib.h:36[m[K,
                 from [01m[K/home/corey/ros2_ws/src/Cubemars_AK_Series_Driver/ak_series_driver/src/test_node.cpp:2[m[K:
[01m[K/usr/include/stdlib.h:101:33:[m[K [01;36m[Knote: [m[K  initializing argument 1 of ‘[01m[Kdouble atof(const char*)[m[K’
  101 | extern double atof ([01;36m[Kconst char *__nptr[m[K)
      |                     [01;36m[K~~~~~~~~~~~~^~~~~~[m[K
[01m[K/home/corey/ros2_ws/src/Cubemars_AK_Series_Driver/ak_series_driver/src/test_node.cpp:83:23:[m[K [01;35m[Kwarning: [m[Kformat ‘[01m[K%i[m[K’ expects argument of type ‘[01m[Kint[m[K’, but argument 2 has type ‘[01m[Kdouble[m[K’ [[01;35m[K-Wformat=[m[K]
   83 |     printf("Position [01;35m[K%i[m[K, Velocity %i, Torque %i : Inputs %s %s %s %s %s",
      |                      [01;35m[K~^[m[K
      |                       [01;35m[K|[m[K
      |                       [01;35m[Kint[m[K
      |                      [32m[K%f[m[K
   84 |             [32m[Kdata[0][m[K, data[1], data[2], inputs[0].c_str(), inputs[1].c_str(), inputs[2].c_str(), inputs[3].c_str(), inputs[4].c_str());
      |             [32m[K~~~~~~~[m[K    
      |                   [32m[K|[m[K
      |                   [32m[Kdouble[m[K
[01m[K/home/corey/ros2_ws/src/Cubemars_AK_Series_Driver/ak_series_driver/src/test_node.cpp:83:36:[m[K [01;35m[Kwarning: [m[Kformat ‘[01m[K%i[m[K’ expects argument of type ‘[01m[Kint[m[K’, but argument 3 has type ‘[01m[Kdouble[m[K’ [[01;35m[K-Wformat=[m[K]
   83 |     printf("Position %i, Velocity [01;35m[K%i[m[K, Torque %i : Inputs %s %s %s %s %s",
      |                                   [01;35m[K~^[m[K
      |                                    [01;35m[K|[m[K
      |                                    [01;35m[Kint[m[K
      |                                   [32m[K%f[m[K
   84 |             data[0], [32m[Kdata[1][m[K, data[2], inputs[0].c_str(), inputs[1].c_str(), inputs[2].c_str(), inputs[3].c_str(), inputs[4].c_str());
      |                      [32m[K~~~~~~~[m[K        
      |                            [32m[K|[m[K
      |                            [32m[Kdouble[m[K
[01m[K/home/corey/ros2_ws/src/Cubemars_AK_Series_Driver/ak_series_driver/src/test_node.cpp:83:47:[m[K [01;35m[Kwarning: [m[Kformat ‘[01m[K%i[m[K’ expects argument of type ‘[01m[Kint[m[K’, but argument 4 has type ‘[01m[Kdouble[m[K’ [[01;35m[K-Wformat=[m[K]
   83 |     printf("Position %i, Velocity %i, Torque [01;35m[K%i[m[K : Inputs %s %s %s %s %s",
      |                                              [01;35m[K~^[m[K
      |                                               [01;35m[K|[m[K
      |                                               [01;35m[Kint[m[K
      |                                              [32m[K%f[m[K
   84 |             data[0], data[1], [32m[Kdata[2][m[K, inputs[0].c_str(), inputs[1].c_str(), inputs[2].c_str(), inputs[3].c_str(), inputs[4].c_str());
      |                               [32m[K~~~~~~~[m[K          
      |                                     [32m[K|[m[K
      |                                     [32m[Kdouble[m[K
make[2]: *** [CMakeFiles/ak_series_driver.dir/build.make:76: CMakeFiles/ak_series_driver.dir/src/test_node.cpp.o] Error 1
make[1]: *** [CMakeFiles/Makefile2:139: CMakeFiles/ak_series_driver.dir/all] Error 2
make: *** [Makefile:146: all] Error 2
