In file included from [01m[K/home/corey/Cubemars_AK_Series_Driver/src/ak_series_driver/src/single_motor.cpp:18[m[K:
[01m[K/home/corey/Cubemars_AK_Series_Driver/src/ak_series_driver/include/ak_series_driver/can_communication.hpp:[m[K In member function ‘[01m[Kint CanCommunication::start(int, int)[m[K’:
[01m[K/home/corey/Cubemars_AK_Series_Driver/src/ak_series_driver/include/ak_series_driver/can_communication.hpp:68:17:[m[K [01;35m[Kwarning: [m[Kunused variable ‘[01m[Kfr_frames[m[K’ [[01;35m[K-Wunused-variable[m[K]
   68 |             int [01;35m[Kfr_frames[m[K = setsockopt(s, SOL_CAN_RAW, CAN_RAW_FD_FRAMES, &fd_msg, sizeof(fd_msg));
      |                 [01;35m[K^~~~~~~~~[m[K
[01m[K/home/corey/Cubemars_AK_Series_Driver/src/ak_series_driver/include/ak_series_driver/can_communication.hpp:[m[K In member function ‘[01m[Kvoid CanCommunication::send_cmd(uint32_t, uint8_t, uint8_t*)[m[K’:
[01m[K/home/corey/Cubemars_AK_Series_Driver/src/ak_series_driver/include/ak_series_driver/can_communication.hpp:85:66:[m[K [01;35m[Kwarning: [m[Kunused parameter ‘[01m[Kdata[m[K’ [[01;35m[K-Wunused-parameter[m[K]
   85 | n_id, uint8_t can_dlc, [01;35m[Kuint8_t *data[m[K)
      |                        [01;35m[K~~~~~~~~~^~~~[m[K

In file included from [01m[K/home/corey/Cubemars_AK_Series_Driver/src/ak_series_driver/src/dual_motor.cpp:18[m[K:
[01m[K/home/corey/Cubemars_AK_Series_Driver/src/ak_series_driver/include/ak_series_driver/can_communication.hpp:[m[K In member function ‘[01m[Kint CanCommunication::start(int, int)[m[K’:
[01m[K/home/corey/Cubemars_AK_Series_Driver/src/ak_series_driver/include/ak_series_driver/can_communication.hpp:68:17:[m[K [01;35m[Kwarning: [m[Kunused variable ‘[01m[Kfr_frames[m[K’ [[01;35m[K-Wunused-variable[m[K]
   68 |             int [01;35m[Kfr_frames[m[K = setsockopt(s, SOL_CAN_RAW, CAN_RAW_FD_FRAMES, &fd_msg, sizeof(fd_msg));
      |                 [01;35m[K^~~~~~~~~[m[K
[01m[K/home/corey/Cubemars_AK_Series_Driver/src/ak_series_driver/include/ak_series_driver/can_communication.hpp:[m[K In member function ‘[01m[Kvoid CanCommunication::send_cmd(uint32_t, uint8_t, uint8_t*)[m[K’:
[01m[K/home/corey/Cubemars_AK_Series_Driver/src/ak_series_driver/include/ak_series_driver/can_communication.hpp:85:66:[m[K [01;35m[Kwarning: [m[Kunused parameter ‘[01m[Kdata[m[K’ [[01;35m[K-Wunused-parameter[m[K]
   85 | n_id, uint8_t can_dlc, [01;35m[Kuint8_t *data[m[K)
      |                        [01;35m[K~~~~~~~~~^~~~[m[K

In file included from [01m[K/home/corey/Cubemars_AK_Series_Driver/src/ak_series_driver/src/single_motor.cpp:18[m[K:
[01m[K/home/corey/Cubemars_AK_Series_Driver/src/ak_series_driver/include/ak_series_driver/can_communication.hpp:[m[K In member function ‘[01m[Kint CanCommunication::start(int, int)[m[K’:
[01m[K/home/corey/Cubemars_AK_Series_Driver/src/ak_series_driver/include/ak_series_driver/can_communication.hpp:68:17:[m[K [01;35m[Kwarning: [m[Kunused variable ‘[01m[Kfr_frames[m[K’ [[01;35m[K-Wunused-variable[m[K]
   68 |             int [01;35m[Kfr_frames[m[K = setsockopt(s, SOL_CAN_RAW, CAN_RAW_FD_FRAMES, &fd_msg, sizeof(fd_msg));
      |                 [01;35m[K^~~~~~~~~[m[K
[01m[K/home/corey/Cubemars_AK_Series_Driver/src/ak_series_driver/include/ak_series_driver/can_communication.hpp:[m[K In member function ‘[01m[Kvoid CanCommunication::send_cmd(uint32_t, uint8_t, uint8_t*)[m[K’:
[01m[K/home/corey/Cubemars_AK_Series_Driver/src/ak_series_driver/include/ak_series_driver/can_communication.hpp:85:66:[m[K [01;35m[Kwarning: [m[Kunused parameter ‘[01m[Kdata[m[K’ [[01;35m[K-Wunused-parameter[m[K]
   85 |         void send_cmd(uint32_t can_id, uint8_t can_dlc, [01;35m[Kuint8_t *data[m[K)
      |                                                         [01;35m[K~~~~~~~~~^~~~[m[K
