[0.157s] Invoking command in '/home/corey/ros2_ws/build/ak_series_driver': CMAKE_PREFIX_PATH=${CMAKE_PREFIX_PATH}:/opt/ros/galactic /home/corey/.local/bin/cmake --build /home/corey/ros2_ws/build/ak_series_driver -- -j16 -l16
[0.211s] [ 25%] [32mBuilding CXX object CMakeFiles/ak_series_driver.dir/src/test_node.cpp.o[0m
[0.303s] [01m[K/home/corey/ros2_ws/src/Cubemars_AK_Series_Driver/ak_series_driver/src/test_node.cpp:56:23:[m[K [01;31m[Kerror: [m[Kstray ‘[01m[K\[m[K’ in program
[0.303s]    56 |     int msg[8] = {0xff[01;31m[K\[m[K,0xff\,0xff\,0xff\,0xff\,0xff\,0xff\,0xfc\};
[0.303s]       |                       [01;31m[K^[m[K
[0.303s] [01m[K/home/corey/ros2_ws/src/Cubemars_AK_Series_Driver/ak_series_driver/src/test_node.cpp:56:29:[m[K [01;31m[Kerror: [m[Kstray ‘[01m[K\[m[K’ in program
[0.303s]    56 |     int msg[8] = {0xff\,0xff[01;31m[K\[m[K,0xff\,0xff\,0xff\,0xff\,0xff\,0xfc\};
[0.304s]       |                             [01;31m[K^[m[K
[0.304s] [01m[K/home/corey/ros2_ws/src/Cubemars_AK_Series_Driver/ak_series_driver/src/test_node.cpp:56:35:[m[K [01;31m[Kerror: [m[Kstray ‘[01m[K\[m[K’ in program
[0.304s]    56 |     int msg[8] = {0xff\,0xff\,0xff[01;31m[K\[m[K,0xff\,0xff\,0xff\,0xff\,0xfc\};
[0.304s]       |                                   [01;31m[K^[m[K
[0.304s] [01m[K/home/corey/ros2_ws/src/Cubemars_AK_Series_Driver/ak_series_driver/src/test_node.cpp:56:41:[m[K [01;31m[Kerror: [m[Kstray ‘[01m[K\[m[K’ in program
[0.304s]    56 |     int msg[8] = {0xff\,0xff\,0xff\,0xff[01;31m[K\[m[K,0xff\,0xff\,0xff\,0xfc\};
[0.304s]       |                                         [01;31m[K^[m[K
[0.304s] [01m[K/home/corey/ros2_ws/src/Cubemars_AK_Series_Driver/ak_series_driver/src/test_node.cpp:56:47:[m[K [01;31m[Kerror: [m[Kstray ‘[01m[K\[m[K’ in program
[0.304s]    56 |     int msg[8] = {0xff\,0xff\,0xff\,0xff\,0xff[01;31m[K\[m[K,0xff\,0xff\,0xfc\};
[0.304s]       |                                               [01;31m[K^[m[K
[0.304s] [01m[K/home/corey/ros2_ws/src/Cubemars_AK_Series_Driver/ak_series_driver/src/test_node.cpp:56:53:[m[K [01;31m[Kerror: [m[Kstray ‘[01m[K\[m[K’ in program
[0.304s]    56 |     int msg[8] = {0xff\,0xff\,0xff\,0xff\,0xff\,0xff[01;31m[K\[m[K,0xff\,0xfc\};
[0.304s]       |                                                     [01;31m[K^[m[K
[0.304s] [01m[K/home/corey/ros2_ws/src/Cubemars_AK_Series_Driver/ak_series_driver/src/test_node.cpp:56:59:[m[K [01;31m[Kerror: [m[Kstray ‘[01m[K\[m[K’ in program
[0.304s]    56 |     int msg[8] = {0xff\,0xff\,0xff\,0xff\,0xff\,0xff\,0xff[01;31m[K\[m[K,0xfc\};
[0.304s]       |                                                           [01;31m[K^[m[K
[0.304s] [01m[K/home/corey/ros2_ws/src/Cubemars_AK_Series_Driver/ak_series_driver/src/test_node.cpp:56:65:[m[K [01;31m[Kerror: [m[Kstray ‘[01m[K\[m[K’ in program
[0.304s]    56 |     int msg[8] = {0xff\,0xff\,0xff\,0xff\,0xff\,0xff\,0xff\,0xfc[01;31m[K\[m[K};
[0.304s]       |                                                                 [01;31m[K^[m[K
[1.452s] [01m[K/home/corey/ros2_ws/src/Cubemars_AK_Series_Driver/ak_series_driver/src/test_node.cpp:[m[K In function ‘[01m[Kint main(int, char**)[m[K’:
[1.452s] [01m[K/home/corey/ros2_ws/src/Cubemars_AK_Series_Driver/ak_series_driver/src/test_node.cpp:57:9:[m[K [01;31m[Kerror: [m[K‘[01m[Kclass CanCommunication[m[K’ has no member named ‘[01m[Ksend_cmd[m[K’
[1.452s]    57 |     can.[01;31m[Ksend_cmd[m[K(0x01, 8, msg);
[1.452s]       |         [01;31m[K^~~~~~~~[m[K
[1.919s] make[2]: *** [CMakeFiles/ak_series_driver.dir/build.make:76: CMakeFiles/ak_series_driver.dir/src/test_node.cpp.o] Error 1
[1.919s] make[1]: *** [CMakeFiles/Makefile2:139: CMakeFiles/ak_series_driver.dir/all] Error 2
[1.919s] make: *** [Makefile:146: all] Error 2
[1.923s] Invoked command in '/home/corey/ros2_ws/build/ak_series_driver' returned '2': CMAKE_PREFIX_PATH=${CMAKE_PREFIX_PATH}:/opt/ros/galactic /home/corey/.local/bin/cmake --build /home/corey/ros2_ws/build/ak_series_driver -- -j16 -l16
