In file included from [01m[K/home/corey/Cubemars_AK_Series_Driver/src/ak_series_driver/src/single_motor.cpp:19[m[K:
[01m[K/home/corey/Cubemars_AK_Series_Driver/src/ak_series_driver/include/ak_series_driver/ak_driver.hpp:[m[K In member function ‘[01m[Kvoid AKDriver::get_data(std::vector<float>&)[m[K’:
[01m[K/home/corey/Cubemars_AK_Series_Driver/src/ak_series_driver/include/ak_series_driver/ak_driver.hpp:174:43:[m[K [01;35m[Kwarning: [m[Kunused parameter ‘[01m[Kdata[m[K’ [[01;35m[K-Wunused-parameter[m[K]
  174 |         void get_data([01;35m[Kstd::vector<float> &data[m[K)
      |                       [01;35m[K~~~~~~~~~~~~~~~~~~~~^~~~[m[K
In file included from [01m[K/home/corey/Cubemars_AK_Series_Driver/src/ak_series_driver/src/single_motor.cpp:11[m[K:
/usr/include/c++/9/thread: In instantiation of ‘[01m[Kstd::thread::thread(_Callable&&, _Args&& ...) [with _Callable = void (&)(std::__cxx11::basic_string<char>&); _Args = {std::__cxx11::basic_string<char, std::char_traits<char>, std::allocator<char> >&}; <template-parameter-1-3> = void][m[K’:
[01m[K/home/corey/Cubemars_AK_Series_Driver/src/ak_series_driver/include/ak_series_driver/ak_driver.hpp:34:48:[m[K   required from here
[01m[K/usr/include/c++/9/thread:120:44:[m[K [01;31m[Kerror: [m[Kstatic assertion failed: std::thread arguments must be invocable after conversion to rvalues
  120 |           typename decay<_Args>::type...>::[01;31m[Kvalue[m[K,
      |                                            [01;31m[K^~~~~[m[K
/usr/include/c++/9/thread: In instantiation of ‘[01m[Kstruct std::thread::_Invoker<std::tuple<void (*)(std::__cxx11::basic_string<char, std::char_traits<char>, std::allocator<char> >&), std::__cxx11::basic_string<char, std::char_traits<char>, std::allocator<char> > > >[m[K’:
[01m[K/usr/include/c++/9/thread:131:22:[m[K   required from ‘[01m[Kstd::thread::thread(_Callable&&, _Args&& ...) [with _Callable = void (&)(std::__cxx11::basic_string<char>&); _Args = {std::__cxx11::basic_string<char, std::char_traits<char>, std::allocator<char> >&}; <template-parameter-1-3> = void][m[K’
[01m[K/home/corey/Cubemars_AK_Series_Driver/src/ak_series_driver/include/ak_series_driver/ak_driver.hpp:34:48:[m[K   required from here
[01m[K/usr/include/c++/9/thread:243:4:[m[K [01;31m[Kerror: [m[Kno type named ‘[01m[Ktype[m[K’ in ‘[01m[Kstruct std::thread::_Invoker<std::tuple<void (*)(std::__cxx11::basic_string<char, std::char_traits<char>, std::allocator<char> >&), std::__cxx11::basic_string<char, std::char_traits<char>, std::allocator<char> > > >::__result<std::tuple<void (*)(std::__cxx11::basic_string<char, std::char_traits<char>, std::allocator<char> >&), std::__cxx11::basic_string<char, std::char_traits<char>, std::allocator<char> > > >[m[K’
  243 |    [01;31m[K_M_invoke[m[K(_Index_tuple<_Ind...>)
      |    [01;31m[K^~~~~~~~~[m[K
[01m[K/usr/include/c++/9/thread:247:2:[m[K [01;31m[Kerror: [m[Kno type named ‘[01m[Ktype[m[K’ in ‘[01m[Kstruct std::thread::_Invoker<std::tuple<void (*)(std::__cxx11::basic_string<char, std::char_traits<char>, std::allocator<char> >&), std::__cxx11::basic_string<char, std::char_traits<char>, std::allocator<char> > > >::__result<std::tuple<void (*)(std::__cxx11::basic_string<char, std::char_traits<char>, std::allocator<char> >&), std::__cxx11::basic_string<char, std::char_traits<char>, std::allocator<char> > > >[m[K’
  247 |  [01;31m[Koperator[m[K()()
      |  [01;31m[K^~~~~~~~[m[K
make[2]: *** [CMakeFiles/ak_series_driver.dir/build.make:63: CMakeFiles/ak_series_driver.dir/src/single_motor.cpp.o] Error 1
make[1]: *** [CMakeFiles/Makefile2:136: CMakeFiles/ak_series_driver.dir/all] Error 2
make: *** [Makefile:141: all] Error 2
