[0.009s] Invoking command in '/home/corey/Cubemars_AK_Series_Driver/build/ak_series_driver': CMAKE_PREFIX_PATH=${CMAKE_PREFIX_PATH}:/home/corey/Cubemars_AK_Series_Driver/install/control:/opt/ros/galactic /usr/bin/cmake --build /home/corey/Cubemars_AK_Series_Driver/build/ak_series_driver -- -j32 -l32
[0.034s] [35m[1mScanning dependencies of target ak_series_driver[0m
[0.048s] [ 16%] [32mBuilding CXX object CMakeFiles/ak_series_driver.dir/src/single_motor.cpp.o[0m
[0.945s] [01m[K/home/corey/Cubemars_AK_Series_Driver/src/ak_series_driver/src/single_motor.cpp:[m[K In member function ‘[01m[Kvoid SingleMotor::timer_callback()[m[K’:
[0.945s] [01m[K/home/corey/Cubemars_AK_Series_Driver/src/ak_series_driver/src/single_motor.cpp:84:61:[m[K [01;31m[Kerror: [m[K‘[01m[Kstd::vector<unsigned char, std::allocator<unsigned char> > AKDriver::get_can_frame()[m[K’ is private within this context
[0.945s]    84 | 8_t> can = driver.get_can_frame([01;31m[K)[m[K;
[0.945s]       |                                 [01;31m[K^[m[K
[0.945s] 
[0.945s] In file included from [01m[K/home/corey/Cubemars_AK_Series_Driver/src/ak_series_driver/src/single_motor.cpp:19[m[K:
[0.945s] [01m[K/home/corey/Cubemars_AK_Series_Driver/src/ak_series_driver/include/ak_series_driver/ak_driver.hpp:215:30:[m[K [01;36m[Knote: [m[Kdeclared private here
[0.945s]   215 |         std::vector<uint8_t> [01;36m[Kget_can_frame[m[K()
[0.945s]       |                              [01;36m[K^~~~~~~~~~~~~[m[K
[0.945s] [01m[K/home/corey/Cubemars_AK_Series_Driver/src/ak_series_driver/src/single_motor.cpp:85:37:[m[K [01;31m[Kerror: [m[Kno match for ‘[01m[Koperator=[m[K’ (operand types are ‘[01m[Kstd_msgs::msg::String_<std::allocator<void> >::_data_type[m[K’ {aka ‘[01m[Kstd::__cxx11::basic_string<char>[m[K’} and ‘[01m[Kunsigned char*[m[K’)
[0.945s]    85 |             message.data = can.data([01;31m[K)[m[K;
[0.945s]       |                                     [01;31m[K^[m[K
[0.945s] In file included from [01m[K/usr/include/c++/9/string:55[m[K,
[0.945s]                  from [01m[K/usr/include/c++/9/stdexcept:39[m[K,
[0.945s]                  from [01m[K/usr/include/c++/9/array:39[m[K,
[0.946s]                  from [01m[K/usr/include/c++/9/tuple:39[m[K,
[0.946s]                  from [01m[K/usr/include/c++/9/bits/unique_ptr.h:37[m[K,
[0.946s]                  from [01m[K/usr/include/c++/9/memory:80[m[K,
[0.946s]                  from [01m[K/usr/include/c++/9/thread:39[m[K,
[0.946s]                  from [01m[K/home/corey/Cubemars_AK_Series_Driver/src/ak_series_driver/src/single_motor.cpp:11[m[K:
[0.946s] [01m[K/usr/include/c++/9/bits/basic_string.h:708:7:[m[K [01;36m[Knote: [m[Kcandidate: ‘[01m[Kstd::__cxx11::basic_string<_CharT, _Traits, _Alloc>& std::__cxx11::basic_string<_CharT, _Traits, _Alloc>::operator=(const _CharT*) [with _CharT = char; _Traits = std::char_traits<char>; _Alloc = std::allocator<char>][m[K’ <near match>
[0.946s]   708 |       [01;36m[Koperator[m[K=(const _CharT* __s)
[0.946s]       |       [01;36m[K^~~~~~~~[m[K
[0.946s] [01m[K/usr/include/c++/9/bits/basic_string.h:708:7:[m[K [01;36m[Knote: [m[K  conversion of argument 1 would be ill-formed:
[0.946s] [01m[K/home/corey/Cubemars_AK_Series_Driver/src/ak_series_driver/src/single_motor.cpp:85:36:[m[K [01;31m[Kerror: [m[Kinvalid conversion from ‘[01m[Kunsigned char*[m[K’ to ‘[01m[Kconst char*[m[K’ [[01;31m[K-fpermissive[m[K]
[0.946s]    85 |             message.data = [01;31m[Kcan.data()[m[K;
[0.946s]       |                            [01;31m[K~~~~~~~~^~[m[K
[0.946s]       |                                    [01;31m[K|[m[K
[0.946s]       |                                    [01;31m[Kunsigned char*[m[K
[0.946s] In file included from [01m[K/usr/include/c++/9/string:55[m[K,
[0.946s]                  from [01m[K/usr/include/c++/9/stdexcept:39[m[K,
[0.946s]                  from [01m[K/usr/include/c++/9/array:39[m[K,
[0.946s]                  from [01m[K/usr/include/c++/9/tuple:39[m[K,
[0.946s]                  from [01m[K/usr/include/c++/9/bits/unique_ptr.h:37[m[K,
[0.946s]                  from [01m[K/usr/include/c++/9/memory:80[m[K,
[0.946s]                  from [01m[K/usr/include/c++/9/thread:39[m[K,
[0.946s]                  from [01m[K/home/corey/Cubemars_AK_Series_Driver/src/ak_series_driver/src/single_motor.cpp:11[m[K:
[0.946s] [01m[K/usr/include/c++/9/bits/basic_string.h:719:7:[m[K [01;36m[Knote: [m[Kcandidate: ‘[01m[Kstd::__cxx11::basic_string<_CharT, _Traits, _Alloc>& std::__cxx11::basic_string<_CharT, _Traits, _Alloc>::operator=(_CharT) [with _CharT = char; _Traits = std::char_traits<char>; _Alloc = std::allocator<char>][m[K’ <near match>
[0.946s]   719 |       [01;36m[Koperator[m[K=(_CharT __c)
[0.946s]       |       [01;36m[K^~~~~~~~[m[K
[0.946s] [01m[K/usr/include/c++/9/bits/basic_string.h:719:7:[m[K [01;36m[Knote: [m[K  conversion of argument 1 would be ill-formed:
[0.946s] [01m[K/home/corey/Cubemars_AK_Series_Driver/src/ak_series_driver/src/single_motor.cpp:85:36:[m[K [01;31m[Kerror: [m[Kinvalid conversion from ‘[01m[Kunsigned char*[m[K’ to ‘[01m[Kchar[m[K’ [[01;31m[K-fpermissive[m[K]
[0.946s]    85 |             message.data = [01;31m[Kcan.data()[m[K;
[0.946s]       |                            [01;31m[K~~~~~~~~^~[m[K
[0.946s]       |                                    [01;31m[K|[m[K
[0.946s]       |                                    [01;31m[Kunsigned char*[m[K
[0.946s] In file included from [01m[K/usr/include/c++/9/string:55[m[K,
[0.946s]                  from [01m[K/usr/include/c++/9/stdexcept:39[m[K,
[0.946s]                  from [01m[K/usr/include/c++/9/array:39[m[K,
[0.946s]                  from [01m[K/usr/include/c++/9/tuple:39[m[K,
[0.946s]                  from [01m[K/usr/include/c++/9/bits/unique_ptr.h:37[m[K,
[0.946s]                  from [01m[K/usr/include/c++/9/memory:80[m[K,
[0.946s]                  from [01m[K/usr/include/c++/9/thread:39[m[K,
[0.947s]                  from [01m[K/home/corey/Cubemars_AK_Series_Driver/src/ak_series_driver/src/single_motor.cpp:11[m[K:
[0.947s] [01m[K/usr/include/c++/9/bits/basic_string.h:669:7:[m[K [01;36m[Knote: [m[Kcandidate: ‘[01m[Kstd::__cxx11::basic_string<_CharT, _Traits, _Alloc>& std::__cxx11::basic_string<_CharT, _Traits, _Alloc>::operator=(const std::__cxx11::basic_string<_CharT, _Traits, _Alloc>&) [with _CharT = char; _Traits = std::char_traits<char>; _Alloc = std::allocator<char>][m[K’
[0.947s]   669 |       [01;36m[Koperator[m[K=(const basic_string& __str)
[0.947s]       |       [01;36m[K^~~~~~~~[m[K
[0.947s] [01m[K/usr/include/c++/9/bits/basic_string.h:669:37:[m[K [01;36m[Knote: [m[K  no known conversion for argument 1 from ‘[01m[Kunsigned char*[m[K’ to ‘[01m[Kconst std::__cxx11::basic_string<char>&[m[K’
[0.947s]   669 |       operator=([01;36m[Kconst basic_string& __str[m[K)
[0.947s]       |                 [01;36m[K~~~~~~~~~~~~~~~~~~~~^~~~~[m[K
[0.947s] [01m[K/usr/include/c++/9/bits/basic_string.h:736:7:[m[K [01;36m[Knote: [m[Kcandidate: ‘[01m[Kstd::__cxx11::basic_string<_CharT, _Traits, _Alloc>& std::__cxx11::basic_string<_CharT, _Traits, _Alloc>::operator=(std::__cxx11::basic_string<_CharT, _Traits, _Alloc>&&) [with _CharT = char; _Traits = std::char_traits<char>; _Alloc = std::allocator<char>][m[K’
[0.947s]   736 |       [01;36m[Koperator[m[K=(basic_string&& __str)
[0.947s]       |       [01;36m[K^~~~~~~~[m[K
[0.947s] [01m[K/usr/include/c++/9/bits/basic_string.h:736:32:[m[K [01;36m[Knote: [m[K  no known conversion for argument 1 from ‘[01m[Kunsigned char*[m[K’ to ‘[01m[Kstd::__cxx11::basic_string<char>&&[m[K’
[0.947s]   736 |       operator=([01;36m[Kbasic_string&& __str[m[K)
[0.947s]       |                 [01;36m[K~~~~~~~~~~~~~~~^~~~~[m[K
[0.947s] [01m[K/usr/include/c++/9/bits/basic_string.h:799:7:[m[K [01;36m[Knote: [m[Kcandidate: ‘[01m[Kstd::__cxx11::basic_string<_CharT, _Traits, _Alloc>& std::__cxx11::basic_string<_CharT, _Traits, _Alloc>::operator=(std::initializer_list<_Tp>) [with _CharT = char; _Traits = std::char_traits<char>; _Alloc = std::allocator<char>][m[K’
[0.947s]   799 |       [01;36m[Koperator[m[K=(initializer_list<_CharT> __l)
[0.947s]       |       [01;36m[K^~~~~~~~[m[K
[0.947s] [01m[K/usr/include/c++/9/bits/basic_string.h:799:42:[m[K [01;36m[Knote: [m[K  no known conversion for argument 1 from ‘[01m[Kunsigned char*[m[K’ to ‘[01m[Kstd::initializer_list<char>[m[K’
[0.947s]   799 |       operator=([01;36m[Kinitializer_list<_CharT> __l[m[K)
[0.947s]       |                 [01;36m[K~~~~~~~~~~~~~~~~~~~~~~~~~^~~[m[K
[0.947s] [01m[K/usr/include/c++/9/bits/basic_string.h:813:8:[m[K [01;36m[Knote: [m[Kcandidate: ‘[01m[Ktemplate<class _Tp> std::__cxx11::basic_string<_CharT, _Traits, _Alloc>::_If_sv<_Tp, std::__cxx11::basic_string<_CharT, _Traits, _Alloc>&> std::__cxx11::basic_string<_CharT, _Traits, _Alloc>::operator=(const _Tp&) [with _Tp = _Tp; _CharT = char; _Traits = std::char_traits<char>; _Alloc = std::allocator<char>][m[K’
[0.947s]   813 |        [01;36m[Koperator[m[K=(const _Tp& __svt)
[0.947s]       |        [01;36m[K^~~~~~~~[m[K
[0.947s] [01m[K/usr/include/c++/9/bits/basic_string.h:813:8:[m[K [01;36m[Knote: [m[K  template argument deduction/substitution failed:
[0.947s] In file included from [01m[K/usr/include/c++/9/bits/move.h:55[m[K,
[0.947s]                  from [01m[K/usr/include/c++/9/bits/stl_pair.h:59[m[K,
[0.947s]                  from [01m[K/usr/include/c++/9/bits/stl_algobase.h:64[m[K,
[0.947s]                  from [01m[K/usr/include/c++/9/vector:60[m[K,
[0.947s]                  from [01m[K/home/corey/Cubemars_AK_Series_Driver/src/ak_series_driver/src/single_motor.cpp:10[m[K:
[0.947s] /usr/include/c++/9/type_traits: In substitution of ‘[01m[Ktemplate<bool _Cond, class _Tp> using enable_if_t = typename std::enable_if::type [with bool _Cond = std::integral_constant<bool, false>::value; _Tp = std::__cxx11::basic_string<char>&][m[K’:
[0.947s] [01m[K/usr/include/c++/9/bits/basic_string.h:121:8:[m[K   required by substitution of ‘[01m[Ktemplate<class _CharT, class _Traits, class _Alloc> template<class _Tp, class _Res> using _If_sv = std::enable_if_t<std::__and_<std::is_convertible<const _Tp&, std::basic_string_view<_CharT, _Traits> >, std::__not_<std::is_convertible<const _Tp*, const std::__cxx11::basic_string<_CharT, _Traits, _Alloc>*> >, std::__not_<std::is_convertible<const _Tp&, const _CharT*> > >::value, _Res> [with _Tp = unsigned char*; _Res = std::__cxx11::basic_string<char>&; _CharT = char; _Traits = std::char_traits<char>; _Alloc = std::allocator<char>][m[K’
[0.947s] [01m[K/usr/include/c++/9/bits/basic_string.h:813:8:[m[K   required by substitution of ‘[01m[Ktemplate<class _Tp> std::__cxx11::basic_string<char>::_If_sv<_Tp, std::__cxx11::basic_string<char>&> std::__cxx11::basic_string<char>::operator=<_Tp>(const _Tp&) [with _Tp = unsigned char*][m[K’
[0.947s] [01m[K/home/corey/Cubemars_AK_Series_Driver/src/ak_series_driver/src/single_motor.cpp:85:37:[m[K   required from here
[0.947s] [01m[K/usr/include/c++/9/type_traits:2378:11:[m[K [01;31m[Kerror: [m[Kno type named ‘[01m[Ktype[m[K’ in ‘[01m[Kstruct std::enable_if<false, std::__cxx11::basic_string<char>&>[m[K’
[0.947s]  2378 |     using [01;31m[Kenable_if_t[m[K = typename enable_if<_Cond, _Tp>::type;
[0.947s]       |           [01;31m[K^~~~~~~~~~~[m[K
[1.942s] make[2]: *** [CMakeFiles/ak_series_driver.dir/build.make:63: CMakeFiles/ak_series_driver.dir/src/single_motor.cpp.o] Error 1
[1.942s] make[1]: *** [CMakeFiles/Makefile2:136: CMakeFiles/ak_series_driver.dir/all] Error 2
[1.942s] make: *** [Makefile:141: all] Error 2
[1.945s] Invoked command in '/home/corey/Cubemars_AK_Series_Driver/build/ak_series_driver' returned '2': CMAKE_PREFIX_PATH=${CMAKE_PREFIX_PATH}:/home/corey/Cubemars_AK_Series_Driver/install/control:/opt/ros/galactic /usr/bin/cmake --build /home/corey/Cubemars_AK_Series_Driver/build/ak_series_driver -- -j32 -l32
