[2.317s] DEBUG:colcon:Command line arguments: ['/usr/bin/colcon', 'build', '--symlink-install']
[2.317s] DEBUG:colcon:Parsed command line arguments: Namespace(allow_overriding=[], ament_cmake_args=None, base_paths=['.'], build_base='build', catkin_cmake_args=None, catkin_skip_building_tests=False, cmake_args=None, cmake_clean_cache=False, cmake_clean_first=False, cmake_force_configure=False, cmake_target=None, cmake_target_skip_unavailable=False, continue_on_error=False, event_handlers=None, executor='parallel', ignore_user_meta=False, install_base='install', log_base=None, log_level=None, main=<bound method BuildVerb.main of <colcon_core.verb.build.BuildVerb object at 0x7fe0f8477790>>, merge_install=False, metas=['./colcon.meta'], packages_above=None, packages_above_and_dependencies=None, packages_above_depth=None, packages_end=None, packages_ignore=None, packages_ignore_regex=None, packages_select=None, packages_select_build_failed=False, packages_select_by_dep=None, packages_select_regex=None, packages_select_test_failures=False, packages_skip=None, packages_skip_build_finished=False, packages_skip_by_dep=None, packages_skip_regex=None, packages_skip_test_passed=False, packages_skip_up_to=None, packages_start=None, packages_up_to=None, packages_up_to_regex=None, parallel_workers=16, paths=None, symlink_install=True, test_result_base=None, verb_extension=<colcon_core.verb.build.BuildVerb object at 0x7fe0f8477790>, verb_name='build', verb_parser=<colcon_defaults.argument_parser.defaults.DefaultArgumentsDecorator object at 0x7fe0f84c0a90>)
[2.430s] Level 1:colcon.colcon_core.package_discovery:discover_packages(colcon_meta) check parameters
[2.430s] Level 1:colcon.colcon_core.package_discovery:discover_packages(recursive) check parameters
[2.430s] Level 1:colcon.colcon_core.package_discovery:discover_packages(ignore) check parameters
[2.431s] Level 1:colcon.colcon_core.package_discovery:discover_packages(path) check parameters
[2.431s] Level 1:colcon.colcon_core.package_discovery:discover_packages(colcon_meta) discover
[2.431s] Level 1:colcon.colcon_core.package_discovery:discover_packages(recursive) discover
[2.431s] INFO:colcon.colcon_core.package_discovery:Crawling recursively for packages in '/home/corey/Cubemars_AK_Series_Driver'
[2.431s] Level 1:colcon.colcon_core.package_identification:_identify(.) by extensions ['ignore', 'ignore_ament_install']
[2.431s] Level 1:colcon.colcon_core.package_identification:_identify(.) by extension 'ignore'
[2.431s] Level 1:colcon.colcon_core.package_identification:_identify(.) by extension 'ignore_ament_install'
[2.431s] Level 1:colcon.colcon_core.package_identification:_identify(.) by extensions ['colcon_pkg']
[2.431s] Level 1:colcon.colcon_core.package_identification:_identify(.) by extension 'colcon_pkg'
[2.431s] Level 1:colcon.colcon_core.package_identification:_identify(.) by extensions ['colcon_meta']
[2.431s] Level 1:colcon.colcon_core.package_identification:_identify(.) by extension 'colcon_meta'
[2.431s] Level 1:colcon.colcon_core.package_identification:_identify(.) by extensions ['ros']
[2.431s] Level 1:colcon.colcon_core.package_identification:_identify(.) by extension 'ros'
[2.442s] Level 1:colcon.colcon_core.package_identification:_identify(.) by extensions ['cmake', 'python']
[2.442s] Level 1:colcon.colcon_core.package_identification:_identify(.) by extension 'cmake'
[2.442s] Level 1:colcon.colcon_core.package_identification:_identify(.) by extension 'python'
[2.442s] Level 1:colcon.colcon_core.package_identification:_identify(.) by extensions ['python_setup_py']
[2.442s] Level 1:colcon.colcon_core.package_identification:_identify(.) by extension 'python_setup_py'
[2.442s] Level 1:colcon.colcon_core.package_identification:_identify(build) by extensions ['ignore', 'ignore_ament_install']
[2.442s] Level 1:colcon.colcon_core.package_identification:_identify(build) by extension 'ignore'
[2.442s] Level 1:colcon.colcon_core.package_identification:_identify(build) ignored
[2.442s] Level 1:colcon.colcon_core.package_identification:_identify(install) by extensions ['ignore', 'ignore_ament_install']
[2.442s] Level 1:colcon.colcon_core.package_identification:_identify(install) by extension 'ignore'
[2.442s] Level 1:colcon.colcon_core.package_identification:_identify(install) ignored
[2.443s] Level 1:colcon.colcon_core.package_identification:_identify(log) by extensions ['ignore', 'ignore_ament_install']
[2.443s] Level 1:colcon.colcon_core.package_identification:_identify(log) by extension 'ignore'
[2.443s] Level 1:colcon.colcon_core.package_identification:_identify(log) ignored
[2.443s] Level 1:colcon.colcon_core.package_identification:_identify(resources) by extensions ['ignore', 'ignore_ament_install']
[2.443s] Level 1:colcon.colcon_core.package_identification:_identify(resources) by extension 'ignore'
[2.443s] Level 1:colcon.colcon_core.package_identification:_identify(resources) by extension 'ignore_ament_install'
[2.443s] Level 1:colcon.colcon_core.package_identification:_identify(resources) by extensions ['colcon_pkg']
[2.443s] Level 1:colcon.colcon_core.package_identification:_identify(resources) by extension 'colcon_pkg'
[2.443s] Level 1:colcon.colcon_core.package_identification:_identify(resources) by extensions ['colcon_meta']
[2.443s] Level 1:colcon.colcon_core.package_identification:_identify(resources) by extension 'colcon_meta'
[2.443s] Level 1:colcon.colcon_core.package_identification:_identify(resources) by extensions ['ros']
[2.443s] Level 1:colcon.colcon_core.package_identification:_identify(resources) by extension 'ros'
[2.443s] Level 1:colcon.colcon_core.package_identification:_identify(resources) by extensions ['cmake', 'python']
[2.443s] Level 1:colcon.colcon_core.package_identification:_identify(resources) by extension 'cmake'
[2.443s] Level 1:colcon.colcon_core.package_identification:_identify(resources) by extension 'python'
[2.443s] Level 1:colcon.colcon_core.package_identification:_identify(resources) by extensions ['python_setup_py']
[2.443s] Level 1:colcon.colcon_core.package_identification:_identify(resources) by extension 'python_setup_py'
[2.443s] Level 1:colcon.colcon_core.package_identification:_identify(resources/autom4te.cache) by extensions ['ignore', 'ignore_ament_install']
[2.444s] Level 1:colcon.colcon_core.package_identification:_identify(resources/autom4te.cache) by extension 'ignore'
[2.444s] Level 1:colcon.colcon_core.package_identification:_identify(resources/autom4te.cache) by extension 'ignore_ament_install'
[2.444s] Level 1:colcon.colcon_core.package_identification:_identify(resources/autom4te.cache) by extensions ['colcon_pkg']
[2.444s] Level 1:colcon.colcon_core.package_identification:_identify(resources/autom4te.cache) by extension 'colcon_pkg'
[2.444s] Level 1:colcon.colcon_core.package_identification:_identify(resources/autom4te.cache) by extensions ['colcon_meta']
[2.444s] Level 1:colcon.colcon_core.package_identification:_identify(resources/autom4te.cache) by extension 'colcon_meta'
[2.444s] Level 1:colcon.colcon_core.package_identification:_identify(resources/autom4te.cache) by extensions ['ros']
[2.444s] Level 1:colcon.colcon_core.package_identification:_identify(resources/autom4te.cache) by extension 'ros'
[2.444s] Level 1:colcon.colcon_core.package_identification:_identify(resources/autom4te.cache) by extensions ['cmake', 'python']
[2.444s] Level 1:colcon.colcon_core.package_identification:_identify(resources/autom4te.cache) by extension 'cmake'
[2.444s] Level 1:colcon.colcon_core.package_identification:_identify(resources/autom4te.cache) by extension 'python'
[2.444s] Level 1:colcon.colcon_core.package_identification:_identify(resources/autom4te.cache) by extensions ['python_setup_py']
[2.444s] Level 1:colcon.colcon_core.package_identification:_identify(resources/autom4te.cache) by extension 'python_setup_py'
[2.444s] Level 1:colcon.colcon_core.package_identification:_identify(resources/config) by extensions ['ignore', 'ignore_ament_install']
[2.444s] Level 1:colcon.colcon_core.package_identification:_identify(resources/config) by extension 'ignore'
[2.444s] Level 1:colcon.colcon_core.package_identification:_identify(resources/config) by extension 'ignore_ament_install'
[2.445s] Level 1:colcon.colcon_core.package_identification:_identify(resources/config) by extensions ['colcon_pkg']
[2.445s] Level 1:colcon.colcon_core.package_identification:_identify(resources/config) by extension 'colcon_pkg'
[2.445s] Level 1:colcon.colcon_core.package_identification:_identify(resources/config) by extensions ['colcon_meta']
[2.445s] Level 1:colcon.colcon_core.package_identification:_identify(resources/config) by extension 'colcon_meta'
[2.445s] Level 1:colcon.colcon_core.package_identification:_identify(resources/config) by extensions ['ros']
[2.445s] Level 1:colcon.colcon_core.package_identification:_identify(resources/config) by extension 'ros'
[2.445s] Level 1:colcon.colcon_core.package_identification:_identify(resources/config) by extensions ['cmake', 'python']
[2.445s] Level 1:colcon.colcon_core.package_identification:_identify(resources/config) by extension 'cmake'
[2.445s] Level 1:colcon.colcon_core.package_identification:_identify(resources/config) by extension 'python'
[2.445s] Level 1:colcon.colcon_core.package_identification:_identify(resources/config) by extensions ['python_setup_py']
[2.445s] Level 1:colcon.colcon_core.package_identification:_identify(resources/config) by extension 'python_setup_py'
[2.445s] Level 1:colcon.colcon_core.package_identification:_identify(resources/config/autoconf) by extensions ['ignore', 'ignore_ament_install']
[2.446s] Level 1:colcon.colcon_core.package_identification:_identify(resources/config/autoconf) by extension 'ignore'
[2.446s] Level 1:colcon.colcon_core.package_identification:_identify(resources/config/autoconf) by extension 'ignore_ament_install'
[2.446s] Level 1:colcon.colcon_core.package_identification:_identify(resources/config/autoconf) by extensions ['colcon_pkg']
[2.446s] Level 1:colcon.colcon_core.package_identification:_identify(resources/config/autoconf) by extension 'colcon_pkg'
[2.446s] Level 1:colcon.colcon_core.package_identification:_identify(resources/config/autoconf) by extensions ['colcon_meta']
[2.446s] Level 1:colcon.colcon_core.package_identification:_identify(resources/config/autoconf) by extension 'colcon_meta'
[2.446s] Level 1:colcon.colcon_core.package_identification:_identify(resources/config/autoconf) by extensions ['ros']
[2.446s] Level 1:colcon.colcon_core.package_identification:_identify(resources/config/autoconf) by extension 'ros'
[2.446s] Level 1:colcon.colcon_core.package_identification:_identify(resources/config/autoconf) by extensions ['cmake', 'python']
[2.446s] Level 1:colcon.colcon_core.package_identification:_identify(resources/config/autoconf) by extension 'cmake'
[2.446s] Level 1:colcon.colcon_core.package_identification:_identify(resources/config/autoconf) by extension 'python'
[2.446s] Level 1:colcon.colcon_core.package_identification:_identify(resources/config/autoconf) by extensions ['python_setup_py']
[2.446s] Level 1:colcon.colcon_core.package_identification:_identify(resources/config/autoconf) by extension 'python_setup_py'
[2.446s] Level 1:colcon.colcon_core.package_identification:_identify(resources/config/m4) by extensions ['ignore', 'ignore_ament_install']
[2.446s] Level 1:colcon.colcon_core.package_identification:_identify(resources/config/m4) by extension 'ignore'
[2.446s] Level 1:colcon.colcon_core.package_identification:_identify(resources/config/m4) by extension 'ignore_ament_install'
[2.447s] Level 1:colcon.colcon_core.package_identification:_identify(resources/config/m4) by extensions ['colcon_pkg']
[2.447s] Level 1:colcon.colcon_core.package_identification:_identify(resources/config/m4) by extension 'colcon_pkg'
[2.447s] Level 1:colcon.colcon_core.package_identification:_identify(resources/config/m4) by extensions ['colcon_meta']
[2.447s] Level 1:colcon.colcon_core.package_identification:_identify(resources/config/m4) by extension 'colcon_meta'
[2.447s] Level 1:colcon.colcon_core.package_identification:_identify(resources/config/m4) by extensions ['ros']
[2.447s] Level 1:colcon.colcon_core.package_identification:_identify(resources/config/m4) by extension 'ros'
[2.447s] Level 1:colcon.colcon_core.package_identification:_identify(resources/config/m4) by extensions ['cmake', 'python']
[2.447s] Level 1:colcon.colcon_core.package_identification:_identify(resources/config/m4) by extension 'cmake'
[2.447s] Level 1:colcon.colcon_core.package_identification:_identify(resources/config/m4) by extension 'python'
[2.447s] Level 1:colcon.colcon_core.package_identification:_identify(resources/config/m4) by extensions ['python_setup_py']
[2.447s] Level 1:colcon.colcon_core.package_identification:_identify(resources/config/m4) by extension 'python_setup_py'
[2.447s] Level 1:colcon.colcon_core.package_identification:_identify(resources/include) by extensions ['ignore', 'ignore_ament_install']
[2.447s] Level 1:colcon.colcon_core.package_identification:_identify(resources/include) by extension 'ignore'
[2.447s] Level 1:colcon.colcon_core.package_identification:_identify(resources/include) by extension 'ignore_ament_install'
[2.447s] Level 1:colcon.colcon_core.package_identification:_identify(resources/include) by extensions ['colcon_pkg']
[2.447s] Level 1:colcon.colcon_core.package_identification:_identify(resources/include) by extension 'colcon_pkg'
[2.447s] Level 1:colcon.colcon_core.package_identification:_identify(resources/include) by extensions ['colcon_meta']
[2.447s] Level 1:colcon.colcon_core.package_identification:_identify(resources/include) by extension 'colcon_meta'
[2.447s] Level 1:colcon.colcon_core.package_identification:_identify(resources/include) by extensions ['ros']
[2.447s] Level 1:colcon.colcon_core.package_identification:_identify(resources/include) by extension 'ros'
[2.448s] Level 1:colcon.colcon_core.package_identification:_identify(resources/include) by extensions ['cmake', 'python']
[2.448s] Level 1:colcon.colcon_core.package_identification:_identify(resources/include) by extension 'cmake'
[2.448s] Level 1:colcon.colcon_core.package_identification:_identify(resources/include) by extension 'python'
[2.448s] Level 1:colcon.colcon_core.package_identification:_identify(resources/include) by extensions ['python_setup_py']
[2.448s] Level 1:colcon.colcon_core.package_identification:_identify(resources/include) by extension 'python_setup_py'
[2.448s] Level 1:colcon.colcon_core.package_identification:_identify(resources/include/linux) by extensions ['ignore', 'ignore_ament_install']
[2.448s] Level 1:colcon.colcon_core.package_identification:_identify(resources/include/linux) by extension 'ignore'
[2.448s] Level 1:colcon.colcon_core.package_identification:_identify(resources/include/linux) by extension 'ignore_ament_install'
[2.448s] Level 1:colcon.colcon_core.package_identification:_identify(resources/include/linux) by extensions ['colcon_pkg']
[2.448s] Level 1:colcon.colcon_core.package_identification:_identify(resources/include/linux) by extension 'colcon_pkg'
[2.448s] Level 1:colcon.colcon_core.package_identification:_identify(resources/include/linux) by extensions ['colcon_meta']
[2.448s] Level 1:colcon.colcon_core.package_identification:_identify(resources/include/linux) by extension 'colcon_meta'
[2.448s] Level 1:colcon.colcon_core.package_identification:_identify(resources/include/linux) by extensions ['ros']
[2.448s] Level 1:colcon.colcon_core.package_identification:_identify(resources/include/linux) by extension 'ros'
[2.448s] Level 1:colcon.colcon_core.package_identification:_identify(resources/include/linux) by extensions ['cmake', 'python']
[2.448s] Level 1:colcon.colcon_core.package_identification:_identify(resources/include/linux) by extension 'cmake'
[2.448s] Level 1:colcon.colcon_core.package_identification:_identify(resources/include/linux) by extension 'python'
[2.448s] Level 1:colcon.colcon_core.package_identification:_identify(resources/include/linux) by extensions ['python_setup_py']
[2.448s] Level 1:colcon.colcon_core.package_identification:_identify(resources/include/linux) by extension 'python_setup_py'
[2.448s] Level 1:colcon.colcon_core.package_identification:_identify(resources/include/linux/can) by extensions ['ignore', 'ignore_ament_install']
[2.449s] Level 1:colcon.colcon_core.package_identification:_identify(resources/include/linux/can) by extension 'ignore'
[2.449s] Level 1:colcon.colcon_core.package_identification:_identify(resources/include/linux/can) by extension 'ignore_ament_install'
[2.449s] Level 1:colcon.colcon_core.package_identification:_identify(resources/include/linux/can) by extensions ['colcon_pkg']
[2.449s] Level 1:colcon.colcon_core.package_identification:_identify(resources/include/linux/can) by extension 'colcon_pkg'
[2.449s] Level 1:colcon.colcon_core.package_identification:_identify(resources/include/linux/can) by extensions ['colcon_meta']
[2.449s] Level 1:colcon.colcon_core.package_identification:_identify(resources/include/linux/can) by extension 'colcon_meta'
[2.449s] Level 1:colcon.colcon_core.package_identification:_identify(resources/include/linux/can) by extensions ['ros']
[2.449s] Level 1:colcon.colcon_core.package_identification:_identify(resources/include/linux/can) by extension 'ros'
[2.449s] Level 1:colcon.colcon_core.package_identification:_identify(resources/include/linux/can) by extensions ['cmake', 'python']
[2.449s] Level 1:colcon.colcon_core.package_identification:_identify(resources/include/linux/can) by extension 'cmake'
[2.449s] Level 1:colcon.colcon_core.package_identification:_identify(resources/include/linux/can) by extension 'python'
[2.449s] Level 1:colcon.colcon_core.package_identification:_identify(resources/include/linux/can) by extensions ['python_setup_py']
[2.449s] Level 1:colcon.colcon_core.package_identification:_identify(resources/include/linux/can) by extension 'python_setup_py'
[2.449s] Level 1:colcon.colcon_core.package_identification:_identify(src) by extensions ['ignore', 'ignore_ament_install']
[2.449s] Level 1:colcon.colcon_core.package_identification:_identify(src) by extension 'ignore'
[2.449s] Level 1:colcon.colcon_core.package_identification:_identify(src) by extension 'ignore_ament_install'
[2.449s] Level 1:colcon.colcon_core.package_identification:_identify(src) by extensions ['colcon_pkg']
[2.450s] Level 1:colcon.colcon_core.package_identification:_identify(src) by extension 'colcon_pkg'
[2.450s] Level 1:colcon.colcon_core.package_identification:_identify(src) by extensions ['colcon_meta']
[2.450s] Level 1:colcon.colcon_core.package_identification:_identify(src) by extension 'colcon_meta'
[2.450s] Level 1:colcon.colcon_core.package_identification:_identify(src) by extensions ['ros']
[2.450s] Level 1:colcon.colcon_core.package_identification:_identify(src) by extension 'ros'
[2.450s] Level 1:colcon.colcon_core.package_identification:_identify(src) by extensions ['cmake', 'python']
[2.450s] Level 1:colcon.colcon_core.package_identification:_identify(src) by extension 'cmake'
[2.450s] Level 1:colcon.colcon_core.package_identification:_identify(src) by extension 'python'
[2.450s] Level 1:colcon.colcon_core.package_identification:_identify(src) by extensions ['python_setup_py']
[2.450s] Level 1:colcon.colcon_core.package_identification:_identify(src) by extension 'python_setup_py'
[2.450s] Level 1:colcon.colcon_core.package_identification:_identify(src/ak_series_driver) by extensions ['ignore', 'ignore_ament_install']
[2.450s] Level 1:colcon.colcon_core.package_identification:_identify(src/ak_series_driver) by extension 'ignore'
[2.450s] Level 1:colcon.colcon_core.package_identification:_identify(src/ak_series_driver) by extension 'ignore_ament_install'
[2.450s] Level 1:colcon.colcon_core.package_identification:_identify(src/ak_series_driver) by extensions ['colcon_pkg']
[2.450s] Level 1:colcon.colcon_core.package_identification:_identify(src/ak_series_driver) by extension 'colcon_pkg'
[2.450s] Level 1:colcon.colcon_core.package_identification:_identify(src/ak_series_driver) by extensions ['colcon_meta']
[2.450s] Level 1:colcon.colcon_core.package_identification:_identify(src/ak_series_driver) by extension 'colcon_meta'
[2.450s] Level 1:colcon.colcon_core.package_identification:_identify(src/ak_series_driver) by extensions ['ros']
[2.450s] Level 1:colcon.colcon_core.package_identification:_identify(src/ak_series_driver) by extension 'ros'
[2.454s] DEBUG:colcon.colcon_core.package_identification:Package 'src/ak_series_driver' with type 'ros.ament_cmake' and name 'ak_series_driver'
[2.455s] Level 1:colcon.colcon_core.package_identification:_identify(src/test_topic) by extensions ['ignore', 'ignore_ament_install']
[2.455s] Level 1:colcon.colcon_core.package_identification:_identify(src/test_topic) by extension 'ignore'
[2.455s] Level 1:colcon.colcon_core.package_identification:_identify(src/test_topic) by extension 'ignore_ament_install'
[2.455s] Level 1:colcon.colcon_core.package_identification:_identify(src/test_topic) by extensions ['colcon_pkg']
[2.455s] Level 1:colcon.colcon_core.package_identification:_identify(src/test_topic) by extension 'colcon_pkg'
[2.455s] Level 1:colcon.colcon_core.package_identification:_identify(src/test_topic) by extensions ['colcon_meta']
[2.455s] Level 1:colcon.colcon_core.package_identification:_identify(src/test_topic) by extension 'colcon_meta'
[2.455s] Level 1:colcon.colcon_core.package_identification:_identify(src/test_topic) by extensions ['ros']
[2.455s] Level 1:colcon.colcon_core.package_identification:_identify(src/test_topic) by extension 'ros'
[2.456s] DEBUG:colcon.colcon_core.package_identification:Package 'src/test_topic' with type 'ros.ament_python' and name 'test_topic'
[2.456s] Level 1:colcon.colcon_core.package_discovery:discover_packages(recursive) using defaults
[2.456s] Level 1:colcon.colcon_core.package_discovery:discover_packages(ignore) discover
[2.456s] Level 1:colcon.colcon_core.package_discovery:discover_packages(ignore) using defaults
[2.456s] Level 1:colcon.colcon_core.package_discovery:discover_packages(path) discover
[2.456s] Level 1:colcon.colcon_core.package_discovery:discover_packages(path) using defaults
[2.671s] Level 1:colcon.colcon_core.package_discovery:discover_packages(prefix_path) check parameters
[2.671s] Level 1:colcon.colcon_core.package_discovery:discover_packages(prefix_path) discover
[2.750s] DEBUG:colcon.colcon_installed_package_information.package_discovery:Found 2 installed packages in /home/corey/Cubemars_AK_Series_Driver/install
[2.790s] DEBUG:colcon.colcon_installed_package_information.package_discovery:Found 350 installed packages in /opt/ros/galactic
[2.791s] Level 1:colcon.colcon_core.package_discovery:discover_packages(prefix_path) using defaults
[2.940s] Level 5:colcon.colcon_core.verb:set package 'ak_series_driver' build argument 'cmake_args' from command line to 'None'
[2.940s] Level 5:colcon.colcon_core.verb:set package 'ak_series_driver' build argument 'cmake_target' from command line to 'None'
[2.940s] Level 5:colcon.colcon_core.verb:set package 'ak_series_driver' build argument 'cmake_target_skip_unavailable' from command line to 'False'
[2.940s] Level 5:colcon.colcon_core.verb:set package 'ak_series_driver' build argument 'cmake_clean_cache' from command line to 'False'
[2.940s] Level 5:colcon.colcon_core.verb:set package 'ak_series_driver' build argument 'cmake_clean_first' from command line to 'False'
[2.940s] Level 5:colcon.colcon_core.verb:set package 'ak_series_driver' build argument 'cmake_force_configure' from command line to 'False'
[2.940s] Level 5:colcon.colcon_core.verb:set package 'ak_series_driver' build argument 'ament_cmake_args' from command line to 'None'
[2.940s] Level 5:colcon.colcon_core.verb:set package 'ak_series_driver' build argument 'catkin_cmake_args' from command line to 'None'
[2.940s] Level 5:colcon.colcon_core.verb:set package 'ak_series_driver' build argument 'catkin_skip_building_tests' from command line to 'False'
[2.940s] DEBUG:colcon.colcon_core.verb:Building package 'ak_series_driver' with the following arguments: {'ament_cmake_args': None, 'build_base': '/home/corey/Cubemars_AK_Series_Driver/build/ak_series_driver', 'catkin_cmake_args': None, 'catkin_skip_building_tests': False, 'cmake_args': None, 'cmake_clean_cache': False, 'cmake_clean_first': False, 'cmake_force_configure': False, 'cmake_target': None, 'cmake_target_skip_unavailable': False, 'install_base': '/home/corey/Cubemars_AK_Series_Driver/install/ak_series_driver', 'merge_install': False, 'path': '/home/corey/Cubemars_AK_Series_Driver/src/ak_series_driver', 'symlink_install': True, 'test_result_base': None}
[2.978s] Level 5:colcon.colcon_core.verb:set package 'test_topic' build argument 'cmake_args' from command line to 'None'
[2.978s] Level 5:colcon.colcon_core.verb:set package 'test_topic' build argument 'cmake_target' from command line to 'None'
[2.978s] Level 5:colcon.colcon_core.verb:set package 'test_topic' build argument 'cmake_target_skip_unavailable' from command line to 'False'
[2.978s] Level 5:colcon.colcon_core.verb:set package 'test_topic' build argument 'cmake_clean_cache' from command line to 'False'
[2.978s] Level 5:colcon.colcon_core.verb:set package 'test_topic' build argument 'cmake_clean_first' from command line to 'False'
[2.978s] Level 5:colcon.colcon_core.verb:set package 'test_topic' build argument 'cmake_force_configure' from command line to 'False'
[2.978s] Level 5:colcon.colcon_core.verb:set package 'test_topic' build argument 'ament_cmake_args' from command line to 'None'
[2.978s] Level 5:colcon.colcon_core.verb:set package 'test_topic' build argument 'catkin_cmake_args' from command line to 'None'
[2.978s] Level 5:colcon.colcon_core.verb:set package 'test_topic' build argument 'catkin_skip_building_tests' from command line to 'False'
[2.978s] DEBUG:colcon.colcon_core.verb:Building package 'test_topic' with the following arguments: {'ament_cmake_args': None, 'build_base': '/home/corey/Cubemars_AK_Series_Driver/build/test_topic', 'catkin_cmake_args': None, 'catkin_skip_building_tests': False, 'cmake_args': None, 'cmake_clean_cache': False, 'cmake_clean_first': False, 'cmake_force_configure': False, 'cmake_target': None, 'cmake_target_skip_unavailable': False, 'install_base': '/home/corey/Cubemars_AK_Series_Driver/install/test_topic', 'merge_install': False, 'path': '/home/corey/Cubemars_AK_Series_Driver/src/test_topic', 'symlink_install': True, 'test_result_base': None}
[3.016s] INFO:colcon.colcon_core.executor:Executing jobs using 'parallel' executor
[3.064s] DEBUG:colcon.colcon_parallel_executor.executor.parallel:run_until_complete
[3.064s] INFO:colcon.colcon_ros.task.ament_cmake.build:Building ROS package in '/home/corey/Cubemars_AK_Series_Driver/src/ak_series_driver' with build type 'ament_cmake'
[3.064s] INFO:colcon.colcon_cmake.task.cmake.build:Building CMake package in '/home/corey/Cubemars_AK_Series_Driver/src/ak_series_driver'
[3.105s] INFO:colcon.colcon_core.plugin_system:Skipping extension 'colcon_core.shell.bat': Not used on non-Windows systems
[3.105s] INFO:colcon.colcon_core.shell:Skip shell extension 'powershell' for command environment: Not usable outside of PowerShell
[3.105s] DEBUG:colcon.colcon_core.shell:Skip shell extension 'dsv' for command environment
[3.203s] DEBUG:colcon.colcon_parallel_executor.executor.parallel:run_until_complete was interrupted
[3.204s] DEBUG:colcon.colcon_parallel_executor.executor.parallel:run_until_complete again
[3.204s] INFO:colcon.colcon_ros.task.ament_python.build:Building ROS package in '/home/corey/Cubemars_AK_Series_Driver/src/test_topic' with build type 'ament_python'
[3.204s] Level 1:colcon.colcon_core.shell:create_environment_hook('test_topic', 'ament_prefix_path')
[3.244s] INFO:colcon.colcon_core.shell:Creating environment hook '/home/corey/Cubemars_AK_Series_Driver/install/test_topic/share/test_topic/hook/ament_prefix_path.ps1'
[3.244s] INFO:colcon.colcon_core.shell:Creating environment descriptor '/home/corey/Cubemars_AK_Series_Driver/install/test_topic/share/test_topic/hook/ament_prefix_path.dsv'
[3.245s] INFO:colcon.colcon_core.shell:Creating environment hook '/home/corey/Cubemars_AK_Series_Driver/install/test_topic/share/test_topic/hook/ament_prefix_path.sh'
[3.284s] INFO:colcon.colcon_core.shell:Skip shell extension 'powershell' for command environment: Not usable outside of PowerShell
[3.284s] DEBUG:colcon.colcon_core.shell:Skip shell extension 'dsv' for command environment
[3.413s] DEBUG:colcon.colcon_parallel_executor.executor.parallel:run_until_complete finished
[3.413s] DEBUG:colcon.colcon_parallel_executor.executor.parallel:closing loop
[3.413s] DEBUG:colcon.colcon_parallel_executor.executor.parallel:loop closed
[3.413s] DEBUG:colcon.colcon_core.event_reactor:joining thread
[3.457s] INFO:colcon.colcon_core.plugin_system:Skipping extension 'colcon_notification.desktop_notification.terminal_notifier': Not used on non-Darwin systems
[3.457s] INFO:colcon.colcon_core.plugin_system:Skipping extension 'colcon_notification.desktop_notification.win32': Not used on non-Windows systems
[3.457s] INFO:colcon.colcon_notification.desktop_notification:Sending desktop notification using 'notify2'
[3.467s] DEBUG:colcon.colcon_core.event_reactor:joined thread
[3.512s] INFO:colcon.colcon_core.shell:Creating prefix script '/home/corey/Cubemars_AK_Series_Driver/install/local_setup.ps1'
[3.513s] INFO:colcon.colcon_core.shell:Creating prefix util module '/home/corey/Cubemars_AK_Series_Driver/install/_local_setup_util_ps1.py'
[3.514s] INFO:colcon.colcon_core.shell:Creating prefix chain script '/home/corey/Cubemars_AK_Series_Driver/install/setup.ps1'
[3.552s] INFO:colcon.colcon_core.shell:Creating prefix script '/home/corey/Cubemars_AK_Series_Driver/install/local_setup.sh'
[3.552s] INFO:colcon.colcon_core.shell:Creating prefix util module '/home/corey/Cubemars_AK_Series_Driver/install/_local_setup_util_sh.py'
[3.553s] INFO:colcon.colcon_core.shell:Creating prefix chain script '/home/corey/Cubemars_AK_Series_Driver/install/setup.sh'
[3.594s] INFO:colcon.colcon_core.shell:Creating prefix script '/home/corey/Cubemars_AK_Series_Driver/install/local_setup.bash'
[3.594s] INFO:colcon.colcon_core.shell:Creating prefix chain script '/home/corey/Cubemars_AK_Series_Driver/install/setup.bash'
[3.633s] INFO:colcon.colcon_core.shell:Creating prefix script '/home/corey/Cubemars_AK_Series_Driver/install/local_setup.zsh'
[3.633s] INFO:colcon.colcon_core.shell:Creating prefix chain script '/home/corey/Cubemars_AK_Series_Driver/install/setup.zsh'
