[0.108s] Invoking command in '/home/corey/Cubemars_AK_Series_Driver/build/ak_series_driver': CMAKE_PREFIX_PATH=${CMAKE_PREFIX_PATH}:/home/corey/Cubemars_AK_Series_Driver/install/ak_driver_status:/home/corey/Cubemars_AK_Series_Driver/install/control:/opt/ros/galactic /usr/bin/cmake --build /home/corey/Cubemars_AK_Series_Driver/build/ak_series_driver -- -j32 -l32
[0.124s] -- Found ament_cmake: 1.1.6 (/opt/ros/galactic/share/ament_cmake/cmake)
[0.137s] -- Using PYTHON_EXECUTABLE: /usr/bin/python3
[0.164s] -- Override CMake install command with custom implementation using symlinks instead of copying resources
[0.168s] -- Found rclcpp: 9.2.2 (/opt/ros/galactic/share/rclcpp/cmake)
[0.184s] -- Using all available rosidl_typesupport_c: rosidl_typesupport_fastrtps_c;rosidl_typesupport_introspection_c
[0.185s] -- Found rosidl_adapter: 2.2.3 (/opt/ros/galactic/share/rosidl_adapter/cmake)
[0.242s] -- Using all available rosidl_typesupport_cpp: rosidl_typesupport_fastrtps_cpp;rosidl_typesupport_introspection_cpp
[0.266s] -- Found rmw_implementation_cmake: 3.3.1 (/opt/ros/galactic/share/rmw_implementation_cmake/cmake)
[0.266s] -- Found rmw_cyclonedds_cpp: 0.22.6 (/opt/ros/galactic/share/rmw_cyclonedds_cpp/cmake)
[0.275s] -- Using RMW implementation 'rmw_cyclonedds_cpp' as default
[0.373s] -- Configuring done
[0.377s] -- Generating done
[0.378s] -- Build files have been written to: /home/corey/Cubemars_AK_Series_Driver/build/ak_series_driver
[0.399s] [ 50%] Built target ak_series_driver
[0.404s] [35m[1mScanning dependencies of target demo[0m
[0.422s] [ 75%] [32mBuilding CXX object CMakeFiles/demo.dir/src/motor_demo.cpp.o[0m
[6.994s] [100%] [32m[1mLinking CXX executable demo[0m
[7.104s] [100%] Built target demo
[7.116s] Invoked command in '/home/corey/Cubemars_AK_Series_Driver/build/ak_series_driver' returned '0': CMAKE_PREFIX_PATH=${CMAKE_PREFIX_PATH}:/home/corey/Cubemars_AK_Series_Driver/install/ak_driver_status:/home/corey/Cubemars_AK_Series_Driver/install/control:/opt/ros/galactic /usr/bin/cmake --build /home/corey/Cubemars_AK_Series_Driver/build/ak_series_driver -- -j32 -l32
[7.150s] Invoking command in '/home/corey/Cubemars_AK_Series_Driver/build/ak_series_driver': CMAKE_PREFIX_PATH=${CMAKE_PREFIX_PATH}:/home/corey/Cubemars_AK_Series_Driver/install/ak_driver_status:/home/corey/Cubemars_AK_Series_Driver/install/control:/opt/ros/galactic /usr/bin/cmake --install /home/corey/Cubemars_AK_Series_Driver/build/ak_series_driver
[7.155s] -- Install configuration: "RelWithDebInfo"
[7.155s] -- Execute custom install script
[7.155s] -- Up-to-date symlink: /home/corey/Cubemars_AK_Series_Driver/install/ak_series_driver/lib/ak_series_driver/libak_series_driver.so
[7.156s] -- Up-to-date symlink: /home/corey/Cubemars_AK_Series_Driver/install/ak_series_driver/include/ak_series_driver//ak_driver.hpp
[7.156s] -- Up-to-date symlink: /home/corey/Cubemars_AK_Series_Driver/install/ak_series_driver/include/ak_series_driver//can_communication.hpp
[7.156s] -- Up-to-date symlink: /home/corey/Cubemars_AK_Series_Driver/install/ak_series_driver/include/ak_series_driver//mit_params.hpp
[7.156s] -- Up-to-date symlink: /home/corey/Cubemars_AK_Series_Driver/install/ak_series_driver/include/ak_series_driver//motor.hpp
[7.156s] -- Symlinking: /home/corey/Cubemars_AK_Series_Driver/install/ak_series_driver/lib/ak_series_driver/demo
[7.160s] -- Up-to-date symlink: /home/corey/Cubemars_AK_Series_Driver/install/ak_series_driver/share/ak_series_driver/environment/library_path.sh
[7.160s] -- Up-to-date symlink: /home/corey/Cubemars_AK_Series_Driver/install/ak_series_driver/share/ak_series_driver/environment/library_path.dsv
[7.160s] -- Up-to-date symlink: /home/corey/Cubemars_AK_Series_Driver/install/ak_series_driver/share/ament_index/resource_index/package_run_dependencies/ak_series_driver
[7.160s] -- Up-to-date symlink: /home/corey/Cubemars_AK_Series_Driver/install/ak_series_driver/share/ament_index/resource_index/parent_prefix_path/ak_series_driver
[7.160s] -- Up-to-date symlink: /home/corey/Cubemars_AK_Series_Driver/install/ak_series_driver/share/ak_series_driver/environment/ament_prefix_path.sh
[7.161s] -- Up-to-date symlink: /home/corey/Cubemars_AK_Series_Driver/install/ak_series_driver/share/ak_series_driver/environment/ament_prefix_path.dsv
[7.161s] -- Up-to-date symlink: /home/corey/Cubemars_AK_Series_Driver/install/ak_series_driver/share/ak_series_driver/environment/path.sh
[7.161s] -- Up-to-date symlink: /home/corey/Cubemars_AK_Series_Driver/install/ak_series_driver/share/ak_series_driver/environment/path.dsv
[7.161s] -- Up-to-date symlink: /home/corey/Cubemars_AK_Series_Driver/install/ak_series_driver/share/ak_series_driver/local_setup.bash
[7.161s] -- Up-to-date symlink: /home/corey/Cubemars_AK_Series_Driver/install/ak_series_driver/share/ak_series_driver/local_setup.sh
[7.161s] -- Up-to-date symlink: /home/corey/Cubemars_AK_Series_Driver/install/ak_series_driver/share/ak_series_driver/local_setup.zsh
[7.161s] -- Up-to-date symlink: /home/corey/Cubemars_AK_Series_Driver/install/ak_series_driver/share/ak_series_driver/local_setup.dsv
[7.161s] -- Symlinking: /home/corey/Cubemars_AK_Series_Driver/install/ak_series_driver/share/ak_series_driver/package.dsv
[7.166s] -- Up-to-date symlink: /home/corey/Cubemars_AK_Series_Driver/install/ak_series_driver/share/ament_index/resource_index/packages/ak_series_driver
[7.166s] -- Up-to-date symlink: /home/corey/Cubemars_AK_Series_Driver/install/ak_series_driver/share/ak_series_driver/cmake/ament_cmake_export_include_directories-extras.cmake
[7.166s] -- Up-to-date symlink: /home/corey/Cubemars_AK_Series_Driver/install/ak_series_driver/share/ak_series_driver/cmake/ament_cmake_export_libraries-extras.cmake
[7.166s] -- Up-to-date symlink: /home/corey/Cubemars_AK_Series_Driver/install/ak_series_driver/share/ak_series_driver/cmake/ament_cmake_export_dependencies-extras.cmake
[7.166s] -- Up-to-date symlink: /home/corey/Cubemars_AK_Series_Driver/install/ak_series_driver/share/ak_series_driver/cmake/ak_series_driverConfig.cmake
[7.166s] -- Up-to-date symlink: /home/corey/Cubemars_AK_Series_Driver/install/ak_series_driver/share/ak_series_driver/cmake/ak_series_driverConfig-version.cmake
[7.166s] -- Up-to-date symlink: /home/corey/Cubemars_AK_Series_Driver/install/ak_series_driver/share/ak_series_driver/package.xml
[7.168s] Invoked command in '/home/corey/Cubemars_AK_Series_Driver/build/ak_series_driver' returned '0': CMAKE_PREFIX_PATH=${CMAKE_PREFIX_PATH}:/home/corey/Cubemars_AK_Series_Driver/install/ak_driver_status:/home/corey/Cubemars_AK_Series_Driver/install/control:/opt/ros/galactic /usr/bin/cmake --install /home/corey/Cubemars_AK_Series_Driver/build/ak_series_driver
