[35m[1mScanning dependencies of target ak_series_driver[0m
[ 16%] [32mBuilding CXX object CMakeFiles/ak_series_driver.dir/src/single_motor.cpp.o[0m
In file included from [01m[K/home/corey/Cubemars_AK_Series_Driver/src/ak_series_driver/src/single_motor.cpp:18[m[K:
[01m[K/home/corey/Cubemars_AK_Series_Driver/src/ak_series_driver/include/ak_series_driver/can_communication.hpp:[m[K In member function ‘[01m[Kvoid CanCommunication::can_read()[m[K’:
[01m[K/home/corey/Cubemars_AK_Series_Driver/src/ak_series_driver/include/ak_series_driver/can_communication.hpp:117:38:[m[K [01;31m[Kerror: [m[Kexpected initializer before ‘[01m[K<[m[K’ token
  117 |             if (long unsigned nbytes [01;31m[K<[m[K sizeof(struct canfd_frame)) {
      |                                      [01;31m[K^[m[K
[01m[K/home/corey/Cubemars_AK_Series_Driver/src/ak_series_driver/include/ak_series_driver/can_communication.hpp:117:37:[m[K [01;31m[Kerror: [m[Kexpected ‘[01m[K)[m[K’ before ‘[01m[K<[m[K’ token
  117 |             if [34m[K([m[Klong unsigned nbytes[01;31m[K [m[K[32m[K<[m[K sizeof(struct canfd_frame)) {
      |                [34m[K~[m[K                    [01;31m[K^[m[K[32m[K~[m[K
      |                                     [32m[K)[m[K
[01m[K/home/corey/Cubemars_AK_Series_Driver/src/ak_series_driver/include/ak_series_driver/can_communication.hpp:117:31:[m[K [01;35m[Kwarning: [m[Kunused variable ‘[01m[Knbytes[m[K’ [[01;35m[K-Wunused-variable[m[K]
  117 |             if (long unsigned [01;35m[Knbytes[m[K < sizeof(struct canfd_frame)) {
      |                               [01;35m[K^~~~~~[m[K
[01m[K/home/corey/Cubemars_AK_Series_Driver/src/ak_series_driver/include/ak_series_driver/can_communication.hpp:[m[K In member function ‘[01m[Kint CanCommunication::start(int, int)[m[K’:
[01m[K/home/corey/Cubemars_AK_Series_Driver/src/ak_series_driver/include/ak_series_driver/can_communication.hpp:79:9:[m[K [01;35m[Kwarning: [m[Kcontrol reaches end of non-void function [[01;35m[K-Wreturn-type[m[K]
   79 |         [01;35m[K}[m[K
      |         [01;35m[K^[m[K
make[2]: *** [CMakeFiles/ak_series_driver.dir/build.make:63: CMakeFiles/ak_series_driver.dir/src/single_motor.cpp.o] Error 1
make[1]: *** [CMakeFiles/Makefile2:136: CMakeFiles/ak_series_driver.dir/all] Error 2
make: *** [Makefile:141: all] Error 2
