[0.010s] Invoking command in '/home/corey/Cubemars_AK_Series_Driver/build/ak_series_driver': CMAKE_PREFIX_PATH=${CMAKE_PREFIX_PATH}:/home/corey/Cubemars_AK_Series_Driver/install/control:/opt/ros/galactic /usr/bin/cmake --build /home/corey/Cubemars_AK_Series_Driver/build/ak_series_driver -- -j32 -l32
[0.033s] [35m[1mScanning dependencies of target ak_series_driver[0m
[0.046s] [ 16%] [32mBuilding CXX object CMakeFiles/ak_series_driver.dir/src/single_motor.cpp.o[0m
[0.729s] In file included from [01m[K/home/corey/Cubemars_AK_Series_Driver/src/ak_series_driver/src/single_motor.cpp:19[m[K:
[0.729s] [01m[K/home/corey/Cubemars_AK_Series_Driver/src/ak_series_driver/include/ak_series_driver/ak_driver.hpp:[m[K In member function ‘[01m[Kvoid AKDriver::comm_can_transmit_eid(uint32_t, const uint8_t*, uint8_t)[m[K’:
[0.729s] [01m[K/home/corey/Cubemars_AK_Series_Driver/src/ak_series_driver/include/ak_series_driver/ak_driver.hpp:112:35:[m[K [01;31m[Kerror: [m[Kinvalid conversion from ‘[01m[Kconst uint8_t*[m[K’ {aka ‘[01m[Kconst unsigned char*[m[K’} to ‘[01m[Kuint8_t*[m[K’ {aka ‘[01m[Kunsigned char*[m[K’} [[01;31m[K-fpermissive[m[K]
[0.729s]   112 |             can_.send_cmd(0, len, [01;31m[Kdata[m[K); //CAN port sends TxMessage data
[0.729s]       |                                   [01;31m[K^~~~[m[K
[0.729s]       |                                   [01;31m[K|[m[K
[0.729s]       |                                   [01;31m[Kconst uint8_t* {aka const unsigned char*}[m[K
[0.730s] In file included from [01m[K/home/corey/Cubemars_AK_Series_Driver/src/ak_series_driver/src/single_motor.cpp:18[m[K:
[0.730s] [01m[K/home/corey/Cubemars_AK_Series_Driver/src/ak_series_driver/include/ak_series_driver/can_communication.hpp:75:65:[m[K [01;36m[Knote: [m[K  initializing argument 3 of ‘[01m[Kvoid CanCommunication::send_cmd(uint8_t, uint8_t, uint8_t*)[m[K’
[0.730s]    75 |         void send_cmd(uint8_t can_id, uint8_t can_dlc, [01;36m[Kuint8_t *data[m[K)
[0.730s]       |                                                        [01;36m[K~~~~~~~~~^~~~[m[K
[0.730s] In file included from [01m[K/home/corey/Cubemars_AK_Series_Driver/src/ak_series_driver/src/single_motor.cpp:19[m[K:
[0.730s] [01m[K/home/corey/Cubemars_AK_Series_Driver/src/ak_series_driver/include/ak_series_driver/ak_driver.hpp:110:45:[m[K [01;35m[Kwarning: [m[Kunused parameter ‘[01m[Kid[m[K’ [[01;35m[K-Wunused-parameter[m[K]
[0.730s]   110 |         void comm_can_transmit_eid([01;35m[Kuint32_t id[m[K, const uint8_t *data, uint8_t len) {
[0.730s]       |                                    [01;35m[K~~~~~~~~~^~[m[K
[1.717s] make[2]: *** [CMakeFiles/ak_series_driver.dir/build.make:63: CMakeFiles/ak_series_driver.dir/src/single_motor.cpp.o] Error 1
[1.717s] make[1]: *** [CMakeFiles/Makefile2:136: CMakeFiles/ak_series_driver.dir/all] Error 2
[1.717s] make: *** [Makefile:141: all] Error 2
[1.720s] Invoked command in '/home/corey/Cubemars_AK_Series_Driver/build/ak_series_driver' returned '2': CMAKE_PREFIX_PATH=${CMAKE_PREFIX_PATH}:/home/corey/Cubemars_AK_Series_Driver/install/control:/opt/ros/galactic /usr/bin/cmake --build /home/corey/Cubemars_AK_Series_Driver/build/ak_series_driver -- -j32 -l32
