[0.433s] DEBUG:colcon:Command line arguments: ['/usr/bin/colcon', 'build', '--symlink-install']
[0.433s] DEBUG:colcon:Parsed command line arguments: Namespace(log_base=None, log_level=None, verb_name='build', build_base='build', install_base='install', merge_install=False, symlink_install=True, test_result_base=None, continue_on_error=False, executor='parallel', parallel_workers=32, event_handlers=None, ignore_user_meta=False, metas=['./colcon.meta'], base_paths=['.'], packages_ignore=None, packages_ignore_regex=None, paths=None, packages_up_to=None, packages_up_to_regex=None, packages_above=None, packages_above_and_dependencies=None, packages_above_depth=None, packages_select_by_dep=None, packages_skip_by_dep=None, packages_skip_up_to=None, packages_select_build_failed=False, packages_skip_build_finished=False, packages_select_test_failures=False, packages_skip_test_passed=False, packages_select=None, packages_skip=None, packages_select_regex=None, packages_skip_regex=None, packages_start=None, packages_end=None, allow_overriding=[], cmake_args=None, cmake_target=None, cmake_target_skip_unavailable=False, cmake_clean_cache=False, cmake_clean_first=False, cmake_force_configure=False, ament_cmake_args=None, catkin_cmake_args=None, catkin_skip_building_tests=False, verb_parser=<colcon_defaults.argument_parser.defaults.DefaultArgumentsDecorator object at 0x7f298de1add0>, verb_extension=<colcon_core.verb.build.BuildVerb object at 0x7f298de180a0>, main=<bound method BuildVerb.main of <colcon_core.verb.build.BuildVerb object at 0x7f298de180a0>>)
[0.453s] Level 1:colcon.colcon_core.package_discovery:discover_packages(colcon_meta) check parameters
[0.453s] Level 1:colcon.colcon_core.package_discovery:discover_packages(recursive) check parameters
[0.453s] Level 1:colcon.colcon_core.package_discovery:discover_packages(ignore) check parameters
[0.453s] Level 1:colcon.colcon_core.package_discovery:discover_packages(path) check parameters
[0.453s] Level 1:colcon.colcon_core.package_discovery:discover_packages(colcon_meta) discover
[0.453s] Level 1:colcon.colcon_core.package_discovery:discover_packages(recursive) discover
[0.453s] INFO:colcon.colcon_core.package_discovery:Crawling recursively for packages in '/home/corey/Cubemars_AK_Series_Driver'
[0.453s] Level 1:colcon.colcon_core.package_identification:_identify(.) by extensions ['ignore', 'ignore_ament_install']
[0.453s] Level 1:colcon.colcon_core.package_identification:_identify(.) by extension 'ignore'
[0.453s] Level 1:colcon.colcon_core.package_identification:_identify(.) by extension 'ignore_ament_install'
[0.453s] Level 1:colcon.colcon_core.package_identification:_identify(.) by extensions ['colcon_pkg']
[0.453s] Level 1:colcon.colcon_core.package_identification:_identify(.) by extension 'colcon_pkg'
[0.453s] Level 1:colcon.colcon_core.package_identification:_identify(.) by extensions ['colcon_meta']
[0.453s] Level 1:colcon.colcon_core.package_identification:_identify(.) by extension 'colcon_meta'
[0.453s] Level 1:colcon.colcon_core.package_identification:_identify(.) by extensions ['ros']
[0.453s] Level 1:colcon.colcon_core.package_identification:_identify(.) by extension 'ros'
[0.458s] Level 1:colcon.colcon_core.package_identification:_identify(.) by extensions ['cmake', 'python']
[0.459s] Level 1:colcon.colcon_core.package_identification:_identify(.) by extension 'cmake'
[0.459s] Level 1:colcon.colcon_core.package_identification:_identify(.) by extension 'python'
[0.459s] Level 1:colcon.colcon_core.package_identification:_identify(.) by extensions ['python_setup_py']
[0.459s] Level 1:colcon.colcon_core.package_identification:_identify(.) by extension 'python_setup_py'
[0.459s] Level 1:colcon.colcon_core.package_identification:_identify(build) by extensions ['ignore', 'ignore_ament_install']
[0.459s] Level 1:colcon.colcon_core.package_identification:_identify(build) by extension 'ignore'
[0.459s] Level 1:colcon.colcon_core.package_identification:_identify(build) ignored
[0.459s] Level 1:colcon.colcon_core.package_identification:_identify(dependencies) by extensions ['ignore', 'ignore_ament_install']
[0.459s] Level 1:colcon.colcon_core.package_identification:_identify(dependencies) by extension 'ignore'
[0.459s] Level 1:colcon.colcon_core.package_identification:_identify(dependencies) by extension 'ignore_ament_install'
[0.459s] Level 1:colcon.colcon_core.package_identification:_identify(dependencies) by extensions ['colcon_pkg']
[0.459s] Level 1:colcon.colcon_core.package_identification:_identify(dependencies) by extension 'colcon_pkg'
[0.459s] Level 1:colcon.colcon_core.package_identification:_identify(dependencies) by extensions ['colcon_meta']
[0.459s] Level 1:colcon.colcon_core.package_identification:_identify(dependencies) by extension 'colcon_meta'
[0.459s] Level 1:colcon.colcon_core.package_identification:_identify(dependencies) by extensions ['ros']
[0.459s] Level 1:colcon.colcon_core.package_identification:_identify(dependencies) by extension 'ros'
[0.459s] Level 1:colcon.colcon_core.package_identification:_identify(dependencies) by extensions ['cmake', 'python']
[0.459s] Level 1:colcon.colcon_core.package_identification:_identify(dependencies) by extension 'cmake'
[0.459s] Level 1:colcon.colcon_core.package_identification:_identify(dependencies) by extension 'python'
[0.459s] Level 1:colcon.colcon_core.package_identification:_identify(dependencies) by extensions ['python_setup_py']
[0.459s] Level 1:colcon.colcon_core.package_identification:_identify(dependencies) by extension 'python_setup_py'
[0.459s] Level 1:colcon.colcon_core.package_identification:_identify(install) by extensions ['ignore', 'ignore_ament_install']
[0.459s] Level 1:colcon.colcon_core.package_identification:_identify(install) by extension 'ignore'
[0.459s] Level 1:colcon.colcon_core.package_identification:_identify(install) ignored
[0.459s] Level 1:colcon.colcon_core.package_identification:_identify(log) by extensions ['ignore', 'ignore_ament_install']
[0.459s] Level 1:colcon.colcon_core.package_identification:_identify(log) by extension 'ignore'
[0.459s] Level 1:colcon.colcon_core.package_identification:_identify(log) ignored
[0.459s] Level 1:colcon.colcon_core.package_identification:_identify(src) by extensions ['ignore', 'ignore_ament_install']
[0.459s] Level 1:colcon.colcon_core.package_identification:_identify(src) by extension 'ignore'
[0.459s] Level 1:colcon.colcon_core.package_identification:_identify(src) by extension 'ignore_ament_install'
[0.459s] Level 1:colcon.colcon_core.package_identification:_identify(src) by extensions ['colcon_pkg']
[0.459s] Level 1:colcon.colcon_core.package_identification:_identify(src) by extension 'colcon_pkg'
[0.459s] Level 1:colcon.colcon_core.package_identification:_identify(src) by extensions ['colcon_meta']
[0.459s] Level 1:colcon.colcon_core.package_identification:_identify(src) by extension 'colcon_meta'
[0.459s] Level 1:colcon.colcon_core.package_identification:_identify(src) by extensions ['ros']
[0.459s] Level 1:colcon.colcon_core.package_identification:_identify(src) by extension 'ros'
[0.459s] Level 1:colcon.colcon_core.package_identification:_identify(src) by extensions ['cmake', 'python']
[0.459s] Level 1:colcon.colcon_core.package_identification:_identify(src) by extension 'cmake'
[0.459s] Level 1:colcon.colcon_core.package_identification:_identify(src) by extension 'python'
[0.459s] Level 1:colcon.colcon_core.package_identification:_identify(src) by extensions ['python_setup_py']
[0.459s] Level 1:colcon.colcon_core.package_identification:_identify(src) by extension 'python_setup_py'
[0.459s] Level 1:colcon.colcon_core.package_identification:_identify(src/ak_series_driver) by extensions ['ignore', 'ignore_ament_install']
[0.459s] Level 1:colcon.colcon_core.package_identification:_identify(src/ak_series_driver) by extension 'ignore'
[0.460s] Level 1:colcon.colcon_core.package_identification:_identify(src/ak_series_driver) by extension 'ignore_ament_install'
[0.460s] Level 1:colcon.colcon_core.package_identification:_identify(src/ak_series_driver) by extensions ['colcon_pkg']
[0.460s] Level 1:colcon.colcon_core.package_identification:_identify(src/ak_series_driver) by extension 'colcon_pkg'
[0.460s] Level 1:colcon.colcon_core.package_identification:_identify(src/ak_series_driver) by extensions ['colcon_meta']
[0.460s] Level 1:colcon.colcon_core.package_identification:_identify(src/ak_series_driver) by extension 'colcon_meta'
[0.460s] Level 1:colcon.colcon_core.package_identification:_identify(src/ak_series_driver) by extensions ['ros']
[0.460s] Level 1:colcon.colcon_core.package_identification:_identify(src/ak_series_driver) by extension 'ros'
[0.461s] DEBUG:colcon.colcon_core.package_identification:Package 'src/ak_series_driver' with type 'ros.ament_cmake' and name 'ak_series_driver'
[0.461s] Level 1:colcon.colcon_core.package_identification:_identify(src/test_topic) by extensions ['ignore', 'ignore_ament_install']
[0.461s] Level 1:colcon.colcon_core.package_identification:_identify(src/test_topic) by extension 'ignore'
[0.461s] Level 1:colcon.colcon_core.package_identification:_identify(src/test_topic) by extension 'ignore_ament_install'
[0.461s] Level 1:colcon.colcon_core.package_identification:_identify(src/test_topic) by extensions ['colcon_pkg']
[0.461s] Level 1:colcon.colcon_core.package_identification:_identify(src/test_topic) by extension 'colcon_pkg'
[0.461s] Level 1:colcon.colcon_core.package_identification:_identify(src/test_topic) by extensions ['colcon_meta']
[0.461s] Level 1:colcon.colcon_core.package_identification:_identify(src/test_topic) by extension 'colcon_meta'
[0.461s] Level 1:colcon.colcon_core.package_identification:_identify(src/test_topic) by extensions ['ros']
[0.461s] Level 1:colcon.colcon_core.package_identification:_identify(src/test_topic) by extension 'ros'
[0.461s] DEBUG:colcon.colcon_core.package_identification:Package 'src/test_topic' with type 'ros.ament_python' and name 'test_topic'
[0.461s] Level 1:colcon.colcon_core.package_discovery:discover_packages(recursive) using defaults
[0.461s] Level 1:colcon.colcon_core.package_discovery:discover_packages(ignore) discover
[0.461s] Level 1:colcon.colcon_core.package_discovery:discover_packages(ignore) using defaults
[0.461s] Level 1:colcon.colcon_core.package_discovery:discover_packages(path) discover
[0.461s] Level 1:colcon.colcon_core.package_discovery:discover_packages(path) using defaults
[0.499s] Level 1:colcon.colcon_core.package_discovery:discover_packages(prefix_path) check parameters
[0.499s] Level 1:colcon.colcon_core.package_discovery:discover_packages(prefix_path) discover
[0.517s] DEBUG:colcon.colcon_installed_package_information.package_discovery:Found 2 installed packages in /home/corey/Cubemars_AK_Series_Driver/install
[0.524s] DEBUG:colcon.colcon_installed_package_information.package_discovery:Found 382 installed packages in /opt/ros/humble
[0.524s] Level 1:colcon.colcon_core.package_discovery:discover_packages(prefix_path) using defaults
[0.567s] Level 5:colcon.colcon_core.verb:set package 'ak_series_driver' build argument 'cmake_args' from command line to 'None'
[0.567s] Level 5:colcon.colcon_core.verb:set package 'ak_series_driver' build argument 'cmake_target' from command line to 'None'
[0.567s] Level 5:colcon.colcon_core.verb:set package 'ak_series_driver' build argument 'cmake_target_skip_unavailable' from command line to 'False'
[0.567s] Level 5:colcon.colcon_core.verb:set package 'ak_series_driver' build argument 'cmake_clean_cache' from command line to 'False'
[0.567s] Level 5:colcon.colcon_core.verb:set package 'ak_series_driver' build argument 'cmake_clean_first' from command line to 'False'
[0.567s] Level 5:colcon.colcon_core.verb:set package 'ak_series_driver' build argument 'cmake_force_configure' from command line to 'False'
[0.567s] Level 5:colcon.colcon_core.verb:set package 'ak_series_driver' build argument 'ament_cmake_args' from command line to 'None'
[0.567s] Level 5:colcon.colcon_core.verb:set package 'ak_series_driver' build argument 'catkin_cmake_args' from command line to 'None'
[0.567s] Level 5:colcon.colcon_core.verb:set package 'ak_series_driver' build argument 'catkin_skip_building_tests' from command line to 'False'
[0.567s] DEBUG:colcon.colcon_core.verb:Building package 'ak_series_driver' with the following arguments: {'ament_cmake_args': None, 'build_base': '/home/corey/Cubemars_AK_Series_Driver/build/ak_series_driver', 'catkin_cmake_args': None, 'catkin_skip_building_tests': False, 'cmake_args': None, 'cmake_clean_cache': False, 'cmake_clean_first': False, 'cmake_force_configure': False, 'cmake_target': None, 'cmake_target_skip_unavailable': False, 'install_base': '/home/corey/Cubemars_AK_Series_Driver/install/ak_series_driver', 'merge_install': False, 'path': '/home/corey/Cubemars_AK_Series_Driver/src/ak_series_driver', 'symlink_install': True, 'test_result_base': None}
[0.573s] Level 5:colcon.colcon_core.verb:set package 'test_topic' build argument 'cmake_args' from command line to 'None'
[0.573s] Level 5:colcon.colcon_core.verb:set package 'test_topic' build argument 'cmake_target' from command line to 'None'
[0.573s] Level 5:colcon.colcon_core.verb:set package 'test_topic' build argument 'cmake_target_skip_unavailable' from command line to 'False'
[0.573s] Level 5:colcon.colcon_core.verb:set package 'test_topic' build argument 'cmake_clean_cache' from command line to 'False'
[0.573s] Level 5:colcon.colcon_core.verb:set package 'test_topic' build argument 'cmake_clean_first' from command line to 'False'
[0.573s] Level 5:colcon.colcon_core.verb:set package 'test_topic' build argument 'cmake_force_configure' from command line to 'False'
[0.573s] Level 5:colcon.colcon_core.verb:set package 'test_topic' build argument 'ament_cmake_args' from command line to 'None'
[0.573s] Level 5:colcon.colcon_core.verb:set package 'test_topic' build argument 'catkin_cmake_args' from command line to 'None'
[0.573s] Level 5:colcon.colcon_core.verb:set package 'test_topic' build argument 'catkin_skip_building_tests' from command line to 'False'
[0.573s] DEBUG:colcon.colcon_core.verb:Building package 'test_topic' with the following arguments: {'ament_cmake_args': None, 'build_base': '/home/corey/Cubemars_AK_Series_Driver/build/test_topic', 'catkin_cmake_args': None, 'catkin_skip_building_tests': False, 'cmake_args': None, 'cmake_clean_cache': False, 'cmake_clean_first': False, 'cmake_force_configure': False, 'cmake_target': None, 'cmake_target_skip_unavailable': False, 'install_base': '/home/corey/Cubemars_AK_Series_Driver/install/test_topic', 'merge_install': False, 'path': '/home/corey/Cubemars_AK_Series_Driver/src/test_topic', 'symlink_install': True, 'test_result_base': None}
[0.579s] INFO:colcon.colcon_core.executor:Executing jobs using 'parallel' executor
[0.586s] DEBUG:colcon.colcon_parallel_executor.executor.parallel:run_until_complete
[0.586s] INFO:colcon.colcon_ros.task.ament_cmake.build:Building ROS package in '/home/corey/Cubemars_AK_Series_Driver/src/ak_series_driver' with build type 'ament_cmake'
[0.586s] INFO:colcon.colcon_cmake.task.cmake.build:Building CMake package in '/home/corey/Cubemars_AK_Series_Driver/src/ak_series_driver'
[0.593s] INFO:colcon.colcon_core.plugin_system:Skipping extension 'colcon_core.shell.bat': Not used on non-Windows systems
[0.593s] INFO:colcon.colcon_core.shell:Skip shell extension 'powershell' for command environment: Not usable outside of PowerShell
[0.593s] DEBUG:colcon.colcon_core.shell:Skip shell extension 'dsv' for command environment
[0.614s] INFO:colcon.colcon_ros.task.ament_python.build:Building ROS package in '/home/corey/Cubemars_AK_Series_Driver/src/test_topic' with build type 'ament_python'
[0.614s] Level 1:colcon.colcon_core.shell:create_environment_hook('test_topic', 'ament_prefix_path')
[0.620s] INFO:colcon.colcon_core.shell:Creating environment hook '/home/corey/Cubemars_AK_Series_Driver/install/test_topic/share/test_topic/hook/ament_prefix_path.ps1'
[0.620s] INFO:colcon.colcon_core.shell:Creating environment descriptor '/home/corey/Cubemars_AK_Series_Driver/install/test_topic/share/test_topic/hook/ament_prefix_path.dsv'
[0.621s] INFO:colcon.colcon_core.shell:Creating environment hook '/home/corey/Cubemars_AK_Series_Driver/install/test_topic/share/test_topic/hook/ament_prefix_path.sh'
[0.627s] INFO:colcon.colcon_core.shell:Skip shell extension 'powershell' for command environment: Not usable outside of PowerShell
[0.627s] DEBUG:colcon.colcon_core.shell:Skip shell extension 'dsv' for command environment
[0.650s] DEBUG:colcon.colcon_core.event_handler.log_command:Invoking command in '/home/corey/Cubemars_AK_Series_Driver/build/ak_series_driver': CMAKE_PREFIX_PATH=${CMAKE_PREFIX_PATH}:/home/corey/Cubemars_AK_Series_Driver/install/test_topic:/opt/ros/humble /usr/bin/cmake --build /home/corey/Cubemars_AK_Series_Driver/build/ak_series_driver -- -j32 -l32
[0.777s] INFO:colcon.colcon_core.task.python.build:Building Python package in '/home/corey/Cubemars_AK_Series_Driver/src/test_topic'
[0.784s] INFO:colcon.colcon_core.shell:Skip shell extension 'powershell' for command environment: Not usable outside of PowerShell
[0.784s] DEBUG:colcon.colcon_core.shell:Skip shell extension 'dsv' for command environment
[0.989s] DEBUG:colcon.colcon_core.event_handler.log_command:Invoking command in '/home/corey/Cubemars_AK_Series_Driver/build/test_topic': PYTHONPATH=/home/corey/Cubemars_AK_Series_Driver/build/test_topic/prefix_override:/home/corey/Cubemars_AK_Series_Driver/install/test_topic/lib/python3.10/site-packages:${PYTHONPATH} /usr/bin/python3 setup.py develop --editable --build-directory /home/corey/Cubemars_AK_Series_Driver/build/test_topic/build --no-deps install_data
[1.211s] Level 1:colcon.colcon_core.shell:create_environment_hook('test_topic', 'pythonpath_develop')
[1.212s] DEBUG:colcon.colcon_core.event_handler.log_command:Invoked command in '/home/corey/Cubemars_AK_Series_Driver/build/test_topic' returned '0': PYTHONPATH=/home/corey/Cubemars_AK_Series_Driver/build/test_topic/prefix_override:/home/corey/Cubemars_AK_Series_Driver/install/test_topic/lib/python3.10/site-packages:${PYTHONPATH} /usr/bin/python3 setup.py develop --editable --build-directory /home/corey/Cubemars_AK_Series_Driver/build/test_topic/build --no-deps install_data
[1.219s] INFO:colcon.colcon_core.shell:Creating environment hook '/home/corey/Cubemars_AK_Series_Driver/build/test_topic/share/test_topic/hook/pythonpath_develop.ps1'
[1.219s] INFO:colcon.colcon_core.shell:Creating environment descriptor '/home/corey/Cubemars_AK_Series_Driver/build/test_topic/share/test_topic/hook/pythonpath_develop.dsv'
[1.219s] INFO:colcon.colcon_core.shell:Creating environment hook '/home/corey/Cubemars_AK_Series_Driver/build/test_topic/share/test_topic/hook/pythonpath_develop.sh'
[1.227s] Level 1:colcon.colcon_core.environment:checking '/home/corey/Cubemars_AK_Series_Driver/install/test_topic' for CMake module files
[1.227s] Level 1:colcon.colcon_core.environment:checking '/home/corey/Cubemars_AK_Series_Driver/install/test_topic' for CMake config files
[1.227s] Level 1:colcon.colcon_core.environment:checking '/home/corey/Cubemars_AK_Series_Driver/install/test_topic/lib'
[1.227s] Level 1:colcon.colcon_core.environment:checking '/home/corey/Cubemars_AK_Series_Driver/install/test_topic/bin'
[1.227s] Level 1:colcon.colcon_core.environment:checking '/home/corey/Cubemars_AK_Series_Driver/install/test_topic/lib/pkgconfig/test_topic.pc'
[1.227s] Level 1:colcon.colcon_core.environment:checking '/home/corey/Cubemars_AK_Series_Driver/install/test_topic/lib/python3.10/site-packages'
[1.227s] Level 1:colcon.colcon_core.shell:create_environment_hook('test_topic', 'pythonpath')
[1.233s] INFO:colcon.colcon_core.shell:Creating environment hook '/home/corey/Cubemars_AK_Series_Driver/install/test_topic/share/test_topic/hook/pythonpath.ps1'
[1.234s] INFO:colcon.colcon_core.shell:Creating environment descriptor '/home/corey/Cubemars_AK_Series_Driver/install/test_topic/share/test_topic/hook/pythonpath.dsv'
[1.234s] INFO:colcon.colcon_core.shell:Creating environment hook '/home/corey/Cubemars_AK_Series_Driver/install/test_topic/share/test_topic/hook/pythonpath.sh'
[1.234s] Level 1:colcon.colcon_core.environment:checking '/home/corey/Cubemars_AK_Series_Driver/install/test_topic/bin'
[1.234s] Level 1:colcon.colcon_core.environment:create_environment_scripts_only(test_topic)
[1.240s] INFO:colcon.colcon_core.shell:Creating package script '/home/corey/Cubemars_AK_Series_Driver/install/test_topic/share/test_topic/package.ps1'
[1.241s] INFO:colcon.colcon_core.shell:Creating package descriptor '/home/corey/Cubemars_AK_Series_Driver/install/test_topic/share/test_topic/package.dsv'
[1.241s] INFO:colcon.colcon_core.shell:Creating package script '/home/corey/Cubemars_AK_Series_Driver/install/test_topic/share/test_topic/package.sh'
[1.241s] INFO:colcon.colcon_core.shell:Creating package script '/home/corey/Cubemars_AK_Series_Driver/install/test_topic/share/test_topic/package.bash'
[1.242s] INFO:colcon.colcon_core.shell:Creating package script '/home/corey/Cubemars_AK_Series_Driver/install/test_topic/share/test_topic/package.zsh'
[1.242s] Level 1:colcon.colcon_core.environment:create_file_with_runtime_dependencies(/home/corey/Cubemars_AK_Series_Driver/install/test_topic/share/colcon-core/packages/test_topic)
[8.069s] DEBUG:colcon.colcon_core.event_handler.log_command:Invoked command in '/home/corey/Cubemars_AK_Series_Driver/build/ak_series_driver' returned '0': CMAKE_PREFIX_PATH=${CMAKE_PREFIX_PATH}:/home/corey/Cubemars_AK_Series_Driver/install/test_topic:/opt/ros/humble /usr/bin/cmake --build /home/corey/Cubemars_AK_Series_Driver/build/ak_series_driver -- -j32 -l32
[8.086s] DEBUG:colcon.colcon_core.event_handler.log_command:Invoking command in '/home/corey/Cubemars_AK_Series_Driver/build/ak_series_driver': CMAKE_PREFIX_PATH=${CMAKE_PREFIX_PATH}:/home/corey/Cubemars_AK_Series_Driver/install/test_topic:/opt/ros/humble /usr/bin/cmake --install /home/corey/Cubemars_AK_Series_Driver/build/ak_series_driver
[8.095s] Level 1:colcon.colcon_core.environment:create_environment_scripts_only(ak_series_driver)
[8.095s] DEBUG:colcon.colcon_core.event_handler.log_command:Invoked command in '/home/corey/Cubemars_AK_Series_Driver/build/ak_series_driver' returned '0': CMAKE_PREFIX_PATH=${CMAKE_PREFIX_PATH}:/home/corey/Cubemars_AK_Series_Driver/install/test_topic:/opt/ros/humble /usr/bin/cmake --install /home/corey/Cubemars_AK_Series_Driver/build/ak_series_driver
[8.102s] Level 1:colcon.colcon_core.environment:checking '/home/corey/Cubemars_AK_Series_Driver/install/ak_series_driver' for CMake module files
[8.102s] Level 1:colcon.colcon_core.environment:checking '/home/corey/Cubemars_AK_Series_Driver/install/ak_series_driver' for CMake config files
[8.103s] Level 1:colcon.colcon_core.shell:create_environment_hook('ak_series_driver', 'cmake_prefix_path')
[8.109s] INFO:colcon.colcon_core.shell:Creating environment hook '/home/corey/Cubemars_AK_Series_Driver/install/ak_series_driver/share/ak_series_driver/hook/cmake_prefix_path.ps1'
[8.109s] INFO:colcon.colcon_core.shell:Creating environment descriptor '/home/corey/Cubemars_AK_Series_Driver/install/ak_series_driver/share/ak_series_driver/hook/cmake_prefix_path.dsv'
[8.109s] INFO:colcon.colcon_core.shell:Creating environment hook '/home/corey/Cubemars_AK_Series_Driver/install/ak_series_driver/share/ak_series_driver/hook/cmake_prefix_path.sh'
[8.110s] Level 1:colcon.colcon_core.environment:checking '/home/corey/Cubemars_AK_Series_Driver/install/ak_series_driver/lib'
[8.110s] Level 1:colcon.colcon_core.environment:checking '/home/corey/Cubemars_AK_Series_Driver/install/ak_series_driver/bin'
[8.110s] Level 1:colcon.colcon_core.environment:checking '/home/corey/Cubemars_AK_Series_Driver/install/ak_series_driver/lib/pkgconfig/ak_series_driver.pc'
[8.110s] Level 1:colcon.colcon_core.environment:checking '/home/corey/Cubemars_AK_Series_Driver/install/ak_series_driver/lib/python3.10/site-packages'
[8.110s] Level 1:colcon.colcon_core.environment:checking '/home/corey/Cubemars_AK_Series_Driver/install/ak_series_driver/bin'
[8.116s] INFO:colcon.colcon_core.shell:Creating package script '/home/corey/Cubemars_AK_Series_Driver/install/ak_series_driver/share/ak_series_driver/package.ps1'
[8.117s] INFO:colcon.colcon_core.shell:Creating package descriptor '/home/corey/Cubemars_AK_Series_Driver/install/ak_series_driver/share/ak_series_driver/package.dsv'
[8.117s] INFO:colcon.colcon_core.shell:Creating package script '/home/corey/Cubemars_AK_Series_Driver/install/ak_series_driver/share/ak_series_driver/package.sh'
[8.117s] INFO:colcon.colcon_core.shell:Creating package script '/home/corey/Cubemars_AK_Series_Driver/install/ak_series_driver/share/ak_series_driver/package.bash'
[8.117s] INFO:colcon.colcon_core.shell:Creating package script '/home/corey/Cubemars_AK_Series_Driver/install/ak_series_driver/share/ak_series_driver/package.zsh'
[8.117s] Level 1:colcon.colcon_core.environment:create_file_with_runtime_dependencies(/home/corey/Cubemars_AK_Series_Driver/install/ak_series_driver/share/colcon-core/packages/ak_series_driver)
[8.137s] Level 1:colcon.colcon_core.environment:create_environment_scripts_only(ak_series_driver)
[8.144s] Level 1:colcon.colcon_core.environment:checking '/home/corey/Cubemars_AK_Series_Driver/install/ak_series_driver' for CMake module files
[8.144s] Level 1:colcon.colcon_core.environment:checking '/home/corey/Cubemars_AK_Series_Driver/install/ak_series_driver' for CMake config files
[8.144s] Level 1:colcon.colcon_core.shell:create_environment_hook('ak_series_driver', 'cmake_prefix_path')
[8.151s] INFO:colcon.colcon_core.shell:Creating environment hook '/home/corey/Cubemars_AK_Series_Driver/install/ak_series_driver/share/ak_series_driver/hook/cmake_prefix_path.ps1'
[8.151s] INFO:colcon.colcon_core.shell:Creating environment descriptor '/home/corey/Cubemars_AK_Series_Driver/install/ak_series_driver/share/ak_series_driver/hook/cmake_prefix_path.dsv'
[8.151s] INFO:colcon.colcon_core.shell:Creating environment hook '/home/corey/Cubemars_AK_Series_Driver/install/ak_series_driver/share/ak_series_driver/hook/cmake_prefix_path.sh'
[8.152s] Level 1:colcon.colcon_core.environment:checking '/home/corey/Cubemars_AK_Series_Driver/install/ak_series_driver/lib'
[8.152s] Level 1:colcon.colcon_core.environment:checking '/home/corey/Cubemars_AK_Series_Driver/install/ak_series_driver/bin'
[8.152s] Level 1:colcon.colcon_core.environment:checking '/home/corey/Cubemars_AK_Series_Driver/install/ak_series_driver/lib/pkgconfig/ak_series_driver.pc'
[8.152s] Level 1:colcon.colcon_core.environment:checking '/home/corey/Cubemars_AK_Series_Driver/install/ak_series_driver/lib/python3.10/site-packages'
[8.152s] Level 1:colcon.colcon_core.environment:checking '/home/corey/Cubemars_AK_Series_Driver/install/ak_series_driver/bin'
[8.158s] INFO:colcon.colcon_core.shell:Creating package script '/home/corey/Cubemars_AK_Series_Driver/install/ak_series_driver/share/ak_series_driver/package.ps1'
[8.158s] INFO:colcon.colcon_core.shell:Creating package descriptor '/home/corey/Cubemars_AK_Series_Driver/install/ak_series_driver/share/ak_series_driver/package.dsv'
[8.158s] INFO:colcon.colcon_core.shell:Creating package script '/home/corey/Cubemars_AK_Series_Driver/install/ak_series_driver/share/ak_series_driver/package.sh'
[8.158s] INFO:colcon.colcon_core.shell:Creating package script '/home/corey/Cubemars_AK_Series_Driver/install/ak_series_driver/share/ak_series_driver/package.bash'
[8.159s] INFO:colcon.colcon_core.shell:Creating package script '/home/corey/Cubemars_AK_Series_Driver/install/ak_series_driver/share/ak_series_driver/package.zsh'
[8.159s] Level 1:colcon.colcon_core.environment:create_file_with_runtime_dependencies(/home/corey/Cubemars_AK_Series_Driver/install/ak_series_driver/share/colcon-core/packages/ak_series_driver)
[8.159s] DEBUG:colcon.colcon_parallel_executor.executor.parallel:closing loop
[8.159s] DEBUG:colcon.colcon_parallel_executor.executor.parallel:loop closed
[8.159s] DEBUG:colcon.colcon_parallel_executor.executor.parallel:run_until_complete finished with '0'
[8.159s] DEBUG:colcon.colcon_core.event_reactor:joining thread
[8.170s] INFO:colcon.colcon_core.plugin_system:Skipping extension 'colcon_notification.desktop_notification.terminal_notifier': Not used on non-Darwin systems
[8.170s] INFO:colcon.colcon_core.plugin_system:Skipping extension 'colcon_notification.desktop_notification.win32': Not used on non-Windows systems
[8.170s] INFO:colcon.colcon_notification.desktop_notification:Sending desktop notification using 'notify2'
[8.188s] DEBUG:colcon.colcon_core.event_reactor:joined thread
[8.203s] INFO:colcon.colcon_core.shell:Creating prefix script '/home/corey/Cubemars_AK_Series_Driver/install/local_setup.ps1'
[8.203s] INFO:colcon.colcon_core.shell:Creating prefix util module '/home/corey/Cubemars_AK_Series_Driver/install/_local_setup_util_ps1.py'
[8.204s] INFO:colcon.colcon_core.shell:Creating prefix chain script '/home/corey/Cubemars_AK_Series_Driver/install/setup.ps1'
[8.210s] INFO:colcon.colcon_core.shell:Creating prefix script '/home/corey/Cubemars_AK_Series_Driver/install/local_setup.sh'
[8.211s] INFO:colcon.colcon_core.shell:Creating prefix util module '/home/corey/Cubemars_AK_Series_Driver/install/_local_setup_util_sh.py'
[8.211s] INFO:colcon.colcon_core.shell:Creating prefix chain script '/home/corey/Cubemars_AK_Series_Driver/install/setup.sh'
[8.217s] INFO:colcon.colcon_core.shell:Creating prefix script '/home/corey/Cubemars_AK_Series_Driver/install/local_setup.bash'
[8.217s] INFO:colcon.colcon_core.shell:Creating prefix chain script '/home/corey/Cubemars_AK_Series_Driver/install/setup.bash'
[8.224s] INFO:colcon.colcon_core.shell:Creating prefix script '/home/corey/Cubemars_AK_Series_Driver/install/local_setup.zsh'
[8.224s] INFO:colcon.colcon_core.shell:Creating prefix chain script '/home/corey/Cubemars_AK_Series_Driver/install/setup.zsh'
