[0.009s] Invoking command in '/home/corey/Cubemars_AK_Series_Driver/build/ak_series_driver': CMAKE_PREFIX_PATH=${CMAKE_PREFIX_PATH}:/home/corey/Cubemars_AK_Series_Driver/install/control:/opt/ros/galactic /usr/bin/cmake --build /home/corey/Cubemars_AK_Series_Driver/build/ak_series_driver -- -j32 -l32
[0.032s] [35m[1mScanning dependencies of target ak_series_driver[0m
[0.045s] [ 16%] [32mBuilding CXX object CMakeFiles/ak_series_driver.dir/src/single_motor.cpp.o[0m
[0.101s] In file included from [01m[K/home/corey/Cubemars_AK_Series_Driver/src/ak_series_driver/src/single_motor.cpp:18[m[K:
[0.101s] [01m[K/home/corey/Cubemars_AK_Series_Driver/src/ak_series_driver/include/ak_series_driver/can_communication.hpp:80:61:[m[K [01;35m[Kwarning: [m[Kmulti-character character constant [[01;35m[K-Wmultichar[m[K]
[0.101s]    80 |             printf(std::to_string(sizeof(can_id)).c_str() + [01;35m[K'\r\n'[m[K);
[0.101s]       |                                                             [01;35m[K^~~~~~[m[K
[0.101s] [01m[K/home/corey/Cubemars_AK_Series_Driver/src/ak_series_driver/include/ak_series_driver/can_communication.hpp:81:65:[m[K [01;35m[Kwarning: [m[Kmulti-character character constant [[01;35m[K-Wmultichar[m[K]
[0.101s]    81 |             printf(std::to_string(sizeof(frame.data)).c_str() + [01;35m[K'\r\n'[m[K);
[0.101s]       |                                                                 [01;35m[K^~~~~~[m[K
[0.723s] [01m[K/home/corey/Cubemars_AK_Series_Driver/src/ak_series_driver/include/ak_series_driver/can_communication.hpp:[m[K In member function ‘[01m[Kvoid CanCommunication::send_cmd(uint8_t, uint8_t, uint8_t*)[m[K’:
[0.723s] [01m[K/home/corey/Cubemars_AK_Series_Driver/src/ak_series_driver/include/ak_series_driver/can_communication.hpp:80:67:[m[K [01;35m[Kwarning: [m[Kformat not a string literal and no format arguments [[01;35m[K-Wformat-security[m[K]
[0.723s]    80 |             printf(std::to_string(sizeof(can_id)).c_str() + '\r\n'[01;35m[K)[m[K;
[0.723s]       |                                                                   [01;35m[K^[m[K
[0.723s] [01m[K/home/corey/Cubemars_AK_Series_Driver/src/ak_series_driver/include/ak_series_driver/can_communication.hpp:81:71:[m[K [01;35m[Kwarning: [m[Kformat not a string literal and no format arguments [[01;35m[K-Wformat-security[m[K]
[0.723s]    81 |             printf(std::to_string(sizeof(frame.data)).c_str() + '\r\n'[01;35m[K)[m[K;
[0.723s]       |                                                                       [01;35m[K^[m[K
[0.723s] [01m[K/home/corey/Cubemars_AK_Series_Driver/src/ak_series_driver/include/ak_series_driver/can_communication.hpp:83:31:[m[K [01;35m[Kwarning: [m[Kcomparison of integer expressions of different signedness: ‘[01m[Kint[m[K’ and ‘[01m[Klong unsigned int[m[K’ [[01;35m[K-Wsign-compare[m[K]
[0.723s]    83 |             for (int i = 0; [01;35m[Ki < sizeof(data)[m[K; i++)
[0.723s]       |                             [01;35m[K~~^~~~~~~~~~~~~~[m[K
[0.723s] [01m[K/home/corey/Cubemars_AK_Series_Driver/src/ak_series_driver/include/ak_series_driver/can_communication.hpp:92:50:[m[K [01;35m[Kwarning: [m[Kformat not a string literal and no format arguments [[01;35m[K-Wformat-security[m[K]
[0.723s]    92 |             printf(std::to_string(nbytes).c_str()[01;35m[K)[m[K;
[0.723s]       |                                                  [01;35m[K^[m[K
[0.723s] [01m[K/home/corey/Cubemars_AK_Series_Driver/src/ak_series_driver/include/ak_series_driver/can_communication.hpp:75:47:[m[K [01;35m[Kwarning: [m[Kunused parameter ‘[01m[Kcan_dlc[m[K’ [[01;35m[K-Wunused-parameter[m[K]
[0.723s]    75 |         void send_cmd(uint8_t can_id, [01;35m[Kuint8_t can_dlc[m[K, uint8_t *data)
[0.723s]       |                                       [01;35m[K~~~~~~~~^~~~~~~[m[K
[0.724s] In file included from [01m[K/home/corey/Cubemars_AK_Series_Driver/src/ak_series_driver/src/single_motor.cpp:19[m[K:
[0.724s] [01m[K/home/corey/Cubemars_AK_Series_Driver/src/ak_series_driver/include/ak_series_driver/ak_driver.hpp:[m[K In member function ‘[01m[Kvoid AKDriver::comm_can_transmit_eid(uint32_t, const uint8_t*, uint8_t)[m[K’:
[0.724s] [01m[K/home/corey/Cubemars_AK_Series_Driver/src/ak_series_driver/include/ak_series_driver/ak_driver.hpp:131:31:[m[K [01;35m[Kwarning: [m[Kcomparison of integer expressions of different signedness: ‘[01m[Kint[m[K’ and ‘[01m[Klong unsigned int[m[K’ [[01;35m[K-Wsign-compare[m[K]
[0.724s]   131 |             for (int i = 0; [01;35m[Ki < sizeof(msg)[m[K; i++)
[0.724s]       |                             [01;35m[K~~^~~~~~~~~~~~~[m[K
[0.724s] [01m[K/home/corey/Cubemars_AK_Series_Driver/src/ak_series_driver/include/ak_series_driver/ak_driver.hpp:128:78:[m[K [01;35m[Kwarning: [m[Kunused parameter ‘[01m[Klen[m[K’ [[01;35m[K-Wunused-parameter[m[K]
[0.724s]   128 | an_transmit_eid(uint32_t id, const uint8_t *data, [01;35m[Kuint8_t len[m[K) {
[0.724s]       |                                                   [01;35m[K~~~~~~~~^~~[m[K
[0.724s] 
[3.068s] [ 33%] [32m[1mLinking CXX shared library libak_series_driver.so[0m
[3.214s] [ 33%] Built target ak_series_driver
[3.223s] [35m[1mScanning dependencies of target single[0m
[3.223s] [35m[1mScanning dependencies of target dual[0m
[3.240s] [ 66%] [32mBuilding CXX object CMakeFiles/dual.dir/src/dual_motor.cpp.o[0m
[3.240s] [ 66%] [32mBuilding CXX object CMakeFiles/single.dir/src/single_motor.cpp.o[0m
[3.302s] In file included from [01m[K/home/corey/Cubemars_AK_Series_Driver/src/ak_series_driver/src/single_motor.cpp:18[m[K:
[3.302s] [01m[K/home/corey/Cubemars_AK_Series_Driver/src/ak_series_driver/include/ak_series_driver/can_communication.hpp:80:61:[m[K [01;35m[Kwarning: [m[Kmulti-character character constant [[01;35m[K-Wmultichar[m[K]
[3.302s]    80 |             printf(std::to_string(sizeof(can_id)).c_str() + [01;35m[K'\r\n'[m[K);
[3.302s]       |                                                             [01;35m[K^~~~~~[m[K
[3.302s] [01m[K/home/corey/Cubemars_AK_Series_Driver/src/ak_series_driver/include/ak_series_driver/can_communication.hpp:81:65:[m[K [01;35m[Kwarning: [m[Kmulti-character character constant [[01;35m[K-Wmultichar[m[K]
[3.302s]    81 |             printf(std::to_string(sizeof(frame.data)).c_str() + [01;35m[K'\r\n'[m[K);
[3.302s]       |                                                                 [01;35m[K^~~~~~[m[K
[3.302s] In file included from [01m[K/home/corey/Cubemars_AK_Series_Driver/src/ak_series_driver/src/dual_motor.cpp:18[m[K:
[3.302s] [01m[K/home/corey/Cubemars_AK_Series_Driver/src/ak_series_driver/include/ak_series_driver/can_communication.hpp:80:61:[m[K [01;35m[Kwarning: [m[Kmulti-character character constant [[01;35m[K-Wmultichar[m[K]
[3.302s]    80 |             printf(std::to_string(sizeof(can_id)).c_str() + [01;35m[K'\r\n'[m[K);
[3.302s]       |                                                             [01;35m[K^~~~~~[m[K
[3.302s] [01m[K/home/corey/Cubemars_AK_Series_Driver/src/ak_series_driver/include/ak_series_driver/can_communication.hpp:81:65:[m[K [01;35m[Kwarning: [m[Kmulti-character character constant [[01;35m[K-Wmultichar[m[K]
[3.302s]    81 |             printf(std::to_string(sizeof(frame.data)).c_str() + [01;35m[K'\r\n'[m[K);
[3.302s]       |                                                                 [01;35m[K^~~~~~[m[K
[3.963s] [01m[K/home/corey/Cubemars_AK_Series_Driver/src/ak_series_driver/include/ak_series_driver/can_communication.hpp:[m[K In member function ‘[01m[Kvoid CanCommunication::send_cmd(uint8_t, uint8_t, uint8_t*)[m[K’:
[3.964s] [01m[K/home/corey/Cubemars_AK_Series_Driver/src/ak_series_driver/include/ak_series_driver/can_communication.hpp:80:67:[m[K [01;35m[Kwarning: [m[Kformat not a string literal and no format arguments [[01;35m[K-Wformat-security[m[K]
[3.964s]    80 |             printf(std::to_string(sizeof(can_id)).c_str() + '\r\n'[01;35m[K)[m[K;
[3.964s]       |                                                                   [01;35m[K^[m[K
[3.964s] [01m[K/home/corey/Cubemars_AK_Series_Driver/src/ak_series_driver/include/ak_series_driver/can_communication.hpp:81:71:[m[K [01;35m[Kwarning: [m[Kformat not a string literal and no format arguments [[01;35m[K-Wformat-security[m[K]
[3.964s]    81 |             printf(std::to_string(sizeof(frame.data)).c_str() + '\r\n'[01;35m[K)[m[K;
[3.964s]       |                                                                       [01;35m[K^[m[K
[3.964s] [01m[K/home/corey/Cubemars_AK_Series_Driver/src/ak_series_driver/include/ak_series_driver/can_communication.hpp:83:31:[m[K [01;35m[Kwarning: [m[Kcomparison of integer expressions of different signedness: ‘[01m[Kint[m[K’ and ‘[01m[Klong unsigned int[m[K’ [[01;35m[K-Wsign-compare[m[K]
[3.964s]    83 |             for (int i = 0; [01;35m[Ki < sizeof(data)[m[K; i++)
[3.964s]       |                             [01;35m[K~~^~~~~~~~~~~~~~[m[K
[3.964s] [01m[K/home/corey/Cubemars_AK_Series_Driver/src/ak_series_driver/include/ak_series_driver/can_communication.hpp:92:50:[m[K [01;35m[Kwarning: [m[Kformat not a string literal and no format arguments [[01;35m[K-Wformat-security[m[K]
[3.964s]    92 |             printf(std::to_string(nbytes).c_str()[01;35m[K)[m[K;
[3.964s]       |                                                  [01;35m[K^[m[K
[3.964s] [01m[K/home/corey/Cubemars_AK_Series_Driver/src/ak_series_driver/include/ak_series_driver/can_communication.hpp:75:47:[m[K [01;35m[Kwarning: [m[Kunused parameter ‘[01m[Kcan_dlc[m[K’ [[01;35m[K-Wunused-parameter[m[K]
[3.964s]    75 |         void send_cmd(uint8_t can_id, [01;35m[Kuint8_t can_dlc[m[K, uint8_t *data)
[3.964s]       |                                       [01;35m[K~~~~~~~~^~~~~~~[m[K
[3.964s] [01m[K/home/corey/Cubemars_AK_Series_Driver/src/ak_series_driver/include/ak_series_driver/can_communication.hpp:[m[K In member function ‘[01m[Kvoid CanCommunication::send_cmd(uint8_t, uint8_t, uint8_t*)[m[K’:
[3.964s] [01m[K/home/corey/Cubemars_AK_Series_Driver/src/ak_series_driver/include/ak_series_driver/can_communication.hpp:80:67:[m[K [01;35m[Kwarning: [m[Kformat not a string literal and no format arguments [[01;35m[K-Wformat-security[m[K]
[3.964s]    80 |             printf(std::to_string(sizeof(can_id)).c_str() + '\r\n'[01;35m[K)[m[K;
[3.964s]       |                                                                   [01;35m[K^[m[K
[3.964s] [01m[K/home/corey/Cubemars_AK_Series_Driver/src/ak_series_driver/include/ak_series_driver/can_communication.hpp:81:71:[m[K [01;35m[Kwarning: [m[Kformat not a string literal and no format arguments [[01;35m[K-Wformat-security[m[K]
[3.964s]    81 |             printf(std::to_string(sizeof(frame.data)).c_str() + '\r\n'[01;35m[K)[m[K;
[3.964s]       |                                                                       [01;35m[K^[m[K
[3.964s] [01m[K/home/corey/Cubemars_AK_Series_Driver/src/ak_series_driver/include/ak_series_driver/can_communication.hpp:83:31:[m[K [01;35m[Kwarning: [m[Kcomparison of integer expressions of different signedness: ‘[01m[Kint[m[K’ and ‘[01m[Klong unsigned int[m[K’ [[01;35m[K-Wsign-compare[m[K]
[3.964s]    83 |             for (int i = 0; [01;35m[Ki < sizeof(data)[m[K; i++)
[3.964s]       |                             [01;35m[K~~^~~~~~~~~~~~~~[m[K
[3.964s] [01m[K/home/corey/Cubemars_AK_Series_Driver/src/ak_series_driver/include/ak_series_driver/can_communication.hpp:92:50:[m[K [01;35m[Kwarning: [m[Kformat not a string literal and no format arguments [[01;35m[K-Wformat-security[m[K]
[3.965s]    92 |             printf(std::to_string(nbytes).c_str()[01;35m[K)[m[K;
[3.965s]       |                                                  [01;35m[K^[m[K
[3.965s] [01m[K/home/corey/Cubemars_AK_Series_Driver/src/ak_series_driver/include/ak_series_driver/can_communication.hpp:75:47:[m[K [01;35m[Kwarning: [m[Kunused parameter ‘[01m[Kcan_dlc[m[K’ [[01;35m[K-Wunused-parameter[m[K]
[3.965s]    75 |         void send_cmd(uint8_t can_id, [01;35m[Kuint8_t can_dlc[m[K, uint8_t *data)
[3.965s]       |                                       [01;35m[K~~~~~~~~^~~~~~~[m[K
[3.965s] In file included from [01m[K/home/corey/Cubemars_AK_Series_Driver/src/ak_series_driver/src/single_motor.cpp:19[m[K:
[3.965s] [01m[K/home/corey/Cubemars_AK_Series_Driver/src/ak_series_driver/include/ak_series_driver/ak_driver.hpp:[m[K In member function ‘[01m[Kvoid AKDriver::comm_can_transmit_eid(uint32_t, const uint8_t*, uint8_t)[m[K’:
[3.965s] [01m[K/home/corey/Cubemars_AK_Series_Driver/src/ak_series_driver/include/ak_series_driver/ak_driver.hpp:131:31:[m[K [01;35m[Kwarning: [m[Kcomparison of integer expressions of different signedness: ‘[01m[Kint[m[K’ and ‘[01m[Klong unsigned int[m[K’ [[01;35m[K-Wsign-compare[m[K]
[3.965s]   131 |             for (int i = 0; [01;35m[Ki < sizeof(msg)[m[K; i++)
[3.965s]       |                             [01;35m[K~~^~~~~~~~~~~~~[m[K
[3.965s] [01m[K/home/corey/Cubemars_AK_Series_Driver/src/ak_series_driver/include/ak_series_driver/ak_driver.hpp:128:78:[m[K [01;35m[Kwarning: [m[Kunused parameter ‘[01m[Klen[m[K’ [[01;35m[K-Wunused-parameter[m[K]
[3.965s]   128 |         void comm_can_transmit_eid(uint32_t id, const uint8_t *data, [01;35m[Kuint8_t len[m[K) {
[3.965s]       |                                                                      [01;35m[K~~~~~~~~^~~[m[K
[3.965s] In file included from [01m[K/home/corey/Cubemars_AK_Series_Driver/src/ak_series_driver/src/dual_motor.cpp:19[m[K:
[3.965s] [01m[K/home/corey/Cubemars_AK_Series_Driver/src/ak_series_driver/include/ak_series_driver/ak_driver.hpp:[m[K In member function ‘[01m[Kvoid AKDriver::comm_can_transmit_eid(uint32_t, const uint8_t*, uint8_t)[m[K’:
[3.965s] [01m[K/home/corey/Cubemars_AK_Series_Driver/src/ak_series_driver/include/ak_series_driver/ak_driver.hpp:131:31:[m[K [01;35m[Kwarning: [m[Kcomparison of integer expressions of different signedness: ‘[01m[Kint[m[K’ and ‘[01m[Klong unsigned int[m[K’ [[01;35m[K-Wsign-compare[m[K]
[3.965s]   131 |             for (int i = 0; [01;35m[Ki < sizeof(msg)[m[K; i++)
[3.965s]       |                             [01;35m[K~~^~~~~~~~~~~~~[m[K
[3.965s] [01m[K/home/corey/Cubemars_AK_Series_Driver/src/ak_series_driver/include/ak_series_driver/ak_driver.hpp:128:78:[m[K [01;35m[Kwarning: [m[Kunused parameter ‘[01m[Klen[m[K’ [[01;35m[K-Wunused-parameter[m[K]
[3.965s]   128 | an_transmit_eid(uint32_t id, const uint8_t *data, [01;35m[Kuint8_t len[m[K) {
[3.965s]       |                                                   [01;35m[K~~~~~~~~^~~[m[K
[3.965s] 
[6.491s] [100%] [32m[1mLinking CXX executable single[0m
[6.491s] [100%] [32m[1mLinking CXX executable dual[0m
[6.660s] [100%] Built target single
[6.660s] [100%] Built target dual
[6.671s] Invoked command in '/home/corey/Cubemars_AK_Series_Driver/build/ak_series_driver' returned '0': CMAKE_PREFIX_PATH=${CMAKE_PREFIX_PATH}:/home/corey/Cubemars_AK_Series_Driver/install/control:/opt/ros/galactic /usr/bin/cmake --build /home/corey/Cubemars_AK_Series_Driver/build/ak_series_driver -- -j32 -l32
[6.687s] Invoking command in '/home/corey/Cubemars_AK_Series_Driver/build/ak_series_driver': CMAKE_PREFIX_PATH=${CMAKE_PREFIX_PATH}:/home/corey/Cubemars_AK_Series_Driver/install/control:/opt/ros/galactic /usr/bin/cmake --install /home/corey/Cubemars_AK_Series_Driver/build/ak_series_driver
[6.692s] -- Install configuration: ""
[6.692s] -- Execute custom install script
[6.692s] -- Up-to-date symlink: /home/corey/Cubemars_AK_Series_Driver/install/ak_series_driver/lib/ak_series_driver/libak_series_driver.so
[6.692s] -- Up-to-date symlink: /home/corey/Cubemars_AK_Series_Driver/install/ak_series_driver/include/ak_series_driver//ak_driver.hpp
[6.692s] -- Up-to-date symlink: /home/corey/Cubemars_AK_Series_Driver/install/ak_series_driver/include/ak_series_driver//can_communication.hpp
[6.692s] -- Up-to-date symlink: /home/corey/Cubemars_AK_Series_Driver/install/ak_series_driver/include/ak_series_driver//mit_params.hpp
[6.692s] -- Up-to-date symlink: /home/corey/Cubemars_AK_Series_Driver/install/ak_series_driver/include/ak_series_driver//motor.hpp
[6.693s] -- Up-to-date symlink: /home/corey/Cubemars_AK_Series_Driver/install/ak_series_driver/lib/ak_series_driver/single
[6.693s] -- Up-to-date symlink: /home/corey/Cubemars_AK_Series_Driver/install/ak_series_driver/lib/ak_series_driver/dual
[6.693s] -- Up-to-date symlink: /home/corey/Cubemars_AK_Series_Driver/install/ak_series_driver/share/ak_series_driver/environment/library_path.sh
[6.693s] -- Up-to-date symlink: /home/corey/Cubemars_AK_Series_Driver/install/ak_series_driver/share/ak_series_driver/environment/library_path.dsv
[6.693s] -- Up-to-date symlink: /home/corey/Cubemars_AK_Series_Driver/install/ak_series_driver/share/ament_index/resource_index/package_run_dependencies/ak_series_driver
[6.693s] -- Up-to-date symlink: /home/corey/Cubemars_AK_Series_Driver/install/ak_series_driver/share/ament_index/resource_index/parent_prefix_path/ak_series_driver
[6.693s] -- Up-to-date symlink: /home/corey/Cubemars_AK_Series_Driver/install/ak_series_driver/share/ak_series_driver/environment/ament_prefix_path.sh
[6.693s] -- Up-to-date symlink: /home/corey/Cubemars_AK_Series_Driver/install/ak_series_driver/share/ak_series_driver/environment/ament_prefix_path.dsv
[6.693s] -- Up-to-date symlink: /home/corey/Cubemars_AK_Series_Driver/install/ak_series_driver/share/ak_series_driver/environment/path.sh
[6.694s] -- Up-to-date symlink: /home/corey/Cubemars_AK_Series_Driver/install/ak_series_driver/share/ak_series_driver/environment/path.dsv
[6.694s] -- Up-to-date symlink: /home/corey/Cubemars_AK_Series_Driver/install/ak_series_driver/share/ak_series_driver/local_setup.bash
[6.694s] -- Up-to-date symlink: /home/corey/Cubemars_AK_Series_Driver/install/ak_series_driver/share/ak_series_driver/local_setup.sh
[6.694s] -- Up-to-date symlink: /home/corey/Cubemars_AK_Series_Driver/install/ak_series_driver/share/ak_series_driver/local_setup.zsh
[6.694s] -- Up-to-date symlink: /home/corey/Cubemars_AK_Series_Driver/install/ak_series_driver/share/ak_series_driver/local_setup.dsv
[6.694s] -- Symlinking: /home/corey/Cubemars_AK_Series_Driver/install/ak_series_driver/share/ak_series_driver/package.dsv
[6.698s] -- Up-to-date symlink: /home/corey/Cubemars_AK_Series_Driver/install/ak_series_driver/share/ament_index/resource_index/packages/ak_series_driver
[6.698s] -- Up-to-date symlink: /home/corey/Cubemars_AK_Series_Driver/install/ak_series_driver/share/ak_series_driver/cmake/ament_cmake_export_include_directories-extras.cmake
[6.698s] -- Up-to-date symlink: /home/corey/Cubemars_AK_Series_Driver/install/ak_series_driver/share/ak_series_driver/cmake/ament_cmake_export_libraries-extras.cmake
[6.698s] -- Up-to-date symlink: /home/corey/Cubemars_AK_Series_Driver/install/ak_series_driver/share/ak_series_driver/cmake/ament_cmake_export_dependencies-extras.cmake
[6.698s] -- Up-to-date symlink: /home/corey/Cubemars_AK_Series_Driver/install/ak_series_driver/share/ak_series_driver/cmake/ak_series_driverConfig.cmake
[6.699s] -- Up-to-date symlink: /home/corey/Cubemars_AK_Series_Driver/install/ak_series_driver/share/ak_series_driver/cmake/ak_series_driverConfig-version.cmake
[6.699s] -- Up-to-date symlink: /home/corey/Cubemars_AK_Series_Driver/install/ak_series_driver/share/ak_series_driver/package.xml
[6.700s] Invoked command in '/home/corey/Cubemars_AK_Series_Driver/build/ak_series_driver' returned '0': CMAKE_PREFIX_PATH=${CMAKE_PREFIX_PATH}:/home/corey/Cubemars_AK_Series_Driver/install/control:/opt/ros/galactic /usr/bin/cmake --install /home/corey/Cubemars_AK_Series_Driver/build/ak_series_driver
