[0.010s] Invoking command in '/home/corey/Cubemars_AK_Series_Driver/build/ak_series_driver': CMAKE_PREFIX_PATH=${CMAKE_PREFIX_PATH}:/home/corey/Cubemars_AK_Series_Driver/install/control:/opt/ros/galactic /usr/bin/cmake --build /home/corey/Cubemars_AK_Series_Driver/build/ak_series_driver -- -j32 -l32
[0.032s] [35m[1mScanning dependencies of target ak_series_driver[0m
[0.045s] [ 16%] [32mBuilding CXX object CMakeFiles/ak_series_driver.dir/src/single_motor.cpp.o[0m
[0.899s] In file included from [01m[K/home/corey/Cubemars_AK_Series_Driver/src/ak_series_driver/src/single_motor.cpp:19[m[K:
[0.899s] [01m[K/home/corey/Cubemars_AK_Series_Driver/src/ak_series_driver/include/ak_series_driver/ak_driver.hpp:[m[K In member function ‘[01m[Kvoid AKDriver::get_data(std::vector<float>&)[m[K’:
[0.899s] [01m[K/home/corey/Cubemars_AK_Series_Driver/src/ak_series_driver/include/ak_series_driver/ak_driver.hpp:174:43:[m[K [01;35m[Kwarning: [m[Kunused parameter ‘[01m[Kdata[m[K’ [[01;35m[K-Wunused-parameter[m[K]
[0.899s]   174 |         void get_data([01;35m[Kstd::vector<float> &data[m[K)
[0.899s]       |                       [01;35m[K~~~~~~~~~~~~~~~~~~~~^~~~[m[K
[0.979s] In file included from [01m[K/home/corey/Cubemars_AK_Series_Driver/src/ak_series_driver/src/single_motor.cpp:11[m[K:
[0.980s] /usr/include/c++/9/thread: In instantiation of ‘[01m[Kstd::thread::thread(_Callable&&, _Args&& ...) [with _Callable = void (*)(std::__cxx11::basic_string<char>&); _Args = {std::__cxx11::basic_string<char, std::char_traits<char>, std::allocator<char> >*}; <template-parameter-1-3> = void][m[K’:
[0.980s] [01m[K/home/corey/Cubemars_AK_Series_Driver/src/ak_series_driver/include/ak_series_driver/ak_driver.hpp:34:60:[m[K   required from here
[0.980s] [01m[K/usr/include/c++/9/thread:120:44:[m[K [01;31m[Kerror: [m[Kstatic assertion failed: std::thread arguments must be invocable after conversion to rvalues
[0.980s]   120 |           typename decay<_Args>::type...>::[01;31m[Kvalue[m[K,
[0.980s]       |                                            [01;31m[K^~~~~[m[K
[0.981s] /usr/include/c++/9/thread: In instantiation of ‘[01m[Kstruct std::thread::_Invoker<std::tuple<void (*)(std::__cxx11::basic_string<char, std::char_traits<char>, std::allocator<char> >&), std::__cxx11::basic_string<char, std::char_traits<char>, std::allocator<char> >*> >[m[K’:
[0.981s] [01m[K/usr/include/c++/9/thread:131:22:[m[K   required from ‘[01m[Kstd::thread::thread(_Callable&&, _Args&& ...) [with _Callable = void (*)(std::__cxx11::basic_string<char>&); _Args = {std::__cxx11::basic_string<char, std::char_traits<char>, std::allocator<char> >*}; <template-parameter-1-3> = void][m[K’
[0.981s] [01m[K/home/corey/Cubemars_AK_Series_Driver/src/ak_series_driver/include/ak_series_driver/ak_driver.hpp:34:60:[m[K   required from here
[0.981s] [01m[K/usr/include/c++/9/thread:243:4:[m[K [01;31m[Kerror: [m[Kno type named ‘[01m[Ktype[m[K’ in ‘[01m[Kstruct std::thread::_Invoker<std::tuple<void (*)(std::__cxx11::basic_string<char, std::char_traits<char>, std::allocator<char> >&), std::__cxx11::basic_string<char, std::char_traits<char>, std::allocator<char> >*> >::__result<std::tuple<void (*)(std::__cxx11::basic_string<char, std::char_traits<char>, std::allocator<char> >&), std::__cxx11::basic_string<char, std::char_traits<char>, std::allocator<char> >*> >[m[K’
[0.981s]   243 |    [01;31m[K_M_invoke[m[K(_Index_tuple<_Ind...>)
[0.981s]       |    [01;31m[K^~~~~~~~~[m[K
[0.981s] [01m[K/usr/include/c++/9/thread:247:2:[m[K [01;31m[Kerror: [m[Kno type named ‘[01m[Ktype[m[K’ in ‘[01m[Kstruct std::thread::_Invoker<std::tuple<void (*)(std::__cxx11::basic_string<char, std::char_traits<char>, std::allocator<char> >&), std::__cxx11::basic_string<char, std::char_traits<char>, std::allocator<char> >*> >::__result<std::tuple<void (*)(std::__cxx11::basic_string<char, std::char_traits<char>, std::allocator<char> >&), std::__cxx11::basic_string<char, std::char_traits<char>, std::allocator<char> >*> >[m[K’
[0.982s]   247 |  [01;31m[Koperator[m[K()()
[0.982s]       |  [01;31m[K^~~~~~~~[m[K
[1.865s] make[2]: *** [CMakeFiles/ak_series_driver.dir/build.make:63: CMakeFiles/ak_series_driver.dir/src/single_motor.cpp.o] Error 1
[1.865s] make[1]: *** [CMakeFiles/Makefile2:136: CMakeFiles/ak_series_driver.dir/all] Error 2
[1.866s] make: *** [Makefile:141: all] Error 2
[1.868s] Invoked command in '/home/corey/Cubemars_AK_Series_Driver/build/ak_series_driver' returned '2': CMAKE_PREFIX_PATH=${CMAKE_PREFIX_PATH}:/home/corey/Cubemars_AK_Series_Driver/install/control:/opt/ros/galactic /usr/bin/cmake --build /home/corey/Cubemars_AK_Series_Driver/build/ak_series_driver -- -j32 -l32
