In file included from [01m[K/home/corey/ros2_ws/src/Cubemars_AK_Series_Driver/ak_series_driver/src/test_node.cpp:14[m[K:
[01m[K/home/corey/ros2_ws/src/Cubemars_AK_Series_Driver/ak_series_driver/include/ak_series_driver/can_communication.hpp:[m[K In member function ‘[01m[Kvoid CanCommunication::start(int, int)[m[K’:
[01m[K/home/corey/ros2_ws/src/Cubemars_AK_Series_Driver/ak_series_driver/include/ak_series_driver/can_communication.hpp:35:30:[m[K [01;31m[Kerror: [m[Kinvalid conversion from ‘[01m[Kint[m[K’ to ‘[01m[Kconst char*[m[K’ [[01;31m[K-fpermissive[m[K]
   35 |                 system([01;31m[Kprintf("sudo ifconfig can%d down", channel)[m[K);
      |                        [01;31m[K~~~~~~^~~~~~~~~~~~~~~~~~~~~~~~~~~~~~~~~~~~~[m[K
      |                              [01;31m[K|[m[K
      |                              [01;31m[Kint[m[K
In file included from [01m[K/usr/include/c++/9/cstdlib:75[m[K,
                 from [01m[K/usr/include/c++/9/stdlib.h:36[m[K,
                 from [01m[K/home/corey/ros2_ws/src/Cubemars_AK_Series_Driver/ak_series_driver/src/test_node.cpp:2[m[K:
[01m[K/usr/include/stdlib.h:784:32:[m[K [01;36m[Knote: [m[K  initializing argument 1 of ‘[01m[Kint system(const char*)[m[K’
  784 | extern int system ([01;36m[Kconst char *__command[m[K) __wur;
      |                    [01;36m[K~~~~~~~~~~~~^~~~~~~~~[m[K
In file included from [01m[K/home/corey/ros2_ws/src/Cubemars_AK_Series_Driver/ak_series_driver/src/test_node.cpp:14[m[K:
[01m[K/home/corey/ros2_ws/src/Cubemars_AK_Series_Driver/ak_series_driver/include/ak_series_driver/can_communication.hpp:36:30:[m[K [01;31m[Kerror: [m[Kinvalid conversion from ‘[01m[Kint[m[K’ to ‘[01m[Kconst char*[m[K’ [[01;31m[K-fpermissive[m[K]
   36 |                 system([01;31m[Kprintf("sudo ip link set can%d type can bitrate %d", channel, bitrate)[m[K);
      |                        [01;31m[K~~~~~~^~~~~~~~~~~~~~~~~~~~~~~~~~~~~~~~~~~~~~~~~~~~~~~~~~~~~~~~~~~~~~~~[m[K
      |                              [01;31m[K|[m[K
      |                              [01;31m[Kint[m[K
In file included from [01m[K/usr/include/c++/9/cstdlib:75[m[K,
                 from [01m[K/usr/include/c++/9/stdlib.h:36[m[K,
                 from [01m[K/home/corey/ros2_ws/src/Cubemars_AK_Series_Driver/ak_series_driver/src/test_node.cpp:2[m[K:
[01m[K/usr/include/stdlib.h:784:32:[m[K [01;36m[Knote: [m[K  initializing argument 1 of ‘[01m[Kint system(const char*)[m[K’
  784 | extern int system ([01;36m[Kconst char *__command[m[K) __wur;
      |                    [01;36m[K~~~~~~~~~~~~^~~~~~~~~[m[K
In file included from [01m[K/home/corey/ros2_ws/src/Cubemars_AK_Series_Driver/ak_series_driver/src/test_node.cpp:14[m[K:
[01m[K/home/corey/ros2_ws/src/Cubemars_AK_Series_Driver/ak_series_driver/include/ak_series_driver/can_communication.hpp:37:30:[m[K [01;31m[Kerror: [m[Kinvalid conversion from ‘[01m[Kint[m[K’ to ‘[01m[Kconst char*[m[K’ [[01;31m[K-fpermissive[m[K]
   37 |                 system([01;31m[Kprintf("sudo ifconfig can%d up", channel)[m[K);
      |                        [01;31m[K~~~~~~^~~~~~~~~~~~~~~~~~~~~~~~~~~~~~~~~~~[m[K
      |                              [01;31m[K|[m[K
      |                              [01;31m[Kint[m[K
In file included from [01m[K/usr/include/c++/9/cstdlib:75[m[K,
                 from [01m[K/usr/include/c++/9/stdlib.h:36[m[K,
                 from [01m[K/home/corey/ros2_ws/src/Cubemars_AK_Series_Driver/ak_series_driver/src/test_node.cpp:2[m[K:
[01m[K/usr/include/stdlib.h:784:32:[m[K [01;36m[Knote: [m[K  initializing argument 1 of ‘[01m[Kint system(const char*)[m[K’
  784 | extern int system ([01;36m[Kconst char *__command[m[K) __wur;
      |                    [01;36m[K~~~~~~~~~~~~^~~~~~~~~[m[K
make[2]: *** [CMakeFiles/ak_series_driver.dir/build.make:76: CMakeFiles/ak_series_driver.dir/src/test_node.cpp.o] Error 1
make[1]: *** [CMakeFiles/Makefile2:139: CMakeFiles/ak_series_driver.dir/all] Error 2
make: *** [Makefile:146: all] Error 2
