[0.160s] Invoking command in '/home/corey/ros2_ws/build/ak_series_driver': CMAKE_PREFIX_PATH=${CMAKE_PREFIX_PATH}:/opt/ros/galactic /home/corey/.local/bin/cmake --build /home/corey/ros2_ws/build/ak_series_driver -- -j16 -l16
[0.198s] [ 25%] [32mBuilding CXX object CMakeFiles/ak_series_driver.dir/src/test_node.cpp.o[0m
[1.438s] In file included from [01m[K/home/corey/ros2_ws/src/Cubemars_AK_Series_Driver/ak_series_driver/src/test_node.cpp:14[m[K:
[1.438s] [01m[K/home/corey/ros2_ws/src/Cubemars_AK_Series_Driver/ak_series_driver/include/ak_series_driver/can_communication.hpp:[m[K In member function ‘[01m[Kvoid CanCommunication::start(int, int)[m[K’:
[1.439s] [01m[K/home/corey/ros2_ws/src/Cubemars_AK_Series_Driver/ak_series_driver/include/ak_series_driver/can_communication.hpp:35:30:[m[K [01;31m[Kerror: [m[Kinvalid conversion from ‘[01m[Kint[m[K’ to ‘[01m[Kconst char*[m[K’ [[01;31m[K-fpermissive[m[K]
[1.439s]    35 |                 system([01;31m[Kprintf("sudo ifconfig can%d down", channel)[m[K);
[1.439s]       |                        [01;31m[K~~~~~~^~~~~~~~~~~~~~~~~~~~~~~~~~~~~~~~~~~~~[m[K
[1.439s]       |                              [01;31m[K|[m[K
[1.439s]       |                              [01;31m[Kint[m[K
[1.439s] In file included from [01m[K/usr/include/c++/9/cstdlib:75[m[K,
[1.439s]                  from [01m[K/usr/include/c++/9/stdlib.h:36[m[K,
[1.439s]                  from [01m[K/home/corey/ros2_ws/src/Cubemars_AK_Series_Driver/ak_series_driver/src/test_node.cpp:2[m[K:
[1.439s] [01m[K/usr/include/stdlib.h:784:32:[m[K [01;36m[Knote: [m[K  initializing argument 1 of ‘[01m[Kint system(const char*)[m[K’
[1.439s]   784 | extern int system ([01;36m[Kconst char *__command[m[K) __wur;
[1.439s]       |                    [01;36m[K~~~~~~~~~~~~^~~~~~~~~[m[K
[1.439s] In file included from [01m[K/home/corey/ros2_ws/src/Cubemars_AK_Series_Driver/ak_series_driver/src/test_node.cpp:14[m[K:
[1.439s] [01m[K/home/corey/ros2_ws/src/Cubemars_AK_Series_Driver/ak_series_driver/include/ak_series_driver/can_communication.hpp:36:30:[m[K [01;31m[Kerror: [m[Kinvalid conversion from ‘[01m[Kint[m[K’ to ‘[01m[Kconst char*[m[K’ [[01;31m[K-fpermissive[m[K]
[1.439s]    36 |                 system([01;31m[Kprintf("sudo ip link set can%d type can bitrate %d", channel, bitrate)[m[K);
[1.439s]       |                        [01;31m[K~~~~~~^~~~~~~~~~~~~~~~~~~~~~~~~~~~~~~~~~~~~~~~~~~~~~~~~~~~~~~~~~~~~~~~[m[K
[1.439s]       |                              [01;31m[K|[m[K
[1.439s]       |                              [01;31m[Kint[m[K
[1.439s] In file included from [01m[K/usr/include/c++/9/cstdlib:75[m[K,
[1.439s]                  from [01m[K/usr/include/c++/9/stdlib.h:36[m[K,
[1.439s]                  from [01m[K/home/corey/ros2_ws/src/Cubemars_AK_Series_Driver/ak_series_driver/src/test_node.cpp:2[m[K:
[1.439s] [01m[K/usr/include/stdlib.h:784:32:[m[K [01;36m[Knote: [m[K  initializing argument 1 of ‘[01m[Kint system(const char*)[m[K’
[1.440s]   784 | extern int system ([01;36m[Kconst char *__command[m[K) __wur;
[1.440s]       |                    [01;36m[K~~~~~~~~~~~~^~~~~~~~~[m[K
[1.440s] In file included from [01m[K/home/corey/ros2_ws/src/Cubemars_AK_Series_Driver/ak_series_driver/src/test_node.cpp:14[m[K:
[1.440s] [01m[K/home/corey/ros2_ws/src/Cubemars_AK_Series_Driver/ak_series_driver/include/ak_series_driver/can_communication.hpp:37:30:[m[K [01;31m[Kerror: [m[Kinvalid conversion from ‘[01m[Kint[m[K’ to ‘[01m[Kconst char*[m[K’ [[01;31m[K-fpermissive[m[K]
[1.440s]    37 |                 system([01;31m[Kprintf("sudo ifconfig can%d up", channel)[m[K);
[1.440s]       |                        [01;31m[K~~~~~~^~~~~~~~~~~~~~~~~~~~~~~~~~~~~~~~~~~[m[K
[1.440s]       |                              [01;31m[K|[m[K
[1.440s]       |                              [01;31m[Kint[m[K
[1.440s] In file included from [01m[K/usr/include/c++/9/cstdlib:75[m[K,
[1.440s]                  from [01m[K/usr/include/c++/9/stdlib.h:36[m[K,
[1.440s]                  from [01m[K/home/corey/ros2_ws/src/Cubemars_AK_Series_Driver/ak_series_driver/src/test_node.cpp:2[m[K:
[1.440s] [01m[K/usr/include/stdlib.h:784:32:[m[K [01;36m[Knote: [m[K  initializing argument 1 of ‘[01m[Kint system(const char*)[m[K’
[1.440s]   784 | extern int system ([01;36m[Kconst char *__command[m[K) __wur;
[1.440s]       |                    [01;36m[K~~~~~~~~~~~~^~~~~~~~~[m[K
[1.903s] make[2]: *** [CMakeFiles/ak_series_driver.dir/build.make:76: CMakeFiles/ak_series_driver.dir/src/test_node.cpp.o] Error 1
[1.903s] make[1]: *** [CMakeFiles/Makefile2:139: CMakeFiles/ak_series_driver.dir/all] Error 2
[1.903s] make: *** [Makefile:146: all] Error 2
[1.908s] Invoked command in '/home/corey/ros2_ws/build/ak_series_driver' returned '2': CMAKE_PREFIX_PATH=${CMAKE_PREFIX_PATH}:/opt/ros/galactic /home/corey/.local/bin/cmake --build /home/corey/ros2_ws/build/ak_series_driver -- -j16 -l16
