[0.159s] Invoking command in '/home/corey/ros2_ws/build/ak_series_driver': CMAKE_PREFIX_PATH=${CMAKE_PREFIX_PATH}:/opt/ros/galactic /home/corey/.local/bin/cmake --build /home/corey/ros2_ws/build/ak_series_driver -- -j16 -l16
[0.197s] [ 25%] [32mBuilding CXX object CMakeFiles/ak_series_driver.dir/src/test_node.cpp.o[0m
[1.430s] In file included from [01m[K/home/corey/ros2_ws/src/Cubemars_AK_Series_Driver/ak_series_driver/src/test_node.cpp:14[m[K:
[1.431s] [01m[K/home/corey/ros2_ws/src/Cubemars_AK_Series_Driver/ak_series_driver/include/ak_series_driver/can_communication.hpp:18:1:[m[K [01;31m[Kerror: [m[Kexpected class-name before ‘[01m[K{[m[K’ token
[1.431s]    18 | [01;31m[K{[m[K
[1.431s]       | [01;31m[K^[m[K
[1.431s] [01m[K/home/corey/ros2_ws/src/Cubemars_AK_Series_Driver/ak_series_driver/include/ak_series_driver/can_communication.hpp:25:16:[m[K [01;31m[Kerror: [m[Kexpected identifier before ‘[01m[K&[m[K’ token
[1.431s]    25 |         memset([01;31m[K&[m[Kframe, 0, sizeof(struct can_frame));
[1.431s]       |                [01;31m[K^[m[K
[1.431s] [01m[K/home/corey/ros2_ws/src/Cubemars_AK_Series_Driver/ak_series_driver/include/ak_series_driver/can_communication.hpp:25:24:[m[K [01;31m[Kerror: [m[Kexpected identifier before numeric constant
[1.431s]    25 |         memset(&frame, [01;31m[K0[m[K, sizeof(struct can_frame));
[1.431s]       |                        [01;31m[K^[m[K
[1.431s] [01m[K/home/corey/ros2_ws/src/Cubemars_AK_Series_Driver/ak_series_driver/include/ak_series_driver/can_communication.hpp:25:24:[m[K [01;31m[Kerror: [m[Kexpected ‘[01m[K,[m[K’ or ‘[01m[K...[m[K’ before numeric constant
[1.431s] [01m[K/home/corey/ros2_ws/src/Cubemars_AK_Series_Driver/ak_series_driver/include/ak_series_driver/can_communication.hpp:25:51:[m[K [01;31m[Kerror: [m[KISO C++ forbids declaration of ‘[01m[Kmemset[m[K’ with no type [[01;31m[K-fpermissive[m[K]
[1.431s]    25 |         memset(&frame, 0, sizeof(struct can_frame)[01;31m[K)[m[K;
[1.431s]       |                                                   [01;31m[K^[m[K
[1.431s] [01m[K/home/corey/ros2_ws/src/Cubemars_AK_Series_Driver/ak_series_driver/include/ak_series_driver/can_communication.hpp:[m[K In member function ‘[01m[Kvoid CanCommunication::start(int, int)[m[K’:
[1.431s] [01m[K/home/corey/ros2_ws/src/Cubemars_AK_Series_Driver/ak_series_driver/include/ak_series_driver/can_communication.hpp:29:28:[m[K [01;35m[Kwarning: [m[KISO C++ forbids converting a string constant to ‘[01m[Kchar*[m[K’ [[01;35m[K-Wwrite-strings[m[K]
[1.431s]    29 |             system(sprintf([01;35m[K"sudo ifconfig can%d down"[m[K, channel));
[1.431s]       |                            [01;35m[K^~~~~~~~~~~~~~~~~~~~~~~~~~[m[K
[1.431s] [01m[K/home/corey/ros2_ws/src/Cubemars_AK_Series_Driver/ak_series_driver/include/ak_series_driver/can_communication.hpp:29:56:[m[K [01;31m[Kerror: [m[Kinvalid conversion from ‘[01m[Kint[m[K’ to ‘[01m[Kconst char*[m[K’ [[01;31m[K-fpermissive[m[K]
[1.431s]    29 |             system(sprintf("sudo ifconfig can%d down", [01;31m[Kchannel[m[K));
[1.431s]       |                                                        [01;31m[K^~~~~~~[m[K
[1.432s]       |                                                        [01;31m[K|[m[K
[1.432s]       |                                                        [01;31m[Kint[m[K
[1.432s] In file included from [01m[K/home/corey/ros2_ws/src/Cubemars_AK_Series_Driver/ak_series_driver/src/test_node.cpp:1[m[K:
[1.432s] [01m[K/usr/include/stdio.h:335:30:[m[K [01;36m[Knote: [m[K  initializing argument 2 of ‘[01m[Kint sprintf(char*, const char*, ...)[m[K’
[1.432s]   335 |       [01;36m[Kconst char *__restrict __format[m[K, ...) __THROWNL;
[1.432s]       |       [01;36m[K~~~~~~~~~~~~~~~~~~~~~~~^~~~~~~~[m[K
[1.432s] In file included from [01m[K/home/corey/ros2_ws/src/Cubemars_AK_Series_Driver/ak_series_driver/src/test_node.cpp:14[m[K:
[1.432s] [01m[K/home/corey/ros2_ws/src/Cubemars_AK_Series_Driver/ak_series_driver/include/ak_series_driver/can_communication.hpp:29:63:[m[K [01;35m[Kwarning: [m[Kformat not a string literal and no format arguments [[01;35m[K-Wformat-security[m[K]
[1.432s]    29 |             system(sprintf("sudo ifconfig can%d down", channel[01;35m[K)[m[K);
[1.432s]       |                                                               [01;35m[K^[m[K
[1.432s] [01m[K/home/corey/ros2_ws/src/Cubemars_AK_Series_Driver/ak_series_driver/include/ak_series_driver/can_communication.hpp:29:27:[m[K [01;31m[Kerror: [m[Kinvalid conversion from ‘[01m[Kint[m[K’ to ‘[01m[Kconst char*[m[K’ [[01;31m[K-fpermissive[m[K]
[1.432s]    29 |             system([01;31m[Ksprintf("sudo ifconfig can%d down", channel)[m[K);
[1.432s]       |                    [01;31m[K~~~~~~~^~~~~~~~~~~~~~~~~~~~~~~~~~~~~~~~~~~~~[m[K
[1.432s]       |                           [01;31m[K|[m[K
[1.432s]       |                           [01;31m[Kint[m[K
[1.432s] In file included from [01m[K/usr/include/c++/9/cstdlib:75[m[K,
[1.432s]                  from [01m[K/usr/include/c++/9/stdlib.h:36[m[K,
[1.432s]                  from [01m[K/home/corey/ros2_ws/src/Cubemars_AK_Series_Driver/ak_series_driver/src/test_node.cpp:2[m[K:
[1.432s] [01m[K/usr/include/stdlib.h:784:32:[m[K [01;36m[Knote: [m[K  initializing argument 1 of ‘[01m[Kint system(const char*)[m[K’
[1.432s]   784 | extern int system ([01;36m[Kconst char *__command[m[K) __wur;
[1.433s]       |                    [01;36m[K~~~~~~~~~~~~^~~~~~~~~[m[K
[1.433s] In file included from [01m[K/home/corey/ros2_ws/src/Cubemars_AK_Series_Driver/ak_series_driver/src/test_node.cpp:14[m[K:
[1.433s] [01m[K/home/corey/ros2_ws/src/Cubemars_AK_Series_Driver/ak_series_driver/include/ak_series_driver/can_communication.hpp:30:28:[m[K [01;35m[Kwarning: [m[KISO C++ forbids converting a string constant to ‘[01m[Kchar*[m[K’ [[01;35m[K-Wwrite-strings[m[K]
[1.433s]    30 |             system(sprintf([01;35m[K"sudo ip link set can%d type can bitrate %d"[m[K, channel, bitrate));
[1.433s]       |                            [01;35m[K^~~~~~~~~~~~~~~~~~~~~~~~~~~~~~~~~~~~~~~~~~~~[m[K
[1.433s] [01m[K/home/corey/ros2_ws/src/Cubemars_AK_Series_Driver/ak_series_driver/include/ak_series_driver/can_communication.hpp:30:74:[m[K [01;31m[Kerror: [m[Kinvalid conversion from ‘[01m[Kint[m[K’ to ‘[01m[Kconst char*[m[K’ [[01;31m[K-fpermissive[m[K]
[1.433s]    30 |             system(sprintf("sudo ip link set can%d type can bitrate %d", [01;31m[Kchannel[m[K, bitrate));
[1.433s]       |                                                                          [01;31m[K^~~~~~~[m[K
[1.433s]       |                                                                          [01;31m[K|[m[K
[1.433s]       |                                                                          [01;31m[Kint[m[K
[1.433s] In file included from [01m[K/home/corey/ros2_ws/src/Cubemars_AK_Series_Driver/ak_series_driver/src/test_node.cpp:1[m[K:
[1.433s] [01m[K/usr/include/stdio.h:335:30:[m[K [01;36m[Knote: [m[K  initializing argument 2 of ‘[01m[Kint sprintf(char*, const char*, ...)[m[K’
[1.433s]   335 |       [01;36m[Kconst char *__restrict __format[m[K, ...) __THROWNL;
[1.433s]       |       [01;36m[K~~~~~~~~~~~~~~~~~~~~~~~^~~~~~~~[m[K
[1.433s] In file included from [01m[K/home/corey/ros2_ws/src/Cubemars_AK_Series_Driver/ak_series_driver/src/test_node.cpp:14[m[K:
[1.433s] [01m[K/home/corey/ros2_ws/src/Cubemars_AK_Series_Driver/ak_series_driver/include/ak_series_driver/can_communication.hpp:30:27:[m[K [01;31m[Kerror: [m[Kinvalid conversion from ‘[01m[Kint[m[K’ to ‘[01m[Kconst char*[m[K’ [[01;31m[K-fpermissive[m[K]
[1.433s]    30 |             system([01;31m[Ksprintf("sudo ip link set can%d type can bitrate %d", channel, bitrate)[m[K);
[1.433s]       |                    [01;31m[K~~~~~~~^~~~~~~~~~~~~~~~~~~~~~~~~~~~~~~~~~~~~~~~~~~~~~~~~~~~~~~~~~~~~~~~[m[K
[1.433s]       |                           [01;31m[K|[m[K
[1.434s]       |                           [01;31m[Kint[m[K
[1.434s] In file included from [01m[K/usr/include/c++/9/cstdlib:75[m[K,
[1.434s]                  from [01m[K/usr/include/c++/9/stdlib.h:36[m[K,
[1.434s]                  from [01m[K/home/corey/ros2_ws/src/Cubemars_AK_Series_Driver/ak_series_driver/src/test_node.cpp:2[m[K:
[1.434s] [01m[K/usr/include/stdlib.h:784:32:[m[K [01;36m[Knote: [m[K  initializing argument 1 of ‘[01m[Kint system(const char*)[m[K’
[1.434s]   784 | extern int system ([01;36m[Kconst char *__command[m[K) __wur;
[1.434s]       |                    [01;36m[K~~~~~~~~~~~~^~~~~~~~~[m[K
[1.434s] In file included from [01m[K/home/corey/ros2_ws/src/Cubemars_AK_Series_Driver/ak_series_driver/src/test_node.cpp:14[m[K:
[1.434s] [01m[K/home/corey/ros2_ws/src/Cubemars_AK_Series_Driver/ak_series_driver/include/ak_series_driver/can_communication.hpp:31:28:[m[K [01;35m[Kwarning: [m[KISO C++ forbids converting a string constant to ‘[01m[Kchar*[m[K’ [[01;35m[K-Wwrite-strings[m[K]
[1.434s]    31 |             system(sprintf([01;35m[K"sudo ifconfig can%d up"[m[K, channel));
[1.434s]       |                            [01;35m[K^~~~~~~~~~~~~~~~~~~~~~~~[m[K
[1.434s] [01m[K/home/corey/ros2_ws/src/Cubemars_AK_Series_Driver/ak_series_driver/include/ak_series_driver/can_communication.hpp:31:54:[m[K [01;31m[Kerror: [m[Kinvalid conversion from ‘[01m[Kint[m[K’ to ‘[01m[Kconst char*[m[K’ [[01;31m[K-fpermissive[m[K]
[1.434s]    31 |             system(sprintf("sudo ifconfig can%d up", [01;31m[Kchannel[m[K));
[1.434s]       |                                                      [01;31m[K^~~~~~~[m[K
[1.434s]       |                                                      [01;31m[K|[m[K
[1.434s]       |                                                      [01;31m[Kint[m[K
[1.435s] In file included from [01m[K/home/corey/ros2_ws/src/Cubemars_AK_Series_Driver/ak_series_driver/src/test_node.cpp:1[m[K:
[1.435s] [01m[K/usr/include/stdio.h:335:30:[m[K [01;36m[Knote: [m[K  initializing argument 2 of ‘[01m[Kint sprintf(char*, const char*, ...)[m[K’
[1.435s]   335 |       [01;36m[Kconst char *__restrict __format[m[K, ...) __THROWNL;
[1.435s]       |       [01;36m[K~~~~~~~~~~~~~~~~~~~~~~~^~~~~~~~[m[K
[1.435s] In file included from [01m[K/home/corey/ros2_ws/src/Cubemars_AK_Series_Driver/ak_series_driver/src/test_node.cpp:14[m[K:
[1.435s] [01m[K/home/corey/ros2_ws/src/Cubemars_AK_Series_Driver/ak_series_driver/include/ak_series_driver/can_communication.hpp:31:61:[m[K [01;35m[Kwarning: [m[Kformat not a string literal and no format arguments [[01;35m[K-Wformat-security[m[K]
[1.435s]    31 |             system(sprintf("sudo ifconfig can%d up", channel[01;35m[K)[m[K);
[1.435s]       |                                                             [01;35m[K^[m[K
[1.435s] [01m[K/home/corey/ros2_ws/src/Cubemars_AK_Series_Driver/ak_series_driver/include/ak_series_driver/can_communication.hpp:31:27:[m[K [01;31m[Kerror: [m[Kinvalid conversion from ‘[01m[Kint[m[K’ to ‘[01m[Kconst char*[m[K’ [[01;31m[K-fpermissive[m[K]
[1.435s]    31 |             system([01;31m[Ksprintf("sudo ifconfig can%d up", channel)[m[K);
[1.435s]       |                    [01;31m[K~~~~~~~^~~~~~~~~~~~~~~~~~~~~~~~~~~~~~~~~~~[m[K
[1.435s]       |                           [01;31m[K|[m[K
[1.435s]       |                           [01;31m[Kint[m[K
[1.435s] In file included from [01m[K/usr/include/c++/9/cstdlib:75[m[K,
[1.435s]                  from [01m[K/usr/include/c++/9/stdlib.h:36[m[K,
[1.435s]                  from [01m[K/home/corey/ros2_ws/src/Cubemars_AK_Series_Driver/ak_series_driver/src/test_node.cpp:2[m[K:
[1.435s] [01m[K/usr/include/stdlib.h:784:32:[m[K [01;36m[Knote: [m[K  initializing argument 1 of ‘[01m[Kint system(const char*)[m[K’
[1.435s]   784 | extern int system ([01;36m[Kconst char *__command[m[K) __wur;
[1.435s]       |                    [01;36m[K~~~~~~~~~~~~^~~~~~~~~[m[K
[1.893s] make[2]: *** [CMakeFiles/ak_series_driver.dir/build.make:76: CMakeFiles/ak_series_driver.dir/src/test_node.cpp.o] Error 1
[1.893s] make[1]: *** [CMakeFiles/Makefile2:139: CMakeFiles/ak_series_driver.dir/all] Error 2
[1.893s] make: *** [Makefile:146: all] Error 2
[1.897s] Invoked command in '/home/corey/ros2_ws/build/ak_series_driver' returned '2': CMAKE_PREFIX_PATH=${CMAKE_PREFIX_PATH}:/opt/ros/galactic /home/corey/.local/bin/cmake --build /home/corey/ros2_ws/build/ak_series_driver -- -j16 -l16
