[ 25%] [32mBuilding CXX object CMakeFiles/ak_series_driver.dir/src/test_node.cpp.o[0m
In file included from [01m[K/home/corey/ros2_ws/src/Cubemars_AK_Series_Driver/ak_series_driver/src/test_node.cpp:14[m[K:
[01m[K/home/corey/ros2_ws/src/Cubemars_AK_Series_Driver/ak_series_driver/include/ak_series_driver/can_communication.hpp:68:55:[m[K [01;31m[Kerror: [m[Kexpected ‘[01m[K,[m[K’ or ‘[01m[K...[m[K’ before ‘[01m[K*[m[K’ token
   68 |         void write(uint8_t can_id, int can_dlc, int[] [01;31m[K*[m[Kdata)
      |                                                       [01;31m[K^[m[K
[01m[K/home/corey/ros2_ws/src/Cubemars_AK_Series_Driver/ak_series_driver/include/ak_series_driver/can_communication.hpp:[m[K In member function ‘[01m[Kvoid CanCommunication::write(uint8_t, int, int*)[m[K’:
[01m[K/home/corey/ros2_ws/src/Cubemars_AK_Series_Driver/ak_series_driver/include/ak_series_driver/can_communication.hpp:74:33:[m[K [01;31m[Kerror: [m[K‘[01m[Kdata[m[K’ was not declared in this scope; did you mean ‘[01m[Kstd::data[m[K’?
   74 |                 frame.data[i] = [01;31m[Kdata[m[K[i];
      |                                 [01;31m[K^~~~[m[K
      |                                 [32m[Kstd::data[m[K
In file included from [01m[K/usr/include/c++/9/string:54[m[K,
                 from [01m[K/opt/ros/galactic/include/ament_index_cpp/get_package_share_directory.hpp:18[m[K,
                 from [01m[K/home/corey/ros2_ws/src/Cubemars_AK_Series_Driver/ak_series_driver/src/test_node.cpp:11[m[K:
[01m[K/usr/include/c++/9/bits/range_access.h:318:5:[m[K [01;36m[Knote: [m[K‘[01m[Kstd::data[m[K’ declared here
  318 |     [01;36m[Kdata[m[K(initializer_list<_Tp> __il) noexcept
      |     [01;36m[K^~~~[m[K
In file included from [01m[K/home/corey/ros2_ws/src/Cubemars_AK_Series_Driver/ak_series_driver/src/test_node.cpp:14[m[K:
[01m[K/home/corey/ros2_ws/src/Cubemars_AK_Series_Driver/ak_series_driver/include/ak_series_driver/can_communication.hpp:88:31:[m[K [01;31m[Kerror: [m[Kinvalid conversion from ‘[01m[Kcan_frame*[m[K’ to ‘[01m[Kint[m[K’ [[01;31m[K-fpermissive[m[K]
   88 |             nbytes = write(s, [01;31m[K&frame[m[K, sizeof(frame));
      |                               [01;31m[K^~~~~~[m[K
      |                               [01;31m[K|[m[K
      |                               [01;31m[Kcan_frame*[m[K
[01m[K/home/corey/ros2_ws/src/Cubemars_AK_Series_Driver/ak_series_driver/include/ak_series_driver/can_communication.hpp:68:40:[m[K [01;36m[Knote: [m[K  initializing argument 2 of ‘[01m[Kvoid CanCommunication::write(uint8_t, int, int*)[m[K’
   68 |         void write(uint8_t can_id, [01;36m[Kint can_dlc[m[K, int[] *data)
      |                                    [01;36m[K~~~~^~~~~~~[m[K
[01m[K/home/corey/ros2_ws/src/Cubemars_AK_Series_Driver/ak_series_driver/include/ak_series_driver/can_communication.hpp:88:39:[m[K [01;31m[Kerror: [m[Kinvalid conversion from ‘[01m[Klong unsigned int[m[K’ to ‘[01m[Kint*[m[K’ [[01;31m[K-fpermissive[m[K]
   88 |             nbytes = write(s, &frame, [01;31m[Ksizeof(frame)[m[K);
      |                                       [01;31m[K^~~~~~~~~~~~~[m[K
      |                                       [01;31m[K|[m[K
      |                                       [01;31m[Klong unsigned int[m[K
[01m[K/home/corey/ros2_ws/src/Cubemars_AK_Series_Driver/ak_series_driver/include/ak_series_driver/can_communication.hpp:68:49:[m[K [01;36m[Knote: [m[K  initializing argument 3 of ‘[01m[Kvoid CanCommunication::write(uint8_t, int, int*)[m[K’
   68 |         void write(uint8_t can_id, int can_dlc, [01;36m[Kint[][m[K *data)
      |                                                 [01;36m[K^~~~~[m[K
[01m[K/home/corey/ros2_ws/src/Cubemars_AK_Series_Driver/ak_series_driver/include/ak_series_driver/can_communication.hpp:88:27:[m[K [01;31m[Kerror: [m[Kvoid value not ignored as it ought to be
   88 |             nbytes = [01;31m[Kwrite(s, &frame, sizeof(frame))[m[K;
      |                      [01;31m[K~~~~~^~~~~~~~~~~~~~~~~~~~~~~~~~[m[K
make[2]: *** [CMakeFiles/ak_series_driver.dir/build.make:76: CMakeFiles/ak_series_driver.dir/src/test_node.cpp.o] Error 1
make[1]: *** [CMakeFiles/Makefile2:139: CMakeFiles/ak_series_driver.dir/all] Error 2
make: *** [Makefile:146: all] Error 2
