[0.178s] DEBUG:colcon:Command line arguments: ['/usr/bin/colcon', 'build', '--symlink-install']
[0.178s] DEBUG:colcon:Parsed command line arguments: Namespace(allow_overriding=[], ament_cmake_args=None, base_paths=['.'], build_base='build', catkin_cmake_args=None, catkin_skip_building_tests=False, cmake_args=None, cmake_clean_cache=False, cmake_clean_first=False, cmake_force_configure=False, cmake_target=None, cmake_target_skip_unavailable=False, continue_on_error=False, event_handlers=None, executor='parallel', ignore_user_meta=False, install_base='install', log_base=None, log_level=None, main=<bound method BuildVerb.main of <colcon_core.verb.build.BuildVerb object at 0x7fe8a8103a30>>, merge_install=False, metas=['./colcon.meta'], mixin=None, mixin_files=None, mixin_verb=('build',), packages_above=None, packages_above_and_dependencies=None, packages_above_depth=None, packages_end=None, packages_ignore=None, packages_ignore_regex=None, packages_select=None, packages_select_build_failed=False, packages_select_by_dep=None, packages_select_regex=None, packages_select_test_failures=False, packages_skip=None, packages_skip_build_finished=False, packages_skip_by_dep=None, packages_skip_regex=None, packages_skip_test_passed=False, packages_skip_up_to=None, packages_start=None, packages_up_to=None, packages_up_to_regex=None, parallel_workers=16, paths=None, symlink_install=True, test_result_base=None, verb_extension=<colcon_core.verb.build.BuildVerb object at 0x7fe8a8103a30>, verb_name='build', verb_parser=<colcon_mixin.mixin.mixin_argument.MixinArgumentDecorator object at 0x7fe8a8095250>)
[0.307s] Level 1:colcon.colcon_core.package_discovery:discover_packages(colcon_meta) check parameters
[0.308s] Level 1:colcon.colcon_core.package_discovery:discover_packages(recursive) check parameters
[0.308s] Level 1:colcon.colcon_core.package_discovery:discover_packages(ignore) check parameters
[0.308s] Level 1:colcon.colcon_core.package_discovery:discover_packages(path) check parameters
[0.308s] Level 1:colcon.colcon_core.package_discovery:discover_packages(colcon_meta) discover
[0.308s] Level 1:colcon.colcon_core.package_discovery:discover_packages(recursive) discover
[0.308s] INFO:colcon.colcon_core.package_discovery:Crawling recursively for packages in '/home/corey/Cubemars_AK_Series_Driver'
[0.308s] Level 1:colcon.colcon_core.package_identification:_identify(.) by extensions ['ignore', 'ignore_ament_install']
[0.308s] Level 1:colcon.colcon_core.package_identification:_identify(.) by extension 'ignore'
[0.308s] Level 1:colcon.colcon_core.package_identification:_identify(.) by extension 'ignore_ament_install'
[0.308s] Level 1:colcon.colcon_core.package_identification:_identify(.) by extensions ['colcon_pkg']
[0.308s] Level 1:colcon.colcon_core.package_identification:_identify(.) by extension 'colcon_pkg'
[0.308s] Level 1:colcon.colcon_core.package_identification:_identify(.) by extensions ['colcon_meta']
[0.308s] Level 1:colcon.colcon_core.package_identification:_identify(.) by extension 'colcon_meta'
[0.308s] Level 1:colcon.colcon_core.package_identification:_identify(.) by extensions ['ros']
[0.308s] Level 1:colcon.colcon_core.package_identification:_identify(.) by extension 'ros'
[0.316s] Level 1:colcon.colcon_core.package_identification:_identify(.) by extensions ['cmake', 'python']
[0.317s] Level 1:colcon.colcon_core.package_identification:_identify(.) by extension 'cmake'
[0.317s] Level 1:colcon.colcon_core.package_identification:_identify(.) by extension 'python'
[0.317s] Level 1:colcon.colcon_core.package_identification:_identify(.) by extensions ['python_setup_py']
[0.317s] Level 1:colcon.colcon_core.package_identification:_identify(.) by extension 'python_setup_py'
[0.317s] Level 1:colcon.colcon_core.package_identification:_identify(build) by extensions ['ignore', 'ignore_ament_install']
[0.317s] Level 1:colcon.colcon_core.package_identification:_identify(build) by extension 'ignore'
[0.317s] Level 1:colcon.colcon_core.package_identification:_identify(build) ignored
[0.317s] Level 1:colcon.colcon_core.package_identification:_identify(dependencies) by extensions ['ignore', 'ignore_ament_install']
[0.317s] Level 1:colcon.colcon_core.package_identification:_identify(dependencies) by extension 'ignore'
[0.317s] Level 1:colcon.colcon_core.package_identification:_identify(dependencies) by extension 'ignore_ament_install'
[0.317s] Level 1:colcon.colcon_core.package_identification:_identify(dependencies) by extensions ['colcon_pkg']
[0.317s] Level 1:colcon.colcon_core.package_identification:_identify(dependencies) by extension 'colcon_pkg'
[0.317s] Level 1:colcon.colcon_core.package_identification:_identify(dependencies) by extensions ['colcon_meta']
[0.317s] Level 1:colcon.colcon_core.package_identification:_identify(dependencies) by extension 'colcon_meta'
[0.317s] Level 1:colcon.colcon_core.package_identification:_identify(dependencies) by extensions ['ros']
[0.317s] Level 1:colcon.colcon_core.package_identification:_identify(dependencies) by extension 'ros'
[0.317s] Level 1:colcon.colcon_core.package_identification:_identify(dependencies) by extensions ['cmake', 'python']
[0.317s] Level 1:colcon.colcon_core.package_identification:_identify(dependencies) by extension 'cmake'
[0.317s] Level 1:colcon.colcon_core.package_identification:_identify(dependencies) by extension 'python'
[0.317s] Level 1:colcon.colcon_core.package_identification:_identify(dependencies) by extensions ['python_setup_py']
[0.318s] Level 1:colcon.colcon_core.package_identification:_identify(dependencies) by extension 'python_setup_py'
[0.318s] Level 1:colcon.colcon_core.package_identification:_identify(install) by extensions ['ignore', 'ignore_ament_install']
[0.318s] Level 1:colcon.colcon_core.package_identification:_identify(install) by extension 'ignore'
[0.318s] Level 1:colcon.colcon_core.package_identification:_identify(install) ignored
[0.318s] Level 1:colcon.colcon_core.package_identification:_identify(log) by extensions ['ignore', 'ignore_ament_install']
[0.318s] Level 1:colcon.colcon_core.package_identification:_identify(log) by extension 'ignore'
[0.318s] Level 1:colcon.colcon_core.package_identification:_identify(log) ignored
[0.318s] Level 1:colcon.colcon_core.package_identification:_identify(src) by extensions ['ignore', 'ignore_ament_install']
[0.318s] Level 1:colcon.colcon_core.package_identification:_identify(src) by extension 'ignore'
[0.318s] Level 1:colcon.colcon_core.package_identification:_identify(src) by extension 'ignore_ament_install'
[0.318s] Level 1:colcon.colcon_core.package_identification:_identify(src) by extensions ['colcon_pkg']
[0.318s] Level 1:colcon.colcon_core.package_identification:_identify(src) by extension 'colcon_pkg'
[0.318s] Level 1:colcon.colcon_core.package_identification:_identify(src) by extensions ['colcon_meta']
[0.318s] Level 1:colcon.colcon_core.package_identification:_identify(src) by extension 'colcon_meta'
[0.318s] Level 1:colcon.colcon_core.package_identification:_identify(src) by extensions ['ros']
[0.318s] Level 1:colcon.colcon_core.package_identification:_identify(src) by extension 'ros'
[0.318s] Level 1:colcon.colcon_core.package_identification:_identify(src) by extensions ['cmake', 'python']
[0.319s] Level 1:colcon.colcon_core.package_identification:_identify(src) by extension 'cmake'
[0.319s] Level 1:colcon.colcon_core.package_identification:_identify(src) by extension 'python'
[0.319s] Level 1:colcon.colcon_core.package_identification:_identify(src) by extensions ['python_setup_py']
[0.319s] Level 1:colcon.colcon_core.package_identification:_identify(src) by extension 'python_setup_py'
[0.319s] Level 1:colcon.colcon_core.package_identification:_identify(src/ak_series_driver) by extensions ['ignore', 'ignore_ament_install']
[0.319s] Level 1:colcon.colcon_core.package_identification:_identify(src/ak_series_driver) by extension 'ignore'
[0.319s] Level 1:colcon.colcon_core.package_identification:_identify(src/ak_series_driver) by extension 'ignore_ament_install'
[0.319s] Level 1:colcon.colcon_core.package_identification:_identify(src/ak_series_driver) by extensions ['colcon_pkg']
[0.319s] Level 1:colcon.colcon_core.package_identification:_identify(src/ak_series_driver) by extension 'colcon_pkg'
[0.319s] Level 1:colcon.colcon_core.package_identification:_identify(src/ak_series_driver) by extensions ['colcon_meta']
[0.319s] Level 1:colcon.colcon_core.package_identification:_identify(src/ak_series_driver) by extension 'colcon_meta'
[0.319s] Level 1:colcon.colcon_core.package_identification:_identify(src/ak_series_driver) by extensions ['ros']
[0.319s] Level 1:colcon.colcon_core.package_identification:_identify(src/ak_series_driver) by extension 'ros'
[0.321s] DEBUG:colcon.colcon_core.package_identification:Package 'src/ak_series_driver' with type 'ros.ament_cmake' and name 'ak_series_driver'
[0.321s] Level 1:colcon.colcon_core.package_identification:_identify(src/control) by extensions ['ignore', 'ignore_ament_install']
[0.321s] Level 1:colcon.colcon_core.package_identification:_identify(src/control) by extension 'ignore'
[0.321s] Level 1:colcon.colcon_core.package_identification:_identify(src/control) by extension 'ignore_ament_install'
[0.321s] Level 1:colcon.colcon_core.package_identification:_identify(src/control) by extensions ['colcon_pkg']
[0.321s] Level 1:colcon.colcon_core.package_identification:_identify(src/control) by extension 'colcon_pkg'
[0.321s] Level 1:colcon.colcon_core.package_identification:_identify(src/control) by extensions ['colcon_meta']
[0.321s] Level 1:colcon.colcon_core.package_identification:_identify(src/control) by extension 'colcon_meta'
[0.321s] Level 1:colcon.colcon_core.package_identification:_identify(src/control) by extensions ['ros']
[0.321s] Level 1:colcon.colcon_core.package_identification:_identify(src/control) by extension 'ros'
[0.322s] DEBUG:colcon.colcon_core.package_identification:Package 'src/control' with type 'ros.ament_python' and name 'control'
[0.322s] Level 1:colcon.colcon_core.package_discovery:discover_packages(recursive) using defaults
[0.322s] Level 1:colcon.colcon_core.package_discovery:discover_packages(ignore) discover
[0.322s] Level 1:colcon.colcon_core.package_discovery:discover_packages(ignore) using defaults
[0.322s] Level 1:colcon.colcon_core.package_discovery:discover_packages(path) discover
[0.322s] Level 1:colcon.colcon_core.package_discovery:discover_packages(path) using defaults
[0.333s] Level 1:colcon.colcon_core.package_discovery:discover_packages(prefix_path) check parameters
[0.333s] Level 1:colcon.colcon_core.package_discovery:discover_packages(prefix_path) discover
[0.334s] DEBUG:colcon.colcon_installed_package_information.package_discovery:Found 2 installed packages in /home/corey/Cubemars_AK_Series_Driver/install
[0.336s] DEBUG:colcon.colcon_installed_package_information.package_discovery:Found 351 installed packages in /opt/ros/galactic
[0.338s] Level 1:colcon.colcon_core.package_discovery:discover_packages(prefix_path) using defaults
[0.401s] Level 5:colcon.colcon_core.verb:set package 'ak_series_driver' build argument 'cmake_args' from command line to 'None'
[0.401s] Level 5:colcon.colcon_core.verb:set package 'ak_series_driver' build argument 'cmake_target' from command line to 'None'
[0.401s] Level 5:colcon.colcon_core.verb:set package 'ak_series_driver' build argument 'cmake_target_skip_unavailable' from command line to 'False'
[0.401s] Level 5:colcon.colcon_core.verb:set package 'ak_series_driver' build argument 'cmake_clean_cache' from command line to 'False'
[0.401s] Level 5:colcon.colcon_core.verb:set package 'ak_series_driver' build argument 'cmake_clean_first' from command line to 'False'
[0.401s] Level 5:colcon.colcon_core.verb:set package 'ak_series_driver' build argument 'cmake_force_configure' from command line to 'False'
[0.401s] Level 5:colcon.colcon_core.verb:set package 'ak_series_driver' build argument 'ament_cmake_args' from command line to 'None'
[0.401s] Level 5:colcon.colcon_core.verb:set package 'ak_series_driver' build argument 'catkin_cmake_args' from command line to 'None'
[0.401s] Level 5:colcon.colcon_core.verb:set package 'ak_series_driver' build argument 'catkin_skip_building_tests' from command line to 'False'
[0.401s] DEBUG:colcon.colcon_core.verb:Building package 'ak_series_driver' with the following arguments: {'ament_cmake_args': None, 'build_base': '/home/corey/Cubemars_AK_Series_Driver/build/ak_series_driver', 'catkin_cmake_args': None, 'catkin_skip_building_tests': False, 'cmake_args': None, 'cmake_clean_cache': False, 'cmake_clean_first': False, 'cmake_force_configure': False, 'cmake_target': None, 'cmake_target_skip_unavailable': False, 'install_base': '/home/corey/Cubemars_AK_Series_Driver/install/ak_series_driver', 'merge_install': False, 'path': '/home/corey/Cubemars_AK_Series_Driver/src/ak_series_driver', 'symlink_install': True, 'test_result_base': None}
[0.402s] Level 5:colcon.colcon_core.verb:set package 'control' build argument 'cmake_args' from command line to 'None'
[0.402s] Level 5:colcon.colcon_core.verb:set package 'control' build argument 'cmake_target' from command line to 'None'
[0.402s] Level 5:colcon.colcon_core.verb:set package 'control' build argument 'cmake_target_skip_unavailable' from command line to 'False'
[0.402s] Level 5:colcon.colcon_core.verb:set package 'control' build argument 'cmake_clean_cache' from command line to 'False'
[0.402s] Level 5:colcon.colcon_core.verb:set package 'control' build argument 'cmake_clean_first' from command line to 'False'
[0.402s] Level 5:colcon.colcon_core.verb:set package 'control' build argument 'cmake_force_configure' from command line to 'False'
[0.402s] Level 5:colcon.colcon_core.verb:set package 'control' build argument 'ament_cmake_args' from command line to 'None'
[0.402s] Level 5:colcon.colcon_core.verb:set package 'control' build argument 'catkin_cmake_args' from command line to 'None'
[0.402s] Level 5:colcon.colcon_core.verb:set package 'control' build argument 'catkin_skip_building_tests' from command line to 'False'
[0.402s] DEBUG:colcon.colcon_core.verb:Building package 'control' with the following arguments: {'ament_cmake_args': None, 'build_base': '/home/corey/Cubemars_AK_Series_Driver/build/control', 'catkin_cmake_args': None, 'catkin_skip_building_tests': False, 'cmake_args': None, 'cmake_clean_cache': False, 'cmake_clean_first': False, 'cmake_force_configure': False, 'cmake_target': None, 'cmake_target_skip_unavailable': False, 'install_base': '/home/corey/Cubemars_AK_Series_Driver/install/control', 'merge_install': False, 'path': '/home/corey/Cubemars_AK_Series_Driver/src/control', 'symlink_install': True, 'test_result_base': None}
[0.402s] INFO:colcon.colcon_core.executor:Executing jobs using 'parallel' executor
[0.403s] DEBUG:colcon.colcon_parallel_executor.executor.parallel:run_until_complete
[0.403s] INFO:colcon.colcon_ros.task.ament_cmake.build:Building ROS package in '/home/corey/Cubemars_AK_Series_Driver/src/ak_series_driver' with build type 'ament_cmake'
[0.403s] INFO:colcon.colcon_cmake.task.cmake.build:Building CMake package in '/home/corey/Cubemars_AK_Series_Driver/src/ak_series_driver'
[0.404s] INFO:colcon.colcon_core.plugin_system:Skipping extension 'colcon_core.shell.bat': Not used on non-Windows systems
[0.405s] INFO:colcon.colcon_core.shell:Skip shell extension 'powershell' for command environment: Not usable outside of PowerShell
[0.405s] DEBUG:colcon.colcon_core.shell:Skip shell extension 'dsv' for command environment
[0.408s] INFO:colcon.colcon_ros.task.ament_python.build:Building ROS package in '/home/corey/Cubemars_AK_Series_Driver/src/control' with build type 'ament_python'
[0.408s] Level 1:colcon.colcon_core.shell:create_environment_hook('control', 'ament_prefix_path')
[0.409s] INFO:colcon.colcon_core.shell:Creating environment hook '/home/corey/Cubemars_AK_Series_Driver/install/control/share/control/hook/ament_prefix_path.ps1'
[0.410s] INFO:colcon.colcon_core.shell:Creating environment descriptor '/home/corey/Cubemars_AK_Series_Driver/install/control/share/control/hook/ament_prefix_path.dsv'
[0.410s] INFO:colcon.colcon_core.shell:Creating environment hook '/home/corey/Cubemars_AK_Series_Driver/install/control/share/control/hook/ament_prefix_path.sh'
[0.411s] INFO:colcon.colcon_core.shell:Skip shell extension 'powershell' for command environment: Not usable outside of PowerShell
[0.411s] DEBUG:colcon.colcon_core.shell:Skip shell extension 'dsv' for command environment
[0.418s] DEBUG:colcon.colcon_core.event_handler.log_command:Invoking command in '/home/corey/Cubemars_AK_Series_Driver/build/ak_series_driver': CMAKE_PREFIX_PATH=${CMAKE_PREFIX_PATH}:/home/corey/Cubemars_AK_Series_Driver/install/control:/opt/ros/galactic /home/corey/.local/bin/cmake --build /home/corey/Cubemars_AK_Series_Driver/build/ak_series_driver -- -j16 -l16
[0.612s] INFO:colcon.colcon_core.task.python.build:Building Python package in '/home/corey/Cubemars_AK_Series_Driver/src/control'
[0.612s] INFO:colcon.colcon_core.shell:Skip shell extension 'powershell' for command environment: Not usable outside of PowerShell
[0.612s] DEBUG:colcon.colcon_core.shell:Skip shell extension 'dsv' for command environment
[0.968s] DEBUG:colcon.colcon_core.event_handler.log_command:Invoking command in '/home/corey/Cubemars_AK_Series_Driver/build/control': PYTHONPATH=/home/corey/Cubemars_AK_Series_Driver/build/control/prefix_override:/usr/lib/python3/dist-packages/colcon_core/task/python/colcon_distutils_commands:/home/corey/Cubemars_AK_Series_Driver/install/control/lib/python3.8/site-packages:${PYTHONPATH} /usr/bin/python3 -W ignore:setup.py install is deprecated setup.py develop --editable --build-directory /home/corey/Cubemars_AK_Series_Driver/build/control/build --no-deps symlink_data
[1.381s] Level 1:colcon.colcon_core.shell:create_environment_hook('control', 'pythonpath_develop')
[1.381s] INFO:colcon.colcon_core.shell:Creating environment hook '/home/corey/Cubemars_AK_Series_Driver/build/control/share/control/hook/pythonpath_develop.ps1'
[1.382s] DEBUG:colcon.colcon_core.event_handler.log_command:Invoked command in '/home/corey/Cubemars_AK_Series_Driver/build/control' returned '0': PYTHONPATH=/home/corey/Cubemars_AK_Series_Driver/build/control/prefix_override:/usr/lib/python3/dist-packages/colcon_core/task/python/colcon_distutils_commands:/home/corey/Cubemars_AK_Series_Driver/install/control/lib/python3.8/site-packages:${PYTHONPATH} /usr/bin/python3 -W ignore:setup.py install is deprecated setup.py develop --editable --build-directory /home/corey/Cubemars_AK_Series_Driver/build/control/build --no-deps symlink_data
[1.382s] INFO:colcon.colcon_core.shell:Creating environment descriptor '/home/corey/Cubemars_AK_Series_Driver/build/control/share/control/hook/pythonpath_develop.dsv'
[1.382s] INFO:colcon.colcon_core.shell:Creating environment hook '/home/corey/Cubemars_AK_Series_Driver/build/control/share/control/hook/pythonpath_develop.sh'
[1.385s] Level 1:colcon.colcon_core.environment:checking '/home/corey/Cubemars_AK_Series_Driver/install/control' for CMake module files
[1.385s] Level 1:colcon.colcon_core.environment:checking '/home/corey/Cubemars_AK_Series_Driver/install/control' for CMake config files
[1.385s] Level 1:colcon.colcon_core.environment:checking '/home/corey/Cubemars_AK_Series_Driver/install/control/lib'
[1.386s] Level 1:colcon.colcon_core.environment:checking '/home/corey/Cubemars_AK_Series_Driver/install/control/bin'
[1.386s] Level 1:colcon.colcon_core.environment:checking '/home/corey/Cubemars_AK_Series_Driver/install/control/lib/pkgconfig/control.pc'
[1.386s] Level 1:colcon.colcon_core.environment:checking '/home/corey/Cubemars_AK_Series_Driver/install/control/lib/python3.8/site-packages'
[1.386s] Level 1:colcon.colcon_core.shell:create_environment_hook('control', 'pythonpath')
[1.386s] INFO:colcon.colcon_core.shell:Creating environment hook '/home/corey/Cubemars_AK_Series_Driver/install/control/share/control/hook/pythonpath.ps1'
[1.386s] INFO:colcon.colcon_core.shell:Creating environment descriptor '/home/corey/Cubemars_AK_Series_Driver/install/control/share/control/hook/pythonpath.dsv'
[1.387s] INFO:colcon.colcon_core.shell:Creating environment hook '/home/corey/Cubemars_AK_Series_Driver/install/control/share/control/hook/pythonpath.sh'
[1.387s] Level 1:colcon.colcon_core.environment:checking '/home/corey/Cubemars_AK_Series_Driver/install/control/bin'
[1.387s] Level 1:colcon.colcon_core.environment:create_environment_scripts_only(control)
[1.388s] INFO:colcon.colcon_core.shell:Creating package script '/home/corey/Cubemars_AK_Series_Driver/install/control/share/control/package.ps1'
[1.388s] INFO:colcon.colcon_core.shell:Creating package descriptor '/home/corey/Cubemars_AK_Series_Driver/install/control/share/control/package.dsv'
[1.389s] INFO:colcon.colcon_core.shell:Creating package script '/home/corey/Cubemars_AK_Series_Driver/install/control/share/control/package.sh'
[1.389s] INFO:colcon.colcon_core.shell:Creating package script '/home/corey/Cubemars_AK_Series_Driver/install/control/share/control/package.bash'
[1.390s] INFO:colcon.colcon_core.shell:Creating package script '/home/corey/Cubemars_AK_Series_Driver/install/control/share/control/package.zsh'
[1.390s] Level 1:colcon.colcon_core.environment:create_file_with_runtime_dependencies(/home/corey/Cubemars_AK_Series_Driver/install/control/share/colcon-core/packages/control)
[11.738s] DEBUG:colcon.colcon_core.event_handler.log_command:Invoked command in '/home/corey/Cubemars_AK_Series_Driver/build/ak_series_driver' returned '0': CMAKE_PREFIX_PATH=${CMAKE_PREFIX_PATH}:/home/corey/Cubemars_AK_Series_Driver/install/control:/opt/ros/galactic /home/corey/.local/bin/cmake --build /home/corey/Cubemars_AK_Series_Driver/build/ak_series_driver -- -j16 -l16
[11.800s] DEBUG:colcon.colcon_core.event_handler.log_command:Invoking command in '/home/corey/Cubemars_AK_Series_Driver/build/ak_series_driver': CMAKE_PREFIX_PATH=${CMAKE_PREFIX_PATH}:/home/corey/Cubemars_AK_Series_Driver/install/control:/opt/ros/galactic /home/corey/.local/bin/cmake --install /home/corey/Cubemars_AK_Series_Driver/build/ak_series_driver
[11.835s] Level 1:colcon.colcon_core.environment:create_environment_scripts_only(ak_series_driver)
[11.835s] Level 1:colcon.colcon_core.environment:checking '/home/corey/Cubemars_AK_Series_Driver/install/ak_series_driver' for CMake module files
[11.836s] DEBUG:colcon.colcon_core.event_handler.log_command:Invoked command in '/home/corey/Cubemars_AK_Series_Driver/build/ak_series_driver' returned '0': CMAKE_PREFIX_PATH=${CMAKE_PREFIX_PATH}:/home/corey/Cubemars_AK_Series_Driver/install/control:/opt/ros/galactic /home/corey/.local/bin/cmake --install /home/corey/Cubemars_AK_Series_Driver/build/ak_series_driver
[11.836s] Level 1:colcon.colcon_core.environment:checking '/home/corey/Cubemars_AK_Series_Driver/install/ak_series_driver' for CMake config files
[11.837s] Level 1:colcon.colcon_core.shell:create_environment_hook('ak_series_driver', 'cmake_prefix_path')
[11.837s] INFO:colcon.colcon_core.shell:Creating environment hook '/home/corey/Cubemars_AK_Series_Driver/install/ak_series_driver/share/ak_series_driver/hook/cmake_prefix_path.ps1'
[11.837s] INFO:colcon.colcon_core.shell:Creating environment descriptor '/home/corey/Cubemars_AK_Series_Driver/install/ak_series_driver/share/ak_series_driver/hook/cmake_prefix_path.dsv'
[11.838s] INFO:colcon.colcon_core.shell:Creating environment hook '/home/corey/Cubemars_AK_Series_Driver/install/ak_series_driver/share/ak_series_driver/hook/cmake_prefix_path.sh'
[11.838s] Level 1:colcon.colcon_core.environment:checking '/home/corey/Cubemars_AK_Series_Driver/install/ak_series_driver/lib'
[11.838s] Level 1:colcon.colcon_core.environment:checking '/home/corey/Cubemars_AK_Series_Driver/install/ak_series_driver/bin'
[11.838s] Level 1:colcon.colcon_core.environment:checking '/home/corey/Cubemars_AK_Series_Driver/install/ak_series_driver/lib/pkgconfig/ak_series_driver.pc'
[11.839s] Level 1:colcon.colcon_core.environment:checking '/home/corey/Cubemars_AK_Series_Driver/install/ak_series_driver/lib/python3.8/site-packages'
[11.839s] Level 1:colcon.colcon_core.environment:checking '/home/corey/Cubemars_AK_Series_Driver/install/ak_series_driver/bin'
[11.839s] INFO:colcon.colcon_core.shell:Creating package script '/home/corey/Cubemars_AK_Series_Driver/install/ak_series_driver/share/ak_series_driver/package.ps1'
[11.839s] INFO:colcon.colcon_core.shell:Creating package descriptor '/home/corey/Cubemars_AK_Series_Driver/install/ak_series_driver/share/ak_series_driver/package.dsv'
[11.840s] INFO:colcon.colcon_core.shell:Creating package script '/home/corey/Cubemars_AK_Series_Driver/install/ak_series_driver/share/ak_series_driver/package.sh'
[11.840s] INFO:colcon.colcon_core.shell:Creating package script '/home/corey/Cubemars_AK_Series_Driver/install/ak_series_driver/share/ak_series_driver/package.bash'
[11.840s] INFO:colcon.colcon_core.shell:Creating package script '/home/corey/Cubemars_AK_Series_Driver/install/ak_series_driver/share/ak_series_driver/package.zsh'
[11.840s] Level 1:colcon.colcon_core.environment:create_file_with_runtime_dependencies(/home/corey/Cubemars_AK_Series_Driver/install/ak_series_driver/share/colcon-core/packages/ak_series_driver)
[11.877s] Level 1:colcon.colcon_core.environment:create_environment_scripts_only(ak_series_driver)
[11.877s] Level 1:colcon.colcon_core.environment:checking '/home/corey/Cubemars_AK_Series_Driver/install/ak_series_driver' for CMake module files
[11.878s] Level 1:colcon.colcon_core.environment:checking '/home/corey/Cubemars_AK_Series_Driver/install/ak_series_driver' for CMake config files
[11.878s] Level 1:colcon.colcon_core.shell:create_environment_hook('ak_series_driver', 'cmake_prefix_path')
[11.878s] INFO:colcon.colcon_core.shell:Creating environment hook '/home/corey/Cubemars_AK_Series_Driver/install/ak_series_driver/share/ak_series_driver/hook/cmake_prefix_path.ps1'
[11.879s] INFO:colcon.colcon_core.shell:Creating environment descriptor '/home/corey/Cubemars_AK_Series_Driver/install/ak_series_driver/share/ak_series_driver/hook/cmake_prefix_path.dsv'
[11.879s] INFO:colcon.colcon_core.shell:Creating environment hook '/home/corey/Cubemars_AK_Series_Driver/install/ak_series_driver/share/ak_series_driver/hook/cmake_prefix_path.sh'
[11.879s] Level 1:colcon.colcon_core.environment:checking '/home/corey/Cubemars_AK_Series_Driver/install/ak_series_driver/lib'
[11.879s] Level 1:colcon.colcon_core.environment:checking '/home/corey/Cubemars_AK_Series_Driver/install/ak_series_driver/bin'
[11.879s] Level 1:colcon.colcon_core.environment:checking '/home/corey/Cubemars_AK_Series_Driver/install/ak_series_driver/lib/pkgconfig/ak_series_driver.pc'
[11.880s] Level 1:colcon.colcon_core.environment:checking '/home/corey/Cubemars_AK_Series_Driver/install/ak_series_driver/lib/python3.8/site-packages'
[11.880s] Level 1:colcon.colcon_core.environment:checking '/home/corey/Cubemars_AK_Series_Driver/install/ak_series_driver/bin'
[11.880s] INFO:colcon.colcon_core.shell:Creating package script '/home/corey/Cubemars_AK_Series_Driver/install/ak_series_driver/share/ak_series_driver/package.ps1'
[11.880s] INFO:colcon.colcon_core.shell:Creating package descriptor '/home/corey/Cubemars_AK_Series_Driver/install/ak_series_driver/share/ak_series_driver/package.dsv'
[11.881s] INFO:colcon.colcon_core.shell:Creating package script '/home/corey/Cubemars_AK_Series_Driver/install/ak_series_driver/share/ak_series_driver/package.sh'
[11.881s] INFO:colcon.colcon_core.shell:Creating package script '/home/corey/Cubemars_AK_Series_Driver/install/ak_series_driver/share/ak_series_driver/package.bash'
[11.881s] INFO:colcon.colcon_core.shell:Creating package script '/home/corey/Cubemars_AK_Series_Driver/install/ak_series_driver/share/ak_series_driver/package.zsh'
[11.882s] Level 1:colcon.colcon_core.environment:create_file_with_runtime_dependencies(/home/corey/Cubemars_AK_Series_Driver/install/ak_series_driver/share/colcon-core/packages/ak_series_driver)
[11.882s] DEBUG:colcon.colcon_parallel_executor.executor.parallel:closing loop
[11.882s] DEBUG:colcon.colcon_parallel_executor.executor.parallel:loop closed
[11.882s] DEBUG:colcon.colcon_parallel_executor.executor.parallel:run_until_complete finished with '0'
[11.883s] DEBUG:colcon.colcon_core.event_reactor:joining thread
[11.888s] INFO:colcon.colcon_core.plugin_system:Skipping extension 'colcon_notification.desktop_notification.terminal_notifier': Not used on non-Darwin systems
[11.888s] INFO:colcon.colcon_core.plugin_system:Skipping extension 'colcon_notification.desktop_notification.win32': Not used on non-Windows systems
[11.888s] INFO:colcon.colcon_notification.desktop_notification:Sending desktop notification using 'notify2'
[11.896s] DEBUG:colcon.colcon_core.event_reactor:joined thread
[11.896s] INFO:colcon.colcon_core.shell:Creating prefix script '/home/corey/Cubemars_AK_Series_Driver/install/local_setup.ps1'
[11.897s] INFO:colcon.colcon_core.shell:Creating prefix util module '/home/corey/Cubemars_AK_Series_Driver/install/_local_setup_util_ps1.py'
[11.898s] INFO:colcon.colcon_core.shell:Creating prefix chain script '/home/corey/Cubemars_AK_Series_Driver/install/setup.ps1'
[11.899s] INFO:colcon.colcon_core.shell:Creating prefix script '/home/corey/Cubemars_AK_Series_Driver/install/local_setup.sh'
[11.899s] INFO:colcon.colcon_core.shell:Creating prefix util module '/home/corey/Cubemars_AK_Series_Driver/install/_local_setup_util_sh.py'
[11.899s] INFO:colcon.colcon_core.shell:Creating prefix chain script '/home/corey/Cubemars_AK_Series_Driver/install/setup.sh'
[11.900s] INFO:colcon.colcon_core.shell:Creating prefix script '/home/corey/Cubemars_AK_Series_Driver/install/local_setup.bash'
[11.900s] INFO:colcon.colcon_core.shell:Creating prefix chain script '/home/corey/Cubemars_AK_Series_Driver/install/setup.bash'
[11.901s] INFO:colcon.colcon_core.shell:Creating prefix script '/home/corey/Cubemars_AK_Series_Driver/install/local_setup.zsh'
[11.902s] INFO:colcon.colcon_core.shell:Creating prefix chain script '/home/corey/Cubemars_AK_Series_Driver/install/setup.zsh'
