[0.009s] Invoking command in '/home/corey/Cubemars_AK_Series_Driver/build/ak_series_driver': CMAKE_PREFIX_PATH=${CMAKE_PREFIX_PATH}:/home/corey/Cubemars_AK_Series_Driver/install/control:/opt/ros/galactic /usr/bin/cmake --build /home/corey/Cubemars_AK_Series_Driver/build/ak_series_driver -- -j32 -l32
[0.034s] [35m[1mScanning dependencies of target ak_series_driver[0m
[0.048s] [ 16%] [32mBuilding CXX object CMakeFiles/ak_series_driver.dir/src/single_motor.cpp.o[0m
[0.722s] In file included from [01m[K/home/corey/Cubemars_AK_Series_Driver/src/ak_series_driver/src/single_motor.cpp:18[m[K:
[0.722s] [01m[K/home/corey/Cubemars_AK_Series_Driver/src/ak_series_driver/include/ak_series_driver/can_communication.hpp:[m[K In member function ‘[01m[Kvoid CanCommunication::send_cmd(uint8_t, uint8_t, uint8_t*)[m[K’:
[0.722s] [01m[K/home/corey/Cubemars_AK_Series_Driver/src/ak_series_driver/include/ak_series_driver/can_communication.hpp:81:31:[m[K [01;35m[Kwarning: [m[Kcomparison of integer expressions of different signedness: ‘[01m[Kint[m[K’ and ‘[01m[Klong unsigned int[m[K’ [[01;35m[K-Wsign-compare[m[K]
[0.722s]    81 |             for (int i = 0; [01;35m[Ki < sizeof(data)[m[K; i++)
[0.722s]       |                             [01;35m[K~~^~~~~~~~~~~~~~[m[K
[0.722s] [01m[K/home/corey/Cubemars_AK_Series_Driver/src/ak_series_driver/include/ak_series_driver/can_communication.hpp:89:20:[m[K [01;31m[Kerror: [m[Kinvalid conversion from ‘[01m[Kint[m[K’ to ‘[01m[Kconst char*[m[K’ [[01;31m[K-fpermissive[m[K]
[0.722s]    89 |             printf([01;31m[Knbytes[m[K);
[0.723s]       |                    [01;31m[K^~~~~~[m[K
[0.723s]       |                    [01;31m[K|[m[K
[0.723s]       |                    [01;31m[Kint[m[K
[0.723s] In file included from [01m[K/home/corey/Cubemars_AK_Series_Driver/src/ak_series_driver/src/single_motor.cpp:1[m[K:
[0.723s] [01m[K/usr/include/stdio.h:332:43:[m[K [01;36m[Knote: [m[K  initializing argument 1 of ‘[01m[Kint printf(const char*, ...)[m[K’
[0.723s]   332 | extern int printf ([01;36m[Kconst char *__restrict __format[m[K, ...);
[0.723s]       |                    [01;36m[K~~~~~~~~~~~~~~~~~~~~~~~^~~~~~~~[m[K
[0.723s] In file included from [01m[K/home/corey/Cubemars_AK_Series_Driver/src/ak_series_driver/src/single_motor.cpp:18[m[K:
[0.723s] [01m[K/home/corey/Cubemars_AK_Series_Driver/src/ak_series_driver/include/ak_series_driver/can_communication.hpp:89:26:[m[K [01;35m[Kwarning: [m[Kformat not a string literal and no format arguments [[01;35m[K-Wformat-security[m[K]
[0.723s]    89 |             printf(nbytes[01;35m[K)[m[K;
[0.723s]       |                          [01;35m[K^[m[K
[0.723s] In file included from [01m[K/home/corey/Cubemars_AK_Series_Driver/src/ak_series_driver/src/single_motor.cpp:19[m[K:
[0.723s] [01m[K/home/corey/Cubemars_AK_Series_Driver/src/ak_series_driver/include/ak_series_driver/ak_driver.hpp:[m[K In member function ‘[01m[Kvoid AKDriver::comm_can_transmit_eid(uint32_t, const uint8_t*, uint8_t)[m[K’:
[0.723s] [01m[K/home/corey/Cubemars_AK_Series_Driver/src/ak_series_driver/include/ak_series_driver/ak_driver.hpp:131:31:[m[K [01;35m[Kwarning: [m[Kcomparison of integer expressions of different signedness: ‘[01m[Kint[m[K’ and ‘[01m[Klong unsigned int[m[K’ [[01;35m[K-Wsign-compare[m[K]
[0.723s]   131 |             for (int i = 0; [01;35m[Ki < sizeof(msg)[m[K; i++)
[0.724s]       |                             [01;35m[K~~^~~~~~~~~~~~~[m[K
[0.724s] [01m[K/home/corey/Cubemars_AK_Series_Driver/src/ak_series_driver/include/ak_series_driver/ak_driver.hpp:128:45:[m[K [01;35m[Kwarning: [m[Kunused parameter ‘[01m[Kid[m[K’ [[01;35m[K-Wunused-parameter[m[K]
[0.724s]   128 |         void comm_can_transmit_eid([01;35m[Kuint32_t id[m[K, const uint8_t *data, uint8_t len) {
[0.724s]       |                                    [01;35m[K~~~~~~~~~^~[m[K
[0.724s] [01m[K/home/corey/Cubemars_AK_Series_Driver/src/ak_series_driver/include/ak_series_driver/ak_driver.hpp:128:78:[m[K [01;35m[Kwarning: [m[Kunused parameter ‘[01m[Klen[m[K’ [[01;35m[K-Wunused-parameter[m[K]
[0.724s]   128 |         void comm_can_transmit_eid(uint32_t id, const uint8_t *data, [01;35m[Kuint8_t len[m[K) {
[0.724s]       |                                                                      [01;35m[K~~~~~~~~^~~[m[K
[1.702s] make[2]: *** [CMakeFiles/ak_series_driver.dir/build.make:63: CMakeFiles/ak_series_driver.dir/src/single_motor.cpp.o] Error 1
[1.702s] make[1]: *** [CMakeFiles/Makefile2:136: CMakeFiles/ak_series_driver.dir/all] Error 2
[1.702s] make: *** [Makefile:141: all] Error 2
[1.705s] Invoked command in '/home/corey/Cubemars_AK_Series_Driver/build/ak_series_driver' returned '2': CMAKE_PREFIX_PATH=${CMAKE_PREFIX_PATH}:/home/corey/Cubemars_AK_Series_Driver/install/control:/opt/ros/galactic /usr/bin/cmake --build /home/corey/Cubemars_AK_Series_Driver/build/ak_series_driver -- -j32 -l32
