[0.009s] Invoking command in '/home/corey/Cubemars_AK_Series_Driver/build/ak_series_driver': CMAKE_PREFIX_PATH=${CMAKE_PREFIX_PATH}:/home/corey/Cubemars_AK_Series_Driver/install/control:/opt/ros/galactic /usr/bin/cmake --build /home/corey/Cubemars_AK_Series_Driver/build/ak_series_driver -- -j32 -l32
[0.032s] [35m[1mScanning dependencies of target ak_series_driver[0m
[0.045s] [ 16%] [32mBuilding CXX object CMakeFiles/ak_series_driver.dir/src/single_motor.cpp.o[0m
[0.739s] In file included from [01m[K/home/corey/Cubemars_AK_Series_Driver/src/ak_series_driver/src/single_motor.cpp:18[m[K:
[0.739s] [01m[K/home/corey/Cubemars_AK_Series_Driver/src/ak_series_driver/include/ak_series_driver/can_communication.hpp:[m[K In member function ‘[01m[Kvoid CanCommunication::send_cmd(uint32_t, uint8_t, uint8_t*)[m[K’:
[0.739s] [01m[K/home/corey/Cubemars_AK_Series_Driver/src/ak_series_driver/include/ak_series_driver/can_communication.hpp:84:32:[m[K [01;35m[Kwarning: [m[Kunused parameter ‘[01m[Kcan_id[m[K’ [[01;35m[K-Wunused-parameter[m[K]
[0.739s]    84 |         void send_cmd([01;35m[Kuint32_t can_id[m[K, uint8_t can_dlc, uint8_t *data)
[0.739s]       |                       [01;35m[K~~~~~~~~~^~~~~~[m[K
[3.109s] [ 33%] [32m[1mLinking CXX shared library libak_series_driver.so[0m
[3.265s] [ 33%] Built target ak_series_driver
[3.273s] [35m[1mScanning dependencies of target dual[0m
[3.273s] [35m[1mScanning dependencies of target single[0m
[3.287s] [ 66%] [32mBuilding CXX object CMakeFiles/single.dir/src/single_motor.cpp.o[0m
[3.287s] [ 66%] [32mBuilding CXX object CMakeFiles/dual.dir/src/dual_motor.cpp.o[0m
[4.029s] In file included from [01m[K/home/corey/Cubemars_AK_Series_Driver/src/ak_series_driver/src/single_motor.cpp:18[m[K:
[4.029s] [01m[K/home/corey/Cubemars_AK_Series_Driver/src/ak_series_driver/include/ak_series_driver/can_communication.hpp:[m[K In member function ‘[01m[Kvoid CanCommunication::send_cmd(uint32_t, uint8_t, uint8_t*)[m[K’:
[4.029s] [01m[K/home/corey/Cubemars_AK_Series_Driver/src/ak_series_driver/include/ak_series_driver/can_communication.hpp:84:32:[m[K [01;35m[Kwarning: [m[Kunused parameter ‘[01m[Kcan_id[m[K’ [[01;35m[K-Wunused-parameter[m[K]
[4.029s]    84 |         void send_cmd([01;35m[Kuint32_t can_id[m[K, uint8_t can_dlc, uint8_t *data)
[4.029s]       |                       [01;35m[K~~~~~~~~~^~~~~~[m[K
[4.029s] In file included from [01m[K/home/corey/Cubemars_AK_Series_Driver/src/ak_series_driver/src/dual_motor.cpp:18[m[K:
[4.029s] [01m[K/home/corey/Cubemars_AK_Series_Driver/src/ak_series_driver/include/ak_series_driver/can_communication.hpp:[m[K In member function ‘[01m[Kvoid CanCommunication::send_cmd(uint32_t, uint8_t, uint8_t*)[m[K’:
[4.029s] [01m[K/home/corey/Cubemars_AK_Series_Driver/src/ak_series_driver/include/ak_series_driver/can_communication.hpp:84:32:[m[K [01;35m[Kwarning: [m[Kunused parameter ‘[01m[Kcan_id[m[K’ [[01;35m[K-Wunused-parameter[m[K]
[4.029s]    84 |         void send_cmd([01;35m[Kuint32_t can_id[m[K, uint8_t can_dlc, uint8_t *data)
[4.029s]       |                       [01;35m[K~~~~~~~~~^~~~~~[m[K
[6.536s] [ 83%] [32m[1mLinking CXX executable dual[0m
[6.540s] [100%] [32m[1mLinking CXX executable single[0m
[6.696s] [100%] Built target dual
[6.699s] [100%] Built target single
[6.707s] Invoked command in '/home/corey/Cubemars_AK_Series_Driver/build/ak_series_driver' returned '0': CMAKE_PREFIX_PATH=${CMAKE_PREFIX_PATH}:/home/corey/Cubemars_AK_Series_Driver/install/control:/opt/ros/galactic /usr/bin/cmake --build /home/corey/Cubemars_AK_Series_Driver/build/ak_series_driver -- -j32 -l32
[6.723s] Invoking command in '/home/corey/Cubemars_AK_Series_Driver/build/ak_series_driver': CMAKE_PREFIX_PATH=${CMAKE_PREFIX_PATH}:/home/corey/Cubemars_AK_Series_Driver/install/control:/opt/ros/galactic /usr/bin/cmake --install /home/corey/Cubemars_AK_Series_Driver/build/ak_series_driver
[6.726s] -- Install configuration: ""
[6.726s] -- Execute custom install script
[6.726s] -- Up-to-date symlink: /home/corey/Cubemars_AK_Series_Driver/install/ak_series_driver/lib/ak_series_driver/libak_series_driver.so
[6.727s] -- Up-to-date symlink: /home/corey/Cubemars_AK_Series_Driver/install/ak_series_driver/include/ak_series_driver//ak_driver.hpp
[6.727s] -- Up-to-date symlink: /home/corey/Cubemars_AK_Series_Driver/install/ak_series_driver/include/ak_series_driver//can_communication.hpp
[6.727s] -- Up-to-date symlink: /home/corey/Cubemars_AK_Series_Driver/install/ak_series_driver/include/ak_series_driver//mit_params.hpp
[6.727s] -- Up-to-date symlink: /home/corey/Cubemars_AK_Series_Driver/install/ak_series_driver/include/ak_series_driver//motor.hpp
[6.727s] -- Up-to-date symlink: /home/corey/Cubemars_AK_Series_Driver/install/ak_series_driver/lib/ak_series_driver/single
[6.727s] -- Up-to-date symlink: /home/corey/Cubemars_AK_Series_Driver/install/ak_series_driver/lib/ak_series_driver/dual
[6.727s] -- Up-to-date symlink: /home/corey/Cubemars_AK_Series_Driver/install/ak_series_driver/share/ak_series_driver/environment/library_path.sh
[6.727s] -- Up-to-date symlink: /home/corey/Cubemars_AK_Series_Driver/install/ak_series_driver/share/ak_series_driver/environment/library_path.dsv
[6.727s] -- Up-to-date symlink: /home/corey/Cubemars_AK_Series_Driver/install/ak_series_driver/share/ament_index/resource_index/package_run_dependencies/ak_series_driver
[6.728s] -- Up-to-date symlink: /home/corey/Cubemars_AK_Series_Driver/install/ak_series_driver/share/ament_index/resource_index/parent_prefix_path/ak_series_driver
[6.728s] -- Up-to-date symlink: /home/corey/Cubemars_AK_Series_Driver/install/ak_series_driver/share/ak_series_driver/environment/ament_prefix_path.sh
[6.728s] -- Up-to-date symlink: /home/corey/Cubemars_AK_Series_Driver/install/ak_series_driver/share/ak_series_driver/environment/ament_prefix_path.dsv
[6.728s] -- Up-to-date symlink: /home/corey/Cubemars_AK_Series_Driver/install/ak_series_driver/share/ak_series_driver/environment/path.sh
[6.728s] -- Up-to-date symlink: /home/corey/Cubemars_AK_Series_Driver/install/ak_series_driver/share/ak_series_driver/environment/path.dsv
[6.728s] -- Up-to-date symlink: /home/corey/Cubemars_AK_Series_Driver/install/ak_series_driver/share/ak_series_driver/local_setup.bash
[6.728s] -- Up-to-date symlink: /home/corey/Cubemars_AK_Series_Driver/install/ak_series_driver/share/ak_series_driver/local_setup.sh
[6.729s] -- Up-to-date symlink: /home/corey/Cubemars_AK_Series_Driver/install/ak_series_driver/share/ak_series_driver/local_setup.zsh
[6.729s] -- Up-to-date symlink: /home/corey/Cubemars_AK_Series_Driver/install/ak_series_driver/share/ak_series_driver/local_setup.dsv
[6.729s] -- Symlinking: /home/corey/Cubemars_AK_Series_Driver/install/ak_series_driver/share/ak_series_driver/package.dsv
[6.733s] -- Up-to-date symlink: /home/corey/Cubemars_AK_Series_Driver/install/ak_series_driver/share/ament_index/resource_index/packages/ak_series_driver
[6.733s] -- Up-to-date symlink: /home/corey/Cubemars_AK_Series_Driver/install/ak_series_driver/share/ak_series_driver/cmake/ament_cmake_export_include_directories-extras.cmake
[6.733s] -- Up-to-date symlink: /home/corey/Cubemars_AK_Series_Driver/install/ak_series_driver/share/ak_series_driver/cmake/ament_cmake_export_libraries-extras.cmake
[6.733s] -- Up-to-date symlink: /home/corey/Cubemars_AK_Series_Driver/install/ak_series_driver/share/ak_series_driver/cmake/ament_cmake_export_dependencies-extras.cmake
[6.733s] -- Up-to-date symlink: /home/corey/Cubemars_AK_Series_Driver/install/ak_series_driver/share/ak_series_driver/cmake/ak_series_driverConfig.cmake
[6.734s] -- Up-to-date symlink: /home/corey/Cubemars_AK_Series_Driver/install/ak_series_driver/share/ak_series_driver/cmake/ak_series_driverConfig-version.cmake
[6.734s] -- Up-to-date symlink: /home/corey/Cubemars_AK_Series_Driver/install/ak_series_driver/share/ak_series_driver/package.xml
[6.735s] Invoked command in '/home/corey/Cubemars_AK_Series_Driver/build/ak_series_driver' returned '0': CMAKE_PREFIX_PATH=${CMAKE_PREFIX_PATH}:/home/corey/Cubemars_AK_Series_Driver/install/control:/opt/ros/galactic /usr/bin/cmake --install /home/corey/Cubemars_AK_Series_Driver/build/ak_series_driver
