[0.009s] Invoking command in '/home/corey/Cubemars_AK_Series_Driver/build/ak_series_driver': CMAKE_PREFIX_PATH=${CMAKE_PREFIX_PATH}:/home/corey/Cubemars_AK_Series_Driver/install/control:/opt/ros/galactic /usr/bin/cmake --build /home/corey/Cubemars_AK_Series_Driver/build/ak_series_driver -- -j32 -l32
[0.033s] [35m[1mScanning dependencies of target ak_series_driver[0m
[0.047s] [ 16%] [32mBuilding CXX object CMakeFiles/ak_series_driver.dir/src/single_motor.cpp.o[0m
[0.900s] In file included from [01m[K/home/corey/Cubemars_AK_Series_Driver/src/ak_series_driver/src/single_motor.cpp:19[m[K:
[0.900s] [01m[K/home/corey/Cubemars_AK_Series_Driver/src/ak_series_driver/include/ak_series_driver/ak_driver.hpp:[m[K In member function ‘[01m[Kstd::string AKDriver::GetCmdOutput(const char*)[m[K’:
[0.900s] [01m[K/home/corey/Cubemars_AK_Series_Driver/src/ak_series_driver/include/ak_series_driver/ak_driver.hpp:143:29:[m[K [01;31m[Kerror: [m[K‘[01m[Kruntime_error[m[K’ was not declared in this scope; did you mean ‘[01m[Kstd::runtime_error[m[K’?
[0.900s]   143 |             if(!pipe) throw [01;31m[Kruntime_error[m[K("popen() failed!");
[0.900s]       |                             [01;31m[K^~~~~~~~~~~~~[m[K
[0.900s]       |                             [32m[Kstd::runtime_error[m[K
[0.900s] In file included from [01m[K/usr/include/c++/9/array:39[m[K,
[0.900s]                  from [01m[K/usr/include/c++/9/tuple:39[m[K,
[0.900s]                  from [01m[K/usr/include/c++/9/bits/unique_ptr.h:37[m[K,
[0.900s]                  from [01m[K/usr/include/c++/9/memory:80[m[K,
[0.900s]                  from [01m[K/usr/include/c++/9/thread:39[m[K,
[0.900s]                  from [01m[K/home/corey/Cubemars_AK_Series_Driver/src/ak_series_driver/src/single_motor.cpp:11[m[K:
[0.900s] [01m[K/usr/include/c++/9/stdexcept:219:9:[m[K [01;36m[Knote: [m[K‘[01m[Kstd::runtime_error[m[K’ declared here
[0.900s]   219 |   class [01;36m[Kruntime_error[m[K : public exception
[0.901s]       |         [01;36m[K^~~~~~~~~~~~~[m[K
[1.852s] make[2]: *** [CMakeFiles/ak_series_driver.dir/build.make:63: CMakeFiles/ak_series_driver.dir/src/single_motor.cpp.o] Error 1
[1.853s] make[1]: *** [CMakeFiles/Makefile2:136: CMakeFiles/ak_series_driver.dir/all] Error 2
[1.853s] make: *** [Makefile:141: all] Error 2
[1.854s] Invoked command in '/home/corey/Cubemars_AK_Series_Driver/build/ak_series_driver' returned '2': CMAKE_PREFIX_PATH=${CMAKE_PREFIX_PATH}:/home/corey/Cubemars_AK_Series_Driver/install/control:/opt/ros/galactic /usr/bin/cmake --build /home/corey/Cubemars_AK_Series_Driver/build/ak_series_driver -- -j32 -l32
