[0.015s] Invoking command in '/home/corey/Cubemars_AK_Series_Driver/build/ak_series_driver': CMAKE_PREFIX_PATH=/opt/ros/galactic /home/corey/.local/bin/cmake --build /home/corey/Cubemars_AK_Series_Driver/build/ak_series_driver -- -j16 -l16
[0.060s] [35m[1mScanning dependencies of target ak_series_driver[0m
[0.080s] [ 16%] [32mBuilding CXX object CMakeFiles/ak_series_driver.dir/src/single_motor.cpp.o[0m
[1.308s] In file included from [01m[K/home/corey/Cubemars_AK_Series_Driver/src/ak_series_driver/include/ak_series_driver/can_communication.hpp:16[m[K,
[1.308s]                  from [01m[K/home/corey/Cubemars_AK_Series_Driver/src/ak_series_driver/src/single_motor.cpp:18[m[K:
[1.308s] [01m[K/home/corey/Cubemars_AK_Series_Driver/src/ak_series_driver/include/ak_series_driver/stm32f10x_can.h:28:3:[m[K [01;31m[Kerror: [m[K‘[01m[KFunctionalState[m[K’ does not name a type
[1.308s]    28 |   [01;31m[KFunctionalState[m[K CAN_TTCM;
[1.308s]       |   [01;31m[K^~~~~~~~~~~~~~~[m[K
[1.310s] [01m[K/home/corey/Cubemars_AK_Series_Driver/src/ak_series_driver/include/ak_series_driver/stm32f10x_can.h:29:3:[m[K [01;31m[Kerror: [m[K‘[01m[KFunctionalState[m[K’ does not name a type
[1.310s]    29 |   [01;31m[KFunctionalState[m[K CAN_ABOM;
[1.310s]       |   [01;31m[K^~~~~~~~~~~~~~~[m[K
[1.312s] [01m[K/home/corey/Cubemars_AK_Series_Driver/src/ak_series_driver/include/ak_series_driver/stm32f10x_can.h:30:3:[m[K [01;31m[Kerror: [m[K‘[01m[KFunctionalState[m[K’ does not name a type
[1.312s]    30 |   [01;31m[KFunctionalState[m[K CAN_AWUM;
[1.312s]       |   [01;31m[K^~~~~~~~~~~~~~~[m[K
[1.313s] [01m[K/home/corey/Cubemars_AK_Series_Driver/src/ak_series_driver/include/ak_series_driver/stm32f10x_can.h:31:3:[m[K [01;31m[Kerror: [m[K‘[01m[KFunctionalState[m[K’ does not name a type
[1.314s]    31 |   [01;31m[KFunctionalState[m[K CAN_NART;
[1.314s]       |   [01;31m[K^~~~~~~~~~~~~~~[m[K
[1.316s] [01m[K/home/corey/Cubemars_AK_Series_Driver/src/ak_series_driver/include/ak_series_driver/stm32f10x_can.h:32:3:[m[K [01;31m[Kerror: [m[K‘[01m[KFunctionalState[m[K’ does not name a type
[1.316s]    32 |   [01;31m[KFunctionalState[m[K CAN_RFLM;
[1.316s]       |   [01;31m[K^~~~~~~~~~~~~~~[m[K
[1.318s] [01m[K/home/corey/Cubemars_AK_Series_Driver/src/ak_series_driver/include/ak_series_driver/stm32f10x_can.h:33:3:[m[K [01;31m[Kerror: [m[K‘[01m[KFunctionalState[m[K’ does not name a type
[1.318s]    33 |   [01;31m[KFunctionalState[m[K CAN_TXFP;
[1.318s]       |   [01;31m[K^~~~~~~~~~~~~~~[m[K
[1.318s] [01m[K/home/corey/Cubemars_AK_Series_Driver/src/ak_series_driver/include/ak_series_driver/stm32f10x_can.h:34:3:[m[K [01;31m[Kerror: [m[K‘[01m[Ku8[m[K’ does not name a type
[1.318s]    34 |   [01;31m[Ku8[m[K CAN_Mode;
[1.318s]       |   [01;31m[K^~[m[K
[1.318s] [01m[K/home/corey/Cubemars_AK_Series_Driver/src/ak_series_driver/include/ak_series_driver/stm32f10x_can.h:35:3:[m[K [01;31m[Kerror: [m[K‘[01m[Ku8[m[K’ does not name a type
[1.318s]    35 |   [01;31m[Ku8[m[K CAN_SJW;
[1.319s]       |   [01;31m[K^~[m[K
[1.319s] [01m[K/home/corey/Cubemars_AK_Series_Driver/src/ak_series_driver/include/ak_series_driver/stm32f10x_can.h:36:3:[m[K [01;31m[Kerror: [m[K‘[01m[Ku8[m[K’ does not name a type
[1.319s]    36 |   [01;31m[Ku8[m[K CAN_BS1;
[1.319s]       |   [01;31m[K^~[m[K
[1.319s] [01m[K/home/corey/Cubemars_AK_Series_Driver/src/ak_series_driver/include/ak_series_driver/stm32f10x_can.h:37:3:[m[K [01;31m[Kerror: [m[K‘[01m[Ku8[m[K’ does not name a type
[1.319s]    37 |   [01;31m[Ku8[m[K CAN_BS2;
[1.319s]       |   [01;31m[K^~[m[K
[1.320s] [01m[K/home/corey/Cubemars_AK_Series_Driver/src/ak_series_driver/include/ak_series_driver/stm32f10x_can.h:38:3:[m[K [01;31m[Kerror: [m[K‘[01m[Ku16[m[K’ does not name a type
[1.320s]    38 |   [01;31m[Ku16[m[K CAN_Prescaler;
[1.320s]       |   [01;31m[K^~~[m[K
[1.320s] [01m[K/home/corey/Cubemars_AK_Series_Driver/src/ak_series_driver/include/ak_series_driver/stm32f10x_can.h:44:3:[m[K [01;31m[Kerror: [m[K‘[01m[Ku8[m[K’ does not name a type
[1.320s]    44 |   [01;31m[Ku8[m[K CAN_FilterNumber;
[1.320s]       |   [01;31m[K^~[m[K
[1.321s] [01m[K/home/corey/Cubemars_AK_Series_Driver/src/ak_series_driver/include/ak_series_driver/stm32f10x_can.h:45:3:[m[K [01;31m[Kerror: [m[K‘[01m[Ku8[m[K’ does not name a type
[1.321s]    45 |   [01;31m[Ku8[m[K CAN_FilterMode;
[1.321s]       |   [01;31m[K^~[m[K
[1.321s] [01m[K/home/corey/Cubemars_AK_Series_Driver/src/ak_series_driver/include/ak_series_driver/stm32f10x_can.h:46:3:[m[K [01;31m[Kerror: [m[K‘[01m[Ku8[m[K’ does not name a type
[1.321s]    46 |   [01;31m[Ku8[m[K CAN_FilterScale;
[1.321s]       |   [01;31m[K^~[m[K
[1.321s] [01m[K/home/corey/Cubemars_AK_Series_Driver/src/ak_series_driver/include/ak_series_driver/stm32f10x_can.h:47:3:[m[K [01;31m[Kerror: [m[K‘[01m[Ku16[m[K’ does not name a type
[1.321s]    47 |   [01;31m[Ku16[m[K CAN_FilterIdHigh;
[1.321s]       |   [01;31m[K^~~[m[K
[1.322s] [01m[K/home/corey/Cubemars_AK_Series_Driver/src/ak_series_driver/include/ak_series_driver/stm32f10x_can.h:48:3:[m[K [01;31m[Kerror: [m[K‘[01m[Ku16[m[K’ does not name a type
[1.322s]    48 |   [01;31m[Ku16[m[K CAN_FilterIdLow;
[1.322s]       |   [01;31m[K^~~[m[K
[1.322s] [01m[K/home/corey/Cubemars_AK_Series_Driver/src/ak_series_driver/include/ak_series_driver/stm32f10x_can.h:49:3:[m[K [01;31m[Kerror: [m[K‘[01m[Ku16[m[K’ does not name a type
[1.322s]    49 |   [01;31m[Ku16[m[K CAN_FilterMaskIdHigh;
[1.322s]       |   [01;31m[K^~~[m[K
[1.323s] [01m[K/home/corey/Cubemars_AK_Series_Driver/src/ak_series_driver/include/ak_series_driver/stm32f10x_can.h:50:3:[m[K [01;31m[Kerror: [m[K‘[01m[Ku16[m[K’ does not name a type
[1.323s]    50 |   [01;31m[Ku16[m[K CAN_FilterMaskIdLow;
[1.323s]       |   [01;31m[K^~~[m[K
[1.323s] [01m[K/home/corey/Cubemars_AK_Series_Driver/src/ak_series_driver/include/ak_series_driver/stm32f10x_can.h:51:3:[m[K [01;31m[Kerror: [m[K‘[01m[Ku16[m[K’ does not name a type
[1.323s]    51 |   [01;31m[Ku16[m[K CAN_FilterFIFOAssignment;
[1.323s]       |   [01;31m[K^~~[m[K
[1.325s] [01m[K/home/corey/Cubemars_AK_Series_Driver/src/ak_series_driver/include/ak_series_driver/stm32f10x_can.h:52:3:[m[K [01;31m[Kerror: [m[K‘[01m[KFunctionalState[m[K’ does not name a type
[1.325s]    52 |   [01;31m[KFunctionalState[m[K CAN_FilterActivation;
[1.325s]       |   [01;31m[K^~~~~~~~~~~~~~~[m[K
[1.326s] [01m[K/home/corey/Cubemars_AK_Series_Driver/src/ak_series_driver/include/ak_series_driver/stm32f10x_can.h:58:3:[m[K [01;31m[Kerror: [m[K‘[01m[Ku32[m[K’ does not name a type
[1.326s]    58 |   [01;31m[Ku32[m[K StdId;
[1.326s]       |   [01;31m[K^~~[m[K
[1.326s] [01m[K/home/corey/Cubemars_AK_Series_Driver/src/ak_series_driver/include/ak_series_driver/stm32f10x_can.h:59:3:[m[K [01;31m[Kerror: [m[K‘[01m[Ku32[m[K’ does not name a type
[1.326s]    59 |   [01;31m[Ku32[m[K ExtId;
[1.326s]       |   [01;31m[K^~~[m[K
[1.327s] [01m[K/home/corey/Cubemars_AK_Series_Driver/src/ak_series_driver/include/ak_series_driver/stm32f10x_can.h:60:3:[m[K [01;31m[Kerror: [m[K‘[01m[Ku8[m[K’ does not name a type
[1.327s]    60 |   [01;31m[Ku8[m[K IDE;
[1.327s]       |   [01;31m[K^~[m[K
[1.327s] [01m[K/home/corey/Cubemars_AK_Series_Driver/src/ak_series_driver/include/ak_series_driver/stm32f10x_can.h:61:3:[m[K [01;31m[Kerror: [m[K‘[01m[Ku8[m[K’ does not name a type
[1.327s]    61 |   [01;31m[Ku8[m[K RTR;
[1.327s]       |   [01;31m[K^~[m[K
[1.328s] [01m[K/home/corey/Cubemars_AK_Series_Driver/src/ak_series_driver/include/ak_series_driver/stm32f10x_can.h:62:3:[m[K [01;31m[Kerror: [m[K‘[01m[Ku8[m[K’ does not name a type
[1.328s]    62 |   [01;31m[Ku8[m[K DLC;
[1.329s]       |   [01;31m[K^~[m[K
[1.329s] [01m[K/home/corey/Cubemars_AK_Series_Driver/src/ak_series_driver/include/ak_series_driver/stm32f10x_can.h:63:3:[m[K [01;31m[Kerror: [m[K‘[01m[Ku8[m[K’ does not name a type
[1.329s]    63 |   [01;31m[Ku8[m[K Data[8];
[1.330s]       |   [01;31m[K^~[m[K
[1.330s] [01m[K/home/corey/Cubemars_AK_Series_Driver/src/ak_series_driver/include/ak_series_driver/stm32f10x_can.h:69:3:[m[K [01;31m[Kerror: [m[K‘[01m[Ku32[m[K’ does not name a type
[1.330s]    69 |   [01;31m[Ku32[m[K StdId;
[1.330s]       |   [01;31m[K^~~[m[K
[1.331s] [01m[K/home/corey/Cubemars_AK_Series_Driver/src/ak_series_driver/include/ak_series_driver/stm32f10x_can.h:70:3:[m[K [01;31m[Kerror: [m[K‘[01m[Ku32[m[K’ does not name a type
[1.331s]    70 |   [01;31m[Ku32[m[K ExtId;
[1.331s]       |   [01;31m[K^~~[m[K
[1.332s] [01m[K/home/corey/Cubemars_AK_Series_Driver/src/ak_series_driver/include/ak_series_driver/stm32f10x_can.h:71:3:[m[K [01;31m[Kerror: [m[K‘[01m[Ku8[m[K’ does not name a type
[1.332s]    71 |   [01;31m[Ku8[m[K IDE;
[1.332s]       |   [01;31m[K^~[m[K
[1.333s] [01m[K/home/corey/Cubemars_AK_Series_Driver/src/ak_series_driver/include/ak_series_driver/stm32f10x_can.h:72:3:[m[K [01;31m[Kerror: [m[K‘[01m[Ku8[m[K’ does not name a type
[1.333s]    72 |   [01;31m[Ku8[m[K RTR;
[1.333s]       |   [01;31m[K^~[m[K
[1.334s] [01m[K/home/corey/Cubemars_AK_Series_Driver/src/ak_series_driver/include/ak_series_driver/stm32f10x_can.h:73:3:[m[K [01;31m[Kerror: [m[K‘[01m[Ku8[m[K’ does not name a type
[1.334s]    73 |   [01;31m[Ku8[m[K DLC;
[1.334s]       |   [01;31m[K^~[m[K
[1.335s] [01m[K/home/corey/Cubemars_AK_Series_Driver/src/ak_series_driver/include/ak_series_driver/stm32f10x_can.h:74:3:[m[K [01;31m[Kerror: [m[K‘[01m[Ku8[m[K’ does not name a type
[1.335s]    74 |   [01;31m[Ku8[m[K Data[8];
[1.335s]       |   [01;31m[K^~[m[K
[1.335s] [01m[K/home/corey/Cubemars_AK_Series_Driver/src/ak_series_driver/include/ak_series_driver/stm32f10x_can.h:75:3:[m[K [01;31m[Kerror: [m[K‘[01m[Ku8[m[K’ does not name a type
[1.335s]    75 |   [01;31m[Ku8[m[K FMI;
[1.335s]       |   [01;31m[K^~[m[K
[1.336s] [01m[K/home/corey/Cubemars_AK_Series_Driver/src/ak_series_driver/include/ak_series_driver/stm32f10x_can.h:244:1:[m[K [01;31m[Kerror: [m[K‘[01m[Ku8[m[K’ does not name a type
[1.336s]   244 | [01;31m[Ku8[m[K CAN_Init(CAN_InitTypeDef* CAN_InitStruct);
[1.336s]       | [01;31m[K^~[m[K
[1.336s] [01m[K/home/corey/Cubemars_AK_Series_Driver/src/ak_series_driver/include/ak_series_driver/stm32f10x_can.h:247:19:[m[K [01;31m[Kerror: [m[Kvariable or field ‘[01m[KCAN_ITConfig[m[K’ declared void
[1.336s]   247 | void CAN_ITConfig([01;31m[Ku32[m[K CAN_IT, FunctionalState NewState);
[1.336s]       |                   [01;31m[K^~~[m[K
[1.337s] [01m[K/home/corey/Cubemars_AK_Series_Driver/src/ak_series_driver/include/ak_series_driver/stm32f10x_can.h:247:19:[m[K [01;31m[Kerror: [m[K‘[01m[Ku32[m[K’ was not declared in this scope
[1.339s] [01m[K/home/corey/Cubemars_AK_Series_Driver/src/ak_series_driver/include/ak_series_driver/stm32f10x_can.h:247:31:[m[K [01;31m[Kerror: [m[K‘[01m[KFunctionalState[m[K’ was not declared in this scope
[1.339s]   247 | void CAN_ITConfig(u32 CAN_IT, [01;31m[KFunctionalState[m[K NewState);
[1.339s]       |                               [01;31m[K^~~~~~~~~~~~~~~[m[K
[1.339s] [01m[K/home/corey/Cubemars_AK_Series_Driver/src/ak_series_driver/include/ak_series_driver/stm32f10x_can.h:248:1:[m[K [01;31m[Kerror: [m[K‘[01m[Ku8[m[K’ does not name a type
[1.339s]   248 | [01;31m[Ku8[m[K CAN_Transmit(CanTxMsg* TxMessage);
[1.340s]       | [01;31m[K^~[m[K
[1.340s] [01m[K/home/corey/Cubemars_AK_Series_Driver/src/ak_series_driver/include/ak_series_driver/stm32f10x_can.h:249:1:[m[K [01;31m[Kerror: [m[K‘[01m[Ku8[m[K’ does not name a type
[1.340s]   249 | [01;31m[Ku8[m[K CAN_TransmitStatus(u8 TransmitMailbox);
[1.340s]       | [01;31m[K^~[m[K
[1.340s] [01m[K/home/corey/Cubemars_AK_Series_Driver/src/ak_series_driver/include/ak_series_driver/stm32f10x_can.h:250:25:[m[K [01;31m[Kerror: [m[Kvariable or field ‘[01m[KCAN_CancelTransmit[m[K’ declared void
[1.340s]   250 | void CAN_CancelTransmit([01;31m[Ku8[m[K Mailbox);
[1.340s]       |                         [01;31m[K^~[m[K
[1.341s] [01m[K/home/corey/Cubemars_AK_Series_Driver/src/ak_series_driver/include/ak_series_driver/stm32f10x_can.h:250:25:[m[K [01;31m[Kerror: [m[K‘[01m[Ku8[m[K’ was not declared in this scope
[1.341s] [01m[K/home/corey/Cubemars_AK_Series_Driver/src/ak_series_driver/include/ak_series_driver/stm32f10x_can.h:251:22:[m[K [01;31m[Kerror: [m[Kvariable or field ‘[01m[KCAN_FIFORelease[m[K’ declared void
[1.341s]   251 | void CAN_FIFORelease([01;31m[Ku8[m[K FIFONumber);
[1.341s]       |                      [01;31m[K^~[m[K
[1.342s] [01m[K/home/corey/Cubemars_AK_Series_Driver/src/ak_series_driver/include/ak_series_driver/stm32f10x_can.h:251:22:[m[K [01;31m[Kerror: [m[K‘[01m[Ku8[m[K’ was not declared in this scope
[1.343s] [01m[K/home/corey/Cubemars_AK_Series_Driver/src/ak_series_driver/include/ak_series_driver/stm32f10x_can.h:252:1:[m[K [01;31m[Kerror: [m[K‘[01m[Ku8[m[K’ does not name a type
[1.343s]   252 | [01;31m[Ku8[m[K CAN_MessagePending(u8 FIFONumber);
[1.343s]       | [01;31m[K^~[m[K
[1.343s] [01m[K/home/corey/Cubemars_AK_Series_Driver/src/ak_series_driver/include/ak_series_driver/stm32f10x_can.h:253:18:[m[K [01;31m[Kerror: [m[Kvariable or field ‘[01m[KCAN_Receive[m[K’ declared void
[1.343s]   253 | void CAN_Receive([01;31m[Ku8[m[K FIFONumber, CanRxMsg* RxMessage);
[1.343s]       |                  [01;31m[K^~[m[K
[1.344s] [01m[K/home/corey/Cubemars_AK_Series_Driver/src/ak_series_driver/include/ak_series_driver/stm32f10x_can.h:253:18:[m[K [01;31m[Kerror: [m[K‘[01m[Ku8[m[K’ was not declared in this scope
[1.344s] [01m[K/home/corey/Cubemars_AK_Series_Driver/src/ak_series_driver/include/ak_series_driver/stm32f10x_can.h:253:41:[m[K [01;31m[Kerror: [m[Kexpected primary-expression before ‘[01m[K*[m[K’ token
[1.344s]   253 | void CAN_Receive(u8 FIFONumber, CanRxMsg[01;31m[K*[m[K RxMessage);
[1.344s]       |                                         [01;31m[K^[m[K
[1.346s] [01m[K/home/corey/Cubemars_AK_Series_Driver/src/ak_series_driver/include/ak_series_driver/stm32f10x_can.h:253:43:[m[K [01;31m[Kerror: [m[K‘[01m[KRxMessage[m[K’ was not declared in this scope
[1.346s]   253 | void CAN_Receive(u8 FIFONumber, CanRxMsg* [01;31m[KRxMessage[m[K);
[1.346s]       |                                           [01;31m[K^~~~~~~~~[m[K
[1.346s] [01m[K/home/corey/Cubemars_AK_Series_Driver/src/ak_series_driver/include/ak_series_driver/stm32f10x_can.h:254:1:[m[K [01;31m[Kerror: [m[K‘[01m[Ku8[m[K’ does not name a type
[1.347s]   254 | [01;31m[Ku8[m[K CAN_Sleep(void);
[1.347s]       | [01;31m[K^~[m[K
[1.347s] [01m[K/home/corey/Cubemars_AK_Series_Driver/src/ak_series_driver/include/ak_series_driver/stm32f10x_can.h:255:1:[m[K [01;31m[Kerror: [m[K‘[01m[Ku8[m[K’ does not name a type
[1.347s]   255 | [01;31m[Ku8[m[K CAN_WakeUp(void);
[1.347s]       | [01;31m[K^~[m[K
[1.349s] [01m[K/home/corey/Cubemars_AK_Series_Driver/src/ak_series_driver/include/ak_series_driver/stm32f10x_can.h:256:1:[m[K [01;31m[Kerror: [m[K‘[01m[KFlagStatus[m[K’ does not name a type
[1.349s]   256 | [01;31m[KFlagStatus[m[K CAN_GetFlagStatus(u32 CAN_FLAG);
[1.349s]       | [01;31m[K^~~~~~~~~~[m[K
[1.349s] [01m[K/home/corey/Cubemars_AK_Series_Driver/src/ak_series_driver/include/ak_series_driver/stm32f10x_can.h:257:20:[m[K [01;31m[Kerror: [m[Kvariable or field ‘[01m[KCAN_ClearFlag[m[K’ declared void
[1.349s]   257 | void CAN_ClearFlag([01;31m[Ku32[m[K CAN_FLAG);
[1.350s]       |                    [01;31m[K^~~[m[K
[1.350s] [01m[K/home/corey/Cubemars_AK_Series_Driver/src/ak_series_driver/include/ak_series_driver/stm32f10x_can.h:257:20:[m[K [01;31m[Kerror: [m[K‘[01m[Ku32[m[K’ was not declared in this scope
[1.352s] [01m[K/home/corey/Cubemars_AK_Series_Driver/src/ak_series_driver/include/ak_series_driver/stm32f10x_can.h:258:1:[m[K [01;31m[Kerror: [m[K‘[01m[KITStatus[m[K’ does not name a type
[1.352s]   258 | [01;31m[KITStatus[m[K CAN_GetITStatus(u32 CAN_IT);
[1.352s]       | [01;31m[K^~~~~~~~[m[K
[1.352s] [01m[K/home/corey/Cubemars_AK_Series_Driver/src/ak_series_driver/include/ak_series_driver/stm32f10x_can.h:259:28:[m[K [01;31m[Kerror: [m[Kvariable or field ‘[01m[KCAN_ClearITPendingBit[m[K’ declared void
[1.352s]   259 | void CAN_ClearITPendingBit([01;31m[Ku32[m[K CAN_IT);
[1.352s]       |                            [01;31m[K^~~[m[K
[1.352s] [01m[K/home/corey/Cubemars_AK_Series_Driver/src/ak_series_driver/include/ak_series_driver/stm32f10x_can.h:259:28:[m[K [01;31m[Kerror: [m[K‘[01m[Ku32[m[K’ was not declared in this scope
[1.355s] In file included from [01m[K/home/corey/Cubemars_AK_Series_Driver/src/ak_series_driver/src/single_motor.cpp:18[m[K:
[1.355s] [01m[K/home/corey/Cubemars_AK_Series_Driver/src/ak_series_driver/include/ak_series_driver/can_communication.hpp:[m[K In member function ‘[01m[Kvoid CanCommunication::send_cmd(uint32_t, uint8_t, uint8_t*)[m[K’:
[1.355s] [01m[K/home/corey/Cubemars_AK_Series_Driver/src/ak_series_driver/include/ak_series_driver/can_communication.hpp:92:22:[m[K [01;35m[Kwarning: [m[Kformat ‘[01m[K%X[m[K’ expects argument of type ‘[01m[Kunsigned int[m[K’, but argument 2 has type ‘[01m[Kconst char*[m[K’ [[01;35m[K-Wformat=[m[K]
[1.355s]    92 |             printf("[01;35m[K%X[m[K", [32m[Kstd::to_string(frame.can_id).c_str()[m[K);
[1.355s]       |                     [01;35m[K~^[m[K   [32m[K~~~~~~~~~~~~~~~~~~~~~~~~~~~~~~~~~~~~[m[K
[1.355s]       |                      [01;35m[K|[m[K                                     [32m[K|[m[K
[1.355s]       |                      [01;35m[Kunsigned int[m[K                          [32m[Kconst char*[m[K
[1.355s]       |                     [32m[K%s[m[K
[1.356s] [01m[K/home/corey/Cubemars_AK_Series_Driver/src/ak_series_driver/include/ak_series_driver/can_communication.hpp:98:26:[m[K [01;35m[Kwarning: [m[Kformat ‘[01m[K%X[m[K’ expects argument of type ‘[01m[Kunsigned int[m[K’, but argument 2 has type ‘[01m[Kconst char*[m[K’ [[01;35m[K-Wformat=[m[K]
[1.356s]    98 |                 printf("[01;35m[K%X[m[K", [32m[Kstd::to_string(data[i]).c_str()[m[K);
[1.356s]       |                         [01;35m[K~^[m[K   [32m[K~~~~~~~~~~~~~~~~~~~~~~~~~~~~~~~[m[K
[1.356s]       |                          [01;35m[K|[m[K                                [32m[K|[m[K
[1.356s]       |                          [01;35m[Kunsigned int[m[K                     [32m[Kconst char*[m[K
[1.356s]       |                         [32m[K%s[m[K
[1.358s] In file included from [01m[K/home/corey/Cubemars_AK_Series_Driver/src/ak_series_driver/src/single_motor.cpp:19[m[K:
[1.358s] [01m[K/home/corey/Cubemars_AK_Series_Driver/src/ak_series_driver/include/ak_series_driver/ak_driver.hpp:[m[K In member function ‘[01m[Kvoid AKDriver::buffer_append_int32(uint8_t*, int32_t, int32_t*)[m[K’:
[1.358s] [01m[K/home/corey/Cubemars_AK_Series_Driver/src/ak_series_driver/include/ak_series_driver/ak_driver.hpp:187:31:[m[K [01;35m[Kwarning: [m[Kcomparison of integer expressions of different signedness: ‘[01m[Kint[m[K’ and ‘[01m[Klong unsigned int[m[K’ [[01;35m[K-Wsign-compare[m[K]
[1.358s]   187 |             for (int i = 0; [01;35m[Ki < sizeof(buffer)[m[K; i++)
[1.358s]       |                             [01;35m[K~~^~~~~~~~~~~~~~~~[m[K
[2.969s] make[2]: *** [CMakeFiles/ak_series_driver.dir/build.make:63: CMakeFiles/ak_series_driver.dir/src/single_motor.cpp.o] Error 1
[2.969s] make[1]: *** [CMakeFiles/Makefile2:136: CMakeFiles/ak_series_driver.dir/all] Error 2
[2.969s] make: *** [Makefile:141: all] Error 2
[2.973s] Invoked command in '/home/corey/Cubemars_AK_Series_Driver/build/ak_series_driver' returned '2': CMAKE_PREFIX_PATH=/opt/ros/galactic /home/corey/.local/bin/cmake --build /home/corey/Cubemars_AK_Series_Driver/build/ak_series_driver -- -j16 -l16
