[0.017s] Invoking command in '/home/corey/Cubemars_AK_Series_Driver/build/ak_series_driver': CMAKE_PREFIX_PATH=/opt/ros/galactic /home/corey/.local/bin/cmake --build /home/corey/Cubemars_AK_Series_Driver/build/ak_series_driver -- -j16 -l16
[0.068s] [35m[1mScanning dependencies of target ak_series_driver[0m
[0.088s] [ 16%] [32mBuilding CXX object CMakeFiles/ak_series_driver.dir/src/single_motor.cpp.o[0m
[1.912s] [01m[K/home/corey/Cubemars_AK_Series_Driver/src/ak_series_driver/src/single_motor.cpp:[m[K In static member function ‘[01m[Kstatic void SingleMotor::publish_status()[m[K’:
[1.912s] [01m[K/home/corey/Cubemars_AK_Series_Driver/src/ak_series_driver/src/single_motor.cpp:84:40:[m[K [01;31m[Kerror: [m[Kinvalid use of member ‘[01m[KSingleMotor::driver[m[K’ in static member function
[1.912s]    84 |             std::vector<uint8_t> can = [01;31m[Kdriver[m[K.get_can_frame();
[1.912s]       |                                        [01;31m[K^~~~~~[m[K
[1.912s] [01m[K/home/corey/Cubemars_AK_Series_Driver/src/ak_series_driver/src/single_motor.cpp:71:18:[m[K [01;36m[Knote: [m[Kdeclared here
[1.913s]    71 |         AKDriver [01;36m[Kdriver[m[K;
[1.913s]       |                  [01;36m[K^~~~~~[m[K
[1.913s] [01m[K/home/corey/Cubemars_AK_Series_Driver/src/ak_series_driver/src/single_motor.cpp:92:13:[m[K [01;31m[Kerror: [m[Kinvalid use of member ‘[01m[KSingleMotor::publisher_[m[K’ in static member function
[1.913s]    92 |             [01;31m[Kpublisher_[m[K->publish(message);
[1.913s]       |             [01;31m[K^~~~~~~~~~[m[K
[1.913s] [01m[K/home/corey/Cubemars_AK_Series_Driver/src/ak_series_driver/src/single_motor.cpp:77:61:[m[K [01;36m[Knote: [m[Kdeclared here
[1.913s]    77 |         rclcpp::Publisher<std_msgs::msg::String>::SharedPtr [01;36m[Kpublisher_[m[K;
[1.913s]       |                                                             [01;36m[K^~~~~~~~~~[m[K
[3.595s] make[2]: *** [CMakeFiles/ak_series_driver.dir/build.make:63: CMakeFiles/ak_series_driver.dir/src/single_motor.cpp.o] Error 1
[3.595s] make[1]: *** [CMakeFiles/Makefile2:136: CMakeFiles/ak_series_driver.dir/all] Error 2
[3.595s] make: *** [Makefile:141: all] Error 2
[3.599s] Invoked command in '/home/corey/Cubemars_AK_Series_Driver/build/ak_series_driver' returned '2': CMAKE_PREFIX_PATH=/opt/ros/galactic /home/corey/.local/bin/cmake --build /home/corey/Cubemars_AK_Series_Driver/build/ak_series_driver -- -j16 -l16
