[0.359s] Invoking command in '/home/corey/Cubemars_AK_Series_Driver/build/ak_series_driver': CMAKE_PREFIX_PATH=${CMAKE_PREFIX_PATH}:/home/corey/Cubemars_AK_Series_Driver/install/test_topic:/opt/ros/galactic /home/corey/.local/bin/cmake --build /home/corey/Cubemars_AK_Series_Driver/build/ak_series_driver -- -j16 -l16
[0.407s] [ 25%] [32mBuilding CXX object CMakeFiles/ak_series_driver.dir/src/test_node.cpp.o[0m
[6.478s] [ 50%] [32m[1mLinking CXX shared library libak_series_driver.so[0m
[6.726s] [ 50%] Built target ak_series_driver
[6.744s] [ 75%] [32mBuilding CXX object CMakeFiles/testCode.dir/src/test_node.cpp.o[0m
[12.640s] [100%] [32m[1mLinking CXX executable testCode[0m
[12.875s] /usr/bin/ld: CMakeFiles/testCode.dir/src/test_node.cpp.o: in function `boost::detail::thread_data_base::thread_data_base()':
[12.875s] test_node.cpp:(.text._ZN5boost6detail16thread_data_baseC2Ev[_ZN5boost6detail16thread_data_baseC5Ev]+0x24): undefined reference to `vtable for boost::detail::thread_data_base'
[12.875s] /usr/bin/ld: CMakeFiles/testCode.dir/src/test_node.cpp.o: in function `boost::thread::start_thread()':
[12.875s] test_node.cpp:(.text._ZN5boost6thread12start_threadEv[_ZN5boost6thread12start_threadEv]+0x28): undefined reference to `boost::thread::start_thread_noexcept()'
[12.875s] /usr/bin/ld: CMakeFiles/testCode.dir/src/test_node.cpp.o: in function `boost::thread::~thread()':
[12.875s] test_node.cpp:(.text._ZN5boost6threadD2Ev[_ZN5boost6threadD5Ev]+0x18): undefined reference to `boost::thread::detach()'
[12.875s] /usr/bin/ld: CMakeFiles/testCode.dir/src/test_node.cpp.o: in function `boost::detail::thread_data<void (*)()>::~thread_data()':
[12.875s] test_node.cpp:(.text._ZN5boost6detail11thread_dataIPFvvEED2Ev[_ZN5boost6detail11thread_dataIPFvvEED5Ev]+0x26): undefined reference to `boost::detail::thread_data_base::~thread_data_base()'
[12.875s] /usr/bin/ld: CMakeFiles/testCode.dir/src/test_node.cpp.o:(.data.rel.ro._ZTIN5boost6detail11thread_dataIPFvvEEE[_ZTIN5boost6detail11thread_dataIPFvvEEE]+0x10): undefined reference to `typeinfo for boost::detail::thread_data_base'
[12.879s] collect2: error: ld returned 1 exit status
[12.879s] make[2]: *** [CMakeFiles/testCode.dir/build.make:146: testCode] Error 1
[12.880s] make[1]: *** [CMakeFiles/Makefile2:165: CMakeFiles/testCode.dir/all] Error 2
[12.880s] make: *** [Makefile:146: all] Error 2
[12.884s] Invoked command in '/home/corey/Cubemars_AK_Series_Driver/build/ak_series_driver' returned '2': CMAKE_PREFIX_PATH=${CMAKE_PREFIX_PATH}:/home/corey/Cubemars_AK_Series_Driver/install/test_topic:/opt/ros/galactic /home/corey/.local/bin/cmake --build /home/corey/Cubemars_AK_Series_Driver/build/ak_series_driver -- -j16 -l16
