In file included from [01m[K/home/corey/Cubemars_AK_Series_Driver/src/ak_series_driver/src/single_motor.cpp:18[m[K:
[01m[K/home/corey/Cubemars_AK_Series_Driver/src/ak_series_driver/include/ak_series_driver/can_communication.hpp:[m[K In member function ‘[01m[Kint CanCommunication::start(int, int)[m[K’:
[01m[K/home/corey/Cubemars_AK_Series_Driver/src/ak_series_driver/include/ak_series_driver/can_communication.hpp:68:17:[m[K [01;35m[Kwarning: [m[Kunused variable ‘[01m[Kfr_frames[m[K’ [[01;35m[K-Wunused-variable[m[K]
   68 |             int [01;35m[Kfr_frames[m[K = setsockopt(s, SOL_CAN_RAW, CAN_RAW_FD_FRAMES, &fd_msg, sizeof(fd_msg));
      |                 [01;35m[K^~~~~~~~~[m[K
[01m[K/home/corey/Cubemars_AK_Series_Driver/src/ak_series_driver/include/ak_series_driver/can_communication.hpp:[m[K In member function ‘[01m[Kvoid CanCommunication::send_cmd(uint32_t, uint8_t, uint8_t*)[m[K’:
[01m[K/home/corey/Cubemars_AK_Series_Driver/src/ak_series_driver/include/ak_series_driver/can_communication.hpp:91:22:[m[K [01;35m[Kwarning: [m[Kformat ‘[01m[K%X[m[K’ expects argument of type ‘[01m[Kunsigned int[m[K’, but argument 2 has type ‘[01m[Kconst char*[m[K’ [[01;35m[K-Wformat=[m[K]
   91 |             printf("[01;35m[K%X[m[K", [32m[Kstd::to_string(frame.can_id).c_str()[m[K);
      |                     [01;35m[K~^[m[K   [32m[K~~~~~~~~~~~~~~~~~~~~~~~~~~~~~~~~~~~~[m[K
      |                      [01;35m[K|[m[K                                     [32m[K|[m[K
      |                      [01;35m[Kunsigned int[m[K                          [32m[Kconst char*[m[K
      |                     [32m[K%s[m[K
[01m[K/home/corey/Cubemars_AK_Series_Driver/src/ak_series_driver/include/ak_series_driver/can_communication.hpp:97:26:[m[K [01;35m[Kwarning: [m[Kformat ‘[01m[K%X[m[K’ expects argument of type ‘[01m[Kunsigned int[m[K’, but argument 2 has type ‘[01m[Kconst char*[m[K’ [[01;35m[K-Wformat=[m[K]
   97 |                 printf("[01;35m[K%X[m[K", [32m[Kstd::to_string(data[i]).c_str()[m[K);
      |                         [01;35m[K~^[m[K   [32m[K~~~~~~~~~~~~~~~~~~~~~~~~~~~~~~~[m[K
      |                          [01;35m[K|[m[K                                [32m[K|[m[K
      |                          [01;35m[Kunsigned int[m[K                     [32m[Kconst char*[m[K
      |                         [32m[K%s[m[K
In file included from [01m[K/home/corey/Cubemars_AK_Series_Driver/src/ak_series_driver/src/single_motor.cpp:19[m[K:
[01m[K/home/corey/Cubemars_AK_Series_Driver/src/ak_series_driver/include/ak_series_driver/ak_driver.hpp:[m[K In member function ‘[01m[Kvoid AKDriver::comm_can_set_rpm(uint8_t, float)[m[K’:
[01m[K/home/corey/Cubemars_AK_Series_Driver/src/ak_series_driver/include/ak_series_driver/ak_driver.hpp:106:26:[m[K [01;35m[Kwarning: [m[Kformat ‘[01m[K%X[m[K’ expects argument of type ‘[01m[Kunsigned int[m[K’, but argument 2 has type ‘[01m[Kconst char*[m[K’ [[01;35m[K-Wformat=[m[K]
  106 |                 printf("[01;35m[K%X[m[K", [32m[Kstd::to_string(i).c_str()[m[K);
      |                         [01;35m[K~^[m[K   [32m[K~~~~~~~~~~~~~~~~~~~~~~~~~[m[K
      |                          [01;35m[K|[m[K                          [32m[K|[m[K
      |                          [01;35m[Kunsigned int[m[K               [32m[Kconst char*[m[K
      |                         [32m[K%s[m[K
In file included from [01m[K/home/corey/Cubemars_AK_Series_Driver/src/ak_series_driver/src/dual_motor.cpp:18[m[K:
[01m[K/home/corey/Cubemars_AK_Series_Driver/src/ak_series_driver/include/ak_series_driver/can_communication.hpp:[m[K In member function ‘[01m[Kint CanCommunication::start(int, int)[m[K’:
[01m[K/home/corey/Cubemars_AK_Series_Driver/src/ak_series_driver/include/ak_series_driver/can_communication.hpp:68:17:[m[K [01;35m[Kwarning: [m[Kunused variable ‘[01m[Kfr_frames[m[K’ [[01;35m[K-Wunused-variable[m[K]
   68 |             int [01;35m[Kfr_frames[m[K = setsockopt(s, SOL_CAN_RAW, CAN_RAW_FD_FRAMES, &fd_msg, sizeof(fd_msg));
      |                 [01;35m[K^~~~~~~~~[m[K
In file included from [01m[K/home/corey/Cubemars_AK_Series_Driver/src/ak_series_driver/src/single_motor.cpp:18[m[K:
[01m[K/home/corey/Cubemars_AK_Series_Driver/src/ak_series_driver/include/ak_series_driver/can_communication.hpp:[m[K In member function ‘[01m[Kint CanCommunication::start(int, int)[m[K’:
[01m[K/home/corey/Cubemars_AK_Series_Driver/src/ak_series_driver/include/ak_series_driver/can_communication.hpp:68:17:[m[K [01;35m[Kwarning: [m[Kunused variable ‘[01m[Kfr_frames[m[K’ [[01;35m[K-Wunused-variable[m[K]
   68 |             int [01;35m[Kfr_frames[m[K = setsockopt(s, SOL_CAN_RAW, CAN_RAW_FD_FRAMES, &fd_msg, sizeof(fd_msg));
      |                 [01;35m[K^~~~~~~~~[m[K
[01m[K/home/corey/Cubemars_AK_Series_Driver/src/ak_series_driver/include/ak_series_driver/can_communication.hpp:[m[K In member function ‘[01m[Kvoid CanCommunication::send_cmd(uint32_t, uint8_t, uint8_t*)[m[K’:
[01m[K/home/corey/Cubemars_AK_Series_Driver/src/ak_series_driver/include/ak_series_driver/can_communication.hpp:91:22:[m[K [01;35m[Kwarning: [m[Kformat ‘[01m[K%X[m[K’ expects argument of type ‘[01m[Kunsigned int[m[K’, but argument 2 has type ‘[01m[Kconst char*[m[K’ [[01;35m[K-Wformat=[m[K]
   91 |             printf("[01;35m[K%X[m[K", [32m[Kstd::to_string(frame.can_id).c_str()[m[K);
      |                     [01;35m[K~^[m[K   [32m[K~~~~~~~~~~~~~~~~~~~~~~~~~~~~~~~~~~~~[m[K
      |                      [01;35m[K|[m[K                                     [32m[K|[m[K
      |                      [01;35m[Kunsigned int[m[K                          [32m[Kconst char*[m[K
      |                     [32m[K%s[m[K
[01m[K/home/corey/Cubemars_AK_Series_Driver/src/ak_series_driver/include/ak_series_driver/can_communication.hpp:[m[K In member function ‘[01m[Kvoid CanCommunication::send_cmd(uint32_t, uint8_t, uint8_t*)[m[K’:
[01m[K/home/corey/Cubemars_AK_Series_Driver/src/ak_series_driver/include/ak_series_driver/can_communication.hpp:91:22:[m[K [01;35m[Kwarning: [m[Kformat ‘[01m[K%X[m[K’ expects argument of type ‘[01m[Kunsigned int[m[K’, but argument 2 has type ‘[01m[Kconst char*[m[K’ [[01;35m[K-Wformat=[m[K]
   91 |             printf("[01;35m[K%X[m[K", [32m[Kstd::to_string(frame.can_id).c_str()[m[K);
      |                     [01;35m[K~^[m[K   [32m[K~~~~~~~~~~~~~~~~~~~~~~~~~~~~~~~~~~~~[m[K
      |                      [01;35m[K|[m[K                                     [32m[K|[m[K
      |                      [01;35m[Kunsigned int[m[K                          [32m[Kconst char*[m[K
      |                     [32m[K%s[m[K
[01m[K/home/corey/Cubemars_AK_Series_Driver/src/ak_series_driver/include/ak_series_driver/can_communication.hpp:97:26:[m[K [01;35m[Kwarning: [m[Kformat ‘[01m[K%X[m[K’ expects argument of type ‘[01m[Kunsigned int[m[K’, but argument 2 has type ‘[01m[Kconst char*[m[K’ [[01;35m[K-Wformat=[m[K]
   97 |                 printf("[01;35m[K%X[m[K", [32m[Kstd::to_string(data[i]).c_str()[m[K);
      |                         [01;35m[K~^[m[K   [32m[K~~~~~~~~~~~~~~~~~~~~~~~~~~~~~~~[m[K
      |                          [01;35m[K|[m[K                                [32m[K|[m[K
      |                          [01;35m[Kunsigned int[m[K                     [32m[Kconst char*[m[K
      |                         [32m[K%s[m[K
[01m[K/home/corey/Cubemars_AK_Series_Driver/src/ak_series_driver/include/ak_series_driver/can_communication.hpp:97:26:[m[K [01;35m[Kwarning: [m[Kformat ‘[01m[K%X[m[K’ expects argument of type ‘[01m[Kunsigned int[m[K’, but argument 2 has type ‘[01m[Kconst char*[m[K’ [[01;35m[K-Wformat=[m[K]
   97 |                 printf("[01;35m[K%X[m[K", [32m[Kstd::to_string(data[i]).c_str()[m[K);
      |                         [01;35m[K~^[m[K   [32m[K~~~~~~~~~~~~~~~~~~~~~~~~~~~~~~~[m[K
      |                          [01;35m[K|[m[K                                [32m[K|[m[K
      |                          [01;35m[Kunsigned int[m[K                     [32m[Kconst char*[m[K
      |                         [32m[K%s[m[K
In file included from [01m[K/home/corey/Cubemars_AK_Series_Driver/src/ak_series_driver/src/single_motor.cpp:19[m[K:
[01m[K/home/corey/Cubemars_AK_Series_Driver/src/ak_series_driver/include/ak_series_driver/ak_driver.hpp:[m[K In member function ‘[01m[Kvoid AKDriver::comm_can_set_rpm(uint8_t, float)[m[K’:
[01m[K/home/corey/Cubemars_AK_Series_Driver/src/ak_series_driver/include/ak_series_driver/ak_driver.hpp:106:26:[m[K [01;35m[Kwarning: [m[Kformat ‘[01m[K%X[m[K’ expects argument of type ‘[01m[Kunsigned int[m[K’, but argument 2 has type ‘[01m[Kconst char*[m[K’ [[01;35m[K-Wformat=[m[K]
  106 |                 printf("[01;35m[K%X[m[K", [32m[Kstd::to_string(i).c_str()[m[K);
      |                         [01;35m[K~^[m[K   [32m[K~~~~~~~~~~~~~~~~~~~~~~~~~[m[K
      |                          [01;35m[K|[m[K                          [32m[K|[m[K
      |                          [01;35m[Kunsigned int[m[K               [32m[Kconst char*[m[K
      |                         [32m[K%s[m[K
In file included from [01m[K/home/corey/Cubemars_AK_Series_Driver/src/ak_series_driver/src/dual_motor.cpp:19[m[K:
[01m[K/home/corey/Cubemars_AK_Series_Driver/src/ak_series_driver/include/ak_series_driver/ak_driver.hpp:[m[K In member function ‘[01m[Kvoid AKDriver::comm_can_set_rpm(uint8_t, float)[m[K’:
[01m[K/home/corey/Cubemars_AK_Series_Driver/src/ak_series_driver/include/ak_series_driver/ak_driver.hpp:106:26:[m[K [01;35m[Kwarning: [m[Kformat ‘[01m[K%X[m[K’ expects argument of type ‘[01m[Kunsigned int[m[K’, but argument 2 has type ‘[01m[Kconst char*[m[K’ [[01;35m[K-Wformat=[m[K]
  106 |                 printf("[01;35m[K%X[m[K", [32m[Kstd::to_string(i).c_str()[m[K);
      |                         [01;35m[K~^[m[K   [32m[K~~~~~~~~~~~~~~~~~~~~~~~~~[m[K
      |                          [01;35m[K|[m[K                          [32m[K|[m[K
      |                          [01;35m[Kunsigned int[m[K               [32m[Kconst char*[m[K
      |                         [32m[K%s[m[K
