[0.162s] Invoking command in '/home/corey/ros2_ws/build/ak_series_driver': CMAKE_PREFIX_PATH=${CMAKE_PREFIX_PATH}:/opt/ros/galactic /home/corey/.local/bin/cmake --build /home/corey/ros2_ws/build/ak_series_driver -- -j16 -l16
[0.211s] [ 25%] [32mBuilding CXX object CMakeFiles/ak_series_driver.dir/src/test_node.cpp.o[0m
[1.994s] [ 50%] [32m[1mLinking CXX shared library libak_series_driver.so[0m
[2.063s] [ 50%] Built target ak_series_driver
[2.076s] [ 75%] [32mBuilding CXX object CMakeFiles/testCode.dir/src/test_node.cpp.o[0m
[3.838s] [100%] [32m[1mLinking CXX executable testCode[0m
[3.915s] [100%] Built target testCode
[3.922s] Invoked command in '/home/corey/ros2_ws/build/ak_series_driver' returned '0': CMAKE_PREFIX_PATH=${CMAKE_PREFIX_PATH}:/opt/ros/galactic /home/corey/.local/bin/cmake --build /home/corey/ros2_ws/build/ak_series_driver -- -j16 -l16
[3.982s] Invoking command in '/home/corey/ros2_ws/build/ak_series_driver': CMAKE_PREFIX_PATH=${CMAKE_PREFIX_PATH}:/opt/ros/galactic /home/corey/.local/bin/cmake --install /home/corey/ros2_ws/build/ak_series_driver
[4.001s] -- Install configuration: ""
[4.002s] -- Execute custom install script
[4.002s] -- Up-to-date symlink: /home/corey/ros2_ws/install/ak_series_driver/lib/ak_series_driver/libak_series_driver.so
[4.002s] -- Up-to-date symlink: /home/corey/ros2_ws/install/ak_series_driver/include/ak_series_driver//ak_driver.hpp
[4.002s] -- Up-to-date symlink: /home/corey/ros2_ws/install/ak_series_driver/include/ak_series_driver//can_communication.hpp
[4.002s] -- Up-to-date symlink: /home/corey/ros2_ws/install/ak_series_driver/include/ak_series_driver//mit_params.hpp
[4.003s] -- Up-to-date symlink: /home/corey/ros2_ws/install/ak_series_driver/lib/ak_series_driver/testCode
[4.003s] -- Up-to-date symlink: /home/corey/ros2_ws/install/ak_series_driver/share/ak_series_driver/environment/library_path.sh
[4.003s] -- Up-to-date symlink: /home/corey/ros2_ws/install/ak_series_driver/share/ak_series_driver/environment/library_path.dsv
[4.003s] -- Up-to-date symlink: /home/corey/ros2_ws/install/ak_series_driver/share/ament_index/resource_index/package_run_dependencies/ak_series_driver
[4.003s] -- Up-to-date symlink: /home/corey/ros2_ws/install/ak_series_driver/share/ament_index/resource_index/parent_prefix_path/ak_series_driver
[4.003s] -- Up-to-date symlink: /home/corey/ros2_ws/install/ak_series_driver/share/ak_series_driver/environment/ament_prefix_path.sh
[4.004s] -- Up-to-date symlink: /home/corey/ros2_ws/install/ak_series_driver/share/ak_series_driver/environment/ament_prefix_path.dsv
[4.004s] -- Up-to-date symlink: /home/corey/ros2_ws/install/ak_series_driver/share/ak_series_driver/environment/path.sh
[4.004s] -- Up-to-date symlink: /home/corey/ros2_ws/install/ak_series_driver/share/ak_series_driver/environment/path.dsv
[4.004s] -- Up-to-date symlink: /home/corey/ros2_ws/install/ak_series_driver/share/ak_series_driver/local_setup.bash
[4.004s] -- Up-to-date symlink: /home/corey/ros2_ws/install/ak_series_driver/share/ak_series_driver/local_setup.sh
[4.004s] -- Up-to-date symlink: /home/corey/ros2_ws/install/ak_series_driver/share/ak_series_driver/local_setup.zsh
[4.005s] -- Up-to-date symlink: /home/corey/ros2_ws/install/ak_series_driver/share/ak_series_driver/local_setup.dsv
[4.005s] -- Symlinking: /home/corey/ros2_ws/install/ak_series_driver/share/ak_series_driver/package.dsv
[4.007s] -- Up-to-date symlink: /home/corey/ros2_ws/install/ak_series_driver/share/ament_index/resource_index/packages/ak_series_driver
[4.007s] -- Up-to-date symlink: /home/corey/ros2_ws/install/ak_series_driver/share/ak_series_driver/cmake/ament_cmake_export_include_directories-extras.cmake
[4.007s] -- Up-to-date symlink: /home/corey/ros2_ws/install/ak_series_driver/share/ak_series_driver/cmake/ament_cmake_export_libraries-extras.cmake
[4.007s] -- Up-to-date symlink: /home/corey/ros2_ws/install/ak_series_driver/share/ak_series_driver/cmake/ament_cmake_export_dependencies-extras.cmake
[4.008s] -- Up-to-date symlink: /home/corey/ros2_ws/install/ak_series_driver/share/ak_series_driver/cmake/ak_series_driverConfig.cmake
[4.008s] -- Up-to-date symlink: /home/corey/ros2_ws/install/ak_series_driver/share/ak_series_driver/cmake/ak_series_driverConfig-version.cmake
[4.008s] -- Up-to-date symlink: /home/corey/ros2_ws/install/ak_series_driver/share/ak_series_driver/package.xml
[4.012s] Invoked command in '/home/corey/ros2_ws/build/ak_series_driver' returned '0': CMAKE_PREFIX_PATH=${CMAKE_PREFIX_PATH}:/opt/ros/galactic /home/corey/.local/bin/cmake --install /home/corey/ros2_ws/build/ak_series_driver
