[0.014s] Invoking command in '/home/corey/Cubemars_AK_Series_Driver/build/ak_series_driver': CMAKE_PREFIX_PATH=/opt/ros/galactic /home/corey/.local/bin/cmake --build /home/corey/Cubemars_AK_Series_Driver/build/ak_series_driver -- -j16 -l16
[0.059s] [35m[1mScanning dependencies of target ak_series_driver[0m
[0.079s] [ 16%] [32mBuilding CXX object CMakeFiles/ak_series_driver.dir/src/single_motor.cpp.o[0m
[1.373s] In file included from [01m[K/home/corey/Cubemars_AK_Series_Driver/src/ak_series_driver/src/single_motor.cpp:18[m[K:
[1.374s] [01m[K/home/corey/Cubemars_AK_Series_Driver/src/ak_series_driver/include/ak_series_driver/can_communication.hpp:[m[K In member function ‘[01m[Kvoid CanCommunication::send_cmd(uint32_t, uint8_t, uint8_t*)[m[K’:
[1.374s] [01m[K/home/corey/Cubemars_AK_Series_Driver/src/ak_series_driver/include/ak_series_driver/can_communication.hpp:92:22:[m[K [01;35m[Kwarning: [m[Kformat ‘[01m[K%X[m[K’ expects argument of type ‘[01m[Kunsigned int[m[K’, but argument 2 has type ‘[01m[Kconst char*[m[K’ [[01;35m[K-Wformat=[m[K]
[1.374s]    92 |             printf("[01;35m[K%X[m[K", [32m[Kstd::to_string(frame.can_id).c_str()[m[K);
[1.374s]       |                     [01;35m[K~^[m[K   [32m[K~~~~~~~~~~~~~~~~~~~~~~~~~~~~~~~~~~~~[m[K
[1.374s]       |                      [01;35m[K|[m[K                                     [32m[K|[m[K
[1.374s]       |                      [01;35m[Kunsigned int[m[K                          [32m[Kconst char*[m[K
[1.374s]       |                     [32m[K%s[m[K
[1.374s] [01m[K/home/corey/Cubemars_AK_Series_Driver/src/ak_series_driver/include/ak_series_driver/can_communication.hpp:98:26:[m[K [01;35m[Kwarning: [m[Kformat ‘[01m[K%X[m[K’ expects argument of type ‘[01m[Kunsigned int[m[K’, but argument 2 has type ‘[01m[Kconst char*[m[K’ [[01;35m[K-Wformat=[m[K]
[1.374s]    98 |                 printf("[01;35m[K%X[m[K", [32m[Kstd::to_string(data[i]).c_str()[m[K);
[1.374s]       |                         [01;35m[K~^[m[K   [32m[K~~~~~~~~~~~~~~~~~~~~~~~~~~~~~~~[m[K
[1.375s]       |                          [01;35m[K|[m[K                                [32m[K|[m[K
[1.375s]       |                          [01;35m[Kunsigned int[m[K                     [32m[Kconst char*[m[K
[1.375s]       |                         [32m[K%s[m[K
[1.379s] In file included from [01m[K/home/corey/Cubemars_AK_Series_Driver/src/ak_series_driver/src/single_motor.cpp:19[m[K:
[1.380s] [01m[K/home/corey/Cubemars_AK_Series_Driver/src/ak_series_driver/include/ak_series_driver/ak_driver.hpp:[m[K In member function ‘[01m[Kvoid AKDriver::comm_can_transmit_eid(uint32_t, const uint8_t*, uint8_t)[m[K’:
[1.380s] [01m[K/home/corey/Cubemars_AK_Series_Driver/src/ak_series_driver/include/ak_series_driver/ak_driver.hpp:172:17:[m[K [01;31m[Kerror: [m[K‘[01m[Ki[m[K’ was not declared in this scope; did you mean ‘[01m[Kid[m[K’?
[1.380s]   172 |             for([01;31m[Ki[m[K=0;i<len;i++)
[1.380s]       |                 [01;31m[K^[m[K
[1.380s]       |                 [32m[Kid[m[K
[1.380s] [01m[K/home/corey/Cubemars_AK_Series_Driver/src/ak_series_driver/include/ak_series_driver/ak_driver.hpp:177:36:[m[K [01;31m[Kerror: [m[Kcannot convert ‘[01m[KCanTxMsg[m[K’ to ‘[01m[Kuint8_t*[m[K’ {aka ‘[01m[Kunsigned char*[m[K’}
[1.380s]   177 |             can_.send_cmd(id, len, [01;31m[KTxMessage[m[K); //CAN port sends TxMessage data
[1.380s]       |                                    [01;31m[K^~~~~~~~~[m[K
[1.380s]       |                                    [01;31m[K|[m[K
[1.380s]       |                                    [01;31m[KCanTxMsg[m[K
[1.381s] In file included from [01m[K/home/corey/Cubemars_AK_Series_Driver/src/ak_series_driver/src/single_motor.cpp:18[m[K:
[1.381s] [01m[K/home/corey/Cubemars_AK_Series_Driver/src/ak_series_driver/include/ak_series_driver/can_communication.hpp:86:66:[m[K [01;36m[Knote: [m[K  initializing argument 3 of ‘[01m[Kvoid CanCommunication::send_cmd(uint32_t, uint8_t, uint8_t*)[m[K’
[1.381s]    86 |         void send_cmd(uint32_t can_id, uint8_t can_dlc, [01;36m[Kuint8_t *data[m[K)
[1.381s]       |                                                         [01;36m[K~~~~~~~~~^~~~[m[K
[1.381s] In file included from [01m[K/home/corey/Cubemars_AK_Series_Driver/src/ak_series_driver/src/single_motor.cpp:19[m[K:
[1.381s] [01m[K/home/corey/Cubemars_AK_Series_Driver/src/ak_series_driver/include/ak_series_driver/ak_driver.hpp:[m[K In member function ‘[01m[Kvoid AKDriver::buffer_append_int32(uint8_t*, int32_t, int32_t*)[m[K’:
[1.381s] [01m[K/home/corey/Cubemars_AK_Series_Driver/src/ak_series_driver/include/ak_series_driver/ak_driver.hpp:191:31:[m[K [01;35m[Kwarning: [m[Kcomparison of integer expressions of different signedness: ‘[01m[Kint[m[K’ and ‘[01m[Klong unsigned int[m[K’ [[01;35m[K-Wsign-compare[m[K]
[1.381s]   191 |             for (int i = 0; [01;35m[Ki < sizeof(buffer)[m[K; i++)
[1.381s]       |                             [01;35m[K~~^~~~~~~~~~~~~~~~[m[K
[3.053s] make[2]: *** [CMakeFiles/ak_series_driver.dir/build.make:63: CMakeFiles/ak_series_driver.dir/src/single_motor.cpp.o] Error 1
[3.053s] make[1]: *** [CMakeFiles/Makefile2:136: CMakeFiles/ak_series_driver.dir/all] Error 2
[3.053s] make: *** [Makefile:141: all] Error 2
[3.056s] Invoked command in '/home/corey/Cubemars_AK_Series_Driver/build/ak_series_driver' returned '2': CMAKE_PREFIX_PATH=/opt/ros/galactic /home/corey/.local/bin/cmake --build /home/corey/Cubemars_AK_Series_Driver/build/ak_series_driver -- -j16 -l16
