[2.211s] DEBUG:colcon:Command line arguments: ['/usr/bin/colcon', 'build', '--symlink-install']
[2.211s] DEBUG:colcon:Parsed command line arguments: Namespace(allow_overriding=[], ament_cmake_args=None, base_paths=['.'], build_base='build', catkin_cmake_args=None, catkin_skip_building_tests=False, cmake_args=None, cmake_clean_cache=False, cmake_clean_first=False, cmake_force_configure=False, cmake_target=None, cmake_target_skip_unavailable=False, continue_on_error=False, event_handlers=None, executor='parallel', ignore_user_meta=False, install_base='install', log_base=None, log_level=None, main=<bound method BuildVerb.main of <colcon_core.verb.build.BuildVerb object at 0x7f675dbb1f10>>, merge_install=False, metas=['./colcon.meta'], packages_above=None, packages_above_and_dependencies=None, packages_above_depth=None, packages_end=None, packages_ignore=None, packages_ignore_regex=None, packages_select=None, packages_select_build_failed=False, packages_select_by_dep=None, packages_select_regex=None, packages_select_test_failures=False, packages_skip=None, packages_skip_build_finished=False, packages_skip_by_dep=None, packages_skip_regex=None, packages_skip_test_passed=False, packages_skip_up_to=None, packages_start=None, packages_up_to=None, packages_up_to_regex=None, parallel_workers=16, paths=None, symlink_install=True, test_result_base=None, verb_extension=<colcon_core.verb.build.BuildVerb object at 0x7f675dbb1f10>, verb_name='build', verb_parser=<colcon_defaults.argument_parser.defaults.DefaultArgumentsDecorator object at 0x7f675dbbb430>)
[2.320s] Level 1:colcon.colcon_core.package_discovery:discover_packages(colcon_meta) check parameters
[2.320s] Level 1:colcon.colcon_core.package_discovery:discover_packages(recursive) check parameters
[2.321s] Level 1:colcon.colcon_core.package_discovery:discover_packages(ignore) check parameters
[2.321s] Level 1:colcon.colcon_core.package_discovery:discover_packages(path) check parameters
[2.321s] Level 1:colcon.colcon_core.package_discovery:discover_packages(colcon_meta) discover
[2.321s] Level 1:colcon.colcon_core.package_discovery:discover_packages(recursive) discover
[2.321s] INFO:colcon.colcon_core.package_discovery:Crawling recursively for packages in '/home/corey/ros2_ws'
[2.321s] Level 1:colcon.colcon_core.package_identification:_identify(.) by extensions ['ignore', 'ignore_ament_install']
[2.321s] Level 1:colcon.colcon_core.package_identification:_identify(.) by extension 'ignore'
[2.321s] Level 1:colcon.colcon_core.package_identification:_identify(.) by extension 'ignore_ament_install'
[2.321s] Level 1:colcon.colcon_core.package_identification:_identify(.) by extensions ['colcon_pkg']
[2.321s] Level 1:colcon.colcon_core.package_identification:_identify(.) by extension 'colcon_pkg'
[2.321s] Level 1:colcon.colcon_core.package_identification:_identify(.) by extensions ['colcon_meta']
[2.321s] Level 1:colcon.colcon_core.package_identification:_identify(.) by extension 'colcon_meta'
[2.321s] Level 1:colcon.colcon_core.package_identification:_identify(.) by extensions ['ros']
[2.321s] Level 1:colcon.colcon_core.package_identification:_identify(.) by extension 'ros'
[2.331s] Level 1:colcon.colcon_core.package_identification:_identify(.) by extensions ['cmake', 'python']
[2.331s] Level 1:colcon.colcon_core.package_identification:_identify(.) by extension 'cmake'
[2.331s] Level 1:colcon.colcon_core.package_identification:_identify(.) by extension 'python'
[2.331s] Level 1:colcon.colcon_core.package_identification:_identify(.) by extensions ['python_setup_py']
[2.331s] Level 1:colcon.colcon_core.package_identification:_identify(.) by extension 'python_setup_py'
[2.331s] Level 1:colcon.colcon_core.package_identification:_identify(build) by extensions ['ignore', 'ignore_ament_install']
[2.331s] Level 1:colcon.colcon_core.package_identification:_identify(build) by extension 'ignore'
[2.331s] Level 1:colcon.colcon_core.package_identification:_identify(build) ignored
[2.331s] Level 1:colcon.colcon_core.package_identification:_identify(install) by extensions ['ignore', 'ignore_ament_install']
[2.331s] Level 1:colcon.colcon_core.package_identification:_identify(install) by extension 'ignore'
[2.331s] Level 1:colcon.colcon_core.package_identification:_identify(install) ignored
[2.331s] Level 1:colcon.colcon_core.package_identification:_identify(log) by extensions ['ignore', 'ignore_ament_install']
[2.331s] Level 1:colcon.colcon_core.package_identification:_identify(log) by extension 'ignore'
[2.331s] Level 1:colcon.colcon_core.package_identification:_identify(log) ignored
[2.331s] Level 1:colcon.colcon_core.package_identification:_identify(src) by extensions ['ignore', 'ignore_ament_install']
[2.331s] Level 1:colcon.colcon_core.package_identification:_identify(src) by extension 'ignore'
[2.331s] Level 1:colcon.colcon_core.package_identification:_identify(src) by extension 'ignore_ament_install'
[2.332s] Level 1:colcon.colcon_core.package_identification:_identify(src) by extensions ['colcon_pkg']
[2.332s] Level 1:colcon.colcon_core.package_identification:_identify(src) by extension 'colcon_pkg'
[2.332s] Level 1:colcon.colcon_core.package_identification:_identify(src) by extensions ['colcon_meta']
[2.332s] Level 1:colcon.colcon_core.package_identification:_identify(src) by extension 'colcon_meta'
[2.332s] Level 1:colcon.colcon_core.package_identification:_identify(src) by extensions ['ros']
[2.332s] Level 1:colcon.colcon_core.package_identification:_identify(src) by extension 'ros'
[2.332s] Level 1:colcon.colcon_core.package_identification:_identify(src) by extensions ['cmake', 'python']
[2.332s] Level 1:colcon.colcon_core.package_identification:_identify(src) by extension 'cmake'
[2.332s] Level 1:colcon.colcon_core.package_identification:_identify(src) by extension 'python'
[2.332s] Level 1:colcon.colcon_core.package_identification:_identify(src) by extensions ['python_setup_py']
[2.332s] Level 1:colcon.colcon_core.package_identification:_identify(src) by extension 'python_setup_py'
[2.332s] Level 1:colcon.colcon_core.package_identification:_identify(src/Cubemars_AK_Series_Driver) by extensions ['ignore', 'ignore_ament_install']
[2.332s] Level 1:colcon.colcon_core.package_identification:_identify(src/Cubemars_AK_Series_Driver) by extension 'ignore'
[2.332s] Level 1:colcon.colcon_core.package_identification:_identify(src/Cubemars_AK_Series_Driver) by extension 'ignore_ament_install'
[2.332s] Level 1:colcon.colcon_core.package_identification:_identify(src/Cubemars_AK_Series_Driver) by extensions ['colcon_pkg']
[2.332s] Level 1:colcon.colcon_core.package_identification:_identify(src/Cubemars_AK_Series_Driver) by extension 'colcon_pkg'
[2.332s] Level 1:colcon.colcon_core.package_identification:_identify(src/Cubemars_AK_Series_Driver) by extensions ['colcon_meta']
[2.332s] Level 1:colcon.colcon_core.package_identification:_identify(src/Cubemars_AK_Series_Driver) by extension 'colcon_meta'
[2.332s] Level 1:colcon.colcon_core.package_identification:_identify(src/Cubemars_AK_Series_Driver) by extensions ['ros']
[2.332s] Level 1:colcon.colcon_core.package_identification:_identify(src/Cubemars_AK_Series_Driver) by extension 'ros'
[2.332s] Level 1:colcon.colcon_core.package_identification:_identify(src/Cubemars_AK_Series_Driver) by extensions ['cmake', 'python']
[2.332s] Level 1:colcon.colcon_core.package_identification:_identify(src/Cubemars_AK_Series_Driver) by extension 'cmake'
[2.332s] Level 1:colcon.colcon_core.package_identification:_identify(src/Cubemars_AK_Series_Driver) by extension 'python'
[2.332s] Level 1:colcon.colcon_core.package_identification:_identify(src/Cubemars_AK_Series_Driver) by extensions ['python_setup_py']
[2.332s] Level 1:colcon.colcon_core.package_identification:_identify(src/Cubemars_AK_Series_Driver) by extension 'python_setup_py'
[2.332s] Level 1:colcon.colcon_core.package_identification:_identify(src/Cubemars_AK_Series_Driver/ak_series_driver) by extensions ['ignore', 'ignore_ament_install']
[2.333s] Level 1:colcon.colcon_core.package_identification:_identify(src/Cubemars_AK_Series_Driver/ak_series_driver) by extension 'ignore'
[2.333s] Level 1:colcon.colcon_core.package_identification:_identify(src/Cubemars_AK_Series_Driver/ak_series_driver) by extension 'ignore_ament_install'
[2.333s] Level 1:colcon.colcon_core.package_identification:_identify(src/Cubemars_AK_Series_Driver/ak_series_driver) by extensions ['colcon_pkg']
[2.333s] Level 1:colcon.colcon_core.package_identification:_identify(src/Cubemars_AK_Series_Driver/ak_series_driver) by extension 'colcon_pkg'
[2.333s] Level 1:colcon.colcon_core.package_identification:_identify(src/Cubemars_AK_Series_Driver/ak_series_driver) by extensions ['colcon_meta']
[2.333s] Level 1:colcon.colcon_core.package_identification:_identify(src/Cubemars_AK_Series_Driver/ak_series_driver) by extension 'colcon_meta'
[2.333s] Level 1:colcon.colcon_core.package_identification:_identify(src/Cubemars_AK_Series_Driver/ak_series_driver) by extensions ['ros']
[2.333s] Level 1:colcon.colcon_core.package_identification:_identify(src/Cubemars_AK_Series_Driver/ak_series_driver) by extension 'ros'
[2.335s] DEBUG:colcon.colcon_core.package_identification:Package 'src/Cubemars_AK_Series_Driver/ak_series_driver' with type 'ros.ament_cmake' and name 'ak_series_driver'
[2.335s] Level 1:colcon.colcon_core.package_discovery:discover_packages(recursive) using defaults
[2.335s] Level 1:colcon.colcon_core.package_discovery:discover_packages(ignore) discover
[2.335s] Level 1:colcon.colcon_core.package_discovery:discover_packages(ignore) using defaults
[2.335s] Level 1:colcon.colcon_core.package_discovery:discover_packages(path) discover
[2.335s] Level 1:colcon.colcon_core.package_discovery:discover_packages(path) using defaults
[2.523s] Level 1:colcon.colcon_core.package_discovery:discover_packages(prefix_path) check parameters
[2.523s] Level 1:colcon.colcon_core.package_discovery:discover_packages(prefix_path) discover
[2.595s] DEBUG:colcon.colcon_installed_package_information.package_discovery:Found 350 installed packages in /opt/ros/galactic
[2.596s] Level 1:colcon.colcon_core.package_discovery:discover_packages(prefix_path) using defaults
[2.751s] Level 5:colcon.colcon_core.verb:set package 'ak_series_driver' build argument 'cmake_args' from command line to 'None'
[2.751s] Level 5:colcon.colcon_core.verb:set package 'ak_series_driver' build argument 'cmake_target' from command line to 'None'
[2.751s] Level 5:colcon.colcon_core.verb:set package 'ak_series_driver' build argument 'cmake_target_skip_unavailable' from command line to 'False'
[2.751s] Level 5:colcon.colcon_core.verb:set package 'ak_series_driver' build argument 'cmake_clean_cache' from command line to 'False'
[2.751s] Level 5:colcon.colcon_core.verb:set package 'ak_series_driver' build argument 'cmake_clean_first' from command line to 'False'
[2.751s] Level 5:colcon.colcon_core.verb:set package 'ak_series_driver' build argument 'cmake_force_configure' from command line to 'False'
[2.751s] Level 5:colcon.colcon_core.verb:set package 'ak_series_driver' build argument 'ament_cmake_args' from command line to 'None'
[2.751s] Level 5:colcon.colcon_core.verb:set package 'ak_series_driver' build argument 'catkin_cmake_args' from command line to 'None'
[2.751s] Level 5:colcon.colcon_core.verb:set package 'ak_series_driver' build argument 'catkin_skip_building_tests' from command line to 'False'
[2.751s] DEBUG:colcon.colcon_core.verb:Building package 'ak_series_driver' with the following arguments: {'ament_cmake_args': None, 'build_base': '/home/corey/ros2_ws/build/ak_series_driver', 'catkin_cmake_args': None, 'catkin_skip_building_tests': False, 'cmake_args': None, 'cmake_clean_cache': False, 'cmake_clean_first': False, 'cmake_force_configure': False, 'cmake_target': None, 'cmake_target_skip_unavailable': False, 'install_base': '/home/corey/ros2_ws/install/ak_series_driver', 'merge_install': False, 'path': '/home/corey/ros2_ws/src/Cubemars_AK_Series_Driver/ak_series_driver', 'symlink_install': True, 'test_result_base': None}
[2.785s] INFO:colcon.colcon_core.executor:Executing jobs using 'parallel' executor
[2.821s] DEBUG:colcon.colcon_parallel_executor.executor.parallel:run_until_complete
[2.822s] INFO:colcon.colcon_ros.task.ament_cmake.build:Building ROS package in '/home/corey/ros2_ws/src/Cubemars_AK_Series_Driver/ak_series_driver' with build type 'ament_cmake'
[2.822s] INFO:colcon.colcon_cmake.task.cmake.build:Building CMake package in '/home/corey/ros2_ws/src/Cubemars_AK_Series_Driver/ak_series_driver'
[2.863s] INFO:colcon.colcon_core.plugin_system:Skipping extension 'colcon_core.shell.bat': Not used on non-Windows systems
[2.864s] INFO:colcon.colcon_core.shell:Skip shell extension 'powershell' for command environment: Not usable outside of PowerShell
[2.864s] DEBUG:colcon.colcon_core.shell:Skip shell extension 'dsv' for command environment
[2.945s] DEBUG:colcon.colcon_core.event_handler.log_command:Invoking command in '/home/corey/ros2_ws/build/ak_series_driver': CMAKE_PREFIX_PATH=/opt/ros/galactic /home/corey/.local/bin/cmake /home/corey/ros2_ws/src/Cubemars_AK_Series_Driver/ak_series_driver -DAMENT_CMAKE_SYMLINK_INSTALL=1 -DCMAKE_INSTALL_PREFIX=/home/corey/ros2_ws/install/ak_series_driver
[3.972s] DEBUG:colcon.colcon_core.event_handler.log_command:Invoked command in '/home/corey/ros2_ws/build/ak_series_driver' returned '0': CMAKE_PREFIX_PATH=/opt/ros/galactic /home/corey/.local/bin/cmake /home/corey/ros2_ws/src/Cubemars_AK_Series_Driver/ak_series_driver -DAMENT_CMAKE_SYMLINK_INSTALL=1 -DCMAKE_INSTALL_PREFIX=/home/corey/ros2_ws/install/ak_series_driver
[3.974s] DEBUG:colcon.colcon_core.event_handler.log_command:Invoking command in '/home/corey/ros2_ws/build/ak_series_driver': CMAKE_PREFIX_PATH=/opt/ros/galactic /home/corey/.local/bin/cmake --build /home/corey/ros2_ws/build/ak_series_driver -- -j16 -l16
[7.500s] DEBUG:colcon.colcon_core.event_handler.log_command:Invoked command in '/home/corey/ros2_ws/build/ak_series_driver' returned '0': CMAKE_PREFIX_PATH=/opt/ros/galactic /home/corey/.local/bin/cmake --build /home/corey/ros2_ws/build/ak_series_driver -- -j16 -l16
[7.555s] DEBUG:colcon.colcon_core.event_handler.log_command:Invoking command in '/home/corey/ros2_ws/build/ak_series_driver': CMAKE_PREFIX_PATH=/opt/ros/galactic /home/corey/.local/bin/cmake --install /home/corey/ros2_ws/build/ak_series_driver
[7.617s] Level 1:colcon.colcon_core.environment:create_environment_scripts_only(ak_series_driver)
[7.617s] DEBUG:colcon.colcon_core.event_handler.log_command:Invoked command in '/home/corey/ros2_ws/build/ak_series_driver' returned '0': CMAKE_PREFIX_PATH=/opt/ros/galactic /home/corey/.local/bin/cmake --install /home/corey/ros2_ws/build/ak_series_driver
[7.660s] Level 1:colcon.colcon_core.environment:checking '/home/corey/ros2_ws/install/ak_series_driver' for CMake module files
[7.660s] Level 1:colcon.colcon_core.environment:checking '/home/corey/ros2_ws/install/ak_series_driver' for CMake config files
[7.661s] Level 1:colcon.colcon_core.shell:create_environment_hook('ak_series_driver', 'cmake_prefix_path')
[7.697s] INFO:colcon.colcon_core.shell:Creating environment hook '/home/corey/ros2_ws/install/ak_series_driver/share/ak_series_driver/hook/cmake_prefix_path.ps1'
[7.698s] INFO:colcon.colcon_core.shell:Creating environment descriptor '/home/corey/ros2_ws/install/ak_series_driver/share/ak_series_driver/hook/cmake_prefix_path.dsv'
[7.698s] INFO:colcon.colcon_core.shell:Creating environment hook '/home/corey/ros2_ws/install/ak_series_driver/share/ak_series_driver/hook/cmake_prefix_path.sh'
[7.699s] Level 1:colcon.colcon_core.environment:checking '/home/corey/ros2_ws/install/ak_series_driver/lib'
[7.699s] Level 1:colcon.colcon_core.environment:checking '/home/corey/ros2_ws/install/ak_series_driver/bin'
[7.699s] Level 1:colcon.colcon_core.environment:checking '/home/corey/ros2_ws/install/ak_series_driver/lib/pkgconfig/ak_series_driver.pc'
[7.700s] Level 1:colcon.colcon_core.environment:checking '/home/corey/ros2_ws/install/ak_series_driver/lib/python3.8/site-packages'
[7.700s] Level 1:colcon.colcon_core.environment:checking '/home/corey/ros2_ws/install/ak_series_driver/bin'
[7.736s] INFO:colcon.colcon_core.shell:Creating package script '/home/corey/ros2_ws/install/ak_series_driver/share/ak_series_driver/package.ps1'
[7.736s] INFO:colcon.colcon_core.shell:Creating package descriptor '/home/corey/ros2_ws/install/ak_series_driver/share/ak_series_driver/package.dsv'
[7.737s] INFO:colcon.colcon_core.shell:Creating package script '/home/corey/ros2_ws/install/ak_series_driver/share/ak_series_driver/package.sh'
[7.737s] INFO:colcon.colcon_core.shell:Creating package script '/home/corey/ros2_ws/install/ak_series_driver/share/ak_series_driver/package.bash'
[7.738s] INFO:colcon.colcon_core.shell:Creating package script '/home/corey/ros2_ws/install/ak_series_driver/share/ak_series_driver/package.zsh'
[7.739s] Level 1:colcon.colcon_core.environment:create_file_with_runtime_dependencies(/home/corey/ros2_ws/install/ak_series_driver/share/colcon-core/packages/ak_series_driver)
[7.809s] Level 1:colcon.colcon_core.environment:create_environment_scripts_only(ak_series_driver)
[7.846s] Level 1:colcon.colcon_core.environment:checking '/home/corey/ros2_ws/install/ak_series_driver' for CMake module files
[7.847s] Level 1:colcon.colcon_core.environment:checking '/home/corey/ros2_ws/install/ak_series_driver' for CMake config files
[7.847s] Level 1:colcon.colcon_core.shell:create_environment_hook('ak_series_driver', 'cmake_prefix_path')
[7.883s] INFO:colcon.colcon_core.shell:Creating environment hook '/home/corey/ros2_ws/install/ak_series_driver/share/ak_series_driver/hook/cmake_prefix_path.ps1'
[7.884s] INFO:colcon.colcon_core.shell:Creating environment descriptor '/home/corey/ros2_ws/install/ak_series_driver/share/ak_series_driver/hook/cmake_prefix_path.dsv'
[7.884s] INFO:colcon.colcon_core.shell:Creating environment hook '/home/corey/ros2_ws/install/ak_series_driver/share/ak_series_driver/hook/cmake_prefix_path.sh'
[7.884s] Level 1:colcon.colcon_core.environment:checking '/home/corey/ros2_ws/install/ak_series_driver/lib'
[7.884s] Level 1:colcon.colcon_core.environment:checking '/home/corey/ros2_ws/install/ak_series_driver/bin'
[7.884s] Level 1:colcon.colcon_core.environment:checking '/home/corey/ros2_ws/install/ak_series_driver/lib/pkgconfig/ak_series_driver.pc'
[7.884s] Level 1:colcon.colcon_core.environment:checking '/home/corey/ros2_ws/install/ak_series_driver/lib/python3.8/site-packages'
[7.885s] Level 1:colcon.colcon_core.environment:checking '/home/corey/ros2_ws/install/ak_series_driver/bin'
[7.920s] INFO:colcon.colcon_core.shell:Creating package script '/home/corey/ros2_ws/install/ak_series_driver/share/ak_series_driver/package.ps1'
[7.920s] INFO:colcon.colcon_core.shell:Creating package descriptor '/home/corey/ros2_ws/install/ak_series_driver/share/ak_series_driver/package.dsv'
[7.920s] INFO:colcon.colcon_core.shell:Creating package script '/home/corey/ros2_ws/install/ak_series_driver/share/ak_series_driver/package.sh'
[7.921s] INFO:colcon.colcon_core.shell:Creating package script '/home/corey/ros2_ws/install/ak_series_driver/share/ak_series_driver/package.bash'
[7.921s] INFO:colcon.colcon_core.shell:Creating package script '/home/corey/ros2_ws/install/ak_series_driver/share/ak_series_driver/package.zsh'
[7.921s] Level 1:colcon.colcon_core.environment:create_file_with_runtime_dependencies(/home/corey/ros2_ws/install/ak_series_driver/share/colcon-core/packages/ak_series_driver)
[7.921s] DEBUG:colcon.colcon_parallel_executor.executor.parallel:closing loop
[7.922s] DEBUG:colcon.colcon_parallel_executor.executor.parallel:loop closed
[7.922s] DEBUG:colcon.colcon_parallel_executor.executor.parallel:run_until_complete finished with '0'
[7.922s] DEBUG:colcon.colcon_core.event_reactor:joining thread
[7.967s] INFO:colcon.colcon_core.plugin_system:Skipping extension 'colcon_notification.desktop_notification.terminal_notifier': Not used on non-Darwin systems
[7.968s] INFO:colcon.colcon_core.plugin_system:Skipping extension 'colcon_notification.desktop_notification.win32': Not used on non-Windows systems
[7.968s] INFO:colcon.colcon_notification.desktop_notification:Sending desktop notification using 'notify2'
[7.975s] DEBUG:colcon.colcon_core.event_reactor:joined thread
[8.012s] INFO:colcon.colcon_core.shell:Creating prefix script '/home/corey/ros2_ws/install/local_setup.ps1'
[8.013s] INFO:colcon.colcon_core.shell:Creating prefix util module '/home/corey/ros2_ws/install/_local_setup_util_ps1.py'
[8.014s] INFO:colcon.colcon_core.shell:Creating prefix chain script '/home/corey/ros2_ws/install/setup.ps1'
[8.052s] INFO:colcon.colcon_core.shell:Creating prefix script '/home/corey/ros2_ws/install/local_setup.sh'
[8.053s] INFO:colcon.colcon_core.shell:Creating prefix util module '/home/corey/ros2_ws/install/_local_setup_util_sh.py'
[8.053s] INFO:colcon.colcon_core.shell:Creating prefix chain script '/home/corey/ros2_ws/install/setup.sh'
[8.090s] INFO:colcon.colcon_core.shell:Creating prefix script '/home/corey/ros2_ws/install/local_setup.bash'
[8.090s] INFO:colcon.colcon_core.shell:Creating prefix chain script '/home/corey/ros2_ws/install/setup.bash'
[8.126s] INFO:colcon.colcon_core.shell:Creating prefix script '/home/corey/ros2_ws/install/local_setup.zsh'
[8.126s] INFO:colcon.colcon_core.shell:Creating prefix chain script '/home/corey/ros2_ws/install/setup.zsh'
