[0.009s] Invoking command in '/home/corey/Cubemars_AK_Series_Driver/build/ak_series_driver': CMAKE_PREFIX_PATH=${CMAKE_PREFIX_PATH}:/home/corey/Cubemars_AK_Series_Driver/install/control:/opt/ros/galactic /usr/bin/cmake --build /home/corey/Cubemars_AK_Series_Driver/build/ak_series_driver -- -j32 -l32
[0.033s] [35m[1mScanning dependencies of target ak_series_driver[0m
[0.046s] [ 16%] [32mBuilding CXX object CMakeFiles/ak_series_driver.dir/src/single_motor.cpp.o[0m
[0.903s] In file included from [01m[K/home/corey/Cubemars_AK_Series_Driver/src/ak_series_driver/src/single_motor.cpp:19[m[K:
[0.903s] [01m[K/home/corey/Cubemars_AK_Series_Driver/src/ak_series_driver/include/ak_series_driver/ak_driver.hpp:[m[K In member function ‘[01m[Kvoid AKDriver::setup(int, int)[m[K’:
[0.903s] [01m[K/home/corey/Cubemars_AK_Series_Driver/src/ak_series_driver/include/ak_series_driver/ak_driver.hpp:34:35:[m[K [01;31m[Kerror: [m[Kinvalid use of non-static member function ‘[01m[Kvoid AKDriver::get_can_frame()[m[K’
[0.903s]    34 |             std::thread([01;31m[KAKDriver::get_can_frame[m[K, &can_frame);
[0.903s]       |                         [01;31m[K~~~~~~~~~~^~~~~~~~~~~~~[m[K
[0.903s] [01m[K/home/corey/Cubemars_AK_Series_Driver/src/ak_series_driver/include/ak_series_driver/ak_driver.hpp:192:14:[m[K [01;36m[Knote: [m[Kdeclared here
[0.903s]   192 |         void [01;36m[Kget_can_frame[m[K()
[0.903s]       |              [01;36m[K^~~~~~~~~~~~~[m[K
[0.904s] [01m[K/home/corey/Cubemars_AK_Series_Driver/src/ak_series_driver/include/ak_series_driver/ak_driver.hpp:[m[K In static member function ‘[01m[Kstatic void AKDriver::GetCmdOutput(std::string&)[m[K’:
[0.904s] [01m[K/home/corey/Cubemars_AK_Series_Driver/src/ak_series_driver/include/ak_series_driver/ak_driver.hpp:152:32:[m[K [01;31m[Kerror: [m[K‘[01m[Kcount[m[K’ was not declared in this scope; did you mean ‘[01m[Kstd::count[m[K’?
[0.904s]   152 |                         while ([01;31m[Kcount[m[K < 42)
[0.904s]       |                                [01;31m[K^~~~~[m[K
[0.904s]       |                                [32m[Kstd::count[m[K
[0.904s] In file included from [01m[K/usr/include/c++/9/algorithm:71[m[K,
[0.904s]                  from [01m[K/opt/ros/galactic/include/rosidl_runtime_cpp/bounded_vector.hpp:18[m[K,
[0.904s]                  from [01m[K/opt/ros/galactic/include/std_msgs/msg/detail/string__struct.hpp:8[m[K,
[0.904s]                  from [01m[K/opt/ros/galactic/include/std_msgs/msg/string.hpp:7[m[K,
[0.904s]                  from [01m[K/home/corey/Cubemars_AK_Series_Driver/src/ak_series_driver/src/single_motor.cpp:14[m[K:
[0.904s] [01m[K/usr/include/c++/9/pstl/glue_algorithm_defs.h:101:1:[m[K [01;36m[Knote: [m[K‘[01m[Kstd::count[m[K’ declared here
[0.904s]   101 | [01;36m[Kcount[m[K(_ExecutionPolicy&& __exec, _ForwardIterator __first, _ForwardIterator __last, const _Tp& __value);
[0.904s]       | [01;36m[K^~~~~[m[K
[0.904s] In file included from [01m[K/home/corey/Cubemars_AK_Series_Driver/src/ak_series_driver/src/single_motor.cpp:19[m[K:
[0.905s] [01m[K/home/corey/Cubemars_AK_Series_Driver/src/ak_series_driver/include/ak_series_driver/ak_driver.hpp:[m[K In member function ‘[01m[Kvoid AKDriver::get_data(std::vector<float>&)[m[K’:
[0.905s] [01m[K/home/corey/Cubemars_AK_Series_Driver/src/ak_series_driver/include/ak_series_driver/ak_driver.hpp:174:43:[m[K [01;35m[Kwarning: [m[Kunused parameter ‘[01m[Kdata[m[K’ [[01;35m[K-Wunused-parameter[m[K]
[0.905s]   174 |         void get_data([01;35m[Kstd::vector<float> &data[m[K)
[0.905s]       |                       [01;35m[K~~~~~~~~~~~~~~~~~~~~^~~~[m[K
[1.871s] make[2]: *** [CMakeFiles/ak_series_driver.dir/build.make:63: CMakeFiles/ak_series_driver.dir/src/single_motor.cpp.o] Error 1
[1.871s] make[1]: *** [CMakeFiles/Makefile2:136: CMakeFiles/ak_series_driver.dir/all] Error 2
[1.871s] make: *** [Makefile:141: all] Error 2
[1.873s] Invoked command in '/home/corey/Cubemars_AK_Series_Driver/build/ak_series_driver' returned '2': CMAKE_PREFIX_PATH=${CMAKE_PREFIX_PATH}:/home/corey/Cubemars_AK_Series_Driver/install/control:/opt/ros/galactic /usr/bin/cmake --build /home/corey/Cubemars_AK_Series_Driver/build/ak_series_driver -- -j32 -l32
