running develop
running egg_info
creating control.egg-info
writing control.egg-info/PKG-INFO
writing dependency_links to control.egg-info/dependency_links.txt
writing entry points to control.egg-info/entry_points.txt
writing requirements to control.egg-info/requires.txt
writing top-level names to control.egg-info/top_level.txt
writing manifest file 'control.egg-info/SOURCES.txt'
reading manifest file 'control.egg-info/SOURCES.txt'
writing manifest file 'control.egg-info/SOURCES.txt'
running build_ext
Creating /home/corey/Cubemars_AK_Series_Driver/install/control/lib/python3.8/site-packages/site.py
Creating /home/corey/Cubemars_AK_Series_Driver/install/control/lib/python3.8/site-packages/control.egg-link (link to .)
Installing control script to /home/corey/Cubemars_AK_Series_Driver/install/control/lib/control

Installed /home/corey/Cubemars_AK_Series_Driver/build/control
running install_data
creating /home/corey/Cubemars_AK_Series_Driver/install/control/share/ament_index
creating /home/corey/Cubemars_AK_Series_Driver/install/control/share/ament_index/resource_index
creating /home/corey/Cubemars_AK_Series_Driver/install/control/share/ament_index/resource_index/packages
copying resource/control -> /home/corey/Cubemars_AK_Series_Driver/install/control/share/ament_index/resource_index/packages
copying package.xml -> /home/corey/Cubemars_AK_Series_Driver/install/control/share/control
