[0.859s] Invoking command in '/home/corey/Cubemars_AK_Series_Driver/build/control': PYTHONPATH=/home/corey/Cubemars_AK_Series_Driver/build/control/prefix_override:/home/corey/Cubemars_AK_Series_Driver/install/control/lib/python3.8/site-packages:${PYTHONPATH} /usr/bin/python3 setup.py develop --editable --build-directory /home/corey/Cubemars_AK_Series_Driver/build/control/build --no-deps install_data
[1.053s] running develop
[1.183s] running egg_info
[1.183s] creating control.egg-info
[1.183s] writing control.egg-info/PKG-INFO
[1.183s] writing dependency_links to control.egg-info/dependency_links.txt
[1.184s] writing entry points to control.egg-info/entry_points.txt
[1.184s] writing requirements to control.egg-info/requires.txt
[1.184s] writing top-level names to control.egg-info/top_level.txt
[1.184s] writing manifest file 'control.egg-info/SOURCES.txt'
[1.209s] reading manifest file 'control.egg-info/SOURCES.txt'
[1.210s] writing manifest file 'control.egg-info/SOURCES.txt'
[1.235s] running build_ext
[1.235s] Creating /home/corey/Cubemars_AK_Series_Driver/install/control/lib/python3.8/site-packages/site.py
[1.236s] Creating /home/corey/Cubemars_AK_Series_Driver/install/control/lib/python3.8/site-packages/control.egg-link (link to .)
[1.237s] Installing control script to /home/corey/Cubemars_AK_Series_Driver/install/control/lib/control
[1.237s] 
[1.237s] Installed /home/corey/Cubemars_AK_Series_Driver/build/control
[1.237s] running install_data
[1.237s] creating /home/corey/Cubemars_AK_Series_Driver/install/control/share/ament_index
[1.237s] creating /home/corey/Cubemars_AK_Series_Driver/install/control/share/ament_index/resource_index
[1.237s] creating /home/corey/Cubemars_AK_Series_Driver/install/control/share/ament_index/resource_index/packages
[1.238s] copying resource/control -> /home/corey/Cubemars_AK_Series_Driver/install/control/share/ament_index/resource_index/packages
[1.238s] copying package.xml -> /home/corey/Cubemars_AK_Series_Driver/install/control/share/control
[1.285s] Invoked command in '/home/corey/Cubemars_AK_Series_Driver/build/control' returned '0': PYTHONPATH=/home/corey/Cubemars_AK_Series_Driver/build/control/prefix_override:/home/corey/Cubemars_AK_Series_Driver/install/control/lib/python3.8/site-packages:${PYTHONPATH} /usr/bin/python3 setup.py develop --editable --build-directory /home/corey/Cubemars_AK_Series_Driver/build/control/build --no-deps install_data
