[35m[1mScanning dependencies of target ak_series_driver[0m
[ 16%] [32mBuilding CXX object CMakeFiles/ak_series_driver.dir/src/single_motor.cpp.o[0m
In file included from [01m[K/home/corey/Cubemars_AK_Series_Driver/src/ak_series_driver/src/single_motor.cpp:19[m[K:
[01m[K/home/corey/Cubemars_AK_Series_Driver/src/ak_series_driver/include/ak_series_driver/ak_driver.hpp:[m[K In member function ‘[01m[Kvoid AKDriver::comm_can_transmit_eid(uint32_t, const uint8_t*, uint8_t)[m[K’:
[01m[K/home/corey/Cubemars_AK_Series_Driver/src/ak_series_driver/include/ak_series_driver/ak_driver.hpp:121:31:[m[K [01;35m[Kwarning: [m[Kcomparison of integer expressions of different signedness: ‘[01m[Kint[m[K’ and ‘[01m[Klong unsigned int[m[K’ [[01;35m[K-Wsign-compare[m[K]
  121 |             for (int i = 0; [01;35m[Ki < sizeof(msg)[m[K; i++)
      |                             [01;35m[K~~^~~~~~~~~~~~~[m[K
[01m[K/home/corey/Cubemars_AK_Series_Driver/src/ak_series_driver/include/ak_series_driver/ak_driver.hpp:118:45:[m[K [01;35m[Kwarning: [m[Kunused parameter ‘[01m[Kid[m[K’ [[01;35m[K-Wunused-parameter[m[K]
  118 |         void comm_can_transmit_eid([01;35m[Kuint32_t id[m[K, const uint8_t *data, uint8_t len) {
      |                                    [01;35m[K~~~~~~~~~^~[m[K
[01m[K/home/corey/Cubemars_AK_Series_Driver/src/ak_series_driver/include/ak_series_driver/ak_driver.hpp:118:78:[m[K [01;35m[Kwarning: [m[Kunused parameter ‘[01m[Klen[m[K’ [[01;35m[K-Wunused-parameter[m[K]
  118 |         void comm_can_transmit_eid(uint32_t id, const uint8_t *data, [01;35m[Kuint8_t len[m[K) {
      |                                                                      [01;35m[K~~~~~~~~^~~[m[K
[01m[K/home/corey/Cubemars_AK_Series_Driver/src/ak_series_driver/src/single_motor.cpp:[m[K In member function ‘[01m[Kvoid SingleMotor::setup()[m[K’:
[01m[K/home/corey/Cubemars_AK_Series_Driver/src/ak_series_driver/src/single_motor.cpp:67:39:[m[K [01;31m[Kerror: [m[Kno matching function for call to ‘[01m[KAKDriver::comm_can_set_pos(int)[m[K’
   67 |             driver.comm_can_set_pos(10[01;31m[K)[m[K;
      |                                       [01;31m[K^[m[K
In file included from [01m[K/home/corey/Cubemars_AK_Series_Driver/src/ak_series_driver/src/single_motor.cpp:19[m[K:
[01m[K/home/corey/Cubemars_AK_Series_Driver/src/ak_series_driver/include/ak_series_driver/ak_driver.hpp:73:14:[m[K [01;36m[Knote: [m[Kcandidate: ‘[01m[Kvoid AKDriver::comm_can_set_pos(uint8_t, float)[m[K’
   73 |         void [01;36m[Kcomm_can_set_pos[m[K(uint8_t controller_id, float pos) {
      |              [01;36m[K^~~~~~~~~~~~~~~~[m[K
[01m[K/home/corey/Cubemars_AK_Series_Driver/src/ak_series_driver/include/ak_series_driver/ak_driver.hpp:73:14:[m[K [01;36m[Knote: [m[K  candidate expects 2 arguments, 1 provided
make[2]: *** [CMakeFiles/ak_series_driver.dir/build.make:63: CMakeFiles/ak_series_driver.dir/src/single_motor.cpp.o] Error 1
make[1]: *** [CMakeFiles/Makefile2:136: CMakeFiles/ak_series_driver.dir/all] Error 2
make: *** [Makefile:141: all] Error 2
