[0.013s] Invoking command in '/home/corey/Cubemars_AK_Series_Driver/build/ak_series_driver': CMAKE_PREFIX_PATH=${CMAKE_PREFIX_PATH}:/home/corey/Cubemars_AK_Series_Driver/install/control:/opt/ros/galactic /home/corey/.local/bin/cmake --build /home/corey/Cubemars_AK_Series_Driver/build/ak_series_driver -- -j16 -l16
[0.063s] [35m[1mScanning dependencies of target ak_series_driver[0m
[0.083s] [ 16%] [32mBuilding CXX object CMakeFiles/ak_series_driver.dir/src/single_motor.cpp.o[0m
[1.358s] In file included from [01m[K/home/corey/Cubemars_AK_Series_Driver/src/ak_series_driver/src/single_motor.cpp:18[m[K:
[1.358s] [01m[K/home/corey/Cubemars_AK_Series_Driver/src/ak_series_driver/include/ak_series_driver/can_communication.hpp:[m[K In member function ‘[01m[Kvoid CanCommunication::send_cmd(uint32_t, uint8_t, uint8_t*)[m[K’:
[1.359s] [01m[K/home/corey/Cubemars_AK_Series_Driver/src/ak_series_driver/include/ak_series_driver/can_communication.hpp:96:40:[m[K [01;35m[Kwarning: [m[Kcomparison of integer expressions of different signedness: ‘[01m[Kunsigned int[m[K’ and ‘[01m[Kint[m[K’ [[01;35m[K-Wsign-compare[m[K]
[1.359s]    96 |             for (unsigned int i = 0; [01;35m[Ki < offset[m[K; i++)
[1.359s]       |                                      [01;35m[K~~^~~~~~~~[m[K
[1.359s] [01m[K/home/corey/Cubemars_AK_Series_Driver/src/ak_series_driver/include/ak_series_driver/can_communication.hpp:100:45:[m[K [01;35m[Kwarning: [m[Kcomparison of integer expressions of different signedness: ‘[01m[Kunsigned int[m[K’ and ‘[01m[Kint[m[K’ [[01;35m[K-Wsign-compare[m[K]
[1.359s]   100 |             for (unsigned int i = offset; [01;35m[Ki < offset[m[K; i++)
[1.359s]       |                                           [01;35m[K~~^~~~~~~~[m[K
[1.360s] In file included from [01m[K/home/corey/Cubemars_AK_Series_Driver/src/ak_series_driver/src/single_motor.cpp:19[m[K:
[1.360s] [01m[K/home/corey/Cubemars_AK_Series_Driver/src/ak_series_driver/include/ak_series_driver/ak_driver.hpp:[m[K In member function ‘[01m[Kvoid AKDriver::comm_can_set_pos_spd(uint8_t, float, int16_t, int16_t)[m[K’:
[1.360s] [01m[K/home/corey/Cubemars_AK_Series_Driver/src/ak_series_driver/include/ak_series_driver/ak_driver.hpp:81:43:[m[K [01;35m[Kwarning: [m[Kunused parameter ‘[01m[Kcontroller_id[m[K’ [[01;35m[K-Wunused-parameter[m[K]
[1.360s]    81 |         void comm_can_set_pos_spd([01;35m[Kuint8_t controller_id[m[K, float pos,
[1.360s]       |                                   [01;35m[K~~~~~~~~^~~~~~~~~~~~~[m[K
[1.360s] [01m[K/home/corey/Cubemars_AK_Series_Driver/src/ak_series_driver/include/ak_series_driver/ak_driver.hpp:[m[K In member function ‘[01m[Kvoid AKDriver::comm_can_set_rpm(uint8_t, float)[m[K’:
[1.360s] [01m[K/home/corey/Cubemars_AK_Series_Driver/src/ak_series_driver/include/ak_series_driver/ak_driver.hpp:100:39:[m[K [01;35m[Kwarning: [m[Kunused parameter ‘[01m[Kcontroller_id[m[K’ [[01;35m[K-Wunused-parameter[m[K]
[1.360s]   100 |         void comm_can_set_rpm([01;35m[Kuint8_t controller_id[m[K, float rpm) {
[1.361s]       |                               [01;35m[K~~~~~~~~^~~~~~~~~~~~~[m[K
[1.361s] [01m[K/home/corey/Cubemars_AK_Series_Driver/src/ak_series_driver/include/ak_series_driver/ak_driver.hpp:[m[K In member function ‘[01m[Kvoid AKDriver::buffer_append_int32(uint8_t*, int32_t, int32_t*)[m[K’:
[1.361s] [01m[K/home/corey/Cubemars_AK_Series_Driver/src/ak_series_driver/include/ak_series_driver/ak_driver.hpp:188:31:[m[K [01;35m[Kwarning: [m[Kcomparison of integer expressions of different signedness: ‘[01m[Kint[m[K’ and ‘[01m[Klong unsigned int[m[K’ [[01;35m[K-Wsign-compare[m[K]
[1.361s]   188 |             for (int i = 0; [01;35m[Ki < sizeof(buffer)[m[K; i++)
[1.361s]       |                             [01;35m[K~~^~~~~~~~~~~~~~~~[m[K
[5.235s] [ 33%] [32m[1mLinking CXX shared library libak_series_driver.so[0m
[5.480s] [ 33%] Built target ak_series_driver
[5.490s] [35m[1mScanning dependencies of target dual[0m
[5.490s] [35m[1mScanning dependencies of target single[0m
[5.513s] [ 66%] [32mBuilding CXX object CMakeFiles/single.dir/src/single_motor.cpp.o[0m
[5.513s] [ 66%] [32mBuilding CXX object CMakeFiles/dual.dir/src/dual_motor.cpp.o[0m
[6.843s] In file included from [01m[K/home/corey/Cubemars_AK_Series_Driver/src/ak_series_driver/src/single_motor.cpp:18[m[K:
[6.843s] [01m[K/home/corey/Cubemars_AK_Series_Driver/src/ak_series_driver/include/ak_series_driver/can_communication.hpp:[m[K In member function ‘[01m[Kvoid CanCommunication::send_cmd(uint32_t, uint8_t, uint8_t*)[m[K’:
[6.843s] [01m[K/home/corey/Cubemars_AK_Series_Driver/src/ak_series_driver/include/ak_series_driver/can_communication.hpp:96:40:[m[K [01;35m[Kwarning: [m[Kcomparison of integer expressions of different signedness: ‘[01m[Kunsigned int[m[K’ and ‘[01m[Kint[m[K’ [[01;35m[K-Wsign-compare[m[K]
[6.843s]    96 |             for (unsigned int i = 0; [01;35m[Ki < offset[m[K; i++)
[6.844s]       |                                      [01;35m[K~~^~~~~~~~[m[K
[6.844s] [01m[K/home/corey/Cubemars_AK_Series_Driver/src/ak_series_driver/include/ak_series_driver/can_communication.hpp:100:45:[m[K [01;35m[Kwarning: [m[Kcomparison of integer expressions of different signedness: ‘[01m[Kunsigned int[m[K’ and ‘[01m[Kint[m[K’ [[01;35m[K-Wsign-compare[m[K]
[6.844s]   100 |             for (unsigned int i = offset; [01;35m[Ki < offset[m[K; i++)
[6.844s]       |                                           [01;35m[K~~^~~~~~~~[m[K
[6.845s] In file included from [01m[K/home/corey/Cubemars_AK_Series_Driver/src/ak_series_driver/src/single_motor.cpp:19[m[K:
[6.845s] [01m[K/home/corey/Cubemars_AK_Series_Driver/src/ak_series_driver/include/ak_series_driver/ak_driver.hpp:[m[K In member function ‘[01m[Kvoid AKDriver::comm_can_set_pos_spd(uint8_t, float, int16_t, int16_t)[m[K’:
[6.845s] [01m[K/home/corey/Cubemars_AK_Series_Driver/src/ak_series_driver/include/ak_series_driver/ak_driver.hpp:81:43:[m[K [01;35m[Kwarning: [m[Kunused parameter ‘[01m[Kcontroller_id[m[K’ [[01;35m[K-Wunused-parameter[m[K]
[6.845s]    81 |         void comm_can_set_pos_spd([01;35m[Kuint8_t controller_id[m[K, float pos,
[6.845s]       |                                   [01;35m[K~~~~~~~~^~~~~~~~~~~~~[m[K
[6.846s] [01m[K/home/corey/Cubemars_AK_Series_Driver/src/ak_series_driver/include/ak_series_driver/ak_driver.hpp:[m[K In member function ‘[01m[Kvoid AKDriver::comm_can_set_rpm(uint8_t, float)[m[K’:
[6.846s] [01m[K/home/corey/Cubemars_AK_Series_Driver/src/ak_series_driver/include/ak_series_driver/ak_driver.hpp:100:39:[m[K [01;35m[Kwarning: [m[Kunused parameter ‘[01m[Kcontroller_id[m[K’ [[01;35m[K-Wunused-parameter[m[K]
[6.846s]   100 |         void comm_can_set_rpm([01;35m[Kuint8_t controller_id[m[K, float rpm) {
[6.846s]       |                               [01;35m[K~~~~~~~~^~~~~~~~~~~~~[m[K
[6.846s] [01m[K/home/corey/Cubemars_AK_Series_Driver/src/ak_series_driver/include/ak_series_driver/ak_driver.hpp:[m[K In member function ‘[01m[Kvoid AKDriver::buffer_append_int32(uint8_t*, int32_t, int32_t*)[m[K’:
[6.846s] [01m[K/home/corey/Cubemars_AK_Series_Driver/src/ak_series_driver/include/ak_series_driver/ak_driver.hpp:188:31:[m[K [01;35m[Kwarning: [m[Kcomparison of integer expressions of different signedness: ‘[01m[Kint[m[K’ and ‘[01m[Klong unsigned int[m[K’ [[01;35m[K-Wsign-compare[m[K]
[6.846s]   188 |             for (int i = 0; [01;35m[Ki < sizeof(buffer)[m[K; i++)
[6.846s]       |                             [01;35m[K~~^~~~~~~~~~~~~~~~[m[K
[6.859s] In file included from [01m[K/home/corey/Cubemars_AK_Series_Driver/src/ak_series_driver/src/dual_motor.cpp:18[m[K:
[6.859s] [01m[K/home/corey/Cubemars_AK_Series_Driver/src/ak_series_driver/include/ak_series_driver/can_communication.hpp:[m[K In member function ‘[01m[Kvoid CanCommunication::send_cmd(uint32_t, uint8_t, uint8_t*)[m[K’:
[6.859s] [01m[K/home/corey/Cubemars_AK_Series_Driver/src/ak_series_driver/include/ak_series_driver/can_communication.hpp:96:40:[m[K [01;35m[Kwarning: [m[Kcomparison of integer expressions of different signedness: ‘[01m[Kunsigned int[m[K’ and ‘[01m[Kint[m[K’ [[01;35m[K-Wsign-compare[m[K]
[6.859s]    96 |             for (unsigned int i = 0; [01;35m[Ki < offset[m[K; i++)
[6.859s]       |                                      [01;35m[K~~^~~~~~~~[m[K
[6.859s] [01m[K/home/corey/Cubemars_AK_Series_Driver/src/ak_series_driver/include/ak_series_driver/can_communication.hpp:100:45:[m[K [01;35m[Kwarning: [m[Kcomparison of integer expressions of different signedness: ‘[01m[Kunsigned int[m[K’ and ‘[01m[Kint[m[K’ [[01;35m[K-Wsign-compare[m[K]
[6.859s]   100 |             for (unsigned int i = offset; [01;35m[Ki < offset[m[K; i++)
[6.859s]       |                                           [01;35m[K~~^~~~~~~~[m[K
[6.861s] In file included from [01m[K/home/corey/Cubemars_AK_Series_Driver/src/ak_series_driver/src/dual_motor.cpp:19[m[K:
[6.861s] [01m[K/home/corey/Cubemars_AK_Series_Driver/src/ak_series_driver/include/ak_series_driver/ak_driver.hpp:[m[K In member function ‘[01m[Kvoid AKDriver::comm_can_set_pos_spd(uint8_t, float, int16_t, int16_t)[m[K’:
[6.861s] [01m[K/home/corey/Cubemars_AK_Series_Driver/src/ak_series_driver/include/ak_series_driver/ak_driver.hpp:81:43:[m[K [01;35m[Kwarning: [m[Kunused parameter ‘[01m[Kcontroller_id[m[K’ [[01;35m[K-Wunused-parameter[m[K]
[6.861s]    81 |         void comm_can_set_pos_spd([01;35m[Kuint8_t controller_id[m[K, float pos,
[6.861s]       |                                   [01;35m[K~~~~~~~~^~~~~~~~~~~~~[m[K
[6.861s] [01m[K/home/corey/Cubemars_AK_Series_Driver/src/ak_series_driver/include/ak_series_driver/ak_driver.hpp:[m[K In member function ‘[01m[Kvoid AKDriver::comm_can_set_rpm(uint8_t, float)[m[K’:
[6.861s] [01m[K/home/corey/Cubemars_AK_Series_Driver/src/ak_series_driver/include/ak_series_driver/ak_driver.hpp:100:39:[m[K [01;35m[Kwarning: [m[Kunused parameter ‘[01m[Kcontroller_id[m[K’ [[01;35m[K-Wunused-parameter[m[K]
[6.862s]   100 |         void comm_can_set_rpm([01;35m[Kuint8_t controller_id[m[K, float rpm) {
[6.862s]       |                               [01;35m[K~~~~~~~~^~~~~~~~~~~~~[m[K
[6.862s] [01m[K/home/corey/Cubemars_AK_Series_Driver/src/ak_series_driver/include/ak_series_driver/ak_driver.hpp:[m[K In member function ‘[01m[Kvoid AKDriver::buffer_append_int32(uint8_t*, int32_t, int32_t*)[m[K’:
[6.862s] [01m[K/home/corey/Cubemars_AK_Series_Driver/src/ak_series_driver/include/ak_series_driver/ak_driver.hpp:188:31:[m[K [01;35m[Kwarning: [m[Kcomparison of integer expressions of different signedness: ‘[01m[Kint[m[K’ and ‘[01m[Klong unsigned int[m[K’ [[01;35m[K-Wsign-compare[m[K]
[6.862s]   188 |             for (int i = 0; [01;35m[Ki < sizeof(buffer)[m[K; i++)
[6.862s]       |                             [01;35m[K~~^~~~~~~~~~~~~~~~[m[K
[10.835s] [ 83%] [32m[1mLinking CXX executable single[0m
[10.937s] [100%] [32m[1mLinking CXX executable dual[0m
[11.099s] [100%] Built target single
[11.187s] [100%] Built target dual
[11.198s] Invoked command in '/home/corey/Cubemars_AK_Series_Driver/build/ak_series_driver' returned '0': CMAKE_PREFIX_PATH=${CMAKE_PREFIX_PATH}:/home/corey/Cubemars_AK_Series_Driver/install/control:/opt/ros/galactic /home/corey/.local/bin/cmake --build /home/corey/Cubemars_AK_Series_Driver/build/ak_series_driver -- -j16 -l16
[11.259s] Invoking command in '/home/corey/Cubemars_AK_Series_Driver/build/ak_series_driver': CMAKE_PREFIX_PATH=${CMAKE_PREFIX_PATH}:/home/corey/Cubemars_AK_Series_Driver/install/control:/opt/ros/galactic /home/corey/.local/bin/cmake --install /home/corey/Cubemars_AK_Series_Driver/build/ak_series_driver
[11.281s] -- Install configuration: ""
[11.281s] -- Execute custom install script
[11.282s] -- Up-to-date symlink: /home/corey/Cubemars_AK_Series_Driver/install/ak_series_driver/lib/ak_series_driver/libak_series_driver.so
[11.282s] -- Up-to-date symlink: /home/corey/Cubemars_AK_Series_Driver/install/ak_series_driver/include/ak_series_driver//ak_driver.hpp
[11.282s] -- Up-to-date symlink: /home/corey/Cubemars_AK_Series_Driver/install/ak_series_driver/include/ak_series_driver//can_communication.hpp
[11.282s] -- Up-to-date symlink: /home/corey/Cubemars_AK_Series_Driver/install/ak_series_driver/include/ak_series_driver//mit_params.hpp
[11.283s] -- Up-to-date symlink: /home/corey/Cubemars_AK_Series_Driver/install/ak_series_driver/include/ak_series_driver//motor.hpp
[11.283s] -- Up-to-date symlink: /home/corey/Cubemars_AK_Series_Driver/install/ak_series_driver/lib/ak_series_driver/single
[11.283s] -- Up-to-date symlink: /home/corey/Cubemars_AK_Series_Driver/install/ak_series_driver/lib/ak_series_driver/dual
[11.283s] -- Up-to-date symlink: /home/corey/Cubemars_AK_Series_Driver/install/ak_series_driver/share/ak_series_driver/environment/library_path.sh
[11.283s] -- Up-to-date symlink: /home/corey/Cubemars_AK_Series_Driver/install/ak_series_driver/share/ak_series_driver/environment/library_path.dsv
[11.284s] -- Up-to-date symlink: /home/corey/Cubemars_AK_Series_Driver/install/ak_series_driver/share/ament_index/resource_index/package_run_dependencies/ak_series_driver
[11.284s] -- Up-to-date symlink: /home/corey/Cubemars_AK_Series_Driver/install/ak_series_driver/share/ament_index/resource_index/parent_prefix_path/ak_series_driver
[11.284s] -- Up-to-date symlink: /home/corey/Cubemars_AK_Series_Driver/install/ak_series_driver/share/ak_series_driver/environment/ament_prefix_path.sh
[11.284s] -- Up-to-date symlink: /home/corey/Cubemars_AK_Series_Driver/install/ak_series_driver/share/ak_series_driver/environment/ament_prefix_path.dsv
[11.285s] -- Up-to-date symlink: /home/corey/Cubemars_AK_Series_Driver/install/ak_series_driver/share/ak_series_driver/environment/path.sh
[11.285s] -- Up-to-date symlink: /home/corey/Cubemars_AK_Series_Driver/install/ak_series_driver/share/ak_series_driver/environment/path.dsv
[11.285s] -- Up-to-date symlink: /home/corey/Cubemars_AK_Series_Driver/install/ak_series_driver/share/ak_series_driver/local_setup.bash
[11.285s] -- Up-to-date symlink: /home/corey/Cubemars_AK_Series_Driver/install/ak_series_driver/share/ak_series_driver/local_setup.sh
[11.285s] -- Up-to-date symlink: /home/corey/Cubemars_AK_Series_Driver/install/ak_series_driver/share/ak_series_driver/local_setup.zsh
[11.286s] -- Up-to-date symlink: /home/corey/Cubemars_AK_Series_Driver/install/ak_series_driver/share/ak_series_driver/local_setup.dsv
[11.286s] -- Symlinking: /home/corey/Cubemars_AK_Series_Driver/install/ak_series_driver/share/ak_series_driver/package.dsv
[11.292s] -- Up-to-date symlink: /home/corey/Cubemars_AK_Series_Driver/install/ak_series_driver/share/ament_index/resource_index/packages/ak_series_driver
[11.292s] -- Up-to-date symlink: /home/corey/Cubemars_AK_Series_Driver/install/ak_series_driver/share/ak_series_driver/cmake/ament_cmake_export_include_directories-extras.cmake
[11.293s] -- Up-to-date symlink: /home/corey/Cubemars_AK_Series_Driver/install/ak_series_driver/share/ak_series_driver/cmake/ament_cmake_export_libraries-extras.cmake
[11.293s] -- Up-to-date symlink: /home/corey/Cubemars_AK_Series_Driver/install/ak_series_driver/share/ak_series_driver/cmake/ament_cmake_export_dependencies-extras.cmake
[11.293s] -- Up-to-date symlink: /home/corey/Cubemars_AK_Series_Driver/install/ak_series_driver/share/ak_series_driver/cmake/ak_series_driverConfig.cmake
[11.293s] -- Up-to-date symlink: /home/corey/Cubemars_AK_Series_Driver/install/ak_series_driver/share/ak_series_driver/cmake/ak_series_driverConfig-version.cmake
[11.293s] -- Up-to-date symlink: /home/corey/Cubemars_AK_Series_Driver/install/ak_series_driver/share/ak_series_driver/package.xml
[11.300s] Invoked command in '/home/corey/Cubemars_AK_Series_Driver/build/ak_series_driver' returned '0': CMAKE_PREFIX_PATH=${CMAKE_PREFIX_PATH}:/home/corey/Cubemars_AK_Series_Driver/install/control:/opt/ros/galactic /home/corey/.local/bin/cmake --install /home/corey/Cubemars_AK_Series_Driver/build/ak_series_driver
