In file included from [01m[K/usr/include/stdio.h:867[m[K,
                 from [01m[K/home/corey/Cubemars_AK_Series_Driver/src/ak_series_driver/src/single_motor.cpp:1[m[K:
In function ‘[01m[Kchar* fgets(char*, int, FILE*)[m[K’,
    inlined from ‘[01m[Kstd::string AKDriver::GetCmdOutput(const char*)[m[K’ at [01m[K/home/corey/Cubemars_AK_Series_Driver/src/ak_series_driver/include/ak_series_driver/ak_driver.hpp:147:26[m[K,
    inlined from ‘[01m[Kvoid AKDriver::get_data(std::vector<float>&)[m[K’ at [01m[K/home/corey/Cubemars_AK_Series_Driver/src/ak_series_driver/include/ak_series_driver/ak_driver.hpp:177:50[m[K,
    inlined from ‘[01m[Kvoid SingleMotor::setup()[m[K’ at [01m[K/home/corey/Cubemars_AK_Series_Driver/src/ak_series_driver/src/single_motor.cpp:63:28[m[K:
[01m[K/usr/include/x86_64-linux-gnu/bits/stdio2.h:263:26:[m[K [01;35m[Kwarning: [m[Kcall to ‘[01m[K__fgets_chk_warn[m[K’ declared with attribute warning: fgets called with bigger size than length of destination buffer [[01;35m[K-Wattribute-warning[m[K]
  263 |  return [01;35m[K__fgets_chk_warn (__s, __bos (__s), __n, __stream)[m[K;
      |         [01;35m[K~~~~~~~~~~~~~~~~~^~~~~~~~~~~~~~~~~~~~~~~~~~~~~~~~~[m[K
In file included from [01m[K/usr/include/stdio.h:867[m[K,
                 from [01m[K/home/corey/Cubemars_AK_Series_Driver/src/ak_series_driver/src/dual_motor.cpp:1[m[K:
In function ‘[01m[Kchar* fgets(char*, int, FILE*)[m[K’,
    inlined from ‘[01m[Kstd::string AKDriver::GetCmdOutput(const char*)[m[K’ at [01m[K/home/corey/Cubemars_AK_Series_Driver/src/ak_series_driver/include/ak_series_driver/ak_driver.hpp:147:26[m[K,
    inlined from ‘[01m[Kvoid AKDriver::get_data(std::vector<float>&)[m[K’ at [01m[K/home/corey/Cubemars_AK_Series_Driver/src/ak_series_driver/include/ak_series_driver/ak_driver.hpp:177:50[m[K,
    inlined from ‘[01m[Kvoid DualMotor::topic_callback(std_msgs::msg::String_<std::allocator<void> >::SharedPtr)[m[K’ at [01m[K/home/corey/Cubemars_AK_Series_Driver/src/ak_series_driver/src/dual_motor.cpp:138:28[m[K:
[01m[K/usr/include/x86_64-linux-gnu/bits/stdio2.h:263:26:[m[K [01;35m[Kwarning: [m[Kcall to ‘[01m[K__fgets_chk_warn[m[K’ declared with attribute warning: fgets called with bigger size than length of destination buffer [[01;35m[K-Wattribute-warning[m[K]
  263 |  return [01;35m[K__fgets_chk_warn (__s, __bos (__s), __n, __stream)[m[K;
      |         [01;35m[K~~~~~~~~~~~~~~~~~^~~~~~~~~~~~~~~~~~~~~~~~~~~~~~~~~[m[K
In file included from [01m[K/usr/include/stdio.h:867[m[K,
                 from [01m[K/home/corey/Cubemars_AK_Series_Driver/src/ak_series_driver/src/single_motor.cpp:1[m[K:
In function ‘[01m[Kchar* fgets(char*, int, FILE*)[m[K’,
    inlined from ‘[01m[Kstd::string AKDriver::GetCmdOutput(const char*)[m[K’ at [01m[K/home/corey/Cubemars_AK_Series_Driver/src/ak_series_driver/include/ak_series_driver/ak_driver.hpp:147:26[m[K,
    inlined from ‘[01m[Kvoid AKDriver::get_data(std::vector<float>&)[m[K’ at [01m[K/home/corey/Cubemars_AK_Series_Driver/src/ak_series_driver/include/ak_series_driver/ak_driver.hpp:177:50[m[K,
    inlined from ‘[01m[Kvoid SingleMotor::setup()[m[K’ at [01m[K/home/corey/Cubemars_AK_Series_Driver/src/ak_series_driver/src/single_motor.cpp:63:28[m[K:
[01m[K/usr/include/x86_64-linux-gnu/bits/stdio2.h:263:26:[m[K [01;35m[Kwarning: [m[Kcall to ‘[01m[K__fgets_chk_warn[m[K’ declared with attribute warning: fgets called with bigger size than length of destination buffer [[01;35m[K-Wattribute-warning[m[K]
  263 |  return [01;35m[K__fgets_chk_warn (__s, __bos (__s), __n, __stream)[m[K;
      |         [01;35m[K~~~~~~~~~~~~~~~~~^~~~~~~~~~~~~~~~~~~~~~~~~~~~~~~~~[m[K
