[35m[1mScanning dependencies of target ak_series_driver[0m
[ 16%] [32mBuilding CXX object CMakeFiles/ak_series_driver.dir/src/single_motor.cpp.o[0m
In file included from [01m[K/usr/include/stdio.h:867[m[K,
                 from [01m[K/home/corey/Cubemars_AK_Series_Driver/src/ak_series_driver/src/single_motor.cpp:1[m[K:
In function ‘[01m[Kchar* fgets(char*, int, FILE*)[m[K’,
    inlined from ‘[01m[Kstd::string AKDriver::GetCmdOutput(const char*)[m[K’ at [01m[K/home/corey/Cubemars_AK_Series_Driver/src/ak_series_driver/include/ak_series_driver/ak_driver.hpp:147:26[m[K,
    inlined from ‘[01m[Kvoid AKDriver::get_data(std::vector<float>&)[m[K’ at [01m[K/home/corey/Cubemars_AK_Series_Driver/src/ak_series_driver/include/ak_series_driver/ak_driver.hpp:177:50[m[K,
    inlined from ‘[01m[Kvoid SingleMotor::setup()[m[K’ at [01m[K/home/corey/Cubemars_AK_Series_Driver/src/ak_series_driver/src/single_motor.cpp:63:28[m[K:
[01m[K/usr/include/x86_64-linux-gnu/bits/stdio2.h:263:26:[m[K [01;35m[Kwarning: [m[Kcall to ‘[01m[K__fgets_chk_warn[m[K’ declared with attribute warning: fgets called with bigger size than length of destination buffer [[01;35m[K-Wattribute-warning[m[K]
  263 |  return [01;35m[K__fgets_chk_warn (__s, __bos (__s), __n, __stream)[m[K;
      |         [01;35m[K~~~~~~~~~~~~~~~~~^~~~~~~~~~~~~~~~~~~~~~~~~~~~~~~~~[m[K
[ 33%] [32m[1mLinking CXX shared library libak_series_driver.so[0m
[ 33%] Built target ak_series_driver
[35m[1mScanning dependencies of target dual[0m
[35m[1mScanning dependencies of target single[0m
[ 66%] [32mBuilding CXX object CMakeFiles/dual.dir/src/dual_motor.cpp.o[0m
[ 66%] [32mBuilding CXX object CMakeFiles/single.dir/src/single_motor.cpp.o[0m
In file included from [01m[K/usr/include/stdio.h:867[m[K,
                 from [01m[K/home/corey/Cubemars_AK_Series_Driver/src/ak_series_driver/src/dual_motor.cpp:1[m[K:
In function ‘[01m[Kchar* fgets(char*, int, FILE*)[m[K’,
    inlined from ‘[01m[Kstd::string AKDriver::GetCmdOutput(const char*)[m[K’ at [01m[K/home/corey/Cubemars_AK_Series_Driver/src/ak_series_driver/include/ak_series_driver/ak_driver.hpp:147:26[m[K,
    inlined from ‘[01m[Kvoid AKDriver::get_data(std::vector<float>&)[m[K’ at [01m[K/home/corey/Cubemars_AK_Series_Driver/src/ak_series_driver/include/ak_series_driver/ak_driver.hpp:177:50[m[K,
    inlined from ‘[01m[Kvoid DualMotor::topic_callback(std_msgs::msg::String_<std::allocator<void> >::SharedPtr)[m[K’ at [01m[K/home/corey/Cubemars_AK_Series_Driver/src/ak_series_driver/src/dual_motor.cpp:138:28[m[K:
[01m[K/usr/include/x86_64-linux-gnu/bits/stdio2.h:263:26:[m[K [01;35m[Kwarning: [m[Kcall to ‘[01m[K__fgets_chk_warn[m[K’ declared with attribute warning: fgets called with bigger size than length of destination buffer [[01;35m[K-Wattribute-warning[m[K]
  263 |  return [01;35m[K__fgets_chk_warn (__s, __bos (__s), __n, __stream)[m[K;
      |         [01;35m[K~~~~~~~~~~~~~~~~~^~~~~~~~~~~~~~~~~~~~~~~~~~~~~~~~~[m[K
In file included from [01m[K/usr/include/stdio.h:867[m[K,
                 from [01m[K/home/corey/Cubemars_AK_Series_Driver/src/ak_series_driver/src/single_motor.cpp:1[m[K:
In function ‘[01m[Kchar* fgets(char*, int, FILE*)[m[K’,
    inlined from ‘[01m[Kstd::string AKDriver::GetCmdOutput(const char*)[m[K’ at [01m[K/home/corey/Cubemars_AK_Series_Driver/src/ak_series_driver/include/ak_series_driver/ak_driver.hpp:147:26[m[K,
    inlined from ‘[01m[Kvoid AKDriver::get_data(std::vector<float>&)[m[K’ at [01m[K/home/corey/Cubemars_AK_Series_Driver/src/ak_series_driver/include/ak_series_driver/ak_driver.hpp:177:50[m[K,
    inlined from ‘[01m[Kvoid SingleMotor::setup()[m[K’ at [01m[K/home/corey/Cubemars_AK_Series_Driver/src/ak_series_driver/src/single_motor.cpp:63:28[m[K:
[01m[K/usr/include/x86_64-linux-gnu/bits/stdio2.h:263:26:[m[K [01;35m[Kwarning: [m[Kcall to ‘[01m[K__fgets_chk_warn[m[K’ declared with attribute warning: fgets called with bigger size than length of destination buffer [[01;35m[K-Wattribute-warning[m[K]
  263 |  return [01;35m[K__fgets_chk_warn (__s, __bos (__s), __n, __stream)[m[K;
      |         [01;35m[K~~~~~~~~~~~~~~~~~^~~~~~~~~~~~~~~~~~~~~~~~~~~~~~~~~[m[K
[ 83%] [32m[1mLinking CXX executable dual[0m
[ 83%] Built target dual
[100%] [32m[1mLinking CXX executable single[0m
[100%] Built target single
-- Install configuration: "RelWithDebInfo"
-- Execute custom install script
-- Up-to-date symlink: /home/corey/Cubemars_AK_Series_Driver/install/ak_series_driver/lib/ak_series_driver/libak_series_driver.so
-- Up-to-date symlink: /home/corey/Cubemars_AK_Series_Driver/install/ak_series_driver/include/ak_series_driver//ak_driver.hpp
-- Up-to-date symlink: /home/corey/Cubemars_AK_Series_Driver/install/ak_series_driver/include/ak_series_driver//can_communication.hpp
-- Up-to-date symlink: /home/corey/Cubemars_AK_Series_Driver/install/ak_series_driver/include/ak_series_driver//mit_params.hpp
-- Up-to-date symlink: /home/corey/Cubemars_AK_Series_Driver/install/ak_series_driver/include/ak_series_driver//motor.hpp
-- Up-to-date symlink: /home/corey/Cubemars_AK_Series_Driver/install/ak_series_driver/lib/ak_series_driver/single
-- Up-to-date symlink: /home/corey/Cubemars_AK_Series_Driver/install/ak_series_driver/lib/ak_series_driver/dual
-- Up-to-date symlink: /home/corey/Cubemars_AK_Series_Driver/install/ak_series_driver/share/ak_series_driver/environment/library_path.sh
-- Up-to-date symlink: /home/corey/Cubemars_AK_Series_Driver/install/ak_series_driver/share/ak_series_driver/environment/library_path.dsv
-- Up-to-date symlink: /home/corey/Cubemars_AK_Series_Driver/install/ak_series_driver/share/ament_index/resource_index/package_run_dependencies/ak_series_driver
-- Up-to-date symlink: /home/corey/Cubemars_AK_Series_Driver/install/ak_series_driver/share/ament_index/resource_index/parent_prefix_path/ak_series_driver
-- Up-to-date symlink: /home/corey/Cubemars_AK_Series_Driver/install/ak_series_driver/share/ak_series_driver/environment/ament_prefix_path.sh
-- Up-to-date symlink: /home/corey/Cubemars_AK_Series_Driver/install/ak_series_driver/share/ak_series_driver/environment/ament_prefix_path.dsv
-- Up-to-date symlink: /home/corey/Cubemars_AK_Series_Driver/install/ak_series_driver/share/ak_series_driver/environment/path.sh
-- Up-to-date symlink: /home/corey/Cubemars_AK_Series_Driver/install/ak_series_driver/share/ak_series_driver/environment/path.dsv
-- Up-to-date symlink: /home/corey/Cubemars_AK_Series_Driver/install/ak_series_driver/share/ak_series_driver/local_setup.bash
-- Up-to-date symlink: /home/corey/Cubemars_AK_Series_Driver/install/ak_series_driver/share/ak_series_driver/local_setup.sh
-- Up-to-date symlink: /home/corey/Cubemars_AK_Series_Driver/install/ak_series_driver/share/ak_series_driver/local_setup.zsh
-- Up-to-date symlink: /home/corey/Cubemars_AK_Series_Driver/install/ak_series_driver/share/ak_series_driver/local_setup.dsv
-- Symlinking: /home/corey/Cubemars_AK_Series_Driver/install/ak_series_driver/share/ak_series_driver/package.dsv
-- Up-to-date symlink: /home/corey/Cubemars_AK_Series_Driver/install/ak_series_driver/share/ament_index/resource_index/packages/ak_series_driver
-- Up-to-date symlink: /home/corey/Cubemars_AK_Series_Driver/install/ak_series_driver/share/ak_series_driver/cmake/ament_cmake_export_include_directories-extras.cmake
-- Up-to-date symlink: /home/corey/Cubemars_AK_Series_Driver/install/ak_series_driver/share/ak_series_driver/cmake/ament_cmake_export_libraries-extras.cmake
-- Up-to-date symlink: /home/corey/Cubemars_AK_Series_Driver/install/ak_series_driver/share/ak_series_driver/cmake/ament_cmake_export_dependencies-extras.cmake
-- Up-to-date symlink: /home/corey/Cubemars_AK_Series_Driver/install/ak_series_driver/share/ak_series_driver/cmake/ak_series_driverConfig.cmake
-- Up-to-date symlink: /home/corey/Cubemars_AK_Series_Driver/install/ak_series_driver/share/ak_series_driver/cmake/ak_series_driverConfig-version.cmake
-- Up-to-date symlink: /home/corey/Cubemars_AK_Series_Driver/install/ak_series_driver/share/ak_series_driver/package.xml
