[0.009s] Invoking command in '/home/corey/Cubemars_AK_Series_Driver/build/ak_series_driver': CMAKE_PREFIX_PATH=${CMAKE_PREFIX_PATH}:/home/corey/Cubemars_AK_Series_Driver/install/control:/opt/ros/galactic /usr/bin/cmake --build /home/corey/Cubemars_AK_Series_Driver/build/ak_series_driver -- -j32 -l32
[0.033s] [35m[1mScanning dependencies of target ak_series_driver[0m
[0.046s] [ 16%] [32mBuilding CXX object CMakeFiles/ak_series_driver.dir/src/single_motor.cpp.o[0m
[3.912s] In file included from [01m[K/usr/include/stdio.h:867[m[K,
[3.912s]                  from [01m[K/home/corey/Cubemars_AK_Series_Driver/src/ak_series_driver/src/single_motor.cpp:1[m[K:
[3.912s] In function ‘[01m[Kchar* fgets(char*, int, FILE*)[m[K’,
[3.912s]     inlined from ‘[01m[Kstd::string AKDriver::GetCmdOutput(const char*)[m[K’ at [01m[K/home/corey/Cubemars_AK_Series_Driver/src/ak_series_driver/include/ak_series_driver/ak_driver.hpp:147:26[m[K,
[3.912s]     inlined from ‘[01m[Kvoid AKDriver::get_data(std::vector<float>&)[m[K’ at [01m[K/home/corey/Cubemars_AK_Series_Driver/src/ak_series_driver/include/ak_series_driver/ak_driver.hpp:177:50[m[K,
[3.912s]     inlined from ‘[01m[Kvoid SingleMotor::setup()[m[K’ at [01m[K/home/corey/Cubemars_AK_Series_Driver/src/ak_series_driver/src/single_motor.cpp:63:28[m[K:
[3.912s] [01m[K/usr/include/x86_64-linux-gnu/bits/stdio2.h:263:26:[m[K [01;35m[Kwarning: [m[Kcall to ‘[01m[K__fgets_chk_warn[m[K’ declared with attribute warning: fgets called with bigger size than length of destination buffer [[01;35m[K-Wattribute-warning[m[K]
[3.912s]   263 |  return [01;35m[K__fgets_chk_warn (__s, __bos (__s), __n, __stream)[m[K;
[3.912s]       |         [01;35m[K~~~~~~~~~~~~~~~~~^~~~~~~~~~~~~~~~~~~~~~~~~~~~~~~~~[m[K
[6.794s] [ 33%] [32m[1mLinking CXX shared library libak_series_driver.so[0m
[6.903s] [ 33%] Built target ak_series_driver
[6.910s] [35m[1mScanning dependencies of target dual[0m
[6.910s] [35m[1mScanning dependencies of target single[0m
[6.924s] [ 66%] [32mBuilding CXX object CMakeFiles/dual.dir/src/dual_motor.cpp.o[0m
[6.924s] [ 66%] [32mBuilding CXX object CMakeFiles/single.dir/src/single_motor.cpp.o[0m
[10.698s] In file included from [01m[K/usr/include/stdio.h:867[m[K,
[10.698s]                  from [01m[K/home/corey/Cubemars_AK_Series_Driver/src/ak_series_driver/src/dual_motor.cpp:1[m[K:
[10.698s] In function ‘[01m[Kchar* fgets(char*, int, FILE*)[m[K’,
[10.698s]     inlined from ‘[01m[Kstd::string AKDriver::GetCmdOutput(const char*)[m[K’ at [01m[K/home/corey/Cubemars_AK_Series_Driver/src/ak_series_driver/include/ak_series_driver/ak_driver.hpp:147:26[m[K,
[10.698s]     inlined from ‘[01m[Kvoid AKDriver::get_data(std::vector<float>&)[m[K’ at [01m[K/home/corey/Cubemars_AK_Series_Driver/src/ak_series_driver/include/ak_series_driver/ak_driver.hpp:177:50[m[K,
[10.698s]     inlined from ‘[01m[Kvoid DualMotor::topic_callback(std_msgs::msg::String_<std::allocator<void> >::SharedPtr)[m[K’ at [01m[K/home/corey/Cubemars_AK_Series_Driver/src/ak_series_driver/src/dual_motor.cpp:138:28[m[K:
[10.698s] [01m[K/usr/include/x86_64-linux-gnu/bits/stdio2.h:263:26:[m[K [01;35m[Kwarning: [m[Kcall to ‘[01m[K__fgets_chk_warn[m[K’ declared with attribute warning: fgets called with bigger size than length of destination buffer [[01;35m[K-Wattribute-warning[m[K]
[10.698s]   263 |  return [01;35m[K__fgets_chk_warn (__s, __bos (__s), __n, __stream)[m[K;
[10.698s]       |         [01;35m[K~~~~~~~~~~~~~~~~~^~~~~~~~~~~~~~~~~~~~~~~~~~~~~~~~~[m[K
[10.847s] In file included from [01m[K/usr/include/stdio.h:867[m[K,
[10.847s]                  from [01m[K/home/corey/Cubemars_AK_Series_Driver/src/ak_series_driver/src/single_motor.cpp:1[m[K:
[10.847s] In function ‘[01m[Kchar* fgets(char*, int, FILE*)[m[K’,
[10.847s]     inlined from ‘[01m[Kstd::string AKDriver::GetCmdOutput(const char*)[m[K’ at [01m[K/home/corey/Cubemars_AK_Series_Driver/src/ak_series_driver/include/ak_series_driver/ak_driver.hpp:147:26[m[K,
[10.847s]     inlined from ‘[01m[Kvoid AKDriver::get_data(std::vector<float>&)[m[K’ at [01m[K/home/corey/Cubemars_AK_Series_Driver/src/ak_series_driver/include/ak_series_driver/ak_driver.hpp:177:50[m[K,
[10.847s]     inlined from ‘[01m[Kvoid SingleMotor::setup()[m[K’ at [01m[K/home/corey/Cubemars_AK_Series_Driver/src/ak_series_driver/src/single_motor.cpp:63:28[m[K:
[10.847s] [01m[K/usr/include/x86_64-linux-gnu/bits/stdio2.h:263:26:[m[K [01;35m[Kwarning: [m[Kcall to ‘[01m[K__fgets_chk_warn[m[K’ declared with attribute warning: fgets called with bigger size than length of destination buffer [[01;35m[K-Wattribute-warning[m[K]
[10.847s]   263 |  return [01;35m[K__fgets_chk_warn (__s, __bos (__s), __n, __stream)[m[K;
[10.847s]       |         [01;35m[K~~~~~~~~~~~~~~~~~^~~~~~~~~~~~~~~~~~~~~~~~~~~~~~~~~[m[K
[13.286s] [ 83%] [32m[1mLinking CXX executable dual[0m
[13.399s] [ 83%] Built target dual
[13.731s] [100%] [32m[1mLinking CXX executable single[0m
[13.845s] [100%] Built target single
[13.857s] Invoked command in '/home/corey/Cubemars_AK_Series_Driver/build/ak_series_driver' returned '0': CMAKE_PREFIX_PATH=${CMAKE_PREFIX_PATH}:/home/corey/Cubemars_AK_Series_Driver/install/control:/opt/ros/galactic /usr/bin/cmake --build /home/corey/Cubemars_AK_Series_Driver/build/ak_series_driver -- -j32 -l32
[13.874s] Invoking command in '/home/corey/Cubemars_AK_Series_Driver/build/ak_series_driver': CMAKE_PREFIX_PATH=${CMAKE_PREFIX_PATH}:/home/corey/Cubemars_AK_Series_Driver/install/control:/opt/ros/galactic /usr/bin/cmake --install /home/corey/Cubemars_AK_Series_Driver/build/ak_series_driver
[13.880s] -- Install configuration: "RelWithDebInfo"
[13.881s] -- Execute custom install script
[13.881s] -- Up-to-date symlink: /home/corey/Cubemars_AK_Series_Driver/install/ak_series_driver/lib/ak_series_driver/libak_series_driver.so
[13.882s] -- Up-to-date symlink: /home/corey/Cubemars_AK_Series_Driver/install/ak_series_driver/include/ak_series_driver//ak_driver.hpp
[13.882s] -- Up-to-date symlink: /home/corey/Cubemars_AK_Series_Driver/install/ak_series_driver/include/ak_series_driver//can_communication.hpp
[13.882s] -- Up-to-date symlink: /home/corey/Cubemars_AK_Series_Driver/install/ak_series_driver/include/ak_series_driver//mit_params.hpp
[13.882s] -- Up-to-date symlink: /home/corey/Cubemars_AK_Series_Driver/install/ak_series_driver/include/ak_series_driver//motor.hpp
[13.882s] -- Up-to-date symlink: /home/corey/Cubemars_AK_Series_Driver/install/ak_series_driver/lib/ak_series_driver/single
[13.882s] -- Up-to-date symlink: /home/corey/Cubemars_AK_Series_Driver/install/ak_series_driver/lib/ak_series_driver/dual
[13.883s] -- Up-to-date symlink: /home/corey/Cubemars_AK_Series_Driver/install/ak_series_driver/share/ak_series_driver/environment/library_path.sh
[13.883s] -- Up-to-date symlink: /home/corey/Cubemars_AK_Series_Driver/install/ak_series_driver/share/ak_series_driver/environment/library_path.dsv
[13.883s] -- Up-to-date symlink: /home/corey/Cubemars_AK_Series_Driver/install/ak_series_driver/share/ament_index/resource_index/package_run_dependencies/ak_series_driver
[13.883s] -- Up-to-date symlink: /home/corey/Cubemars_AK_Series_Driver/install/ak_series_driver/share/ament_index/resource_index/parent_prefix_path/ak_series_driver
[13.883s] -- Up-to-date symlink: /home/corey/Cubemars_AK_Series_Driver/install/ak_series_driver/share/ak_series_driver/environment/ament_prefix_path.sh
[13.883s] -- Up-to-date symlink: /home/corey/Cubemars_AK_Series_Driver/install/ak_series_driver/share/ak_series_driver/environment/ament_prefix_path.dsv
[13.884s] -- Up-to-date symlink: /home/corey/Cubemars_AK_Series_Driver/install/ak_series_driver/share/ak_series_driver/environment/path.sh
[13.884s] -- Up-to-date symlink: /home/corey/Cubemars_AK_Series_Driver/install/ak_series_driver/share/ak_series_driver/environment/path.dsv
[13.884s] -- Up-to-date symlink: /home/corey/Cubemars_AK_Series_Driver/install/ak_series_driver/share/ak_series_driver/local_setup.bash
[13.884s] -- Up-to-date symlink: /home/corey/Cubemars_AK_Series_Driver/install/ak_series_driver/share/ak_series_driver/local_setup.sh
[13.884s] -- Up-to-date symlink: /home/corey/Cubemars_AK_Series_Driver/install/ak_series_driver/share/ak_series_driver/local_setup.zsh
[13.884s] -- Up-to-date symlink: /home/corey/Cubemars_AK_Series_Driver/install/ak_series_driver/share/ak_series_driver/local_setup.dsv
[13.885s] -- Symlinking: /home/corey/Cubemars_AK_Series_Driver/install/ak_series_driver/share/ak_series_driver/package.dsv
[13.890s] -- Up-to-date symlink: /home/corey/Cubemars_AK_Series_Driver/install/ak_series_driver/share/ament_index/resource_index/packages/ak_series_driver
[13.891s] -- Up-to-date symlink: /home/corey/Cubemars_AK_Series_Driver/install/ak_series_driver/share/ak_series_driver/cmake/ament_cmake_export_include_directories-extras.cmake
[13.891s] -- Up-to-date symlink: /home/corey/Cubemars_AK_Series_Driver/install/ak_series_driver/share/ak_series_driver/cmake/ament_cmake_export_libraries-extras.cmake
[13.891s] -- Up-to-date symlink: /home/corey/Cubemars_AK_Series_Driver/install/ak_series_driver/share/ak_series_driver/cmake/ament_cmake_export_dependencies-extras.cmake
[13.891s] -- Up-to-date symlink: /home/corey/Cubemars_AK_Series_Driver/install/ak_series_driver/share/ak_series_driver/cmake/ak_series_driverConfig.cmake
[13.891s] -- Up-to-date symlink: /home/corey/Cubemars_AK_Series_Driver/install/ak_series_driver/share/ak_series_driver/cmake/ak_series_driverConfig-version.cmake
[13.891s] -- Up-to-date symlink: /home/corey/Cubemars_AK_Series_Driver/install/ak_series_driver/share/ak_series_driver/package.xml
[13.893s] Invoked command in '/home/corey/Cubemars_AK_Series_Driver/build/ak_series_driver' returned '0': CMAKE_PREFIX_PATH=${CMAKE_PREFIX_PATH}:/home/corey/Cubemars_AK_Series_Driver/install/control:/opt/ros/galactic /usr/bin/cmake --install /home/corey/Cubemars_AK_Series_Driver/build/ak_series_driver
