In file included from [01m[K/home/corey/Cubemars_AK_Series_Driver/src/ak_series_driver/src/single_motor.cpp:18[m[K:
[01m[K/home/corey/Cubemars_AK_Series_Driver/src/ak_series_driver/include/ak_series_driver/can_communication.hpp:[m[K In member function ‘[01m[Kvoid CanCommunication::send_cmd(uint32_t, uint8_t, uint8_t*)[m[K’:
[01m[K/home/corey/Cubemars_AK_Series_Driver/src/ak_series_driver/include/ak_series_driver/can_communication.hpp:83:48:[m[K [01;35m[Kwarning: [m[Kunused parameter ‘[01m[Kcan_dlc[m[K’ [[01;35m[K-Wunused-parameter[m[K]
   83 |         void send_cmd(uint32_t can_id, [01;35m[Kuint8_t can_dlc[m[K, uint8_t *data)
      |                                        [01;35m[K~~~~~~~~^~~~~~~[m[K
In file included from [01m[K/home/corey/Cubemars_AK_Series_Driver/src/ak_series_driver/src/single_motor.cpp:19[m[K:
[01m[K/home/corey/Cubemars_AK_Series_Driver/src/ak_series_driver/include/ak_series_driver/ak_driver.hpp:[m[K In member function ‘[01m[Kvoid AKDriver::comm_can_transmit_eid(uint32_t, const uint8_t*, uint8_t)[m[K’:
[01m[K/home/corey/Cubemars_AK_Series_Driver/src/ak_series_driver/include/ak_series_driver/ak_driver.hpp:141:31:[m[K [01;35m[Kwarning: [m[Kcomparison of integer expressions of different signedness: ‘[01m[Kint[m[K’ and ‘[01m[Klong unsigned int[m[K’ [[01;35m[K-Wsign-compare[m[K]
  141 |             for (int i = 0; [01;35m[Ki < sizeof(data)[m[K; i++)
      |                             [01;35m[K~~^~~~~~~~~~~~~~[m[K
[01m[K/home/corey/Cubemars_AK_Series_Driver/src/ak_series_driver/include/ak_series_driver/ak_driver.hpp:136:45:[m[K [01;35m[Kwarning: [m[Kparameter ‘[01m[Klen[m[K’ set but not used [[01;35m[K-Wunused-but-set-parameter[m[K]
  136 |                                     [01;35m[Kuint8_t len[m[K) {
      |                                     [01;35m[K~~~~~~~~^~~[m[K
In file included from [01m[K/home/corey/Cubemars_AK_Series_Driver/src/ak_series_driver/src/single_motor.cpp:18[m[K:
[01m[K/home/corey/Cubemars_AK_Series_Driver/src/ak_series_driver/include/ak_series_driver/can_communication.hpp:[m[K In member function ‘[01m[Kvoid CanCommunication::send_cmd(uint32_t, uint8_t, uint8_t*)[m[K’:
[01m[K/home/corey/Cubemars_AK_Series_Driver/src/ak_series_driver/include/ak_series_driver/can_communication.hpp:83:48:[m[K [01;35m[Kwarning: [m[Kunused parameter ‘[01m[Kcan_dlc[m[K’ [[01;35m[K-Wunused-parameter[m[K]
   83 |         void send_cmd(uint32_t can_id, [01;35m[Kuint8_t can_dlc[m[K, uint8_t *data)
      |                                        [01;35m[K~~~~~~~~^~~~~~~[m[K
In file included from [01m[K/home/corey/Cubemars_AK_Series_Driver/src/ak_series_driver/src/dual_motor.cpp:18[m[K:
[01m[K/home/corey/Cubemars_AK_Series_Driver/src/ak_series_driver/include/ak_series_driver/can_communication.hpp:[m[K In member function ‘[01m[Kvoid CanCommunication::send_cmd(uint32_t, uint8_t, uint8_t*)[m[K’:
[01m[K/home/corey/Cubemars_AK_Series_Driver/src/ak_series_driver/include/ak_series_driver/can_communication.hpp:83:48:[m[K [01;35m[Kwarning: [m[Kunused parameter ‘[01m[Kcan_dlc[m[K’ [[01;35m[K-Wunused-parameter[m[K]
   83 |         void send_cmd(uint32_t can_id, [01;35m[Kuint8_t can_dlc[m[K, uint8_t *data)
      |                                        [01;35m[K~~~~~~~~^~~~~~~[m[K
In file included from [01m[K/home/corey/Cubemars_AK_Series_Driver/src/ak_series_driver/src/single_motor.cpp:19[m[K:
[01m[K/home/corey/Cubemars_AK_Series_Driver/src/ak_series_driver/include/ak_series_driver/ak_driver.hpp:[m[K In member function ‘[01m[Kvoid AKDriver::comm_can_transmit_eid(uint32_t, const uint8_t*, uint8_t)[m[K’:
[01m[K/home/corey/Cubemars_AK_Series_Driver/src/ak_series_driver/include/ak_series_driver/ak_driver.hpp:141:31:[m[K [01;35m[Kwarning: [m[Kcomparison of integer expressions of different signedness: ‘[01m[Kint[m[K’ and ‘[01m[Klong unsigned int[m[K’ [[01;35m[K-Wsign-compare[m[K]
  141 |             for (int i = 0; [01;35m[Ki < sizeof(data)[m[K; i++)
      |                             [01;35m[K~~^~~~~~~~~~~~~~[m[K
In file included from [01m[K/home/corey/Cubemars_AK_Series_Driver/src/ak_series_driver/src/dual_motor.cpp:19[m[K:
[01m[K/home/corey/Cubemars_AK_Series_Driver/src/ak_series_driver/include/ak_series_driver/ak_driver.hpp:[m[K In member function ‘[01m[Kvoid AKDriver::comm_can_transmit_eid(uint32_t, const uint8_t*, uint8_t)[m[K’:
[01m[K/home/corey/Cubemars_AK_Series_Driver/src/ak_series_driver/include/ak_series_driver/ak_driver.hpp:141:31:[m[K [01;35m[Kwarning: [m[Kcomparison of integer expressions of different signedness: ‘[01m[Kint[m[K’ and ‘[01m[Klong unsigned int[m[K’ [[01;35m[K-Wsign-compare[m[K]
  141 |             for (int i = 0; [01;35m[Ki < sizeof(data)[m[K; i++)
      |                             [01;35m[K~~^~~~~~~~~~~~~~[m[K
[01m[K/home/corey/Cubemars_AK_Series_Driver/src/ak_series_driver/include/ak_series_driver/ak_driver.hpp:136:45:[m[K [01;35m[Kwarning: [m[Kparameter ‘[01m[Klen[m[K’ set but not used [[01;35m[K-Wunused-but-set-parameter[m[K]
  136 |                                     [01;35m[Kuint8_t len[m[K) {
      |                                     [01;35m[K~~~~~~~~^~~[m[K
[01m[K/home/corey/Cubemars_AK_Series_Driver/src/ak_series_driver/include/ak_series_driver/ak_driver.hpp:136:45:[m[K [01;35m[Kwarning: [m[Kparameter ‘[01m[Klen[m[K’ set but not used [[01;35m[K-Wunused-but-set-parameter[m[K]
  136 |                                     [01;35m[Kuint8_t len[m[K) {
      |                                     [01;35m[K~~~~~~~~^~~[m[K
