[0.009s] Invoking command in '/home/corey/Cubemars_AK_Series_Driver/build/ak_series_driver': CMAKE_PREFIX_PATH=${CMAKE_PREFIX_PATH}:/home/corey/Cubemars_AK_Series_Driver/install/control:/opt/ros/galactic /usr/bin/cmake --build /home/corey/Cubemars_AK_Series_Driver/build/ak_series_driver -- -j32 -l32
[0.034s] [35m[1mScanning dependencies of target ak_series_driver[0m
[0.048s] [ 16%] [32mBuilding CXX object CMakeFiles/ak_series_driver.dir/src/single_motor.cpp.o[0m
[0.892s] In file included from [01m[K/home/corey/Cubemars_AK_Series_Driver/src/ak_series_driver/src/single_motor.cpp:19[m[K:
[0.893s] [01m[K/home/corey/Cubemars_AK_Series_Driver/src/ak_series_driver/include/ak_series_driver/ak_driver.hpp:[m[K In static member function ‘[01m[Kstatic void AKDriver::get_can_frame(std::vector<std::__cxx11::basic_string<char> >&)[m[K’:
[0.893s] [01m[K/home/corey/Cubemars_AK_Series_Driver/src/ak_series_driver/include/ak_series_driver/ak_driver.hpp:151:33:[m[K [01;35m[Kwarning: [m[Kcomparison of integer expressions of different signedness: ‘[01m[Kint[m[K’ and ‘[01m[Kstd::vector<std::__cxx11::basic_string<char> >::size_type[m[K’ {aka ‘[01m[Klong unsigned int[m[K’} [[01;35m[K-Wsign-compare[m[K]
[0.893s]   151 |                for (int i = 0; [01;35m[Ki<can_frame.size()[m[K; i++)
[0.893s]       |                                [01;35m[K~^~~~~~~~~~~~~~~~~[m[K
[0.893s] [01m[K/home/corey/Cubemars_AK_Series_Driver/src/ak_series_driver/include/ak_series_driver/ak_driver.hpp:[m[K In member function ‘[01m[Kvoid AKDriver::unpack_reply()[m[K’:
[0.893s] [01m[K/home/corey/Cubemars_AK_Series_Driver/src/ak_series_driver/include/ak_series_driver/ak_driver.hpp:257:28:[m[K [01;35m[Kwarning: [m[Kcomparison of integer expressions of different signedness: ‘[01m[Kint[m[K’ and ‘[01m[Klong unsigned int[m[K’ [[01;35m[K-Wsign-compare[m[K]
[0.893s]   257 |             for (int i=0; [01;35m[Ki<sizeof(can_.frame.data)[m[K; i++)
[0.893s]       |                           [01;35m[K~^~~~~~~~~~~~~~~~~~~~~~~~[m[K
[0.973s] In file included from [01m[K/home/corey/Cubemars_AK_Series_Driver/src/ak_series_driver/src/single_motor.cpp:11[m[K:
[0.973s] /usr/include/c++/9/thread: In instantiation of ‘[01m[Kstd::thread::thread(_Callable&&, _Args&& ...) [with _Callable = void (*)(std::vector<std::__cxx11::basic_string<char> >&); _Args = {std::vector<std::__cxx11::basic_string<char, std::char_traits<char>, std::allocator<char> >, std::allocator<std::__cxx11::basic_string<char, std::char_traits<char>, std::allocator<char> > > >*}; <template-parameter-1-3> = void][m[K’:
[0.973s] [01m[K/home/corey/Cubemars_AK_Series_Driver/src/ak_series_driver/include/ak_series_driver/ak_driver.hpp:34:61:[m[K   required from here
[0.973s] [01m[K/usr/include/c++/9/thread:120:44:[m[K [01;31m[Kerror: [m[Kstatic assertion failed: std::thread arguments must be invocable after conversion to rvalues
[0.973s]   120 |           typename decay<_Args>::type...>::[01;31m[Kvalue[m[K,
[0.973s]       |                                            [01;31m[K^~~~~[m[K
[0.975s] /usr/include/c++/9/thread: In instantiation of ‘[01m[Kstruct std::thread::_Invoker<std::tuple<void (*)(std::vector<std::__cxx11::basic_string<char, std::char_traits<char>, std::allocator<char> >, std::allocator<std::__cxx11::basic_string<char, std::char_traits<char>, std::allocator<char> > > >&), std::vector<std::__cxx11::basic_string<char, std::char_traits<char>, std::allocator<char> >, std::allocator<std::__cxx11::basic_string<char, std::char_traits<char>, std::allocator<char> > > >*> >[m[K’:
[0.975s] [01m[K/usr/include/c++/9/thread:131:22:[m[K   required from ‘[01m[Kstd::thread::thread(_Callable&&, _Args&& ...) [with _Callable = void (*)(std::vector<std::__cxx11::basic_string<char> >&); _Args = {std::vector<std::__cxx11::basic_string<char, std::char_traits<char>, std::allocator<char> >, std::allocator<std::__cxx11::basic_string<char, std::char_traits<char>, std::allocator<char> > > >*}; <template-parameter-1-3> = void][m[K’
[0.975s] [01m[K/home/corey/Cubemars_AK_Series_Driver/src/ak_series_driver/include/ak_series_driver/ak_driver.hpp:34:61:[m[K   required from here
[0.975s] [01m[K/usr/include/c++/9/thread:243:4:[m[K [01;31m[Kerror: [m[Kno type named ‘[01m[Ktype[m[K’ in ‘[01m[Kstruct std::thread::_Invoker<std::tuple<void (*)(std::vector<std::__cxx11::basic_string<char, std::char_traits<char>, std::allocator<char> >, std::allocator<std::__cxx11::basic_string<char, std::char_traits<char>, std::allocator<char> > > >&), std::vector<std::__cxx11::basic_string<char, std::char_traits<char>, std::allocator<char> >, std::allocator<std::__cxx11::basic_string<char, std::char_traits<char>, std::allocator<char> > > >*> >::__result<std::tuple<void (*)(std::vector<std::__cxx11::basic_string<char, std::char_traits<char>, std::allocator<char> >, std::allocator<std::__cxx11::basic_string<char, std::char_traits<char>, std::allocator<char> > > >&), std::vector<std::__cxx11::basic_string<char, std::char_traits<char>, std::allocator<char> >, std::allocator<std::__cxx11::basic_string<char, std::char_traits<char>, std::allocator<char> > > >*> >[m[K’
[0.975s]   243 |    [01;31m[K_M_invoke[m[K(_Index_tuple<_Ind...>)
[0.975s]       |    [01;31m[K^~~~~~~~~[m[K
[0.975s] [01m[K/usr/include/c++/9/thread:247:2:[m[K [01;31m[Kerror: [m[Kno type named ‘[01m[Ktype[m[K’ in ‘[01m[Kstruct std::thread::_Invoker<std::tuple<void (*)(std::vector<std::__cxx11::basic_string<char, std::char_traits<char>, std::allocator<char> >, std::allocator<std::__cxx11::basic_string<char, std::char_traits<char>, std::allocator<char> > > >&), std::vector<std::__cxx11::basic_string<char, std::char_traits<char>, std::allocator<char> >, std::allocator<std::__cxx11::basic_string<char, std::char_traits<char>, std::allocator<char> > > >*> >::__result<std::tuple<void (*)(std::vector<std::__cxx11::basic_string<char, std::char_traits<char>, std::allocator<char> >, std::allocator<std::__cxx11::basic_string<char, std::char_traits<char>, std::allocator<char> > > >&), std::vector<std::__cxx11::basic_string<char, std::char_traits<char>, std::allocator<char> >, std::allocator<std::__cxx11::basic_string<char, std::char_traits<char>, std::allocator<char> > > >*> >[m[K’
[0.975s]   247 |  [01;31m[Koperator[m[K()()
[0.975s]       |  [01;31m[K^~~~~~~~[m[K
[1.833s] In file included from [01m[K/home/corey/Cubemars_AK_Series_Driver/src/ak_series_driver/src/single_motor.cpp:18[m[K:
[1.833s] [01m[K/home/corey/Cubemars_AK_Series_Driver/src/ak_series_driver/include/ak_series_driver/can_communication.hpp:[m[K In member function ‘[01m[Kint CanCommunication::start(int, int)[m[K’:
[1.833s] [01m[K/home/corey/Cubemars_AK_Series_Driver/src/ak_series_driver/include/ak_series_driver/can_communication.hpp:41:19:[m[K [01;35m[Kwarning: [m[Kignoring return value of ‘[01m[Kint system(const char*)[m[K’, declared with attribute warn_unused_result [[01;35m[K-Wunused-result[m[K]
[1.833s]    41 |             [01;35m[Ksystem(cmd.str().c_str())[m[K;
[1.833s]       |             [01;35m[K~~~~~~^~~~~~~~~~~~~~~~~~~[m[K
[1.833s] [01m[K/home/corey/Cubemars_AK_Series_Driver/src/ak_series_driver/include/ak_series_driver/can_communication.hpp:43:19:[m[K [01;35m[Kwarning: [m[Kignoring return value of ‘[01m[Kint system(const char*)[m[K’, declared with attribute warn_unused_result [[01;35m[K-Wunused-result[m[K]
[1.833s]    43 |             [01;35m[Ksystem(cmd.str().c_str())[m[K;
[1.833s]       |             [01;35m[K~~~~~~^~~~~~~~~~~~~~~~~~~[m[K
[1.833s] [01m[K/home/corey/Cubemars_AK_Series_Driver/src/ak_series_driver/include/ak_series_driver/can_communication.hpp:45:19:[m[K [01;35m[Kwarning: [m[Kignoring return value of ‘[01m[Kint system(const char*)[m[K’, declared with attribute warn_unused_result [[01;35m[K-Wunused-result[m[K]
[1.833s]    45 |             [01;35m[Ksystem(cmd.str().c_str())[m[K;
[1.834s]       |             [01;35m[K~~~~~~^~~~~~~~~~~~~~~~~~~[m[K
[1.850s] make[2]: *** [CMakeFiles/ak_series_driver.dir/build.make:63: CMakeFiles/ak_series_driver.dir/src/single_motor.cpp.o] Error 1
[1.850s] make[1]: *** [CMakeFiles/Makefile2:136: CMakeFiles/ak_series_driver.dir/all] Error 2
[1.850s] make: *** [Makefile:141: all] Error 2
[1.852s] Invoked command in '/home/corey/Cubemars_AK_Series_Driver/build/ak_series_driver' returned '2': CMAKE_PREFIX_PATH=${CMAKE_PREFIX_PATH}:/home/corey/Cubemars_AK_Series_Driver/install/control:/opt/ros/galactic /usr/bin/cmake --build /home/corey/Cubemars_AK_Series_Driver/build/ak_series_driver -- -j32 -l32
