In file included from [01m[K/home/corey/Cubemars_AK_Series_Driver/src/ak_series_driver/src/single_motor.cpp:19[m[K:
[01m[K/home/corey/Cubemars_AK_Series_Driver/src/ak_series_driver/include/ak_series_driver/ak_driver.hpp:[m[K In member function ‘[01m[Kvoid AKDriver::unpack_reply()[m[K’:
[01m[K/home/corey/Cubemars_AK_Series_Driver/src/ak_series_driver/include/ak_series_driver/ak_driver.hpp:261:31:[m[K [01;35m[Kwarning: [m[Kformat ‘[01m[K%d[m[K’ expects argument of type ‘[01m[Kint[m[K’, but argument 2 has type ‘[01m[Klong unsigned int[m[K’ [[01;35m[K-Wformat=[m[K]
  261 |                 printf("data[[01;35m[K%d[m[K] = %d\r\n", [32m[Ki[m[K, can_.frame.data[i]);
      |                              [01;35m[K~^[m[K             [32m[K~[m[K
      |                               [01;35m[K|[m[K             [32m[K|[m[K
      |                               [01;35m[Kint[m[K           [32m[Klong unsigned int[m[K
      |                              [32m[K%ld[m[K
In file included from [01m[K/home/corey/Cubemars_AK_Series_Driver/src/ak_series_driver/src/single_motor.cpp:19[m[K:
[01m[K/home/corey/Cubemars_AK_Series_Driver/src/ak_series_driver/include/ak_series_driver/ak_driver.hpp:[m[K In member function ‘[01m[Kvoid AKDriver::unpack_reply()[m[K’:
[01m[K/home/corey/Cubemars_AK_Series_Driver/src/ak_series_driver/include/ak_series_driver/ak_driver.hpp:261:31:[m[K [01;35m[Kwarning: [m[Kformat ‘[01m[K%d[m[K’ expects argument of type ‘[01m[Kint[m[K’, but argument 2 has type ‘[01m[Klong unsigned int[m[K’ [[01;35m[K-Wformat=[m[K]
  261 |                 printf("data[[01;35m[K%d[m[K] = %d\r\n", [32m[Ki[m[K, can_.frame.data[i]);
      |                              [01;35m[K~^[m[K             [32m[K~[m[K
      |                               [01;35m[K|[m[K             [32m[K|[m[K
      |                               [01;35m[Kint[m[K           [32m[Klong unsigned int[m[K
      |                              [32m[K%ld[m[K
In file included from [01m[K/home/corey/Cubemars_AK_Series_Driver/src/ak_series_driver/src/dual_motor.cpp:19[m[K:
[01m[K/home/corey/Cubemars_AK_Series_Driver/src/ak_series_driver/include/ak_series_driver/ak_driver.hpp:[m[K In member function ‘[01m[Kvoid AKDriver::unpack_reply()[m[K’:
[01m[K/home/corey/Cubemars_AK_Series_Driver/src/ak_series_driver/include/ak_series_driver/ak_driver.hpp:261:31:[m[K [01;35m[Kwarning: [m[Kformat ‘[01m[K%d[m[K’ expects argument of type ‘[01m[Kint[m[K’, but argument 2 has type ‘[01m[Klong unsigned int[m[K’ [[01;35m[K-Wformat=[m[K]
  261 |                 printf("data[[01;35m[K%d[m[K] = %d\r\n", [32m[Ki[m[K, can_.frame.data[i]);
      |                              [01;35m[K~^[m[K             [32m[K~[m[K
      |                               [01;35m[K|[m[K             [32m[K|[m[K
      |                               [01;35m[Kint[m[K           [32m[Klong unsigned int[m[K
      |                              [32m[K%ld[m[K
