[0.121s] Invoking command in '/home/corey/ros2_ws/build/ak_series_driver': CMAKE_PREFIX_PATH=/opt/ros/galactic /home/corey/.local/bin/cmake --build /home/corey/ros2_ws/build/ak_series_driver -- -j16 -l16
[0.158s] [ 50%] Built target ak_series_driver
[0.171s] [100%] Built target testCode
[0.177s] Invoked command in '/home/corey/ros2_ws/build/ak_series_driver' returned '0': CMAKE_PREFIX_PATH=/opt/ros/galactic /home/corey/.local/bin/cmake --build /home/corey/ros2_ws/build/ak_series_driver -- -j16 -l16
[0.232s] Invoking command in '/home/corey/ros2_ws/build/ak_series_driver': CMAKE_PREFIX_PATH=/opt/ros/galactic /home/corey/.local/bin/cmake --install /home/corey/ros2_ws/build/ak_series_driver
[0.251s] -- Install configuration: ""
[0.252s] -- Execute custom install script
[0.252s] -- Up-to-date symlink: /home/corey/ros2_ws/install/ak_series_driver/lib/ak_series_driver/libak_series_driver.so
[0.252s] -- Up-to-date symlink: /home/corey/ros2_ws/install/ak_series_driver/include/ak_series_driver//mit_params.hpp
[0.252s] -- Up-to-date symlink: /home/corey/ros2_ws/install/ak_series_driver/lib/ak_series_driver/testCode
[0.253s] -- Up-to-date symlink: /home/corey/ros2_ws/install/ak_series_driver/share/ak_series_driver/environment/library_path.sh
[0.253s] -- Up-to-date symlink: /home/corey/ros2_ws/install/ak_series_driver/share/ak_series_driver/environment/library_path.dsv
[0.253s] -- Up-to-date symlink: /home/corey/ros2_ws/install/ak_series_driver/share/ament_index/resource_index/package_run_dependencies/ak_series_driver
[0.253s] -- Up-to-date symlink: /home/corey/ros2_ws/install/ak_series_driver/share/ament_index/resource_index/parent_prefix_path/ak_series_driver
[0.253s] -- Up-to-date symlink: /home/corey/ros2_ws/install/ak_series_driver/share/ak_series_driver/environment/ament_prefix_path.sh
[0.253s] -- Up-to-date symlink: /home/corey/ros2_ws/install/ak_series_driver/share/ak_series_driver/environment/ament_prefix_path.dsv
[0.253s] -- Up-to-date symlink: /home/corey/ros2_ws/install/ak_series_driver/share/ak_series_driver/environment/path.sh
[0.253s] -- Up-to-date symlink: /home/corey/ros2_ws/install/ak_series_driver/share/ak_series_driver/environment/path.dsv
[0.253s] -- Up-to-date symlink: /home/corey/ros2_ws/install/ak_series_driver/share/ak_series_driver/local_setup.bash
[0.254s] -- Up-to-date symlink: /home/corey/ros2_ws/install/ak_series_driver/share/ak_series_driver/local_setup.sh
[0.254s] -- Up-to-date symlink: /home/corey/ros2_ws/install/ak_series_driver/share/ak_series_driver/local_setup.zsh
[0.254s] -- Up-to-date symlink: /home/corey/ros2_ws/install/ak_series_driver/share/ak_series_driver/local_setup.dsv
[0.254s] -- Symlinking: /home/corey/ros2_ws/install/ak_series_driver/share/ak_series_driver/package.dsv
[0.256s] -- Up-to-date symlink: /home/corey/ros2_ws/install/ak_series_driver/share/ament_index/resource_index/packages/ak_series_driver
[0.256s] -- Up-to-date symlink: /home/corey/ros2_ws/install/ak_series_driver/share/ak_series_driver/cmake/ament_cmake_export_include_directories-extras.cmake
[0.256s] -- Up-to-date symlink: /home/corey/ros2_ws/install/ak_series_driver/share/ak_series_driver/cmake/ament_cmake_export_libraries-extras.cmake
[0.256s] -- Up-to-date symlink: /home/corey/ros2_ws/install/ak_series_driver/share/ak_series_driver/cmake/ament_cmake_export_dependencies-extras.cmake
[0.256s] -- Up-to-date symlink: /home/corey/ros2_ws/install/ak_series_driver/share/ak_series_driver/cmake/ak_series_driverConfig.cmake
[0.256s] -- Up-to-date symlink: /home/corey/ros2_ws/install/ak_series_driver/share/ak_series_driver/cmake/ak_series_driverConfig-version.cmake
[0.257s] -- Up-to-date symlink: /home/corey/ros2_ws/install/ak_series_driver/share/ak_series_driver/package.xml
[0.260s] Invoked command in '/home/corey/ros2_ws/build/ak_series_driver' returned '0': CMAKE_PREFIX_PATH=/opt/ros/galactic /home/corey/.local/bin/cmake --install /home/corey/ros2_ws/build/ak_series_driver
