[0.160s] Invoking command in '/home/corey/ros2_ws/build/ak_series_driver': CMAKE_PREFIX_PATH=${CMAKE_PREFIX_PATH}:/opt/ros/galactic /home/corey/.local/bin/cmake --build /home/corey/ros2_ws/build/ak_series_driver -- -j16 -l16
[0.199s] [ 25%] [32mBuilding CXX object CMakeFiles/ak_series_driver.dir/src/test_node.cpp.o[0m
[0.294s] [01m[K/home/corey/ros2_ws/src/Cubemars_AK_Series_Driver/ak_series_driver/src/test_node.cpp:63:12:[m[K [01;35m[Kwarning: [m[Kmissing terminating " character
[0.294s]    63 |     printf([01;35m[K"[m[KWelcome to the CubMars motor tutorial\n\n
[0.294s]       |            [01;35m[K^[m[K
[0.294s] [01m[K/home/corey/ros2_ws/src/Cubemars_AK_Series_Driver/ak_series_driver/src/test_node.cpp:63:12:[m[K [01;31m[Kerror: [m[Kmissing terminating " character
[0.294s]    63 |     printf([01;31m[K"Welcome to the CubMars motor tutorial\n\n[m[K
[0.294s]       |            [01;31m[K^~~~~~~~~~~~~~~~~~~~~~~~~~~~~~~~~~~~~~~~~~[m[K
[0.294s] [01m[K/home/corey/ros2_ws/src/Cubemars_AK_Series_Driver/ak_series_driver/src/test_node.cpp:64:64:[m[K [01;31m[Kerror: [m[Kstray ‘[01m[K\[m[K’ in program
[0.294s]    64 |             Start by typing the motor commands, the inputs are:[01;31m[K\[m[Kn
[0.294s]       |                                                                [01;31m[K^[m[K
[0.294s] [01m[K/home/corey/ros2_ws/src/Cubemars_AK_Series_Driver/ak_series_driver/src/test_node.cpp:65:33:[m[K [01;31m[Kerror: [m[Kstray ‘[01m[K\[m[K’ in program
[0.295s]    65 |                 Desired Position[01;31m[K\[m[Kn
[0.295s]       |                                 [01;31m[K^[m[K
[0.295s] [01m[K/home/corey/ros2_ws/src/Cubemars_AK_Series_Driver/ak_series_driver/src/test_node.cpp:66:33:[m[K [01;31m[Kerror: [m[Kstray ‘[01m[K\[m[K’ in program
[0.295s]    66 |                 Desired Velocity[01;31m[K\[m[Kn
[0.295s]       |                                 [01;31m[K^[m[K
[0.295s] [01m[K/home/corey/ros2_ws/src/Cubemars_AK_Series_Driver/ak_series_driver/src/test_node.cpp:67:31:[m[K [01;31m[Kerror: [m[Kstray ‘[01m[K\[m[K’ in program
[0.295s]    67 |                 Desired Torque[01;31m[K\[m[Kn
[0.295s]       |                               [01;31m[K^[m[K
[0.295s] [01m[K/home/corey/ros2_ws/src/Cubemars_AK_Series_Driver/ak_series_driver/src/test_node.cpp:68:25:[m[K [01;31m[Kerror: [m[Kstray ‘[01m[K\[m[K’ in program
[0.295s]    68 |                 Kp Value[01;31m[K\[m[Kn
[0.295s]       |                         [01;31m[K^[m[K
[0.295s] [01m[K/home/corey/ros2_ws/src/Cubemars_AK_Series_Driver/ak_series_driver/src/test_node.cpp:69:25:[m[K [01;31m[Kerror: [m[Kstray ‘[01m[K\[m[K’ in program
[0.295s]    69 |                 Kd Value[01;31m[K\[m[Kn\n");
[0.295s]       |                         [01;31m[K^[m[K
[0.295s] [01m[K/home/corey/ros2_ws/src/Cubemars_AK_Series_Driver/ak_series_driver/src/test_node.cpp:69:27:[m[K [01;31m[Kerror: [m[Kstray ‘[01m[K\[m[K’ in program
[0.295s]    69 |                 Kd Value\n[01;31m[K\[m[Kn");
[0.295s]       |                           [01;31m[K^[m[K
[0.295s] [01m[K/home/corey/ros2_ws/src/Cubemars_AK_Series_Driver/ak_series_driver/src/test_node.cpp:69:29:[m[K [01;35m[Kwarning: [m[Kmissing terminating " character
[0.295s]    69 |                 Kd Value\n\n[01;35m[K"[m[K);
[0.295s]       |                             [01;35m[K^[m[K
[0.295s] [01m[K/home/corey/ros2_ws/src/Cubemars_AK_Series_Driver/ak_series_driver/src/test_node.cpp:69:29:[m[K [01;31m[Kerror: [m[Kmissing terminating " character
[0.295s]    69 |                 Kd Value\n\n[01;31m[K");[m[K
[0.296s]       |                             [01;31m[K^~~[m[K
[1.425s] In file included from [01m[K/home/corey/ros2_ws/src/Cubemars_AK_Series_Driver/ak_series_driver/src/test_node.cpp:16[m[K:
[1.425s] [01m[K/home/corey/ros2_ws/src/Cubemars_AK_Series_Driver/ak_series_driver/include/ak_series_driver/ak_driver.hpp:[m[K In member function ‘[01m[Kvoid AKDriver::set_motor_param(float, float, float, float, float)[m[K’:
[1.425s] [01m[K/home/corey/ros2_ws/src/Cubemars_AK_Series_Driver/ak_series_driver/include/ak_series_driver/ak_driver.hpp:34:50:[m[K [01;31m[Kerror: [m[K‘[01m[KKp[m[K’ was not declared in this scope; did you mean ‘[01m[KKi[m[K’?
[1.426s]    34 |             pack_cmd(position, velocity, torque, [01;31m[KKp[m[K, Kd);
[1.426s]       |                                                  [01;31m[K^~[m[K
[1.426s]       |                                                  [32m[KKi[m[K
[1.426s] [01m[K/home/corey/ros2_ws/src/Cubemars_AK_Series_Driver/ak_series_driver/include/ak_series_driver/ak_driver.hpp:32:82:[m[K [01;35m[Kwarning: [m[Kunused parameter ‘[01m[KKi[m[K’ [[01;35m[K-Wunused-parameter[m[K]
[1.426s]    32 |         void set_motor_param(float position, float velocity, float torque, [01;35m[Kfloat Ki[m[K, float Kd)
[1.426s]       |                                                                            [01;35m[K~~~~~~^~[m[K
[1.428s] [01m[K/home/corey/ros2_ws/src/Cubemars_AK_Series_Driver/ak_series_driver/src/test_node.cpp:[m[K In function ‘[01m[Kint main(int, char**)[m[K’:
[1.428s] [01m[K/home/corey/ros2_ws/src/Cubemars_AK_Series_Driver/ak_series_driver/src/test_node.cpp:64:13:[m[K [01;31m[Kerror: [m[K‘[01m[KStart[m[K’ was not declared in this scope
[1.428s]    64 |             [01;31m[KStart[m[K by typing the motor commands, the inputs are:\n
[1.428s]       |             [01;31m[K^~~~~[m[K
[1.429s] [01m[K/home/corey/ros2_ws/src/Cubemars_AK_Series_Driver/ak_series_driver/src/test_node.cpp:64:49:[m[K [01;31m[Kerror: [m[K‘[01m[Kthe[m[K’ was not declared in this scope
[1.429s]    64 |             Start by typing the motor commands, [01;31m[Kthe[m[K inputs are:\n
[1.429s]       |                                                 [01;31m[K^~~[m[K
[1.430s] [01m[K/home/corey/ros2_ws/src/Cubemars_AK_Series_Driver/ak_series_driver/src/test_node.cpp:81:27:[m[K [01;31m[Kerror: [m[K‘[01m[Ktxt[m[K’ was not declared in this scope
[1.430s]    81 |         inputs.push_back( [01;31m[Ktxt[m[K.substr( initialPos, std::min( pos, cmd.size() ) - initialPos + 1 ) );
[1.430s]       |                           [01;31m[K^~~[m[K
[1.430s] [01m[K/home/corey/ros2_ws/src/Cubemars_AK_Series_Driver/ak_series_driver/src/test_node.cpp:85:81:[m[K [01;31m[Kerror: [m[Kcannot convert ‘[01m[K__gnu_cxx::__alloc_traits<std::allocator<std::__cxx11::basic_string<char> >, std::__cxx11::basic_string<char> >::value_type[m[K’ {aka ‘[01m[Kstd::__cxx11::basic_string<char>[m[K’} to ‘[01m[Kfloat[m[K’
[1.430s]    85 |     driver.set_motor_param(inputs[0], inputs[1], inputs[2], inputs[3], inputs[4][01;31m[K)[m[K;
[1.430s]       |                                                                                 [01;31m[K^[m[K
[1.430s] In file included from [01m[K/home/corey/ros2_ws/src/Cubemars_AK_Series_Driver/ak_series_driver/src/test_node.cpp:16[m[K:
[1.431s] [01m[K/home/corey/ros2_ws/src/Cubemars_AK_Series_Driver/ak_series_driver/include/ak_series_driver/ak_driver.hpp:32:36:[m[K [01;36m[Knote: [m[K  initializing argument 1 of ‘[01m[Kvoid AKDriver::set_motor_param(float, float, float, float, float)[m[K’
[1.431s]    32 |         void set_motor_param([01;36m[Kfloat position[m[K, float velocity, float torque, float Ki, float Kd)
[1.431s]       |                              [01;36m[K~~~~~~^~~~~~~~[m[K
[1.431s] [01m[K/home/corey/ros2_ws/src/Cubemars_AK_Series_Driver/ak_series_driver/src/test_node.cpp:88:23:[m[K [01;35m[Kwarning: [m[Kformat ‘[01m[K%d[m[K’ expects argument of type ‘[01m[Kint[m[K’, but argument 2 has type ‘[01m[Kdouble[m[K’ [[01;35m[K-Wformat=[m[K]
[1.431s]    88 |     printf("Position [01;35m[K%d[m[K, Velocity %d, Torque %d : Inputs %d %d %d %d %d",
[1.431s]       |                      [01;35m[K~^[m[K
[1.431s]       |                       [01;35m[K|[m[K
[1.431s]       |                       [01;35m[Kint[m[K
[1.431s]       |                      [32m[K%f[m[K
[1.431s]    89 |             [32m[Kdata[0][m[K, data[1], data[2], inputs[0], inputs[1], inputs[2], inputs[3], inputs[4]);
[1.431s]       |             [32m[K~~~~~~~[m[K    
[1.431s]       |                   [32m[K|[m[K
[1.431s]       |                   [32m[Kdouble[m[K
[1.431s] [01m[K/home/corey/ros2_ws/src/Cubemars_AK_Series_Driver/ak_series_driver/src/test_node.cpp:88:36:[m[K [01;35m[Kwarning: [m[Kformat ‘[01m[K%d[m[K’ expects argument of type ‘[01m[Kint[m[K’, but argument 3 has type ‘[01m[Kdouble[m[K’ [[01;35m[K-Wformat=[m[K]
[1.431s]    88 |     printf("Position %d, Velocity [01;35m[K%d[m[K, Torque %d : Inputs %d %d %d %d %d",
[1.431s]       |                                   [01;35m[K~^[m[K
[1.431s]       |                                    [01;35m[K|[m[K
[1.432s]       |                                    [01;35m[Kint[m[K
[1.432s]       |                                   [32m[K%f[m[K
[1.432s]    89 |             data[0], [32m[Kdata[1][m[K, data[2], inputs[0], inputs[1], inputs[2], inputs[3], inputs[4]);
[1.432s]       |                      [32m[K~~~~~~~[m[K        
[1.432s]       |                            [32m[K|[m[K
[1.432s]       |                            [32m[Kdouble[m[K
[1.432s] [01m[K/home/corey/ros2_ws/src/Cubemars_AK_Series_Driver/ak_series_driver/src/test_node.cpp:88:47:[m[K [01;35m[Kwarning: [m[Kformat ‘[01m[K%d[m[K’ expects argument of type ‘[01m[Kint[m[K’, but argument 4 has type ‘[01m[Kdouble[m[K’ [[01;35m[K-Wformat=[m[K]
[1.432s]    88 |     printf("Position %d, Velocity %d, Torque [01;35m[K%d[m[K : Inputs %d %d %d %d %d",
[1.432s]       |                                              [01;35m[K~^[m[K
[1.432s]       |                                               [01;35m[K|[m[K
[1.432s]       |                                               [01;35m[Kint[m[K
[1.432s]       |                                              [32m[K%f[m[K
[1.432s]    89 |             data[0], data[1], [32m[Kdata[2][m[K, inputs[0], inputs[1], inputs[2], inputs[3], inputs[4]);
[1.432s]       |                               [32m[K~~~~~~~[m[K          
[1.432s]       |                                     [32m[K|[m[K
[1.432s]       |                                     [32m[Kdouble[m[K
[1.432s] [01m[K/home/corey/ros2_ws/src/Cubemars_AK_Series_Driver/ak_series_driver/src/test_node.cpp:88:59:[m[K [01;35m[Kwarning: [m[Kformat ‘[01m[K%d[m[K’ expects argument of type ‘[01m[Kint[m[K’, but argument 5 has type ‘[01m[K__gnu_cxx::__alloc_traits<std::allocator<std::__cxx11::basic_string<char> >, std::__cxx11::basic_string<char> >::value_type[m[K’ {aka ‘[01m[Kstd::__cxx11::basic_string<char>[m[K’} [[01;35m[K-Wformat=[m[K]
[1.432s]    88 |     printf("Position %d, Velocity %d, Torque %d : Inputs [01;35m[K%d[m[K %d %d %d %d",
[1.432s]       |                                                          [01;35m[K~^[m[K
[1.432s]       |                                                           [01;35m[K|[m[K
[1.432s]       |                                                           [01;35m[Kint[m[K
[1.432s] [01m[K/home/corey/ros2_ws/src/Cubemars_AK_Series_Driver/ak_series_driver/src/test_node.cpp:88:62:[m[K [01;35m[Kwarning: [m[Kformat ‘[01m[K%d[m[K’ expects argument of type ‘[01m[Kint[m[K’, but argument 6 has type ‘[01m[K__gnu_cxx::__alloc_traits<std::allocator<std::__cxx11::basic_string<char> >, std::__cxx11::basic_string<char> >::value_type[m[K’ {aka ‘[01m[Kstd::__cxx11::basic_string<char>[m[K’} [[01;35m[K-Wformat=[m[K]
[1.433s]    88 |     printf("Position %d, Velocity %d, Torque %d : Inputs %d [01;35m[K%d[m[K %d %d %d",
[1.433s]       |                                                             [01;35m[K~^[m[K
[1.433s]       |                                                              [01;35m[K|[m[K
[1.433s]       |                                                              [01;35m[Kint[m[K
[1.433s] [01m[K/home/corey/ros2_ws/src/Cubemars_AK_Series_Driver/ak_series_driver/src/test_node.cpp:88:65:[m[K [01;35m[Kwarning: [m[Kformat ‘[01m[K%d[m[K’ expects argument of type ‘[01m[Kint[m[K’, but argument 7 has type ‘[01m[K__gnu_cxx::__alloc_traits<std::allocator<std::__cxx11::basic_string<char> >, std::__cxx11::basic_string<char> >::value_type[m[K’ {aka ‘[01m[Kstd::__cxx11::basic_string<char>[m[K’} [[01;35m[K-Wformat=[m[K]
[1.433s]    88 |     printf("Position %d, Velocity %d, Torque %d : Inputs %d %d [01;35m[K%d[m[K %d %d",
[1.433s]       |                                                                [01;35m[K~^[m[K
[1.433s]       |                                                                 [01;35m[K|[m[K
[1.433s]       |                                                                 [01;35m[Kint[m[K
[1.433s] [01m[K/home/corey/ros2_ws/src/Cubemars_AK_Series_Driver/ak_series_driver/src/test_node.cpp:88:68:[m[K [01;35m[Kwarning: [m[Kformat ‘[01m[K%d[m[K’ expects argument of type ‘[01m[Kint[m[K’, but argument 8 has type ‘[01m[K__gnu_cxx::__alloc_traits<std::allocator<std::__cxx11::basic_string<char> >, std::__cxx11::basic_string<char> >::value_type[m[K’ {aka ‘[01m[Kstd::__cxx11::basic_string<char>[m[K’} [[01;35m[K-Wformat=[m[K]
[1.433s]    88 |     printf("Position %d, Velocity %d, Torque %d : Inputs %d %d %d [01;35m[K%d[m[K %d",
[1.433s]       |                                                                   [01;35m[K~^[m[K
[1.433s]       |                                                                    [01;35m[K|[m[K
[1.433s]       |                                                                    [01;35m[Kint[m[K
[1.433s] [01m[K/home/corey/ros2_ws/src/Cubemars_AK_Series_Driver/ak_series_driver/src/test_node.cpp:88:71:[m[K [01;35m[Kwarning: [m[Kformat ‘[01m[K%d[m[K’ expects argument of type ‘[01m[Kint[m[K’, but argument 9 has type ‘[01m[K__gnu_cxx::__alloc_traits<std::allocator<std::__cxx11::basic_string<char> >, std::__cxx11::basic_string<char> >::value_type[m[K’ {aka ‘[01m[Kstd::__cxx11::basic_string<char>[m[K’} [[01;35m[K-Wformat=[m[K]
[1.433s]    88 |     printf("Position %d, Velocity %d, Torque %d : Inputs %d %d %d %d [01;35m[K%d[m[K",
[1.433s]       |                                                                      [01;35m[K~^[m[K
[1.433s]       |                                                                       [01;35m[K|[m[K
[1.433s]       |                                                                       [01;35m[Kint[m[K
[1.899s] make[2]: *** [CMakeFiles/ak_series_driver.dir/build.make:76: CMakeFiles/ak_series_driver.dir/src/test_node.cpp.o] Error 1
[1.899s] make[1]: *** [CMakeFiles/Makefile2:139: CMakeFiles/ak_series_driver.dir/all] Error 2
[1.899s] make: *** [Makefile:146: all] Error 2
[1.903s] Invoked command in '/home/corey/ros2_ws/build/ak_series_driver' returned '2': CMAKE_PREFIX_PATH=${CMAKE_PREFIX_PATH}:/opt/ros/galactic /home/corey/.local/bin/cmake --build /home/corey/ros2_ws/build/ak_series_driver -- -j16 -l16
