[0.192s] Invoking command in '/home/corey/ros2_ws/build/ak_series_driver': CMAKE_PREFIX_PATH=${CMAKE_PREFIX_PATH}:/opt/ros/galactic /home/corey/.local/bin/cmake --build /home/corey/ros2_ws/build/ak_series_driver -- -j16 -l16
[0.241s] [ 25%] [32mBuilding CXX object CMakeFiles/ak_series_driver.dir/src/test_node.cpp.o[0m
[2.086s] [01m[K/home/corey/ros2_ws/src/Cubemars_AK_Series_Driver/ak_series_driver/src/test_node.cpp:[m[K In function ‘[01m[Kint main(int, char**)[m[K’:
[2.086s] [01m[K/home/corey/ros2_ws/src/Cubemars_AK_Series_Driver/ak_series_driver/src/test_node.cpp:57:19:[m[K [01;35m[Kwarning: [m[Kunsigned conversion from ‘[01m[Kint[m[K’ to ‘[01m[Kuint8_t[m[K’ {aka ‘[01m[Kunsigned char[m[K’} changes value from ‘[01m[K291[m[K’ to ‘[01m[K35[m[K’ [[01;35m[K-Woverflow[m[K]
[2.087s]    57 |     can.can_write([01;35m[K0x123[m[K, 8, msg);
[2.087s]       |                   [01;35m[K^~~~~[m[K
[2.964s] [ 50%] [32m[1mLinking CXX shared library libak_series_driver.so[0m
[3.091s] [ 50%] Built target ak_series_driver
[3.106s] [ 75%] [32mBuilding CXX object CMakeFiles/testCode.dir/src/test_node.cpp.o[0m
[5.308s] [01m[K/home/corey/ros2_ws/src/Cubemars_AK_Series_Driver/ak_series_driver/src/test_node.cpp:[m[K In function ‘[01m[Kint main(int, char**)[m[K’:
[5.308s] [01m[K/home/corey/ros2_ws/src/Cubemars_AK_Series_Driver/ak_series_driver/src/test_node.cpp:57:19:[m[K [01;35m[Kwarning: [m[Kunsigned conversion from ‘[01m[Kint[m[K’ to ‘[01m[Kuint8_t[m[K’ {aka ‘[01m[Kunsigned char[m[K’} changes value from ‘[01m[K291[m[K’ to ‘[01m[K35[m[K’ [[01;35m[K-Woverflow[m[K]
[5.308s]    57 |     can.can_write([01;35m[K0x123[m[K, 8, msg);
[5.308s]       |                   [01;35m[K^~~~~[m[K
[6.189s] [100%] [32m[1mLinking CXX executable testCode[0m
[6.343s] [100%] Built target testCode
[6.366s] Invoked command in '/home/corey/ros2_ws/build/ak_series_driver' returned '0': CMAKE_PREFIX_PATH=${CMAKE_PREFIX_PATH}:/opt/ros/galactic /home/corey/.local/bin/cmake --build /home/corey/ros2_ws/build/ak_series_driver -- -j16 -l16
[6.481s] Invoking command in '/home/corey/ros2_ws/build/ak_series_driver': CMAKE_PREFIX_PATH=${CMAKE_PREFIX_PATH}:/opt/ros/galactic /home/corey/.local/bin/cmake --install /home/corey/ros2_ws/build/ak_series_driver
[6.511s] -- Install configuration: ""
[6.511s] -- Execute custom install script
[6.512s] -- Up-to-date symlink: /home/corey/ros2_ws/install/ak_series_driver/lib/ak_series_driver/libak_series_driver.so
[6.512s] -- Up-to-date symlink: /home/corey/ros2_ws/install/ak_series_driver/include/ak_series_driver//can_communication.hpp
[6.512s] -- Up-to-date symlink: /home/corey/ros2_ws/install/ak_series_driver/include/ak_series_driver//mit_params.hpp
[6.512s] -- Up-to-date symlink: /home/corey/ros2_ws/install/ak_series_driver/lib/ak_series_driver/testCode
[6.512s] -- Up-to-date symlink: /home/corey/ros2_ws/install/ak_series_driver/share/ak_series_driver/environment/library_path.sh
[6.513s] -- Up-to-date symlink: /home/corey/ros2_ws/install/ak_series_driver/share/ak_series_driver/environment/library_path.dsv
[6.513s] -- Up-to-date symlink: /home/corey/ros2_ws/install/ak_series_driver/share/ament_index/resource_index/package_run_dependencies/ak_series_driver
[6.513s] -- Up-to-date symlink: /home/corey/ros2_ws/install/ak_series_driver/share/ament_index/resource_index/parent_prefix_path/ak_series_driver
[6.513s] -- Up-to-date symlink: /home/corey/ros2_ws/install/ak_series_driver/share/ak_series_driver/environment/ament_prefix_path.sh
[6.513s] -- Up-to-date symlink: /home/corey/ros2_ws/install/ak_series_driver/share/ak_series_driver/environment/ament_prefix_path.dsv
[6.514s] -- Up-to-date symlink: /home/corey/ros2_ws/install/ak_series_driver/share/ak_series_driver/environment/path.sh
[6.514s] -- Up-to-date symlink: /home/corey/ros2_ws/install/ak_series_driver/share/ak_series_driver/environment/path.dsv
[6.514s] -- Up-to-date symlink: /home/corey/ros2_ws/install/ak_series_driver/share/ak_series_driver/local_setup.bash
[6.514s] -- Up-to-date symlink: /home/corey/ros2_ws/install/ak_series_driver/share/ak_series_driver/local_setup.sh
[6.514s] -- Up-to-date symlink: /home/corey/ros2_ws/install/ak_series_driver/share/ak_series_driver/local_setup.zsh
[6.514s] -- Up-to-date symlink: /home/corey/ros2_ws/install/ak_series_driver/share/ak_series_driver/local_setup.dsv
[6.514s] -- Symlinking: /home/corey/ros2_ws/install/ak_series_driver/share/ak_series_driver/package.dsv
[6.519s] -- Up-to-date symlink: /home/corey/ros2_ws/install/ak_series_driver/share/ament_index/resource_index/packages/ak_series_driver
[6.519s] -- Up-to-date symlink: /home/corey/ros2_ws/install/ak_series_driver/share/ak_series_driver/cmake/ament_cmake_export_include_directories-extras.cmake
[6.519s] -- Up-to-date symlink: /home/corey/ros2_ws/install/ak_series_driver/share/ak_series_driver/cmake/ament_cmake_export_libraries-extras.cmake
[6.519s] -- Up-to-date symlink: /home/corey/ros2_ws/install/ak_series_driver/share/ak_series_driver/cmake/ament_cmake_export_dependencies-extras.cmake
[6.519s] -- Up-to-date symlink: /home/corey/ros2_ws/install/ak_series_driver/share/ak_series_driver/cmake/ak_series_driverConfig.cmake
[6.519s] -- Up-to-date symlink: /home/corey/ros2_ws/install/ak_series_driver/share/ak_series_driver/cmake/ak_series_driverConfig-version.cmake
[6.519s] -- Up-to-date symlink: /home/corey/ros2_ws/install/ak_series_driver/share/ak_series_driver/package.xml
[6.526s] Invoked command in '/home/corey/ros2_ws/build/ak_series_driver' returned '0': CMAKE_PREFIX_PATH=${CMAKE_PREFIX_PATH}:/opt/ros/galactic /home/corey/.local/bin/cmake --install /home/corey/ros2_ws/build/ak_series_driver
