[0.173s] Invoking command in '/home/corey/ros2_ws/build/ak_series_driver': CMAKE_PREFIX_PATH=${CMAKE_PREFIX_PATH}:/opt/ros/galactic /home/corey/.local/bin/cmake --build /home/corey/ros2_ws/build/ak_series_driver -- -j16 -l16
[0.219s] [ 25%] [32mBuilding CXX object CMakeFiles/ak_series_driver.dir/src/test_node.cpp.o[0m
[1.552s] [01m[K/home/corey/ros2_ws/src/Cubemars_AK_Series_Driver/ak_series_driver/src/test_node.cpp:[m[K In function ‘[01m[Kint main(int, char**)[m[K’:
[1.552s] [01m[K/home/corey/ros2_ws/src/Cubemars_AK_Series_Driver/ak_series_driver/src/test_node.cpp:79:47:[m[K [01;31m[Kerror: [m[Kcannot convert ‘[01m[K__gnu_cxx::__alloc_traits<std::allocator<std::__cxx11::basic_string<char> >, std::__cxx11::basic_string<char> >::value_type[m[K’ {aka ‘[01m[Kstd::__cxx11::basic_string<char>[m[K’} to ‘[01m[Kconst char*[m[K’
[1.552s]    79 |     driver.set_motor_param(std::atof(inputs[0][01;31m[K)[m[K, std::atof(inputs[1]),
[1.552s]       |                                               [01;31m[K^[m[K
[1.552s]       |                                               [01;31m[K|[m[K
[1.552s]       |                                               [01;31m[K__gnu_cxx::__alloc_traits<std::allocator<std::__cxx11::basic_string<char> >, std::__cxx11::basic_string<char> >::value_type {aka std::__cxx11::basic_string<char>}[m[K
[1.553s] In file included from [01m[K/usr/include/c++/9/cstdlib:75[m[K,
[1.553s]                  from [01m[K/usr/include/c++/9/stdlib.h:36[m[K,
[1.553s]                  from [01m[K/home/corey/ros2_ws/src/Cubemars_AK_Series_Driver/ak_series_driver/src/test_node.cpp:2[m[K:
[1.553s] [01m[K/usr/include/stdlib.h:101:33:[m[K [01;36m[Knote: [m[K  initializing argument 1 of ‘[01m[Kdouble atof(const char*)[m[K’
[1.553s]   101 | extern double atof ([01;36m[Kconst char *__nptr[m[K)
[1.553s]       |                     [01;36m[K~~~~~~~~~~~~^~~~~~[m[K
[1.553s] [01m[K/home/corey/ros2_ws/src/Cubemars_AK_Series_Driver/ak_series_driver/src/test_node.cpp:79:69:[m[K [01;31m[Kerror: [m[Kcannot convert ‘[01m[K__gnu_cxx::__alloc_traits<std::allocator<std::__cxx11::basic_string<char> >, std::__cxx11::basic_string<char> >::value_type[m[K’ {aka ‘[01m[Kstd::__cxx11::basic_string<char>[m[K’} to ‘[01m[Kconst char*[m[K’
[1.553s]    79 |     driver.set_motor_param(std::atof(inputs[0]), std::atof(inputs[1][01;31m[K)[m[K,
[1.553s]       |                                                                     [01;31m[K^[m[K
[1.553s]       |                                                                     [01;31m[K|[m[K
[1.553s]       |                                                                     [01;31m[K__gnu_cxx::__alloc_traits<std::allocator<std::__cxx11::basic_string<char> >, std::__cxx11::basic_string<char> >::value_type {aka std::__cxx11::basic_string<char>}[m[K
[1.553s] In file included from [01m[K/usr/include/c++/9/cstdlib:75[m[K,
[1.553s]                  from [01m[K/usr/include/c++/9/stdlib.h:36[m[K,
[1.553s]                  from [01m[K/home/corey/ros2_ws/src/Cubemars_AK_Series_Driver/ak_series_driver/src/test_node.cpp:2[m[K:
[1.553s] [01m[K/usr/include/stdlib.h:101:33:[m[K [01;36m[Knote: [m[K  initializing argument 1 of ‘[01m[Kdouble atof(const char*)[m[K’
[1.553s]   101 | extern double atof ([01;36m[Kconst char *__nptr[m[K)
[1.553s]       |                     [01;36m[K~~~~~~~~~~~~^~~~~~[m[K
[1.553s] [01m[K/home/corey/ros2_ws/src/Cubemars_AK_Series_Driver/ak_series_driver/src/test_node.cpp:80:32:[m[K [01;31m[Kerror: [m[Kcannot convert ‘[01m[K__gnu_cxx::__alloc_traits<std::allocator<std::__cxx11::basic_string<char> >, std::__cxx11::basic_string<char> >::value_type[m[K’ {aka ‘[01m[Kstd::__cxx11::basic_string<char>[m[K’} to ‘[01m[Kconst char*[m[K’
[1.553s]    80 |             std::atof(inputs[2][01;31m[K)[m[K, std::atof(inputs[3]), std::atof(inputs[4]));
[1.553s]       |                                [01;31m[K^[m[K
[1.553s]       |                                [01;31m[K|[m[K
[1.553s]       |                                [01;31m[K__gnu_cxx::__alloc_traits<std::allocator<std::__cxx11::basic_string<char> >, std::__cxx11::basic_string<char> >::value_type {aka std::__cxx11::basic_string<char>}[m[K
[1.554s] In file included from [01m[K/usr/include/c++/9/cstdlib:75[m[K,
[1.554s]                  from [01m[K/usr/include/c++/9/stdlib.h:36[m[K,
[1.554s]                  from [01m[K/home/corey/ros2_ws/src/Cubemars_AK_Series_Driver/ak_series_driver/src/test_node.cpp:2[m[K:
[1.554s] [01m[K/usr/include/stdlib.h:101:33:[m[K [01;36m[Knote: [m[K  initializing argument 1 of ‘[01m[Kdouble atof(const char*)[m[K’
[1.554s]   101 | extern double atof ([01;36m[Kconst char *__nptr[m[K)
[1.554s]       |                     [01;36m[K~~~~~~~~~~~~^~~~~~[m[K
[1.554s] [01m[K/home/corey/ros2_ws/src/Cubemars_AK_Series_Driver/ak_series_driver/src/test_node.cpp:80:54:[m[K [01;31m[Kerror: [m[Kcannot convert ‘[01m[K__gnu_cxx::__alloc_traits<std::allocator<std::__cxx11::basic_string<char> >, std::__cxx11::basic_string<char> >::value_type[m[K’ {aka ‘[01m[Kstd::__cxx11::basic_string<char>[m[K’} to ‘[01m[Kconst char*[m[K’
[1.554s]    80 |             std::atof(inputs[2]), std::atof(inputs[3][01;31m[K)[m[K, std::atof(inputs[4]));
[1.554s]       |                                                      [01;31m[K^[m[K
[1.554s]       |                                                      [01;31m[K|[m[K
[1.554s]       |                                                      [01;31m[K__gnu_cxx::__alloc_traits<std::allocator<std::__cxx11::basic_string<char> >, std::__cxx11::basic_string<char> >::value_type {aka std::__cxx11::basic_string<char>}[m[K
[1.554s] In file included from [01m[K/usr/include/c++/9/cstdlib:75[m[K,
[1.554s]                  from [01m[K/usr/include/c++/9/stdlib.h:36[m[K,
[1.554s]                  from [01m[K/home/corey/ros2_ws/src/Cubemars_AK_Series_Driver/ak_series_driver/src/test_node.cpp:2[m[K:
[1.554s] [01m[K/usr/include/stdlib.h:101:33:[m[K [01;36m[Knote: [m[K  initializing argument 1 of ‘[01m[Kdouble atof(const char*)[m[K’
[1.554s]   101 | extern double atof ([01;36m[Kconst char *__nptr[m[K)
[1.554s]       |                     [01;36m[K~~~~~~~~~~~~^~~~~~[m[K
[1.554s] [01m[K/home/corey/ros2_ws/src/Cubemars_AK_Series_Driver/ak_series_driver/src/test_node.cpp:80:76:[m[K [01;31m[Kerror: [m[Kcannot convert ‘[01m[K__gnu_cxx::__alloc_traits<std::allocator<std::__cxx11::basic_string<char> >, std::__cxx11::basic_string<char> >::value_type[m[K’ {aka ‘[01m[Kstd::__cxx11::basic_string<char>[m[K’} to ‘[01m[Kconst char*[m[K’
[1.554s]    80 |             std::atof(inputs[2]), std::atof(inputs[3]), std::atof(inputs[4][01;31m[K)[m[K);
[1.554s]       |                                                                            [01;31m[K^[m[K
[1.554s]       |                                                                            [01;31m[K|[m[K
[1.555s]       |                                                                            [01;31m[K__gnu_cxx::__alloc_traits<std::allocator<std::__cxx11::basic_string<char> >, std::__cxx11::basic_string<char> >::value_type {aka std::__cxx11::basic_string<char>}[m[K
[1.555s] In file included from [01m[K/usr/include/c++/9/cstdlib:75[m[K,
[1.555s]                  from [01m[K/usr/include/c++/9/stdlib.h:36[m[K,
[1.555s]                  from [01m[K/home/corey/ros2_ws/src/Cubemars_AK_Series_Driver/ak_series_driver/src/test_node.cpp:2[m[K:
[1.555s] [01m[K/usr/include/stdlib.h:101:33:[m[K [01;36m[Knote: [m[K  initializing argument 1 of ‘[01m[Kdouble atof(const char*)[m[K’
[1.555s]   101 | extern double atof ([01;36m[Kconst char *__nptr[m[K)
[1.555s]       |                     [01;36m[K~~~~~~~~~~~~^~~~~~[m[K
[1.555s] [01m[K/home/corey/ros2_ws/src/Cubemars_AK_Series_Driver/ak_series_driver/src/test_node.cpp:83:23:[m[K [01;35m[Kwarning: [m[Kformat ‘[01m[K%i[m[K’ expects argument of type ‘[01m[Kint[m[K’, but argument 2 has type ‘[01m[Kdouble[m[K’ [[01;35m[K-Wformat=[m[K]
[1.555s]    83 |     printf("Position [01;35m[K%i[m[K, Velocity %i, Torque %i : Inputs %i %i %i %i %i",
[1.555s]       |                      [01;35m[K~^[m[K
[1.555s]       |                       [01;35m[K|[m[K
[1.555s]       |                       [01;35m[Kint[m[K
[1.555s]       |                      [32m[K%f[m[K
[1.555s]    84 |             [32m[Kdata[0][m[K, data[1], data[2], inputs[0], inputs[1], inputs[2], inputs[3], inputs[4]);
[1.555s]       |             [32m[K~~~~~~~[m[K    
[1.555s]       |                   [32m[K|[m[K
[1.555s]       |                   [32m[Kdouble[m[K
[1.555s] [01m[K/home/corey/ros2_ws/src/Cubemars_AK_Series_Driver/ak_series_driver/src/test_node.cpp:83:36:[m[K [01;35m[Kwarning: [m[Kformat ‘[01m[K%i[m[K’ expects argument of type ‘[01m[Kint[m[K’, but argument 3 has type ‘[01m[Kdouble[m[K’ [[01;35m[K-Wformat=[m[K]
[1.555s]    83 |     printf("Position %i, Velocity [01;35m[K%i[m[K, Torque %i : Inputs %i %i %i %i %i",
[1.556s]       |                                   [01;35m[K~^[m[K
[1.556s]       |                                    [01;35m[K|[m[K
[1.556s]       |                                    [01;35m[Kint[m[K
[1.556s]       |                                   [32m[K%f[m[K
[1.556s]    84 |             data[0], [32m[Kdata[1][m[K, data[2], inputs[0], inputs[1], inputs[2], inputs[3], inputs[4]);
[1.556s]       |                      [32m[K~~~~~~~[m[K        
[1.556s]       |                            [32m[K|[m[K
[1.556s]       |                            [32m[Kdouble[m[K
[1.556s] [01m[K/home/corey/ros2_ws/src/Cubemars_AK_Series_Driver/ak_series_driver/src/test_node.cpp:83:47:[m[K [01;35m[Kwarning: [m[Kformat ‘[01m[K%i[m[K’ expects argument of type ‘[01m[Kint[m[K’, but argument 4 has type ‘[01m[Kdouble[m[K’ [[01;35m[K-Wformat=[m[K]
[1.556s]    83 |     printf("Position %i, Velocity %i, Torque [01;35m[K%i[m[K : Inputs %i %i %i %i %i",
[1.556s]       |                                              [01;35m[K~^[m[K
[1.556s]       |                                               [01;35m[K|[m[K
[1.556s]       |                                               [01;35m[Kint[m[K
[1.556s]       |                                              [32m[K%f[m[K
[1.556s]    84 |             data[0], data[1], [32m[Kdata[2][m[K, inputs[0], inputs[1], inputs[2], inputs[3], inputs[4]);
[1.556s]       |                               [32m[K~~~~~~~[m[K          
[1.556s]       |                                     [32m[K|[m[K
[1.556s]       |                                     [32m[Kdouble[m[K
[1.556s] [01m[K/home/corey/ros2_ws/src/Cubemars_AK_Series_Driver/ak_series_driver/src/test_node.cpp:83:59:[m[K [01;35m[Kwarning: [m[Kformat ‘[01m[K%i[m[K’ expects argument of type ‘[01m[Kint[m[K’, but argument 5 has type ‘[01m[K__gnu_cxx::__alloc_traits<std::allocator<std::__cxx11::basic_string<char> >, std::__cxx11::basic_string<char> >::value_type[m[K’ {aka ‘[01m[Kstd::__cxx11::basic_string<char>[m[K’} [[01;35m[K-Wformat=[m[K]
[1.556s]    83 |     printf("Position %i, Velocity %i, Torque %i : Inputs [01;35m[K%i[m[K %i %i %i %i",
[1.557s]       |                                                          [01;35m[K~^[m[K
[1.557s]       |                                                           [01;35m[K|[m[K
[1.557s]       |                                                           [01;35m[Kint[m[K
[1.557s] [01m[K/home/corey/ros2_ws/src/Cubemars_AK_Series_Driver/ak_series_driver/src/test_node.cpp:83:62:[m[K [01;35m[Kwarning: [m[Kformat ‘[01m[K%i[m[K’ expects argument of type ‘[01m[Kint[m[K’, but argument 6 has type ‘[01m[K__gnu_cxx::__alloc_traits<std::allocator<std::__cxx11::basic_string<char> >, std::__cxx11::basic_string<char> >::value_type[m[K’ {aka ‘[01m[Kstd::__cxx11::basic_string<char>[m[K’} [[01;35m[K-Wformat=[m[K]
[1.557s]    83 |     printf("Position %i, Velocity %i, Torque %i : Inputs %i [01;35m[K%i[m[K %i %i %i",
[1.557s]       |                                                             [01;35m[K~^[m[K
[1.557s]       |                                                              [01;35m[K|[m[K
[1.557s]       |                                                              [01;35m[Kint[m[K
[1.557s] [01m[K/home/corey/ros2_ws/src/Cubemars_AK_Series_Driver/ak_series_driver/src/test_node.cpp:83:65:[m[K [01;35m[Kwarning: [m[Kformat ‘[01m[K%i[m[K’ expects argument of type ‘[01m[Kint[m[K’, but argument 7 has type ‘[01m[K__gnu_cxx::__alloc_traits<std::allocator<std::__cxx11::basic_string<char> >, std::__cxx11::basic_string<char> >::value_type[m[K’ {aka ‘[01m[Kstd::__cxx11::basic_string<char>[m[K’} [[01;35m[K-Wformat=[m[K]
[1.557s]    83 |     printf("Position %i, Velocity %i, Torque %i : Inputs %i %i [01;35m[K%i[m[K %i %i",
[1.557s]       |                                                                [01;35m[K~^[m[K
[1.557s]       |                                                                 [01;35m[K|[m[K
[1.557s]       |                                                                 [01;35m[Kint[m[K
[1.557s] [01m[K/home/corey/ros2_ws/src/Cubemars_AK_Series_Driver/ak_series_driver/src/test_node.cpp:83:68:[m[K [01;35m[Kwarning: [m[Kformat ‘[01m[K%i[m[K’ expects argument of type ‘[01m[Kint[m[K’, but argument 8 has type ‘[01m[K__gnu_cxx::__alloc_traits<std::allocator<std::__cxx11::basic_string<char> >, std::__cxx11::basic_string<char> >::value_type[m[K’ {aka ‘[01m[Kstd::__cxx11::basic_string<char>[m[K’} [[01;35m[K-Wformat=[m[K]
[1.557s]    83 |     printf("Position %i, Velocity %i, Torque %i : Inputs %i %i %i [01;35m[K%i[m[K %i",
[1.557s]       |                                                                   [01;35m[K~^[m[K
[1.557s]       |                                                                    [01;35m[K|[m[K
[1.557s]       |                                                                    [01;35m[Kint[m[K
[1.558s] [01m[K/home/corey/ros2_ws/src/Cubemars_AK_Series_Driver/ak_series_driver/src/test_node.cpp:83:71:[m[K [01;35m[Kwarning: [m[Kformat ‘[01m[K%i[m[K’ expects argument of type ‘[01m[Kint[m[K’, but argument 9 has type ‘[01m[K__gnu_cxx::__alloc_traits<std::allocator<std::__cxx11::basic_string<char> >, std::__cxx11::basic_string<char> >::value_type[m[K’ {aka ‘[01m[Kstd::__cxx11::basic_string<char>[m[K’} [[01;35m[K-Wformat=[m[K]
[1.558s]    83 |     printf("Position %i, Velocity %i, Torque %i : Inputs %i %i %i %i [01;35m[K%i[m[K",
[1.558s]       |                                                                      [01;35m[K~^[m[K
[1.558s]       |                                                                       [01;35m[K|[m[K
[1.558s]       |                                                                       [01;35m[Kint[m[K
[2.066s] make[2]: *** [CMakeFiles/ak_series_driver.dir/build.make:76: CMakeFiles/ak_series_driver.dir/src/test_node.cpp.o] Error 1
[2.066s] make[1]: *** [CMakeFiles/Makefile2:139: CMakeFiles/ak_series_driver.dir/all] Error 2
[2.066s] make: *** [Makefile:146: all] Error 2
[2.071s] Invoked command in '/home/corey/ros2_ws/build/ak_series_driver' returned '2': CMAKE_PREFIX_PATH=${CMAKE_PREFIX_PATH}:/opt/ros/galactic /home/corey/.local/bin/cmake --build /home/corey/ros2_ws/build/ak_series_driver -- -j16 -l16
