[ 25%] [32mBuilding CXX object CMakeFiles/ak_series_driver.dir/src/test_node.cpp.o[0m
In file included from [01m[K/home/corey/ros2_ws/src/Cubemars_AK_Series_Driver/ak_series_driver/src/test_node.cpp:14[m[K:
[01m[K/home/corey/ros2_ws/src/Cubemars_AK_Series_Driver/ak_series_driver/include/ak_series_driver/can_communication.hpp:18:1:[m[K [01;31m[Kerror: [m[Kexpected class-name before ‘[01m[K{[m[K’ token
   18 | [01;31m[K{[m[K
      | [01;31m[K^[m[K
[01m[K/home/corey/ros2_ws/src/Cubemars_AK_Series_Driver/ak_series_driver/include/ak_series_driver/can_communication.hpp:25:16:[m[K [01;31m[Kerror: [m[Kexpected identifier before ‘[01m[K&[m[K’ token
   25 |         memset([01;31m[K&[m[Kframe, 0, sizeof(struct can_frame));
      |                [01;31m[K^[m[K
[01m[K/home/corey/ros2_ws/src/Cubemars_AK_Series_Driver/ak_series_driver/include/ak_series_driver/can_communication.hpp:25:24:[m[K [01;31m[Kerror: [m[Kexpected identifier before numeric constant
   25 |         memset(&frame, [01;31m[K0[m[K, sizeof(struct can_frame));
      |                        [01;31m[K^[m[K
[01m[K/home/corey/ros2_ws/src/Cubemars_AK_Series_Driver/ak_series_driver/include/ak_series_driver/can_communication.hpp:25:24:[m[K [01;31m[Kerror: [m[Kexpected ‘[01m[K,[m[K’ or ‘[01m[K...[m[K’ before numeric constant
[01m[K/home/corey/ros2_ws/src/Cubemars_AK_Series_Driver/ak_series_driver/include/ak_series_driver/can_communication.hpp:25:51:[m[K [01;31m[Kerror: [m[KISO C++ forbids declaration of ‘[01m[Kmemset[m[K’ with no type [[01;31m[K-fpermissive[m[K]
   25 |         memset(&frame, 0, sizeof(struct can_frame)[01;31m[K)[m[K;
      |                                                   [01;31m[K^[m[K
[01m[K/home/corey/ros2_ws/src/Cubemars_AK_Series_Driver/ak_series_driver/include/ak_series_driver/can_communication.hpp:[m[K In member function ‘[01m[Kvoid CanCommunication::start(int, int)[m[K’:
[01m[K/home/corey/ros2_ws/src/Cubemars_AK_Series_Driver/ak_series_driver/include/ak_series_driver/can_communication.hpp:29:28:[m[K [01;35m[Kwarning: [m[KISO C++ forbids converting a string constant to ‘[01m[Kchar*[m[K’ [[01;35m[K-Wwrite-strings[m[K]
   29 |             system(sprintf([01;35m[K"sudo ifconfig can%d down"[m[K, channel));
      |                            [01;35m[K^~~~~~~~~~~~~~~~~~~~~~~~~~[m[K
[01m[K/home/corey/ros2_ws/src/Cubemars_AK_Series_Driver/ak_series_driver/include/ak_series_driver/can_communication.hpp:29:56:[m[K [01;31m[Kerror: [m[Kinvalid conversion from ‘[01m[Kint[m[K’ to ‘[01m[Kconst char*[m[K’ [[01;31m[K-fpermissive[m[K]
   29 |             system(sprintf("sudo ifconfig can%d down", [01;31m[Kchannel[m[K));
      |                                                        [01;31m[K^~~~~~~[m[K
      |                                                        [01;31m[K|[m[K
      |                                                        [01;31m[Kint[m[K
In file included from [01m[K/home/corey/ros2_ws/src/Cubemars_AK_Series_Driver/ak_series_driver/src/test_node.cpp:1[m[K:
[01m[K/usr/include/stdio.h:335:30:[m[K [01;36m[Knote: [m[K  initializing argument 2 of ‘[01m[Kint sprintf(char*, const char*, ...)[m[K’
  335 |       [01;36m[Kconst char *__restrict __format[m[K, ...) __THROWNL;
      |       [01;36m[K~~~~~~~~~~~~~~~~~~~~~~~^~~~~~~~[m[K
In file included from [01m[K/home/corey/ros2_ws/src/Cubemars_AK_Series_Driver/ak_series_driver/src/test_node.cpp:14[m[K:
[01m[K/home/corey/ros2_ws/src/Cubemars_AK_Series_Driver/ak_series_driver/include/ak_series_driver/can_communication.hpp:29:63:[m[K [01;35m[Kwarning: [m[Kformat not a string literal and no format arguments [[01;35m[K-Wformat-security[m[K]
   29 |             system(sprintf("sudo ifconfig can%d down", channel[01;35m[K)[m[K);
      |                                                               [01;35m[K^[m[K
[01m[K/home/corey/ros2_ws/src/Cubemars_AK_Series_Driver/ak_series_driver/include/ak_series_driver/can_communication.hpp:29:27:[m[K [01;31m[Kerror: [m[Kinvalid conversion from ‘[01m[Kint[m[K’ to ‘[01m[Kconst char*[m[K’ [[01;31m[K-fpermissive[m[K]
   29 |             system([01;31m[Ksprintf("sudo ifconfig can%d down", channel)[m[K);
      |                    [01;31m[K~~~~~~~^~~~~~~~~~~~~~~~~~~~~~~~~~~~~~~~~~~~~[m[K
      |                           [01;31m[K|[m[K
      |                           [01;31m[Kint[m[K
In file included from [01m[K/usr/include/c++/9/cstdlib:75[m[K,
                 from [01m[K/usr/include/c++/9/stdlib.h:36[m[K,
                 from [01m[K/home/corey/ros2_ws/src/Cubemars_AK_Series_Driver/ak_series_driver/src/test_node.cpp:2[m[K:
[01m[K/usr/include/stdlib.h:784:32:[m[K [01;36m[Knote: [m[K  initializing argument 1 of ‘[01m[Kint system(const char*)[m[K’
  784 | extern int system ([01;36m[Kconst char *__command[m[K) __wur;
      |                    [01;36m[K~~~~~~~~~~~~^~~~~~~~~[m[K
In file included from [01m[K/home/corey/ros2_ws/src/Cubemars_AK_Series_Driver/ak_series_driver/src/test_node.cpp:14[m[K:
[01m[K/home/corey/ros2_ws/src/Cubemars_AK_Series_Driver/ak_series_driver/include/ak_series_driver/can_communication.hpp:30:28:[m[K [01;35m[Kwarning: [m[KISO C++ forbids converting a string constant to ‘[01m[Kchar*[m[K’ [[01;35m[K-Wwrite-strings[m[K]
   30 |             system(sprintf([01;35m[K"sudo ip link set can%d type can bitrate %d"[m[K, channel, bitrate));
      |                            [01;35m[K^~~~~~~~~~~~~~~~~~~~~~~~~~~~~~~~~~~~~~~~~~~~[m[K
[01m[K/home/corey/ros2_ws/src/Cubemars_AK_Series_Driver/ak_series_driver/include/ak_series_driver/can_communication.hpp:30:74:[m[K [01;31m[Kerror: [m[Kinvalid conversion from ‘[01m[Kint[m[K’ to ‘[01m[Kconst char*[m[K’ [[01;31m[K-fpermissive[m[K]
   30 |             system(sprintf("sudo ip link set can%d type can bitrate %d", [01;31m[Kchannel[m[K, bitrate));
      |                                                                          [01;31m[K^~~~~~~[m[K
      |                                                                          [01;31m[K|[m[K
      |                                                                          [01;31m[Kint[m[K
In file included from [01m[K/home/corey/ros2_ws/src/Cubemars_AK_Series_Driver/ak_series_driver/src/test_node.cpp:1[m[K:
[01m[K/usr/include/stdio.h:335:30:[m[K [01;36m[Knote: [m[K  initializing argument 2 of ‘[01m[Kint sprintf(char*, const char*, ...)[m[K’
  335 |       [01;36m[Kconst char *__restrict __format[m[K, ...) __THROWNL;
      |       [01;36m[K~~~~~~~~~~~~~~~~~~~~~~~^~~~~~~~[m[K
In file included from [01m[K/home/corey/ros2_ws/src/Cubemars_AK_Series_Driver/ak_series_driver/src/test_node.cpp:14[m[K:
[01m[K/home/corey/ros2_ws/src/Cubemars_AK_Series_Driver/ak_series_driver/include/ak_series_driver/can_communication.hpp:30:27:[m[K [01;31m[Kerror: [m[Kinvalid conversion from ‘[01m[Kint[m[K’ to ‘[01m[Kconst char*[m[K’ [[01;31m[K-fpermissive[m[K]
   30 |             system([01;31m[Ksprintf("sudo ip link set can%d type can bitrate %d", channel, bitrate)[m[K);
      |                    [01;31m[K~~~~~~~^~~~~~~~~~~~~~~~~~~~~~~~~~~~~~~~~~~~~~~~~~~~~~~~~~~~~~~~~~~~~~~~[m[K
      |                           [01;31m[K|[m[K
      |                           [01;31m[Kint[m[K
In file included from [01m[K/usr/include/c++/9/cstdlib:75[m[K,
                 from [01m[K/usr/include/c++/9/stdlib.h:36[m[K,
                 from [01m[K/home/corey/ros2_ws/src/Cubemars_AK_Series_Driver/ak_series_driver/src/test_node.cpp:2[m[K:
[01m[K/usr/include/stdlib.h:784:32:[m[K [01;36m[Knote: [m[K  initializing argument 1 of ‘[01m[Kint system(const char*)[m[K’
  784 | extern int system ([01;36m[Kconst char *__command[m[K) __wur;
      |                    [01;36m[K~~~~~~~~~~~~^~~~~~~~~[m[K
In file included from [01m[K/home/corey/ros2_ws/src/Cubemars_AK_Series_Driver/ak_series_driver/src/test_node.cpp:14[m[K:
[01m[K/home/corey/ros2_ws/src/Cubemars_AK_Series_Driver/ak_series_driver/include/ak_series_driver/can_communication.hpp:31:28:[m[K [01;35m[Kwarning: [m[KISO C++ forbids converting a string constant to ‘[01m[Kchar*[m[K’ [[01;35m[K-Wwrite-strings[m[K]
   31 |             system(sprintf([01;35m[K"sudo ifconfig can%d up"[m[K, channel));
      |                            [01;35m[K^~~~~~~~~~~~~~~~~~~~~~~~[m[K
[01m[K/home/corey/ros2_ws/src/Cubemars_AK_Series_Driver/ak_series_driver/include/ak_series_driver/can_communication.hpp:31:54:[m[K [01;31m[Kerror: [m[Kinvalid conversion from ‘[01m[Kint[m[K’ to ‘[01m[Kconst char*[m[K’ [[01;31m[K-fpermissive[m[K]
   31 |             system(sprintf("sudo ifconfig can%d up", [01;31m[Kchannel[m[K));
      |                                                      [01;31m[K^~~~~~~[m[K
      |                                                      [01;31m[K|[m[K
      |                                                      [01;31m[Kint[m[K
In file included from [01m[K/home/corey/ros2_ws/src/Cubemars_AK_Series_Driver/ak_series_driver/src/test_node.cpp:1[m[K:
[01m[K/usr/include/stdio.h:335:30:[m[K [01;36m[Knote: [m[K  initializing argument 2 of ‘[01m[Kint sprintf(char*, const char*, ...)[m[K’
  335 |       [01;36m[Kconst char *__restrict __format[m[K, ...) __THROWNL;
      |       [01;36m[K~~~~~~~~~~~~~~~~~~~~~~~^~~~~~~~[m[K
In file included from [01m[K/home/corey/ros2_ws/src/Cubemars_AK_Series_Driver/ak_series_driver/src/test_node.cpp:14[m[K:
[01m[K/home/corey/ros2_ws/src/Cubemars_AK_Series_Driver/ak_series_driver/include/ak_series_driver/can_communication.hpp:31:61:[m[K [01;35m[Kwarning: [m[Kformat not a string literal and no format arguments [[01;35m[K-Wformat-security[m[K]
   31 |             system(sprintf("sudo ifconfig can%d up", channel[01;35m[K)[m[K);
      |                                                             [01;35m[K^[m[K
[01m[K/home/corey/ros2_ws/src/Cubemars_AK_Series_Driver/ak_series_driver/include/ak_series_driver/can_communication.hpp:31:27:[m[K [01;31m[Kerror: [m[Kinvalid conversion from ‘[01m[Kint[m[K’ to ‘[01m[Kconst char*[m[K’ [[01;31m[K-fpermissive[m[K]
   31 |             system([01;31m[Ksprintf("sudo ifconfig can%d up", channel)[m[K);
      |                    [01;31m[K~~~~~~~^~~~~~~~~~~~~~~~~~~~~~~~~~~~~~~~~~~[m[K
      |                           [01;31m[K|[m[K
      |                           [01;31m[Kint[m[K
In file included from [01m[K/usr/include/c++/9/cstdlib:75[m[K,
                 from [01m[K/usr/include/c++/9/stdlib.h:36[m[K,
                 from [01m[K/home/corey/ros2_ws/src/Cubemars_AK_Series_Driver/ak_series_driver/src/test_node.cpp:2[m[K:
[01m[K/usr/include/stdlib.h:784:32:[m[K [01;36m[Knote: [m[K  initializing argument 1 of ‘[01m[Kint system(const char*)[m[K’
  784 | extern int system ([01;36m[Kconst char *__command[m[K) __wur;
      |                    [01;36m[K~~~~~~~~~~~~^~~~~~~~~[m[K
make[2]: *** [CMakeFiles/ak_series_driver.dir/build.make:76: CMakeFiles/ak_series_driver.dir/src/test_node.cpp.o] Error 1
make[1]: *** [CMakeFiles/Makefile2:139: CMakeFiles/ak_series_driver.dir/all] Error 2
make: *** [Makefile:146: all] Error 2
