[0.015s] Invoking command in '/home/corey/Cubemars_AK_Series_Driver/build/ak_series_driver': CMAKE_PREFIX_PATH=${CMAKE_PREFIX_PATH}:/home/corey/Cubemars_AK_Series_Driver/install/control:/opt/ros/galactic /home/corey/.local/bin/cmake --build /home/corey/Cubemars_AK_Series_Driver/build/ak_series_driver -- -j16 -l16
[0.065s] [35m[1mScanning dependencies of target ak_series_driver[0m
[0.085s] [ 16%] [32mBuilding CXX object CMakeFiles/ak_series_driver.dir/src/single_motor.cpp.o[0m
[1.368s] In file included from [01m[K/home/corey/Cubemars_AK_Series_Driver/src/ak_series_driver/src/single_motor.cpp:18[m[K:
[1.368s] [01m[K/home/corey/Cubemars_AK_Series_Driver/src/ak_series_driver/include/ak_series_driver/can_communication.hpp:[m[K In member function ‘[01m[Kvoid CanCommunication::send_cmd(uint32_t, uint8_t, uint8_t*)[m[K’:
[1.368s] [01m[K/home/corey/Cubemars_AK_Series_Driver/src/ak_series_driver/include/ak_series_driver/can_communication.hpp:92:22:[m[K [01;35m[Kwarning: [m[Kformat ‘[01m[K%X[m[K’ expects argument of type ‘[01m[Kunsigned int[m[K’, but argument 2 has type ‘[01m[Kconst char*[m[K’ [[01;35m[K-Wformat=[m[K]
[1.368s]    92 |             printf("[01;35m[K%X[m[K", [32m[Kstd::to_string(frame.can_id).c_str()[m[K);
[1.368s]       |                     [01;35m[K~^[m[K   [32m[K~~~~~~~~~~~~~~~~~~~~~~~~~~~~~~~~~~~~[m[K
[1.369s]       |                      [01;35m[K|[m[K                                     [32m[K|[m[K
[1.369s]       |                      [01;35m[Kunsigned int[m[K                          [32m[Kconst char*[m[K
[1.369s]       |                     [32m[K%s[m[K
[1.369s] [01m[K/home/corey/Cubemars_AK_Series_Driver/src/ak_series_driver/include/ak_series_driver/can_communication.hpp:98:26:[m[K [01;35m[Kwarning: [m[Kformat ‘[01m[K%X[m[K’ expects argument of type ‘[01m[Kunsigned int[m[K’, but argument 2 has type ‘[01m[Kconst char*[m[K’ [[01;35m[K-Wformat=[m[K]
[1.369s]    98 |                 printf("[01;35m[K%X[m[K", [32m[Kstd::to_string(data[i]).c_str()[m[K);
[1.369s]       |                         [01;35m[K~^[m[K   [32m[K~~~~~~~~~~~~~~~~~~~~~~~~~~~~~~~[m[K
[1.369s]       |                          [01;35m[K|[m[K                                [32m[K|[m[K
[1.369s]       |                          [01;35m[Kunsigned int[m[K                     [32m[Kconst char*[m[K
[1.369s]       |                         [32m[K%s[m[K
[1.370s] In file included from [01m[K/home/corey/Cubemars_AK_Series_Driver/src/ak_series_driver/src/single_motor.cpp:19[m[K:
[1.370s] [01m[K/home/corey/Cubemars_AK_Series_Driver/src/ak_series_driver/include/ak_series_driver/ak_driver.hpp:[m[K In member function ‘[01m[Kvoid AKDriver::comm_can_set_pos_spd(uint8_t, float, int16_t, int16_t)[m[K’:
[1.370s] [01m[K/home/corey/Cubemars_AK_Series_Driver/src/ak_series_driver/include/ak_series_driver/ak_driver.hpp:81:43:[m[K [01;35m[Kwarning: [m[Kunused parameter ‘[01m[Kcontroller_id[m[K’ [[01;35m[K-Wunused-parameter[m[K]
[1.370s]    81 |         void comm_can_set_pos_spd([01;35m[Kuint8_t controller_id[m[K, float pos,
[1.370s]       |                                   [01;35m[K~~~~~~~~^~~~~~~~~~~~~[m[K
[1.370s] [01m[K/home/corey/Cubemars_AK_Series_Driver/src/ak_series_driver/include/ak_series_driver/ak_driver.hpp:[m[K In member function ‘[01m[Kvoid AKDriver::comm_can_set_rpm(uint8_t, float)[m[K’:
[1.370s] [01m[K/home/corey/Cubemars_AK_Series_Driver/src/ak_series_driver/include/ak_series_driver/ak_driver.hpp:100:39:[m[K [01;35m[Kwarning: [m[Kunused parameter ‘[01m[Kcontroller_id[m[K’ [[01;35m[K-Wunused-parameter[m[K]
[1.371s]   100 |         void comm_can_set_rpm([01;35m[Kuint8_t controller_id[m[K, float rpm) {
[1.371s]       |                               [01;35m[K~~~~~~~~^~~~~~~~~~~~~[m[K
[1.371s] [01m[K/home/corey/Cubemars_AK_Series_Driver/src/ak_series_driver/include/ak_series_driver/ak_driver.hpp:[m[K In member function ‘[01m[Kvoid AKDriver::buffer_append_int32(uint8_t*, int32_t, int32_t*)[m[K’:
[1.371s] [01m[K/home/corey/Cubemars_AK_Series_Driver/src/ak_series_driver/include/ak_series_driver/ak_driver.hpp:186:31:[m[K [01;35m[Kwarning: [m[Kcomparison of integer expressions of different signedness: ‘[01m[Kint[m[K’ and ‘[01m[Klong unsigned int[m[K’ [[01;35m[K-Wsign-compare[m[K]
[1.371s]   186 |             for (int i = 0; [01;35m[Ki < sizeof(buffer)[m[K; i++)
[1.371s]       |                             [01;35m[K~~^~~~~~~~~~~~~~~~[m[K
[5.286s] [ 33%] [32m[1mLinking CXX shared library libak_series_driver.so[0m
[5.514s] [ 33%] Built target ak_series_driver
[5.524s] [35m[1mScanning dependencies of target dual[0m
[5.524s] [35m[1mScanning dependencies of target single[0m
[5.547s] [ 66%] [32mBuilding CXX object CMakeFiles/single.dir/src/single_motor.cpp.o[0m
[5.547s] [ 66%] [32mBuilding CXX object CMakeFiles/dual.dir/src/dual_motor.cpp.o[0m
[6.915s] In file included from [01m[K/home/corey/Cubemars_AK_Series_Driver/src/ak_series_driver/src/dual_motor.cpp:18[m[K:
[6.915s] [01m[K/home/corey/Cubemars_AK_Series_Driver/src/ak_series_driver/include/ak_series_driver/can_communication.hpp:[m[K In member function ‘[01m[Kvoid CanCommunication::send_cmd(uint32_t, uint8_t, uint8_t*)[m[K’:
[6.915s] [01m[K/home/corey/Cubemars_AK_Series_Driver/src/ak_series_driver/include/ak_series_driver/can_communication.hpp:92:22:[m[K [01;35m[Kwarning: [m[Kformat ‘[01m[K%X[m[K’ expects argument of type ‘[01m[Kunsigned int[m[K’, but argument 2 has type ‘[01m[Kconst char*[m[K’ [[01;35m[K-Wformat=[m[K]
[6.916s]    92 |             printf("[01;35m[K%X[m[K", [32m[Kstd::to_string(frame.can_id).c_str()[m[K);
[6.916s]       |                     [01;35m[K~^[m[K   [32m[K~~~~~~~~~~~~~~~~~~~~~~~~~~~~~~~~~~~~[m[K
[6.916s]       |                      [01;35m[K|[m[K                                     [32m[K|[m[K
[6.916s]       |                      [01;35m[Kunsigned int[m[K                          [32m[Kconst char*[m[K
[6.916s]       |                     [32m[K%s[m[K
[6.916s] [01m[K/home/corey/Cubemars_AK_Series_Driver/src/ak_series_driver/include/ak_series_driver/can_communication.hpp:98:26:[m[K [01;35m[Kwarning: [m[Kformat ‘[01m[K%X[m[K’ expects argument of type ‘[01m[Kunsigned int[m[K’, but argument 2 has type ‘[01m[Kconst char*[m[K’ [[01;35m[K-Wformat=[m[K]
[6.916s]    98 |                 printf("[01;35m[K%X[m[K", [32m[Kstd::to_string(data[i]).c_str()[m[K);
[6.916s]       |                         [01;35m[K~^[m[K   [32m[K~~~~~~~~~~~~~~~~~~~~~~~~~~~~~~~[m[K
[6.917s]       |                          [01;35m[K|[m[K                                [32m[K|[m[K
[6.917s]       |                          [01;35m[Kunsigned int[m[K                     [32m[Kconst char*[m[K
[6.917s]       |                         [32m[K%s[m[K
[6.917s] In file included from [01m[K/home/corey/Cubemars_AK_Series_Driver/src/ak_series_driver/src/dual_motor.cpp:19[m[K:
[6.917s] [01m[K/home/corey/Cubemars_AK_Series_Driver/src/ak_series_driver/include/ak_series_driver/ak_driver.hpp:[m[K In member function ‘[01m[Kvoid AKDriver::comm_can_set_pos_spd(uint8_t, float, int16_t, int16_t)[m[K’:
[6.917s] [01m[K/home/corey/Cubemars_AK_Series_Driver/src/ak_series_driver/include/ak_series_driver/ak_driver.hpp:81:43:[m[K [01;35m[Kwarning: [m[Kunused parameter ‘[01m[Kcontroller_id[m[K’ [[01;35m[K-Wunused-parameter[m[K]
[6.917s]    81 |         void comm_can_set_pos_spd([01;35m[Kuint8_t controller_id[m[K, float pos,
[6.918s]       |                                   [01;35m[K~~~~~~~~^~~~~~~~~~~~~[m[K
[6.918s] [01m[K/home/corey/Cubemars_AK_Series_Driver/src/ak_series_driver/include/ak_series_driver/ak_driver.hpp:[m[K In member function ‘[01m[Kvoid AKDriver::comm_can_set_rpm(uint8_t, float)[m[K’:
[6.918s] [01m[K/home/corey/Cubemars_AK_Series_Driver/src/ak_series_driver/include/ak_series_driver/ak_driver.hpp:100:39:[m[K [01;35m[Kwarning: [m[Kunused parameter ‘[01m[Kcontroller_id[m[K’ [[01;35m[K-Wunused-parameter[m[K]
[6.918s]   100 |         void comm_can_set_rpm([01;35m[Kuint8_t controller_id[m[K, float rpm) {
[6.918s]       |                               [01;35m[K~~~~~~~~^~~~~~~~~~~~~[m[K
[6.918s] [01m[K/home/corey/Cubemars_AK_Series_Driver/src/ak_series_driver/include/ak_series_driver/ak_driver.hpp:[m[K In member function ‘[01m[Kvoid AKDriver::buffer_append_int32(uint8_t*, int32_t, int32_t*)[m[K’:
[6.918s] [01m[K/home/corey/Cubemars_AK_Series_Driver/src/ak_series_driver/include/ak_series_driver/ak_driver.hpp:186:31:[m[K [01;35m[Kwarning: [m[Kcomparison of integer expressions of different signedness: ‘[01m[Kint[m[K’ and ‘[01m[Klong unsigned int[m[K’ [[01;35m[K-Wsign-compare[m[K]
[6.918s]   186 |             for (int i = 0; [01;35m[Ki < sizeof(buffer)[m[K; i++)
[6.919s]       |                             [01;35m[K~~^~~~~~~~~~~~~~~~[m[K
[6.940s] In file included from [01m[K/home/corey/Cubemars_AK_Series_Driver/src/ak_series_driver/src/single_motor.cpp:18[m[K:
[6.941s] [01m[K/home/corey/Cubemars_AK_Series_Driver/src/ak_series_driver/include/ak_series_driver/can_communication.hpp:[m[K In member function ‘[01m[Kvoid CanCommunication::send_cmd(uint32_t, uint8_t, uint8_t*)[m[K’:
[6.941s] [01m[K/home/corey/Cubemars_AK_Series_Driver/src/ak_series_driver/include/ak_series_driver/can_communication.hpp:92:22:[m[K [01;35m[Kwarning: [m[Kformat ‘[01m[K%X[m[K’ expects argument of type ‘[01m[Kunsigned int[m[K’, but argument 2 has type ‘[01m[Kconst char*[m[K’ [[01;35m[K-Wformat=[m[K]
[6.941s]    92 |             printf("[01;35m[K%X[m[K", [32m[Kstd::to_string(frame.can_id).c_str()[m[K);
[6.941s]       |                     [01;35m[K~^[m[K   [32m[K~~~~~~~~~~~~~~~~~~~~~~~~~~~~~~~~~~~~[m[K
[6.941s]       |                      [01;35m[K|[m[K                                     [32m[K|[m[K
[6.941s]       |                      [01;35m[Kunsigned int[m[K                          [32m[Kconst char*[m[K
[6.941s]       |                     [32m[K%s[m[K
[6.941s] [01m[K/home/corey/Cubemars_AK_Series_Driver/src/ak_series_driver/include/ak_series_driver/can_communication.hpp:98:26:[m[K [01;35m[Kwarning: [m[Kformat ‘[01m[K%X[m[K’ expects argument of type ‘[01m[Kunsigned int[m[K’, but argument 2 has type ‘[01m[Kconst char*[m[K’ [[01;35m[K-Wformat=[m[K]
[6.942s]    98 |                 printf("[01;35m[K%X[m[K", [32m[Kstd::to_string(data[i]).c_str()[m[K);
[6.942s]       |                         [01;35m[K~^[m[K   [32m[K~~~~~~~~~~~~~~~~~~~~~~~~~~~~~~~[m[K
[6.942s]       |                          [01;35m[K|[m[K                                [32m[K|[m[K
[6.942s]       |                          [01;35m[Kunsigned int[m[K                     [32m[Kconst char*[m[K
[6.942s]       |                         [32m[K%s[m[K
[6.944s] In file included from [01m[K/home/corey/Cubemars_AK_Series_Driver/src/ak_series_driver/src/single_motor.cpp:19[m[K:
[6.944s] [01m[K/home/corey/Cubemars_AK_Series_Driver/src/ak_series_driver/include/ak_series_driver/ak_driver.hpp:[m[K In member function ‘[01m[Kvoid AKDriver::comm_can_set_pos_spd(uint8_t, float, int16_t, int16_t)[m[K’:
[6.944s] [01m[K/home/corey/Cubemars_AK_Series_Driver/src/ak_series_driver/include/ak_series_driver/ak_driver.hpp:81:43:[m[K [01;35m[Kwarning: [m[Kunused parameter ‘[01m[Kcontroller_id[m[K’ [[01;35m[K-Wunused-parameter[m[K]
[6.944s]    81 |         void comm_can_set_pos_spd([01;35m[Kuint8_t controller_id[m[K, float pos,
[6.944s]       |                                   [01;35m[K~~~~~~~~^~~~~~~~~~~~~[m[K
[6.944s] [01m[K/home/corey/Cubemars_AK_Series_Driver/src/ak_series_driver/include/ak_series_driver/ak_driver.hpp:[m[K In member function ‘[01m[Kvoid AKDriver::comm_can_set_rpm(uint8_t, float)[m[K’:
[6.944s] [01m[K/home/corey/Cubemars_AK_Series_Driver/src/ak_series_driver/include/ak_series_driver/ak_driver.hpp:100:39:[m[K [01;35m[Kwarning: [m[Kunused parameter ‘[01m[Kcontroller_id[m[K’ [[01;35m[K-Wunused-parameter[m[K]
[6.945s]   100 |         void comm_can_set_rpm([01;35m[Kuint8_t controller_id[m[K, float rpm) {
[6.945s]       |                               [01;35m[K~~~~~~~~^~~~~~~~~~~~~[m[K
[6.945s] [01m[K/home/corey/Cubemars_AK_Series_Driver/src/ak_series_driver/include/ak_series_driver/ak_driver.hpp:[m[K In member function ‘[01m[Kvoid AKDriver::buffer_append_int32(uint8_t*, int32_t, int32_t*)[m[K’:
[6.945s] [01m[K/home/corey/Cubemars_AK_Series_Driver/src/ak_series_driver/include/ak_series_driver/ak_driver.hpp:186:31:[m[K [01;35m[Kwarning: [m[Kcomparison of integer expressions of different signedness: ‘[01m[Kint[m[K’ and ‘[01m[Klong unsigned int[m[K’ [[01;35m[K-Wsign-compare[m[K]
[6.945s]   186 |             for (int i = 0; [01;35m[Ki < sizeof(buffer)[m[K; i++)
[6.945s]       |                             [01;35m[K~~^~~~~~~~~~~~~~~~[m[K
[10.888s] [ 83%] [32m[1mLinking CXX executable single[0m
[10.934s] [100%] [32m[1mLinking CXX executable dual[0m
[11.200s] [100%] Built target single
[11.221s] [100%] Built target dual
[11.231s] Invoked command in '/home/corey/Cubemars_AK_Series_Driver/build/ak_series_driver' returned '0': CMAKE_PREFIX_PATH=${CMAKE_PREFIX_PATH}:/home/corey/Cubemars_AK_Series_Driver/install/control:/opt/ros/galactic /home/corey/.local/bin/cmake --build /home/corey/Cubemars_AK_Series_Driver/build/ak_series_driver -- -j16 -l16
[11.292s] Invoking command in '/home/corey/Cubemars_AK_Series_Driver/build/ak_series_driver': CMAKE_PREFIX_PATH=${CMAKE_PREFIX_PATH}:/home/corey/Cubemars_AK_Series_Driver/install/control:/opt/ros/galactic /home/corey/.local/bin/cmake --install /home/corey/Cubemars_AK_Series_Driver/build/ak_series_driver
[11.320s] -- Install configuration: ""
[11.320s] -- Execute custom install script
[11.320s] -- Up-to-date symlink: /home/corey/Cubemars_AK_Series_Driver/install/ak_series_driver/lib/ak_series_driver/libak_series_driver.so
[11.321s] -- Up-to-date symlink: /home/corey/Cubemars_AK_Series_Driver/install/ak_series_driver/include/ak_series_driver//ak_driver.hpp
[11.321s] -- Up-to-date symlink: /home/corey/Cubemars_AK_Series_Driver/install/ak_series_driver/include/ak_series_driver//can_communication.hpp
[11.321s] -- Up-to-date symlink: /home/corey/Cubemars_AK_Series_Driver/install/ak_series_driver/include/ak_series_driver//mit_params.hpp
[11.321s] -- Up-to-date symlink: /home/corey/Cubemars_AK_Series_Driver/install/ak_series_driver/include/ak_series_driver//motor.hpp
[11.321s] -- Up-to-date symlink: /home/corey/Cubemars_AK_Series_Driver/install/ak_series_driver/lib/ak_series_driver/single
[11.322s] -- Up-to-date symlink: /home/corey/Cubemars_AK_Series_Driver/install/ak_series_driver/lib/ak_series_driver/dual
[11.322s] -- Up-to-date symlink: /home/corey/Cubemars_AK_Series_Driver/install/ak_series_driver/share/ak_series_driver/environment/library_path.sh
[11.322s] -- Up-to-date symlink: /home/corey/Cubemars_AK_Series_Driver/install/ak_series_driver/share/ak_series_driver/environment/library_path.dsv
[11.322s] -- Up-to-date symlink: /home/corey/Cubemars_AK_Series_Driver/install/ak_series_driver/share/ament_index/resource_index/package_run_dependencies/ak_series_driver
[11.322s] -- Up-to-date symlink: /home/corey/Cubemars_AK_Series_Driver/install/ak_series_driver/share/ament_index/resource_index/parent_prefix_path/ak_series_driver
[11.322s] -- Up-to-date symlink: /home/corey/Cubemars_AK_Series_Driver/install/ak_series_driver/share/ak_series_driver/environment/ament_prefix_path.sh
[11.323s] -- Up-to-date symlink: /home/corey/Cubemars_AK_Series_Driver/install/ak_series_driver/share/ak_series_driver/environment/ament_prefix_path.dsv
[11.323s] -- Up-to-date symlink: /home/corey/Cubemars_AK_Series_Driver/install/ak_series_driver/share/ak_series_driver/environment/path.sh
[11.323s] -- Up-to-date symlink: /home/corey/Cubemars_AK_Series_Driver/install/ak_series_driver/share/ak_series_driver/environment/path.dsv
[11.323s] -- Up-to-date symlink: /home/corey/Cubemars_AK_Series_Driver/install/ak_series_driver/share/ak_series_driver/local_setup.bash
[11.323s] -- Up-to-date symlink: /home/corey/Cubemars_AK_Series_Driver/install/ak_series_driver/share/ak_series_driver/local_setup.sh
[11.323s] -- Up-to-date symlink: /home/corey/Cubemars_AK_Series_Driver/install/ak_series_driver/share/ak_series_driver/local_setup.zsh
[11.324s] -- Up-to-date symlink: /home/corey/Cubemars_AK_Series_Driver/install/ak_series_driver/share/ak_series_driver/local_setup.dsv
[11.324s] -- Symlinking: /home/corey/Cubemars_AK_Series_Driver/install/ak_series_driver/share/ak_series_driver/package.dsv
[11.331s] -- Up-to-date symlink: /home/corey/Cubemars_AK_Series_Driver/install/ak_series_driver/share/ament_index/resource_index/packages/ak_series_driver
[11.331s] -- Up-to-date symlink: /home/corey/Cubemars_AK_Series_Driver/install/ak_series_driver/share/ak_series_driver/cmake/ament_cmake_export_include_directories-extras.cmake
[11.331s] -- Up-to-date symlink: /home/corey/Cubemars_AK_Series_Driver/install/ak_series_driver/share/ak_series_driver/cmake/ament_cmake_export_libraries-extras.cmake
[11.331s] -- Up-to-date symlink: /home/corey/Cubemars_AK_Series_Driver/install/ak_series_driver/share/ak_series_driver/cmake/ament_cmake_export_dependencies-extras.cmake
[11.331s] -- Up-to-date symlink: /home/corey/Cubemars_AK_Series_Driver/install/ak_series_driver/share/ak_series_driver/cmake/ak_series_driverConfig.cmake
[11.332s] -- Up-to-date symlink: /home/corey/Cubemars_AK_Series_Driver/install/ak_series_driver/share/ak_series_driver/cmake/ak_series_driverConfig-version.cmake
[11.332s] -- Up-to-date symlink: /home/corey/Cubemars_AK_Series_Driver/install/ak_series_driver/share/ak_series_driver/package.xml
[11.337s] Invoked command in '/home/corey/Cubemars_AK_Series_Driver/build/ak_series_driver' returned '0': CMAKE_PREFIX_PATH=${CMAKE_PREFIX_PATH}:/home/corey/Cubemars_AK_Series_Driver/install/control:/opt/ros/galactic /home/corey/.local/bin/cmake --install /home/corey/Cubemars_AK_Series_Driver/build/ak_series_driver
