[2.009s] DEBUG:colcon:Command line arguments: ['/usr/bin/colcon', 'build', '--symlink-install']
[2.009s] DEBUG:colcon:Parsed command line arguments: Namespace(allow_overriding=[], ament_cmake_args=None, base_paths=['.'], build_base='build', catkin_cmake_args=None, catkin_skip_building_tests=False, cmake_args=None, cmake_clean_cache=False, cmake_clean_first=False, cmake_force_configure=False, cmake_target=None, cmake_target_skip_unavailable=False, continue_on_error=False, event_handlers=None, executor='parallel', ignore_user_meta=False, install_base='install', log_base=None, log_level=None, main=<bound method BuildVerb.main of <colcon_core.verb.build.BuildVerb object at 0x7f48d6907ca0>>, merge_install=False, metas=['./colcon.meta'], packages_above=None, packages_above_and_dependencies=None, packages_above_depth=None, packages_end=None, packages_ignore=None, packages_ignore_regex=None, packages_select=None, packages_select_build_failed=False, packages_select_by_dep=None, packages_select_regex=None, packages_select_test_failures=False, packages_skip=None, packages_skip_build_finished=False, packages_skip_by_dep=None, packages_skip_regex=None, packages_skip_test_passed=False, packages_skip_up_to=None, packages_start=None, packages_up_to=None, packages_up_to_regex=None, parallel_workers=16, paths=None, symlink_install=True, test_result_base=None, verb_extension=<colcon_core.verb.build.BuildVerb object at 0x7f48d6907ca0>, verb_name='build', verb_parser=<colcon_defaults.argument_parser.defaults.DefaultArgumentsDecorator object at 0x7f48d6968e20>)
[2.097s] Level 1:colcon.colcon_core.package_discovery:discover_packages(colcon_meta) check parameters
[2.097s] Level 1:colcon.colcon_core.package_discovery:discover_packages(recursive) check parameters
[2.098s] Level 1:colcon.colcon_core.package_discovery:discover_packages(ignore) check parameters
[2.098s] Level 1:colcon.colcon_core.package_discovery:discover_packages(path) check parameters
[2.098s] Level 1:colcon.colcon_core.package_discovery:discover_packages(colcon_meta) discover
[2.098s] Level 1:colcon.colcon_core.package_discovery:discover_packages(recursive) discover
[2.098s] INFO:colcon.colcon_core.package_discovery:Crawling recursively for packages in '/home/corey/ros2_ws'
[2.098s] Level 1:colcon.colcon_core.package_identification:_identify(.) by extensions ['ignore', 'ignore_ament_install']
[2.098s] Level 1:colcon.colcon_core.package_identification:_identify(.) by extension 'ignore'
[2.098s] Level 1:colcon.colcon_core.package_identification:_identify(.) by extension 'ignore_ament_install'
[2.098s] Level 1:colcon.colcon_core.package_identification:_identify(.) by extensions ['colcon_pkg']
[2.098s] Level 1:colcon.colcon_core.package_identification:_identify(.) by extension 'colcon_pkg'
[2.098s] Level 1:colcon.colcon_core.package_identification:_identify(.) by extensions ['colcon_meta']
[2.098s] Level 1:colcon.colcon_core.package_identification:_identify(.) by extension 'colcon_meta'
[2.098s] Level 1:colcon.colcon_core.package_identification:_identify(.) by extensions ['ros']
[2.098s] Level 1:colcon.colcon_core.package_identification:_identify(.) by extension 'ros'
[2.106s] Level 1:colcon.colcon_core.package_identification:_identify(.) by extensions ['cmake', 'python']
[2.106s] Level 1:colcon.colcon_core.package_identification:_identify(.) by extension 'cmake'
[2.106s] Level 1:colcon.colcon_core.package_identification:_identify(.) by extension 'python'
[2.106s] Level 1:colcon.colcon_core.package_identification:_identify(.) by extensions ['python_setup_py']
[2.106s] Level 1:colcon.colcon_core.package_identification:_identify(.) by extension 'python_setup_py'
[2.106s] Level 1:colcon.colcon_core.package_identification:_identify(build) by extensions ['ignore', 'ignore_ament_install']
[2.106s] Level 1:colcon.colcon_core.package_identification:_identify(build) by extension 'ignore'
[2.106s] Level 1:colcon.colcon_core.package_identification:_identify(build) ignored
[2.106s] Level 1:colcon.colcon_core.package_identification:_identify(install) by extensions ['ignore', 'ignore_ament_install']
[2.106s] Level 1:colcon.colcon_core.package_identification:_identify(install) by extension 'ignore'
[2.106s] Level 1:colcon.colcon_core.package_identification:_identify(install) ignored
[2.106s] Level 1:colcon.colcon_core.package_identification:_identify(log) by extensions ['ignore', 'ignore_ament_install']
[2.106s] Level 1:colcon.colcon_core.package_identification:_identify(log) by extension 'ignore'
[2.106s] Level 1:colcon.colcon_core.package_identification:_identify(log) ignored
[2.106s] Level 1:colcon.colcon_core.package_identification:_identify(src) by extensions ['ignore', 'ignore_ament_install']
[2.106s] Level 1:colcon.colcon_core.package_identification:_identify(src) by extension 'ignore'
[2.106s] Level 1:colcon.colcon_core.package_identification:_identify(src) by extension 'ignore_ament_install'
[2.106s] Level 1:colcon.colcon_core.package_identification:_identify(src) by extensions ['colcon_pkg']
[2.106s] Level 1:colcon.colcon_core.package_identification:_identify(src) by extension 'colcon_pkg'
[2.107s] Level 1:colcon.colcon_core.package_identification:_identify(src) by extensions ['colcon_meta']
[2.107s] Level 1:colcon.colcon_core.package_identification:_identify(src) by extension 'colcon_meta'
[2.107s] Level 1:colcon.colcon_core.package_identification:_identify(src) by extensions ['ros']
[2.107s] Level 1:colcon.colcon_core.package_identification:_identify(src) by extension 'ros'
[2.107s] Level 1:colcon.colcon_core.package_identification:_identify(src) by extensions ['cmake', 'python']
[2.107s] Level 1:colcon.colcon_core.package_identification:_identify(src) by extension 'cmake'
[2.107s] Level 1:colcon.colcon_core.package_identification:_identify(src) by extension 'python'
[2.107s] Level 1:colcon.colcon_core.package_identification:_identify(src) by extensions ['python_setup_py']
[2.107s] Level 1:colcon.colcon_core.package_identification:_identify(src) by extension 'python_setup_py'
[2.107s] Level 1:colcon.colcon_core.package_identification:_identify(src/Cubemars_AK_Series_Driver) by extensions ['ignore', 'ignore_ament_install']
[2.107s] Level 1:colcon.colcon_core.package_identification:_identify(src/Cubemars_AK_Series_Driver) by extension 'ignore'
[2.107s] Level 1:colcon.colcon_core.package_identification:_identify(src/Cubemars_AK_Series_Driver) by extension 'ignore_ament_install'
[2.107s] Level 1:colcon.colcon_core.package_identification:_identify(src/Cubemars_AK_Series_Driver) by extensions ['colcon_pkg']
[2.107s] Level 1:colcon.colcon_core.package_identification:_identify(src/Cubemars_AK_Series_Driver) by extension 'colcon_pkg'
[2.107s] Level 1:colcon.colcon_core.package_identification:_identify(src/Cubemars_AK_Series_Driver) by extensions ['colcon_meta']
[2.107s] Level 1:colcon.colcon_core.package_identification:_identify(src/Cubemars_AK_Series_Driver) by extension 'colcon_meta'
[2.107s] Level 1:colcon.colcon_core.package_identification:_identify(src/Cubemars_AK_Series_Driver) by extensions ['ros']
[2.107s] Level 1:colcon.colcon_core.package_identification:_identify(src/Cubemars_AK_Series_Driver) by extension 'ros'
[2.107s] Level 1:colcon.colcon_core.package_identification:_identify(src/Cubemars_AK_Series_Driver) by extensions ['cmake', 'python']
[2.107s] Level 1:colcon.colcon_core.package_identification:_identify(src/Cubemars_AK_Series_Driver) by extension 'cmake'
[2.107s] Level 1:colcon.colcon_core.package_identification:_identify(src/Cubemars_AK_Series_Driver) by extension 'python'
[2.107s] Level 1:colcon.colcon_core.package_identification:_identify(src/Cubemars_AK_Series_Driver) by extensions ['python_setup_py']
[2.107s] Level 1:colcon.colcon_core.package_identification:_identify(src/Cubemars_AK_Series_Driver) by extension 'python_setup_py'
[2.107s] Level 1:colcon.colcon_core.package_identification:_identify(src/Cubemars_AK_Series_Driver/ak_series_driver) by extensions ['ignore', 'ignore_ament_install']
[2.108s] Level 1:colcon.colcon_core.package_identification:_identify(src/Cubemars_AK_Series_Driver/ak_series_driver) by extension 'ignore'
[2.108s] Level 1:colcon.colcon_core.package_identification:_identify(src/Cubemars_AK_Series_Driver/ak_series_driver) by extension 'ignore_ament_install'
[2.108s] Level 1:colcon.colcon_core.package_identification:_identify(src/Cubemars_AK_Series_Driver/ak_series_driver) by extensions ['colcon_pkg']
[2.108s] Level 1:colcon.colcon_core.package_identification:_identify(src/Cubemars_AK_Series_Driver/ak_series_driver) by extension 'colcon_pkg'
[2.108s] Level 1:colcon.colcon_core.package_identification:_identify(src/Cubemars_AK_Series_Driver/ak_series_driver) by extensions ['colcon_meta']
[2.108s] Level 1:colcon.colcon_core.package_identification:_identify(src/Cubemars_AK_Series_Driver/ak_series_driver) by extension 'colcon_meta'
[2.108s] Level 1:colcon.colcon_core.package_identification:_identify(src/Cubemars_AK_Series_Driver/ak_series_driver) by extensions ['ros']
[2.108s] Level 1:colcon.colcon_core.package_identification:_identify(src/Cubemars_AK_Series_Driver/ak_series_driver) by extension 'ros'
[2.109s] DEBUG:colcon.colcon_core.package_identification:Package 'src/Cubemars_AK_Series_Driver/ak_series_driver' with type 'ros.ament_cmake' and name 'ak_series_driver'
[2.109s] Level 1:colcon.colcon_core.package_identification:_identify(src/Cubemars_AK_Series_Driver/resources) by extensions ['ignore', 'ignore_ament_install']
[2.110s] Level 1:colcon.colcon_core.package_identification:_identify(src/Cubemars_AK_Series_Driver/resources) by extension 'ignore'
[2.110s] Level 1:colcon.colcon_core.package_identification:_identify(src/Cubemars_AK_Series_Driver/resources) by extension 'ignore_ament_install'
[2.110s] Level 1:colcon.colcon_core.package_identification:_identify(src/Cubemars_AK_Series_Driver/resources) by extensions ['colcon_pkg']
[2.110s] Level 1:colcon.colcon_core.package_identification:_identify(src/Cubemars_AK_Series_Driver/resources) by extension 'colcon_pkg'
[2.110s] Level 1:colcon.colcon_core.package_identification:_identify(src/Cubemars_AK_Series_Driver/resources) by extensions ['colcon_meta']
[2.110s] Level 1:colcon.colcon_core.package_identification:_identify(src/Cubemars_AK_Series_Driver/resources) by extension 'colcon_meta'
[2.110s] Level 1:colcon.colcon_core.package_identification:_identify(src/Cubemars_AK_Series_Driver/resources) by extensions ['ros']
[2.110s] Level 1:colcon.colcon_core.package_identification:_identify(src/Cubemars_AK_Series_Driver/resources) by extension 'ros'
[2.110s] Level 1:colcon.colcon_core.package_identification:_identify(src/Cubemars_AK_Series_Driver/resources) by extensions ['cmake', 'python']
[2.110s] Level 1:colcon.colcon_core.package_identification:_identify(src/Cubemars_AK_Series_Driver/resources) by extension 'cmake'
[2.110s] Level 1:colcon.colcon_core.package_identification:_identify(src/Cubemars_AK_Series_Driver/resources) by extension 'python'
[2.110s] Level 1:colcon.colcon_core.package_identification:_identify(src/Cubemars_AK_Series_Driver/resources) by extensions ['python_setup_py']
[2.110s] Level 1:colcon.colcon_core.package_identification:_identify(src/Cubemars_AK_Series_Driver/resources) by extension 'python_setup_py'
[2.110s] Level 1:colcon.colcon_core.package_identification:_identify(src/Cubemars_AK_Series_Driver/resources/autom4te.cache) by extensions ['ignore', 'ignore_ament_install']
[2.110s] Level 1:colcon.colcon_core.package_identification:_identify(src/Cubemars_AK_Series_Driver/resources/autom4te.cache) by extension 'ignore'
[2.110s] Level 1:colcon.colcon_core.package_identification:_identify(src/Cubemars_AK_Series_Driver/resources/autom4te.cache) by extension 'ignore_ament_install'
[2.110s] Level 1:colcon.colcon_core.package_identification:_identify(src/Cubemars_AK_Series_Driver/resources/autom4te.cache) by extensions ['colcon_pkg']
[2.110s] Level 1:colcon.colcon_core.package_identification:_identify(src/Cubemars_AK_Series_Driver/resources/autom4te.cache) by extension 'colcon_pkg'
[2.110s] Level 1:colcon.colcon_core.package_identification:_identify(src/Cubemars_AK_Series_Driver/resources/autom4te.cache) by extensions ['colcon_meta']
[2.110s] Level 1:colcon.colcon_core.package_identification:_identify(src/Cubemars_AK_Series_Driver/resources/autom4te.cache) by extension 'colcon_meta'
[2.110s] Level 1:colcon.colcon_core.package_identification:_identify(src/Cubemars_AK_Series_Driver/resources/autom4te.cache) by extensions ['ros']
[2.110s] Level 1:colcon.colcon_core.package_identification:_identify(src/Cubemars_AK_Series_Driver/resources/autom4te.cache) by extension 'ros'
[2.110s] Level 1:colcon.colcon_core.package_identification:_identify(src/Cubemars_AK_Series_Driver/resources/autom4te.cache) by extensions ['cmake', 'python']
[2.110s] Level 1:colcon.colcon_core.package_identification:_identify(src/Cubemars_AK_Series_Driver/resources/autom4te.cache) by extension 'cmake'
[2.110s] Level 1:colcon.colcon_core.package_identification:_identify(src/Cubemars_AK_Series_Driver/resources/autom4te.cache) by extension 'python'
[2.111s] Level 1:colcon.colcon_core.package_identification:_identify(src/Cubemars_AK_Series_Driver/resources/autom4te.cache) by extensions ['python_setup_py']
[2.111s] Level 1:colcon.colcon_core.package_identification:_identify(src/Cubemars_AK_Series_Driver/resources/autom4te.cache) by extension 'python_setup_py'
[2.111s] Level 1:colcon.colcon_core.package_identification:_identify(src/Cubemars_AK_Series_Driver/resources/config) by extensions ['ignore', 'ignore_ament_install']
[2.111s] Level 1:colcon.colcon_core.package_identification:_identify(src/Cubemars_AK_Series_Driver/resources/config) by extension 'ignore'
[2.111s] Level 1:colcon.colcon_core.package_identification:_identify(src/Cubemars_AK_Series_Driver/resources/config) by extension 'ignore_ament_install'
[2.111s] Level 1:colcon.colcon_core.package_identification:_identify(src/Cubemars_AK_Series_Driver/resources/config) by extensions ['colcon_pkg']
[2.111s] Level 1:colcon.colcon_core.package_identification:_identify(src/Cubemars_AK_Series_Driver/resources/config) by extension 'colcon_pkg'
[2.111s] Level 1:colcon.colcon_core.package_identification:_identify(src/Cubemars_AK_Series_Driver/resources/config) by extensions ['colcon_meta']
[2.111s] Level 1:colcon.colcon_core.package_identification:_identify(src/Cubemars_AK_Series_Driver/resources/config) by extension 'colcon_meta'
[2.111s] Level 1:colcon.colcon_core.package_identification:_identify(src/Cubemars_AK_Series_Driver/resources/config) by extensions ['ros']
[2.111s] Level 1:colcon.colcon_core.package_identification:_identify(src/Cubemars_AK_Series_Driver/resources/config) by extension 'ros'
[2.111s] Level 1:colcon.colcon_core.package_identification:_identify(src/Cubemars_AK_Series_Driver/resources/config) by extensions ['cmake', 'python']
[2.111s] Level 1:colcon.colcon_core.package_identification:_identify(src/Cubemars_AK_Series_Driver/resources/config) by extension 'cmake'
[2.111s] Level 1:colcon.colcon_core.package_identification:_identify(src/Cubemars_AK_Series_Driver/resources/config) by extension 'python'
[2.111s] Level 1:colcon.colcon_core.package_identification:_identify(src/Cubemars_AK_Series_Driver/resources/config) by extensions ['python_setup_py']
[2.111s] Level 1:colcon.colcon_core.package_identification:_identify(src/Cubemars_AK_Series_Driver/resources/config) by extension 'python_setup_py'
[2.111s] Level 1:colcon.colcon_core.package_identification:_identify(src/Cubemars_AK_Series_Driver/resources/config/autoconf) by extensions ['ignore', 'ignore_ament_install']
[2.111s] Level 1:colcon.colcon_core.package_identification:_identify(src/Cubemars_AK_Series_Driver/resources/config/autoconf) by extension 'ignore'
[2.111s] Level 1:colcon.colcon_core.package_identification:_identify(src/Cubemars_AK_Series_Driver/resources/config/autoconf) by extension 'ignore_ament_install'
[2.111s] Level 1:colcon.colcon_core.package_identification:_identify(src/Cubemars_AK_Series_Driver/resources/config/autoconf) by extensions ['colcon_pkg']
[2.111s] Level 1:colcon.colcon_core.package_identification:_identify(src/Cubemars_AK_Series_Driver/resources/config/autoconf) by extension 'colcon_pkg'
[2.111s] Level 1:colcon.colcon_core.package_identification:_identify(src/Cubemars_AK_Series_Driver/resources/config/autoconf) by extensions ['colcon_meta']
[2.111s] Level 1:colcon.colcon_core.package_identification:_identify(src/Cubemars_AK_Series_Driver/resources/config/autoconf) by extension 'colcon_meta'
[2.111s] Level 1:colcon.colcon_core.package_identification:_identify(src/Cubemars_AK_Series_Driver/resources/config/autoconf) by extensions ['ros']
[2.112s] Level 1:colcon.colcon_core.package_identification:_identify(src/Cubemars_AK_Series_Driver/resources/config/autoconf) by extension 'ros'
[2.112s] Level 1:colcon.colcon_core.package_identification:_identify(src/Cubemars_AK_Series_Driver/resources/config/autoconf) by extensions ['cmake', 'python']
[2.112s] Level 1:colcon.colcon_core.package_identification:_identify(src/Cubemars_AK_Series_Driver/resources/config/autoconf) by extension 'cmake'
[2.112s] Level 1:colcon.colcon_core.package_identification:_identify(src/Cubemars_AK_Series_Driver/resources/config/autoconf) by extension 'python'
[2.112s] Level 1:colcon.colcon_core.package_identification:_identify(src/Cubemars_AK_Series_Driver/resources/config/autoconf) by extensions ['python_setup_py']
[2.112s] Level 1:colcon.colcon_core.package_identification:_identify(src/Cubemars_AK_Series_Driver/resources/config/autoconf) by extension 'python_setup_py'
[2.112s] Level 1:colcon.colcon_core.package_identification:_identify(src/Cubemars_AK_Series_Driver/resources/config/m4) by extensions ['ignore', 'ignore_ament_install']
[2.112s] Level 1:colcon.colcon_core.package_identification:_identify(src/Cubemars_AK_Series_Driver/resources/config/m4) by extension 'ignore'
[2.112s] Level 1:colcon.colcon_core.package_identification:_identify(src/Cubemars_AK_Series_Driver/resources/config/m4) by extension 'ignore_ament_install'
[2.112s] Level 1:colcon.colcon_core.package_identification:_identify(src/Cubemars_AK_Series_Driver/resources/config/m4) by extensions ['colcon_pkg']
[2.112s] Level 1:colcon.colcon_core.package_identification:_identify(src/Cubemars_AK_Series_Driver/resources/config/m4) by extension 'colcon_pkg'
[2.112s] Level 1:colcon.colcon_core.package_identification:_identify(src/Cubemars_AK_Series_Driver/resources/config/m4) by extensions ['colcon_meta']
[2.112s] Level 1:colcon.colcon_core.package_identification:_identify(src/Cubemars_AK_Series_Driver/resources/config/m4) by extension 'colcon_meta'
[2.112s] Level 1:colcon.colcon_core.package_identification:_identify(src/Cubemars_AK_Series_Driver/resources/config/m4) by extensions ['ros']
[2.112s] Level 1:colcon.colcon_core.package_identification:_identify(src/Cubemars_AK_Series_Driver/resources/config/m4) by extension 'ros'
[2.112s] Level 1:colcon.colcon_core.package_identification:_identify(src/Cubemars_AK_Series_Driver/resources/config/m4) by extensions ['cmake', 'python']
[2.112s] Level 1:colcon.colcon_core.package_identification:_identify(src/Cubemars_AK_Series_Driver/resources/config/m4) by extension 'cmake'
[2.112s] Level 1:colcon.colcon_core.package_identification:_identify(src/Cubemars_AK_Series_Driver/resources/config/m4) by extension 'python'
[2.112s] Level 1:colcon.colcon_core.package_identification:_identify(src/Cubemars_AK_Series_Driver/resources/config/m4) by extensions ['python_setup_py']
[2.112s] Level 1:colcon.colcon_core.package_identification:_identify(src/Cubemars_AK_Series_Driver/resources/config/m4) by extension 'python_setup_py'
[2.112s] Level 1:colcon.colcon_core.package_identification:_identify(src/Cubemars_AK_Series_Driver/resources/include) by extensions ['ignore', 'ignore_ament_install']
[2.112s] Level 1:colcon.colcon_core.package_identification:_identify(src/Cubemars_AK_Series_Driver/resources/include) by extension 'ignore'
[2.112s] Level 1:colcon.colcon_core.package_identification:_identify(src/Cubemars_AK_Series_Driver/resources/include) by extension 'ignore_ament_install'
[2.112s] Level 1:colcon.colcon_core.package_identification:_identify(src/Cubemars_AK_Series_Driver/resources/include) by extensions ['colcon_pkg']
[2.112s] Level 1:colcon.colcon_core.package_identification:_identify(src/Cubemars_AK_Series_Driver/resources/include) by extension 'colcon_pkg'
[2.113s] Level 1:colcon.colcon_core.package_identification:_identify(src/Cubemars_AK_Series_Driver/resources/include) by extensions ['colcon_meta']
[2.113s] Level 1:colcon.colcon_core.package_identification:_identify(src/Cubemars_AK_Series_Driver/resources/include) by extension 'colcon_meta'
[2.113s] Level 1:colcon.colcon_core.package_identification:_identify(src/Cubemars_AK_Series_Driver/resources/include) by extensions ['ros']
[2.113s] Level 1:colcon.colcon_core.package_identification:_identify(src/Cubemars_AK_Series_Driver/resources/include) by extension 'ros'
[2.113s] Level 1:colcon.colcon_core.package_identification:_identify(src/Cubemars_AK_Series_Driver/resources/include) by extensions ['cmake', 'python']
[2.113s] Level 1:colcon.colcon_core.package_identification:_identify(src/Cubemars_AK_Series_Driver/resources/include) by extension 'cmake'
[2.113s] Level 1:colcon.colcon_core.package_identification:_identify(src/Cubemars_AK_Series_Driver/resources/include) by extension 'python'
[2.113s] Level 1:colcon.colcon_core.package_identification:_identify(src/Cubemars_AK_Series_Driver/resources/include) by extensions ['python_setup_py']
[2.113s] Level 1:colcon.colcon_core.package_identification:_identify(src/Cubemars_AK_Series_Driver/resources/include) by extension 'python_setup_py'
[2.113s] Level 1:colcon.colcon_core.package_identification:_identify(src/Cubemars_AK_Series_Driver/resources/include/linux) by extensions ['ignore', 'ignore_ament_install']
[2.113s] Level 1:colcon.colcon_core.package_identification:_identify(src/Cubemars_AK_Series_Driver/resources/include/linux) by extension 'ignore'
[2.113s] Level 1:colcon.colcon_core.package_identification:_identify(src/Cubemars_AK_Series_Driver/resources/include/linux) by extension 'ignore_ament_install'
[2.113s] Level 1:colcon.colcon_core.package_identification:_identify(src/Cubemars_AK_Series_Driver/resources/include/linux) by extensions ['colcon_pkg']
[2.113s] Level 1:colcon.colcon_core.package_identification:_identify(src/Cubemars_AK_Series_Driver/resources/include/linux) by extension 'colcon_pkg'
[2.113s] Level 1:colcon.colcon_core.package_identification:_identify(src/Cubemars_AK_Series_Driver/resources/include/linux) by extensions ['colcon_meta']
[2.113s] Level 1:colcon.colcon_core.package_identification:_identify(src/Cubemars_AK_Series_Driver/resources/include/linux) by extension 'colcon_meta'
[2.113s] Level 1:colcon.colcon_core.package_identification:_identify(src/Cubemars_AK_Series_Driver/resources/include/linux) by extensions ['ros']
[2.113s] Level 1:colcon.colcon_core.package_identification:_identify(src/Cubemars_AK_Series_Driver/resources/include/linux) by extension 'ros'
[2.113s] Level 1:colcon.colcon_core.package_identification:_identify(src/Cubemars_AK_Series_Driver/resources/include/linux) by extensions ['cmake', 'python']
[2.113s] Level 1:colcon.colcon_core.package_identification:_identify(src/Cubemars_AK_Series_Driver/resources/include/linux) by extension 'cmake'
[2.113s] Level 1:colcon.colcon_core.package_identification:_identify(src/Cubemars_AK_Series_Driver/resources/include/linux) by extension 'python'
[2.113s] Level 1:colcon.colcon_core.package_identification:_identify(src/Cubemars_AK_Series_Driver/resources/include/linux) by extensions ['python_setup_py']
[2.113s] Level 1:colcon.colcon_core.package_identification:_identify(src/Cubemars_AK_Series_Driver/resources/include/linux) by extension 'python_setup_py'
[2.113s] Level 1:colcon.colcon_core.package_identification:_identify(src/Cubemars_AK_Series_Driver/resources/include/linux/can) by extensions ['ignore', 'ignore_ament_install']
[2.113s] Level 1:colcon.colcon_core.package_identification:_identify(src/Cubemars_AK_Series_Driver/resources/include/linux/can) by extension 'ignore'
[2.114s] Level 1:colcon.colcon_core.package_identification:_identify(src/Cubemars_AK_Series_Driver/resources/include/linux/can) by extension 'ignore_ament_install'
[2.114s] Level 1:colcon.colcon_core.package_identification:_identify(src/Cubemars_AK_Series_Driver/resources/include/linux/can) by extensions ['colcon_pkg']
[2.114s] Level 1:colcon.colcon_core.package_identification:_identify(src/Cubemars_AK_Series_Driver/resources/include/linux/can) by extension 'colcon_pkg'
[2.114s] Level 1:colcon.colcon_core.package_identification:_identify(src/Cubemars_AK_Series_Driver/resources/include/linux/can) by extensions ['colcon_meta']
[2.114s] Level 1:colcon.colcon_core.package_identification:_identify(src/Cubemars_AK_Series_Driver/resources/include/linux/can) by extension 'colcon_meta'
[2.114s] Level 1:colcon.colcon_core.package_identification:_identify(src/Cubemars_AK_Series_Driver/resources/include/linux/can) by extensions ['ros']
[2.114s] Level 1:colcon.colcon_core.package_identification:_identify(src/Cubemars_AK_Series_Driver/resources/include/linux/can) by extension 'ros'
[2.114s] Level 1:colcon.colcon_core.package_identification:_identify(src/Cubemars_AK_Series_Driver/resources/include/linux/can) by extensions ['cmake', 'python']
[2.114s] Level 1:colcon.colcon_core.package_identification:_identify(src/Cubemars_AK_Series_Driver/resources/include/linux/can) by extension 'cmake'
[2.114s] Level 1:colcon.colcon_core.package_identification:_identify(src/Cubemars_AK_Series_Driver/resources/include/linux/can) by extension 'python'
[2.114s] Level 1:colcon.colcon_core.package_identification:_identify(src/Cubemars_AK_Series_Driver/resources/include/linux/can) by extensions ['python_setup_py']
[2.114s] Level 1:colcon.colcon_core.package_identification:_identify(src/Cubemars_AK_Series_Driver/resources/include/linux/can) by extension 'python_setup_py'
[2.114s] Level 1:colcon.colcon_core.package_identification:_identify(src/libcan) by extensions ['ignore', 'ignore_ament_install']
[2.114s] Level 1:colcon.colcon_core.package_identification:_identify(src/libcan) by extension 'ignore'
[2.114s] Level 1:colcon.colcon_core.package_identification:_identify(src/libcan) by extension 'ignore_ament_install'
[2.114s] Level 1:colcon.colcon_core.package_identification:_identify(src/libcan) by extensions ['colcon_pkg']
[2.114s] Level 1:colcon.colcon_core.package_identification:_identify(src/libcan) by extension 'colcon_pkg'
[2.114s] Level 1:colcon.colcon_core.package_identification:_identify(src/libcan) by extensions ['colcon_meta']
[2.114s] Level 1:colcon.colcon_core.package_identification:_identify(src/libcan) by extension 'colcon_meta'
[2.114s] Level 1:colcon.colcon_core.package_identification:_identify(src/libcan) by extensions ['ros']
[2.114s] Level 1:colcon.colcon_core.package_identification:_identify(src/libcan) by extension 'ros'
[2.114s] Level 1:colcon.colcon_core.package_identification:_identify(src/libcan) by extensions ['cmake', 'python']
[2.114s] Level 1:colcon.colcon_core.package_identification:_identify(src/libcan) by extension 'cmake'
[2.114s] Level 1:colcon.colcon_core.package_identification:_identify(src/libcan) by extension 'python'
[2.114s] Level 1:colcon.colcon_core.package_identification:_identify(src/libcan) by extensions ['python_setup_py']
[2.114s] Level 1:colcon.colcon_core.package_identification:_identify(src/libcan) by extension 'python_setup_py'
[2.115s] Level 1:colcon.colcon_core.package_identification:_identify(src/libcan/include) by extensions ['ignore', 'ignore_ament_install']
[2.115s] Level 1:colcon.colcon_core.package_identification:_identify(src/libcan/include) by extension 'ignore'
[2.115s] Level 1:colcon.colcon_core.package_identification:_identify(src/libcan/include) by extension 'ignore_ament_install'
[2.115s] Level 1:colcon.colcon_core.package_identification:_identify(src/libcan/include) by extensions ['colcon_pkg']
[2.115s] Level 1:colcon.colcon_core.package_identification:_identify(src/libcan/include) by extension 'colcon_pkg'
[2.115s] Level 1:colcon.colcon_core.package_identification:_identify(src/libcan/include) by extensions ['colcon_meta']
[2.115s] Level 1:colcon.colcon_core.package_identification:_identify(src/libcan/include) by extension 'colcon_meta'
[2.115s] Level 1:colcon.colcon_core.package_identification:_identify(src/libcan/include) by extensions ['ros']
[2.115s] Level 1:colcon.colcon_core.package_identification:_identify(src/libcan/include) by extension 'ros'
[2.115s] Level 1:colcon.colcon_core.package_identification:_identify(src/libcan/include) by extensions ['cmake', 'python']
[2.115s] Level 1:colcon.colcon_core.package_identification:_identify(src/libcan/include) by extension 'cmake'
[2.115s] Level 1:colcon.colcon_core.package_identification:_identify(src/libcan/include) by extension 'python'
[2.115s] Level 1:colcon.colcon_core.package_identification:_identify(src/libcan/include) by extensions ['python_setup_py']
[2.115s] Level 1:colcon.colcon_core.package_identification:_identify(src/libcan/include) by extension 'python_setup_py'
[2.115s] Level 1:colcon.colcon_core.package_identification:_identify(src/libcan/include/Vector) by extensions ['ignore', 'ignore_ament_install']
[2.115s] Level 1:colcon.colcon_core.package_identification:_identify(src/libcan/include/Vector) by extension 'ignore'
[2.115s] Level 1:colcon.colcon_core.package_identification:_identify(src/libcan/include/Vector) by extension 'ignore_ament_install'
[2.115s] Level 1:colcon.colcon_core.package_identification:_identify(src/libcan/include/Vector) by extensions ['colcon_pkg']
[2.115s] Level 1:colcon.colcon_core.package_identification:_identify(src/libcan/include/Vector) by extension 'colcon_pkg'
[2.115s] Level 1:colcon.colcon_core.package_identification:_identify(src/libcan/include/Vector) by extensions ['colcon_meta']
[2.115s] Level 1:colcon.colcon_core.package_identification:_identify(src/libcan/include/Vector) by extension 'colcon_meta'
[2.115s] Level 1:colcon.colcon_core.package_identification:_identify(src/libcan/include/Vector) by extensions ['ros']
[2.115s] Level 1:colcon.colcon_core.package_identification:_identify(src/libcan/include/Vector) by extension 'ros'
[2.115s] Level 1:colcon.colcon_core.package_identification:_identify(src/libcan/include/Vector) by extensions ['cmake', 'python']
[2.115s] Level 1:colcon.colcon_core.package_identification:_identify(src/libcan/include/Vector) by extension 'cmake'
[2.116s] Level 1:colcon.colcon_core.package_identification:_identify(src/libcan/include/Vector) by extension 'python'
[2.116s] Level 1:colcon.colcon_core.package_identification:_identify(src/libcan/include/Vector) by extensions ['python_setup_py']
[2.116s] Level 1:colcon.colcon_core.package_identification:_identify(src/libcan/include/Vector) by extension 'python_setup_py'
[2.116s] Level 1:colcon.colcon_core.package_identification:_identify(src/libcan/include/Vector/CANalyzer) by extensions ['ignore', 'ignore_ament_install']
[2.116s] Level 1:colcon.colcon_core.package_identification:_identify(src/libcan/include/Vector/CANalyzer) by extension 'ignore'
[2.116s] Level 1:colcon.colcon_core.package_identification:_identify(src/libcan/include/Vector/CANalyzer) by extension 'ignore_ament_install'
[2.116s] Level 1:colcon.colcon_core.package_identification:_identify(src/libcan/include/Vector/CANalyzer) by extensions ['colcon_pkg']
[2.116s] Level 1:colcon.colcon_core.package_identification:_identify(src/libcan/include/Vector/CANalyzer) by extension 'colcon_pkg'
[2.116s] Level 1:colcon.colcon_core.package_identification:_identify(src/libcan/include/Vector/CANalyzer) by extensions ['colcon_meta']
[2.116s] Level 1:colcon.colcon_core.package_identification:_identify(src/libcan/include/Vector/CANalyzer) by extension 'colcon_meta'
[2.116s] Level 1:colcon.colcon_core.package_identification:_identify(src/libcan/include/Vector/CANalyzer) by extensions ['ros']
[2.116s] Level 1:colcon.colcon_core.package_identification:_identify(src/libcan/include/Vector/CANalyzer) by extension 'ros'
[2.116s] Level 1:colcon.colcon_core.package_identification:_identify(src/libcan/include/Vector/CANalyzer) by extensions ['cmake', 'python']
[2.116s] Level 1:colcon.colcon_core.package_identification:_identify(src/libcan/include/Vector/CANalyzer) by extension 'cmake'
[2.116s] Level 1:colcon.colcon_core.package_identification:_identify(src/libcan/include/Vector/CANalyzer) by extension 'python'
[2.116s] Level 1:colcon.colcon_core.package_identification:_identify(src/libcan/include/Vector/CANalyzer) by extensions ['python_setup_py']
[2.116s] Level 1:colcon.colcon_core.package_identification:_identify(src/libcan/include/Vector/CANalyzer) by extension 'python_setup_py'
[2.116s] Level 1:colcon.colcon_core.package_identification:_identify(src/libcan/include/Vector/XLDriverLibrary) by extensions ['ignore', 'ignore_ament_install']
[2.116s] Level 1:colcon.colcon_core.package_identification:_identify(src/libcan/include/Vector/XLDriverLibrary) by extension 'ignore'
[2.116s] Level 1:colcon.colcon_core.package_identification:_identify(src/libcan/include/Vector/XLDriverLibrary) by extension 'ignore_ament_install'
[2.116s] Level 1:colcon.colcon_core.package_identification:_identify(src/libcan/include/Vector/XLDriverLibrary) by extensions ['colcon_pkg']
[2.116s] Level 1:colcon.colcon_core.package_identification:_identify(src/libcan/include/Vector/XLDriverLibrary) by extension 'colcon_pkg'
[2.116s] Level 1:colcon.colcon_core.package_identification:_identify(src/libcan/include/Vector/XLDriverLibrary) by extensions ['colcon_meta']
[2.116s] Level 1:colcon.colcon_core.package_identification:_identify(src/libcan/include/Vector/XLDriverLibrary) by extension 'colcon_meta'
[2.116s] Level 1:colcon.colcon_core.package_identification:_identify(src/libcan/include/Vector/XLDriverLibrary) by extensions ['ros']
[2.116s] Level 1:colcon.colcon_core.package_identification:_identify(src/libcan/include/Vector/XLDriverLibrary) by extension 'ros'
[2.117s] Level 1:colcon.colcon_core.package_identification:_identify(src/libcan/include/Vector/XLDriverLibrary) by extensions ['cmake', 'python']
[2.117s] Level 1:colcon.colcon_core.package_identification:_identify(src/libcan/include/Vector/XLDriverLibrary) by extension 'cmake'
[2.117s] Level 1:colcon.colcon_core.package_identification:_identify(src/libcan/include/Vector/XLDriverLibrary) by extension 'python'
[2.117s] Level 1:colcon.colcon_core.package_identification:_identify(src/libcan/include/Vector/XLDriverLibrary) by extensions ['python_setup_py']
[2.117s] Level 1:colcon.colcon_core.package_identification:_identify(src/libcan/include/Vector/XLDriverLibrary) by extension 'python_setup_py'
[2.117s] Level 1:colcon.colcon_core.package_identification:_identify(src/libcan/lib) by extensions ['ignore', 'ignore_ament_install']
[2.117s] Level 1:colcon.colcon_core.package_identification:_identify(src/libcan/lib) by extension 'ignore'
[2.117s] Level 1:colcon.colcon_core.package_identification:_identify(src/libcan/lib) by extension 'ignore_ament_install'
[2.117s] Level 1:colcon.colcon_core.package_identification:_identify(src/libcan/lib) by extensions ['colcon_pkg']
[2.117s] Level 1:colcon.colcon_core.package_identification:_identify(src/libcan/lib) by extension 'colcon_pkg'
[2.117s] Level 1:colcon.colcon_core.package_identification:_identify(src/libcan/lib) by extensions ['colcon_meta']
[2.117s] Level 1:colcon.colcon_core.package_identification:_identify(src/libcan/lib) by extension 'colcon_meta'
[2.117s] Level 1:colcon.colcon_core.package_identification:_identify(src/libcan/lib) by extensions ['ros']
[2.117s] Level 1:colcon.colcon_core.package_identification:_identify(src/libcan/lib) by extension 'ros'
[2.117s] Level 1:colcon.colcon_core.package_identification:_identify(src/libcan/lib) by extensions ['cmake', 'python']
[2.117s] Level 1:colcon.colcon_core.package_identification:_identify(src/libcan/lib) by extension 'cmake'
[2.117s] Level 1:colcon.colcon_core.package_identification:_identify(src/libcan/lib) by extension 'python'
[2.117s] Level 1:colcon.colcon_core.package_identification:_identify(src/libcan/lib) by extensions ['python_setup_py']
[2.117s] Level 1:colcon.colcon_core.package_identification:_identify(src/libcan/lib) by extension 'python_setup_py'
[2.117s] Level 1:colcon.colcon_core.package_identification:_identify(src/libcan/src) by extensions ['ignore', 'ignore_ament_install']
[2.117s] Level 1:colcon.colcon_core.package_identification:_identify(src/libcan/src) by extension 'ignore'
[2.117s] Level 1:colcon.colcon_core.package_identification:_identify(src/libcan/src) by extension 'ignore_ament_install'
[2.117s] Level 1:colcon.colcon_core.package_identification:_identify(src/libcan/src) by extensions ['colcon_pkg']
[2.117s] Level 1:colcon.colcon_core.package_identification:_identify(src/libcan/src) by extension 'colcon_pkg'
[2.117s] Level 1:colcon.colcon_core.package_identification:_identify(src/libcan/src) by extensions ['colcon_meta']
[2.118s] Level 1:colcon.colcon_core.package_identification:_identify(src/libcan/src) by extension 'colcon_meta'
[2.118s] Level 1:colcon.colcon_core.package_identification:_identify(src/libcan/src) by extensions ['ros']
[2.118s] Level 1:colcon.colcon_core.package_identification:_identify(src/libcan/src) by extension 'ros'
[2.118s] Level 1:colcon.colcon_core.package_identification:_identify(src/libcan/src) by extensions ['cmake', 'python']
[2.118s] Level 1:colcon.colcon_core.package_identification:_identify(src/libcan/src) by extension 'cmake'
[2.118s] Level 1:colcon.colcon_core.package_identification:_identify(src/libcan/src) by extension 'python'
[2.118s] Level 1:colcon.colcon_core.package_identification:_identify(src/libcan/src) by extensions ['python_setup_py']
[2.118s] Level 1:colcon.colcon_core.package_identification:_identify(src/libcan/src) by extension 'python_setup_py'
[2.118s] Level 1:colcon.colcon_core.package_identification:_identify(src/libcan/src/Vector) by extensions ['ignore', 'ignore_ament_install']
[2.118s] Level 1:colcon.colcon_core.package_identification:_identify(src/libcan/src/Vector) by extension 'ignore'
[2.118s] Level 1:colcon.colcon_core.package_identification:_identify(src/libcan/src/Vector) by extension 'ignore_ament_install'
[2.118s] Level 1:colcon.colcon_core.package_identification:_identify(src/libcan/src/Vector) by extensions ['colcon_pkg']
[2.118s] Level 1:colcon.colcon_core.package_identification:_identify(src/libcan/src/Vector) by extension 'colcon_pkg'
[2.118s] Level 1:colcon.colcon_core.package_identification:_identify(src/libcan/src/Vector) by extensions ['colcon_meta']
[2.118s] Level 1:colcon.colcon_core.package_identification:_identify(src/libcan/src/Vector) by extension 'colcon_meta'
[2.118s] Level 1:colcon.colcon_core.package_identification:_identify(src/libcan/src/Vector) by extensions ['ros']
[2.118s] Level 1:colcon.colcon_core.package_identification:_identify(src/libcan/src/Vector) by extension 'ros'
[2.118s] Level 1:colcon.colcon_core.package_identification:_identify(src/libcan/src/Vector) by extensions ['cmake', 'python']
[2.118s] Level 1:colcon.colcon_core.package_identification:_identify(src/libcan/src/Vector) by extension 'cmake'
[2.118s] Level 1:colcon.colcon_core.package_identification:_identify(src/libcan/src/Vector) by extension 'python'
[2.118s] Level 1:colcon.colcon_core.package_identification:_identify(src/libcan/src/Vector) by extensions ['python_setup_py']
[2.118s] Level 1:colcon.colcon_core.package_identification:_identify(src/libcan/src/Vector) by extension 'python_setup_py'
[2.118s] Level 1:colcon.colcon_core.package_identification:_identify(src/libcan/src/Vector/CANalyzer) by extensions ['ignore', 'ignore_ament_install']
[2.118s] Level 1:colcon.colcon_core.package_identification:_identify(src/libcan/src/Vector/CANalyzer) by extension 'ignore'
[2.118s] Level 1:colcon.colcon_core.package_identification:_identify(src/libcan/src/Vector/CANalyzer) by extension 'ignore_ament_install'
[2.119s] Level 1:colcon.colcon_core.package_identification:_identify(src/libcan/src/Vector/CANalyzer) by extensions ['colcon_pkg']
[2.119s] Level 1:colcon.colcon_core.package_identification:_identify(src/libcan/src/Vector/CANalyzer) by extension 'colcon_pkg'
[2.119s] Level 1:colcon.colcon_core.package_identification:_identify(src/libcan/src/Vector/CANalyzer) by extensions ['colcon_meta']
[2.119s] Level 1:colcon.colcon_core.package_identification:_identify(src/libcan/src/Vector/CANalyzer) by extension 'colcon_meta'
[2.119s] Level 1:colcon.colcon_core.package_identification:_identify(src/libcan/src/Vector/CANalyzer) by extensions ['ros']
[2.119s] Level 1:colcon.colcon_core.package_identification:_identify(src/libcan/src/Vector/CANalyzer) by extension 'ros'
[2.119s] Level 1:colcon.colcon_core.package_identification:_identify(src/libcan/src/Vector/CANalyzer) by extensions ['cmake', 'python']
[2.119s] Level 1:colcon.colcon_core.package_identification:_identify(src/libcan/src/Vector/CANalyzer) by extension 'cmake'
[2.119s] Level 1:colcon.colcon_core.package_identification:_identify(src/libcan/src/Vector/CANalyzer) by extension 'python'
[2.119s] Level 1:colcon.colcon_core.package_identification:_identify(src/libcan/src/Vector/CANalyzer) by extensions ['python_setup_py']
[2.119s] Level 1:colcon.colcon_core.package_identification:_identify(src/libcan/src/Vector/CANalyzer) by extension 'python_setup_py'
[2.119s] Level 1:colcon.colcon_core.package_identification:_identify(src/libcan/src/Vector/XLDriverLibrary) by extensions ['ignore', 'ignore_ament_install']
[2.119s] Level 1:colcon.colcon_core.package_identification:_identify(src/libcan/src/Vector/XLDriverLibrary) by extension 'ignore'
[2.119s] Level 1:colcon.colcon_core.package_identification:_identify(src/libcan/src/Vector/XLDriverLibrary) by extension 'ignore_ament_install'
[2.119s] Level 1:colcon.colcon_core.package_identification:_identify(src/libcan/src/Vector/XLDriverLibrary) by extensions ['colcon_pkg']
[2.119s] Level 1:colcon.colcon_core.package_identification:_identify(src/libcan/src/Vector/XLDriverLibrary) by extension 'colcon_pkg'
[2.119s] Level 1:colcon.colcon_core.package_identification:_identify(src/libcan/src/Vector/XLDriverLibrary) by extensions ['colcon_meta']
[2.119s] Level 1:colcon.colcon_core.package_identification:_identify(src/libcan/src/Vector/XLDriverLibrary) by extension 'colcon_meta'
[2.119s] Level 1:colcon.colcon_core.package_identification:_identify(src/libcan/src/Vector/XLDriverLibrary) by extensions ['ros']
[2.119s] Level 1:colcon.colcon_core.package_identification:_identify(src/libcan/src/Vector/XLDriverLibrary) by extension 'ros'
[2.119s] Level 1:colcon.colcon_core.package_identification:_identify(src/libcan/src/Vector/XLDriverLibrary) by extensions ['cmake', 'python']
[2.119s] Level 1:colcon.colcon_core.package_identification:_identify(src/libcan/src/Vector/XLDriverLibrary) by extension 'cmake'
[2.119s] Level 1:colcon.colcon_core.package_identification:_identify(src/libcan/src/Vector/XLDriverLibrary) by extension 'python'
[2.119s] Level 1:colcon.colcon_core.package_identification:_identify(src/libcan/src/Vector/XLDriverLibrary) by extensions ['python_setup_py']
[2.119s] Level 1:colcon.colcon_core.package_identification:_identify(src/libcan/src/Vector/XLDriverLibrary) by extension 'python_setup_py'
[2.119s] Level 1:colcon.colcon_core.package_identification:_identify(src/libcan/test) by extensions ['ignore', 'ignore_ament_install']
[2.120s] Level 1:colcon.colcon_core.package_identification:_identify(src/libcan/test) by extension 'ignore'
[2.120s] Level 1:colcon.colcon_core.package_identification:_identify(src/libcan/test) by extension 'ignore_ament_install'
[2.120s] Level 1:colcon.colcon_core.package_identification:_identify(src/libcan/test) by extensions ['colcon_pkg']
[2.120s] Level 1:colcon.colcon_core.package_identification:_identify(src/libcan/test) by extension 'colcon_pkg'
[2.120s] Level 1:colcon.colcon_core.package_identification:_identify(src/libcan/test) by extensions ['colcon_meta']
[2.120s] Level 1:colcon.colcon_core.package_identification:_identify(src/libcan/test) by extension 'colcon_meta'
[2.120s] Level 1:colcon.colcon_core.package_identification:_identify(src/libcan/test) by extensions ['ros']
[2.120s] Level 1:colcon.colcon_core.package_identification:_identify(src/libcan/test) by extension 'ros'
[2.120s] Level 1:colcon.colcon_core.package_identification:_identify(src/libcan/test) by extensions ['cmake', 'python']
[2.120s] Level 1:colcon.colcon_core.package_identification:_identify(src/libcan/test) by extension 'cmake'
[2.120s] Level 1:colcon.colcon_core.package_identification:_identify(src/libcan/test) by extension 'python'
[2.120s] Level 1:colcon.colcon_core.package_identification:_identify(src/libcan/test) by extensions ['python_setup_py']
[2.120s] Level 1:colcon.colcon_core.package_identification:_identify(src/libcan/test) by extension 'python_setup_py'
[2.120s] Level 1:colcon.colcon_core.package_discovery:discover_packages(recursive) using defaults
[2.120s] Level 1:colcon.colcon_core.package_discovery:discover_packages(ignore) discover
[2.120s] Level 1:colcon.colcon_core.package_discovery:discover_packages(ignore) using defaults
[2.120s] Level 1:colcon.colcon_core.package_discovery:discover_packages(path) discover
[2.120s] Level 1:colcon.colcon_core.package_discovery:discover_packages(path) using defaults
[2.302s] Level 1:colcon.colcon_core.package_discovery:discover_packages(prefix_path) check parameters
[2.302s] Level 1:colcon.colcon_core.package_discovery:discover_packages(prefix_path) discover
[2.372s] DEBUG:colcon.colcon_installed_package_information.package_discovery:Found 350 installed packages in /opt/ros/galactic
[2.374s] Level 1:colcon.colcon_core.package_discovery:discover_packages(prefix_path) using defaults
[2.515s] Level 5:colcon.colcon_core.verb:set package 'ak_series_driver' build argument 'cmake_args' from command line to 'None'
[2.515s] Level 5:colcon.colcon_core.verb:set package 'ak_series_driver' build argument 'cmake_target' from command line to 'None'
[2.515s] Level 5:colcon.colcon_core.verb:set package 'ak_series_driver' build argument 'cmake_target_skip_unavailable' from command line to 'False'
[2.515s] Level 5:colcon.colcon_core.verb:set package 'ak_series_driver' build argument 'cmake_clean_cache' from command line to 'False'
[2.515s] Level 5:colcon.colcon_core.verb:set package 'ak_series_driver' build argument 'cmake_clean_first' from command line to 'False'
[2.515s] Level 5:colcon.colcon_core.verb:set package 'ak_series_driver' build argument 'cmake_force_configure' from command line to 'False'
[2.515s] Level 5:colcon.colcon_core.verb:set package 'ak_series_driver' build argument 'ament_cmake_args' from command line to 'None'
[2.515s] Level 5:colcon.colcon_core.verb:set package 'ak_series_driver' build argument 'catkin_cmake_args' from command line to 'None'
[2.515s] Level 5:colcon.colcon_core.verb:set package 'ak_series_driver' build argument 'catkin_skip_building_tests' from command line to 'False'
[2.515s] DEBUG:colcon.colcon_core.verb:Building package 'ak_series_driver' with the following arguments: {'ament_cmake_args': None, 'build_base': '/home/corey/ros2_ws/build/ak_series_driver', 'catkin_cmake_args': None, 'catkin_skip_building_tests': False, 'cmake_args': None, 'cmake_clean_cache': False, 'cmake_clean_first': False, 'cmake_force_configure': False, 'cmake_target': None, 'cmake_target_skip_unavailable': False, 'install_base': '/home/corey/ros2_ws/install/ak_series_driver', 'merge_install': False, 'path': '/home/corey/ros2_ws/src/Cubemars_AK_Series_Driver/ak_series_driver', 'symlink_install': True, 'test_result_base': None}
[2.548s] INFO:colcon.colcon_core.executor:Executing jobs using 'parallel' executor
[2.583s] DEBUG:colcon.colcon_parallel_executor.executor.parallel:run_until_complete
[2.583s] INFO:colcon.colcon_ros.task.ament_cmake.build:Building ROS package in '/home/corey/ros2_ws/src/Cubemars_AK_Series_Driver/ak_series_driver' with build type 'ament_cmake'
[2.583s] INFO:colcon.colcon_cmake.task.cmake.build:Building CMake package in '/home/corey/ros2_ws/src/Cubemars_AK_Series_Driver/ak_series_driver'
[2.623s] INFO:colcon.colcon_core.plugin_system:Skipping extension 'colcon_core.shell.bat': Not used on non-Windows systems
[2.623s] INFO:colcon.colcon_core.shell:Skip shell extension 'powershell' for command environment: Not usable outside of PowerShell
[2.623s] DEBUG:colcon.colcon_core.shell:Skip shell extension 'dsv' for command environment
[2.708s] DEBUG:colcon.colcon_core.event_handler.log_command:Invoking command in '/home/corey/ros2_ws/build/ak_series_driver': CMAKE_PREFIX_PATH=/opt/ros/galactic /home/corey/.local/bin/cmake /home/corey/ros2_ws/src/Cubemars_AK_Series_Driver/ak_series_driver -DAMENT_CMAKE_SYMLINK_INSTALL=1 -DCMAKE_INSTALL_PREFIX=/home/corey/ros2_ws/install/ak_series_driver
[3.538s] DEBUG:colcon.colcon_core.event_handler.log_command:Invoked command in '/home/corey/ros2_ws/build/ak_series_driver' returned '0': CMAKE_PREFIX_PATH=/opt/ros/galactic /home/corey/.local/bin/cmake /home/corey/ros2_ws/src/Cubemars_AK_Series_Driver/ak_series_driver -DAMENT_CMAKE_SYMLINK_INSTALL=1 -DCMAKE_INSTALL_PREFIX=/home/corey/ros2_ws/install/ak_series_driver
[3.541s] DEBUG:colcon.colcon_core.event_handler.log_command:Invoking command in '/home/corey/ros2_ws/build/ak_series_driver': CMAKE_PREFIX_PATH=/opt/ros/galactic /home/corey/.local/bin/cmake --build /home/corey/ros2_ws/build/ak_series_driver -- -j16 -l16
[5.179s] DEBUG:colcon.colcon_core.event_handler.log_command:Invoked command in '/home/corey/ros2_ws/build/ak_series_driver' returned '2': CMAKE_PREFIX_PATH=/opt/ros/galactic /home/corey/.local/bin/cmake --build /home/corey/ros2_ws/build/ak_series_driver -- -j16 -l16
[5.249s] Level 1:colcon.colcon_core.environment:create_environment_scripts_only(ak_series_driver)
[5.287s] Level 1:colcon.colcon_core.environment:checking '/home/corey/ros2_ws/install/ak_series_driver' for CMake module files
[5.287s] Level 1:colcon.colcon_core.environment:checking '/home/corey/ros2_ws/install/ak_series_driver' for CMake config files
[5.287s] Level 1:colcon.colcon_core.environment:checking '/home/corey/ros2_ws/install/ak_series_driver/bin'
[5.287s] Level 1:colcon.colcon_core.environment:checking '/home/corey/ros2_ws/install/ak_series_driver/lib/pkgconfig/ak_series_driver.pc'
[5.288s] Level 1:colcon.colcon_core.environment:checking '/home/corey/ros2_ws/install/ak_series_driver/lib/python3.8/site-packages'
[5.288s] Level 1:colcon.colcon_core.environment:checking '/home/corey/ros2_ws/install/ak_series_driver/bin'
[5.326s] INFO:colcon.colcon_core.shell:Creating package script '/home/corey/ros2_ws/install/ak_series_driver/share/ak_series_driver/package.ps1'
[5.326s] INFO:colcon.colcon_core.shell:Creating package descriptor '/home/corey/ros2_ws/install/ak_series_driver/share/ak_series_driver/package.dsv'
[5.327s] INFO:colcon.colcon_core.shell:Creating package script '/home/corey/ros2_ws/install/ak_series_driver/share/ak_series_driver/package.sh'
[5.327s] INFO:colcon.colcon_core.shell:Creating package script '/home/corey/ros2_ws/install/ak_series_driver/share/ak_series_driver/package.bash'
[5.328s] INFO:colcon.colcon_core.shell:Creating package script '/home/corey/ros2_ws/install/ak_series_driver/share/ak_series_driver/package.zsh'
[5.328s] Level 1:colcon.colcon_core.environment:create_file_with_runtime_dependencies(/home/corey/ros2_ws/install/ak_series_driver/share/colcon-core/packages/ak_series_driver)
[5.339s] DEBUG:colcon.colcon_parallel_executor.executor.parallel:closing loop
[5.339s] DEBUG:colcon.colcon_parallel_executor.executor.parallel:loop closed
[5.339s] DEBUG:colcon.colcon_parallel_executor.executor.parallel:run_until_complete finished with '2'
[5.339s] DEBUG:colcon.colcon_core.event_reactor:joining thread
[5.381s] INFO:colcon.colcon_core.plugin_system:Skipping extension 'colcon_notification.desktop_notification.terminal_notifier': Not used on non-Darwin systems
[5.381s] INFO:colcon.colcon_core.plugin_system:Skipping extension 'colcon_notification.desktop_notification.win32': Not used on non-Windows systems
[5.381s] INFO:colcon.colcon_notification.desktop_notification:Sending desktop notification using 'notify2'
[5.389s] DEBUG:colcon.colcon_core.event_reactor:joined thread
[5.426s] INFO:colcon.colcon_core.shell:Creating prefix script '/home/corey/ros2_ws/install/local_setup.ps1'
[5.426s] INFO:colcon.colcon_core.shell:Creating prefix util module '/home/corey/ros2_ws/install/_local_setup_util_ps1.py'
[5.427s] INFO:colcon.colcon_core.shell:Creating prefix chain script '/home/corey/ros2_ws/install/setup.ps1'
[5.464s] INFO:colcon.colcon_core.shell:Creating prefix script '/home/corey/ros2_ws/install/local_setup.sh'
[5.464s] INFO:colcon.colcon_core.shell:Creating prefix util module '/home/corey/ros2_ws/install/_local_setup_util_sh.py'
[5.465s] INFO:colcon.colcon_core.shell:Creating prefix chain script '/home/corey/ros2_ws/install/setup.sh'
[5.501s] INFO:colcon.colcon_core.shell:Creating prefix script '/home/corey/ros2_ws/install/local_setup.bash'
[5.502s] INFO:colcon.colcon_core.shell:Creating prefix chain script '/home/corey/ros2_ws/install/setup.bash'
[5.537s] INFO:colcon.colcon_core.shell:Creating prefix script '/home/corey/ros2_ws/install/local_setup.zsh'
[5.537s] INFO:colcon.colcon_core.shell:Creating prefix chain script '/home/corey/ros2_ws/install/setup.zsh'
