[0.011s] Invoking command in '/home/corey/Cubemars_AK_Series_Driver/build/ak_series_driver': CMAKE_PREFIX_PATH=${CMAKE_PREFIX_PATH}:/home/corey/Cubemars_AK_Series_Driver/install/control:/opt/ros/galactic /usr/bin/cmake --build /home/corey/Cubemars_AK_Series_Driver/build/ak_series_driver -- -j32 -l32
[0.032s] [35m[1mScanning dependencies of target ak_series_driver[0m
[0.044s] [ 16%] [32mBuilding CXX object CMakeFiles/ak_series_driver.dir/src/single_motor.cpp.o[0m
[0.759s] [01m[K/home/corey/Cubemars_AK_Series_Driver/src/ak_series_driver/src/single_motor.cpp:82:38:[m[K [01;31m[Kerror: [m[Kredeclaration of ‘[01m[Kuint8_t SingleMotor::addr [2][m[K’
[0.759s]    82 |         uint8_t addr[2] = {0x68, 0x6A[01;31m[K}[m[K;
[0.759s]       |                                      [01;31m[K^[m[K
[0.759s] [01m[K/home/corey/Cubemars_AK_Series_Driver/src/ak_series_driver/src/single_motor.cpp:79:13:[m[K [01;36m[Knote: [m[Kprevious declaration ‘[01m[Kint SingleMotor::addr[m[K’
[0.759s]    79 |         int [01;36m[Kaddr[m[K = 0;
[0.759s]       |             [01;36m[K^~~~[m[K
[0.850s] [01m[K/home/corey/Cubemars_AK_Series_Driver/src/ak_series_driver/src/single_motor.cpp:[m[K In member function ‘[01m[Kvoid SingleMotor::topic_callback(std_msgs::msg::String_<std::allocator<void> >::SharedPtr)[m[K’:
[0.851s] [01m[K/home/corey/Cubemars_AK_Series_Driver/src/ak_series_driver/src/single_motor.cpp:103:69:[m[K [01;31m[Kerror: [m[Kcannot convert ‘[01m[K__gnu_cxx::__alloc_traits<std::allocator<std::__cxx11::basic_string<char> >, std::__cxx11::basic_string<char> >::value_type[m[K’ {aka ‘[01m[Kstd::__cxx11::basic_string<char>[m[K’} to ‘[01m[Kconst char*[m[K’
[0.851s]   103 |             driver.comm_can_set_pos_spd((uint8_t)std::atoi(inputs[0][01;31m[K)[m[K, std::atof(inputs[1]), (uint16_t)std::atof(inputs[2]), (uint16_t)std::atof(inputs[3]));
[0.851s]       |                                                                     [01;31m[K^[m[K
[0.851s]       |                                                                     [01;31m[K|[m[K
[0.851s]       |                                                                     [01;31m[K__gnu_cxx::__alloc_traits<std::allocator<std::__cxx11::basic_string<char> >, std::__cxx11::basic_string<char> >::value_type {aka std::__cxx11::basic_string<char>}[m[K
[0.851s] In file included from [01m[K/usr/include/c++/9/cstdlib:75[m[K,
[0.851s]                  from [01m[K/usr/include/c++/9/stdlib.h:36[m[K,
[0.851s]                  from [01m[K/home/corey/Cubemars_AK_Series_Driver/src/ak_series_driver/src/single_motor.cpp:2[m[K:
[0.851s] [01m[K/usr/include/stdlib.h:104:30:[m[K [01;36m[Knote: [m[K  initializing argument 1 of ‘[01m[Kint atoi(const char*)[m[K’
[0.851s]   104 | extern int atoi ([01;36m[Kconst char *__nptr[m[K)
[0.851s]       |                  [01;36m[K~~~~~~~~~~~~^~~~~~[m[K
[0.851s] [01m[K/home/corey/Cubemars_AK_Series_Driver/src/ak_series_driver/src/single_motor.cpp:103:91:[m[K [01;31m[Kerror: [m[Kcannot convert ‘[01m[K__gnu_cxx::__alloc_traits<std::allocator<std::__cxx11::basic_string<char> >, std::__cxx11::basic_string<char> >::value_type[m[K’ {aka ‘[01m[Kstd::__cxx11::basic_string<char>[m[K’} to ‘[01m[Kconst char*[m[K’
[0.851s]   103 |             driver.comm_can_set_pos_spd((uint8_t)std::atoi(inputs[0]), std::atof(inputs[1][01;31m[K)[m[K, (uint16_t)std::atof(inputs[2]), (uint16_t)std::atof(inputs[3]));
[0.851s]       |                                                                                           [01;31m[K^[m[K
[0.851s]       |                                                                                           [01;31m[K|[m[K
[0.851s]       |                                                                                           [01;31m[K__gnu_cxx::__alloc_traits<std::allocator<std::__cxx11::basic_string<char> >, std::__cxx11::basic_string<char> >::value_type {aka std::__cxx11::basic_string<char>}[m[K
[0.851s] In file included from [01m[K/usr/include/c++/9/cstdlib:75[m[K,
[0.852s]                  from [01m[K/usr/include/c++/9/stdlib.h:36[m[K,
[0.852s]                  from [01m[K/home/corey/Cubemars_AK_Series_Driver/src/ak_series_driver/src/single_motor.cpp:2[m[K:
[0.852s] [01m[K/usr/include/stdlib.h:101:33:[m[K [01;36m[Knote: [m[K  initializing argument 1 of ‘[01m[Kdouble atof(const char*)[m[K’
[0.852s]   101 | extern double atof ([01;36m[Kconst char *__nptr[m[K)
[0.852s]       |                     [01;36m[K~~~~~~~~~~~~^~~~~~[m[K
[0.852s] [01m[K/home/corey/Cubemars_AK_Series_Driver/src/ak_series_driver/src/single_motor.cpp:103:123:[m[K [01;31m[Kerror: [m[Kcannot convert ‘[01m[K__gnu_cxx::__alloc_traits<std::allocator<std::__cxx11::basic_string<char> >, std::__cxx11::basic_string<char> >::value_type[m[K’ {aka ‘[01m[Kstd::__cxx11::basic_string<char>[m[K’} to ‘[01m[Kconst char*[m[K’
[0.852s]   103 |             driver.comm_can_set_pos_spd((uint8_t)std::atoi(inputs[0]), std::atof(inputs[1]), (uint16_t)std::atof(inputs[2][01;31m[K)[m[K, (uint16_t)std::atof(inputs[3]));
[0.852s]       |                                                                                                                           [01;31m[K^[m[K
[0.852s]       |                                                                                                                           [01;31m[K|[m[K
[0.852s]       |                                                                                                                           [01;31m[K__gnu_cxx::__alloc_traits<std::allocator<std::__cxx11::basic_string<char> >, std::__cxx11::basic_string<char> >::value_type {aka std::__cxx11::basic_string<char>}[m[K
[0.852s] In file included from [01m[K/usr/include/c++/9/cstdlib:75[m[K,
[0.852s]                  from [01m[K/usr/include/c++/9/stdlib.h:36[m[K,
[0.852s]                  from [01m[K/home/corey/Cubemars_AK_Series_Driver/src/ak_series_driver/src/single_motor.cpp:2[m[K:
[0.852s] [01m[K/usr/include/stdlib.h:101:33:[m[K [01;36m[Knote: [m[K  initializing argument 1 of ‘[01m[Kdouble atof(const char*)[m[K’
[0.852s]   101 | extern double atof ([01;36m[Kconst char *__nptr[m[K)
[0.852s]       |                     [01;36m[K~~~~~~~~~~~~^~~~~~[m[K
[0.852s] [01m[K/home/corey/Cubemars_AK_Series_Driver/src/ak_series_driver/src/single_motor.cpp:103:155:[m[K [01;31m[Kerror: [m[Kcannot convert ‘[01m[K__gnu_cxx::__alloc_traits<std::allocator<std::__cxx11::basic_string<char> >, std::__cxx11::basic_string<char> >::value_type[m[K’ {aka ‘[01m[Kstd::__cxx11::basic_string<char>[m[K’} to ‘[01m[Kconst char*[m[K’
[0.852s]   103 |             driver.comm_can_set_pos_spd((uint8_t)std::atoi(inputs[0]), std::atof(inputs[1]), (uint16_t)std::atof(inputs[2]), (uint16_t)std::atof(inputs[3][01;31m[K)[m[K);
[0.853s]       |                                                                                                                                                           [01;31m[K^[m[K
[0.853s]       |                                                                                                                                                           [01;31m[K|[m[K
[0.853s]       |                                                                                                                                                           [01;31m[K__gnu_cxx::__alloc_traits<std::allocator<std::__cxx11::basic_string<char> >, std::__cxx11::basic_string<char> >::value_type {aka std::__cxx11::basic_string<char>}[m[K
[0.853s] In file included from [01m[K/usr/include/c++/9/cstdlib:75[m[K,
[0.853s]                  from [01m[K/usr/include/c++/9/stdlib.h:36[m[K,
[0.853s]                  from [01m[K/home/corey/Cubemars_AK_Series_Driver/src/ak_series_driver/src/single_motor.cpp:2[m[K:
[0.853s] [01m[K/usr/include/stdlib.h:101:33:[m[K [01;36m[Knote: [m[K  initializing argument 1 of ‘[01m[Kdouble atof(const char*)[m[K’
[0.853s]   101 | extern double atof ([01;36m[Kconst char *__nptr[m[K)
[0.853s]       |                     [01;36m[K~~~~~~~~~~~~^~~~~~[m[K
[1.723s] make[2]: *** [CMakeFiles/ak_series_driver.dir/build.make:63: CMakeFiles/ak_series_driver.dir/src/single_motor.cpp.o] Error 1
[1.723s] make[1]: *** [CMakeFiles/Makefile2:136: CMakeFiles/ak_series_driver.dir/all] Error 2
[1.723s] make: *** [Makefile:141: all] Error 2
[1.726s] Invoked command in '/home/corey/Cubemars_AK_Series_Driver/build/ak_series_driver' returned '2': CMAKE_PREFIX_PATH=${CMAKE_PREFIX_PATH}:/home/corey/Cubemars_AK_Series_Driver/install/control:/opt/ros/galactic /usr/bin/cmake --build /home/corey/Cubemars_AK_Series_Driver/build/ak_series_driver -- -j32 -l32
