[0.017s] Invoking command in '/home/corey/Cubemars_AK_Series_Driver/build/ak_series_driver': CMAKE_PREFIX_PATH=${CMAKE_PREFIX_PATH}:/home/corey/Cubemars_AK_Series_Driver/install/control:/opt/ros/galactic /home/corey/.local/bin/cmake --build /home/corey/Cubemars_AK_Series_Driver/build/ak_series_driver -- -j16 -l16
[0.066s] [35m[1mScanning dependencies of target ak_series_driver[0m
[0.087s] [ 16%] [32mBuilding CXX object CMakeFiles/ak_series_driver.dir/src/single_motor.cpp.o[0m
[1.415s] In file included from [01m[K/home/corey/Cubemars_AK_Series_Driver/src/ak_series_driver/src/single_motor.cpp:19[m[K:
[1.416s] [01m[K/home/corey/Cubemars_AK_Series_Driver/src/ak_series_driver/include/ak_series_driver/ak_driver.hpp:[m[K In member function ‘[01m[Kvoid AKDriver::get_can_frame()[m[K’:
[1.416s] [01m[K/home/corey/Cubemars_AK_Series_Driver/src/ak_series_driver/include/ak_series_driver/ak_driver.hpp:152:36:[m[K [01;31m[Kerror: [m[K‘[01m[Kbegin[m[K’ was not declared in this scope; did you mean ‘[01m[Kstd::begin[m[K’?
[1.416s]   152 |                 for (auto i : can_.[01;31m[Kframe[m[K)
[1.416s]       |                                    [01;31m[K^~~~~[m[K
[1.416s]       |                                    [32m[Kstd::begin[m[K
[1.416s] In file included from [01m[K/usr/include/c++/9/vector:69[m[K,
[1.416s]                  from [01m[K/home/corey/Cubemars_AK_Series_Driver/src/ak_series_driver/src/single_motor.cpp:10[m[K:
[1.416s] [01m[K/usr/include/c++/9/bits/range_access.h:105:37:[m[K [01;36m[Knote: [m[K‘[01m[Kstd::begin[m[K’ declared here
[1.416s]   105 |   template<typename _Tp> const _Tp* [01;36m[Kbegin[m[K(const valarray<_Tp>&);
[1.416s]       |                                     [01;36m[K^~~~~[m[K
[1.416s] In file included from [01m[K/home/corey/Cubemars_AK_Series_Driver/src/ak_series_driver/src/single_motor.cpp:19[m[K:
[1.416s] [01m[K/home/corey/Cubemars_AK_Series_Driver/src/ak_series_driver/include/ak_series_driver/ak_driver.hpp:152:36:[m[K [01;31m[Kerror: [m[K‘[01m[Kend[m[K’ was not declared in this scope; did you mean ‘[01m[Kstd::end[m[K’?
[1.417s]   152 |                 for (auto i : can_.[01;31m[Kframe[m[K)
[1.417s]       |                                    [01;31m[K^~~~~[m[K
[1.417s]       |                                    [32m[Kstd::end[m[K
[1.417s] In file included from [01m[K/usr/include/c++/9/vector:69[m[K,
[1.417s]                  from [01m[K/home/corey/Cubemars_AK_Series_Driver/src/ak_series_driver/src/single_motor.cpp:10[m[K:
[1.417s] [01m[K/usr/include/c++/9/bits/range_access.h:107:37:[m[K [01;36m[Knote: [m[K‘[01m[Kstd::end[m[K’ declared here
[1.417s]   107 |   template<typename _Tp> const _Tp* [01;36m[Kend[m[K(const valarray<_Tp>&);
[1.417s]       |                                     [01;36m[K^~~[m[K
[1.417s] In file included from [01m[K/home/corey/Cubemars_AK_Series_Driver/src/ak_series_driver/src/single_motor.cpp:19[m[K:
[1.417s] [01m[K/home/corey/Cubemars_AK_Series_Driver/src/ak_series_driver/include/ak_series_driver/ak_driver.hpp:160:36:[m[K [01;35m[Kwarning: [m[Kcomparison of integer expressions of different signedness: ‘[01m[Kint[m[K’ and ‘[01m[Kstd::vector<unsigned char, std::allocator<unsigned char> >::size_type[m[K’ {aka ‘[01m[Klong unsigned int[m[K’} [[01;35m[K-Wsign-compare[m[K]
[1.417s]   160 |                     for (int i=0; [01;35m[Ki<preFrame.size()[m[K; i++)
[1.417s]       |                                   [01;35m[K~^~~~~~~~~~~~~~~~[m[K
[3.128s] make[2]: *** [CMakeFiles/ak_series_driver.dir/build.make:63: CMakeFiles/ak_series_driver.dir/src/single_motor.cpp.o] Error 1
[3.128s] make[1]: *** [CMakeFiles/Makefile2:136: CMakeFiles/ak_series_driver.dir/all] Error 2
[3.129s] make: *** [Makefile:141: all] Error 2
[3.133s] Invoked command in '/home/corey/Cubemars_AK_Series_Driver/build/ak_series_driver' returned '2': CMAKE_PREFIX_PATH=${CMAKE_PREFIX_PATH}:/home/corey/Cubemars_AK_Series_Driver/install/control:/opt/ros/galactic /home/corey/.local/bin/cmake --build /home/corey/Cubemars_AK_Series_Driver/build/ak_series_driver -- -j16 -l16
