In file included from [01m[K/home/corey/Cubemars_AK_Series_Driver/src/ak_series_driver/src/single_motor.cpp:18[m[K:
[01m[K/home/corey/Cubemars_AK_Series_Driver/src/ak_series_driver/include/ak_series_driver/can_communication.hpp:80:61:[m[K [01;35m[Kwarning: [m[Kmulti-character character constant [[01;35m[K-Wmultichar[m[K]
   80 |             printf(std::to_string(sizeof(can_id)).c_str() + [01;35m[K'\r\n'[m[K);
      |                                                             [01;35m[K^~~~~~[m[K
[01m[K/home/corey/Cubemars_AK_Series_Driver/src/ak_series_driver/include/ak_series_driver/can_communication.hpp:81:65:[m[K [01;35m[Kwarning: [m[Kmulti-character character constant [[01;35m[K-Wmultichar[m[K]
   81 |             printf(std::to_string(sizeof(frame.data)).c_str() + [01;35m[K'\r\n'[m[K);
      |                                                                 [01;35m[K^~~~~~[m[K
[01m[K/home/corey/Cubemars_AK_Series_Driver/src/ak_series_driver/include/ak_series_driver/can_communication.hpp:[m[K In member function ‘[01m[Kvoid CanCommunication::send_cmd(uint8_t, uint8_t, uint8_t*)[m[K’:
[01m[K/home/corey/Cubemars_AK_Series_Driver/src/ak_series_driver/include/ak_series_driver/can_communication.hpp:80:67:[m[K [01;35m[Kwarning: [m[Kformat not a string literal and no format arguments [[01;35m[K-Wformat-security[m[K]
   80 |             printf(std::to_string(sizeof(can_id)).c_str() + '\r\n'[01;35m[K)[m[K;
      |                                                                   [01;35m[K^[m[K
[01m[K/home/corey/Cubemars_AK_Series_Driver/src/ak_series_driver/include/ak_series_driver/can_communication.hpp:81:71:[m[K [01;35m[Kwarning: [m[Kformat not a string literal and no format arguments [[01;35m[K-Wformat-security[m[K]
   81 |             printf(std::to_string(sizeof(frame.data)).c_str() + '\r\n'[01;35m[K)[m[K;
      |                                                                       [01;35m[K^[m[K
[01m[K/home/corey/Cubemars_AK_Series_Driver/src/ak_series_driver/include/ak_series_driver/can_communication.hpp:83:31:[m[K [01;35m[Kwarning: [m[Kcomparison of integer expressions of different signedness: ‘[01m[Kint[m[K’ and ‘[01m[Klong unsigned int[m[K’ [[01;35m[K-Wsign-compare[m[K]
   83 |             for (int i = 0; [01;35m[Ki < sizeof(data)[m[K; i++)
      |                             [01;35m[K~~^~~~~~~~~~~~~~[m[K
[01m[K/home/corey/Cubemars_AK_Series_Driver/src/ak_series_driver/include/ak_series_driver/can_communication.hpp:92:50:[m[K [01;35m[Kwarning: [m[Kformat not a string literal and no format arguments [[01;35m[K-Wformat-security[m[K]
   92 |             printf(std::to_string(nbytes).c_str()[01;35m[K)[m[K;
      |                                                  [01;35m[K^[m[K
[01m[K/home/corey/Cubemars_AK_Series_Driver/src/ak_series_driver/include/ak_series_driver/can_communication.hpp:75:47:[m[K [01;35m[Kwarning: [m[Kunused parameter ‘[01m[Kcan_dlc[m[K’ [[01;35m[K-Wunused-parameter[m[K]
   75 |         void send_cmd(uint8_t can_id, [01;35m[Kuint8_t can_dlc[m[K, uint8_t *data)
      |                                       [01;35m[K~~~~~~~~^~~~~~~[m[K
In file included from [01m[K/home/corey/Cubemars_AK_Series_Driver/src/ak_series_driver/src/single_motor.cpp:19[m[K:
[01m[K/home/corey/Cubemars_AK_Series_Driver/src/ak_series_driver/include/ak_series_driver/ak_driver.hpp:[m[K In member function ‘[01m[Kvoid AKDriver::comm_can_transmit_eid(uint32_t, const uint8_t*, uint8_t)[m[K’:
[01m[K/home/corey/Cubemars_AK_Series_Driver/src/ak_series_driver/include/ak_series_driver/ak_driver.hpp:131:31:[m[K [01;35m[Kwarning: [m[Kcomparison of integer expressions of different signedness: ‘[01m[Kint[m[K’ and ‘[01m[Klong unsigned int[m[K’ [[01;35m[K-Wsign-compare[m[K]
  131 |             for (int i = 0; [01;35m[Ki < sizeof(msg)[m[K; i++)
      |                             [01;35m[K~~^~~~~~~~~~~~~[m[K
[01m[K/home/corey/Cubemars_AK_Series_Driver/src/ak_series_driver/include/ak_series_driver/ak_driver.hpp:136:44:[m[K [01;31m[Kerror: [m[Kinvalid conversion from ‘[01m[Kuint8_t[m[K’ {aka ‘[01m[Kunsigned char[m[K’} to ‘[01m[Kuint8_t*[m[K’ {aka ‘[01m[Kunsigned char*[m[K’} [[01;31m[K-fpermissive[m[K]
  136 |             can_.send_cmd(id, sizeof(msg), [01;31m[Klen[m[K); //CAN port sends TxMessage data
      |                                            [01;31m[K^~~[m[K
      |                                            [01;31m[K|[m[K
      |                                            [01;31m[Kuint8_t {aka unsigned char}[m[K
In file included from [01m[K/home/corey/Cubemars_AK_Series_Driver/src/ak_series_driver/src/single_motor.cpp:18[m[K:
[01m[K/home/corey/Cubemars_AK_Series_Driver/src/ak_series_driver/include/ak_series_driver/can_communication.hpp:75:65:[m[K [01;36m[Knote: [m[K  initializing argument 3 of ‘[01m[Kvoid CanCommunication::send_cmd(uint8_t, uint8_t, uint8_t*)[m[K’
   75 |         void send_cmd(uint8_t can_id, uint8_t can_dlc, [01;36m[Kuint8_t *data[m[K)
      |                                                        [01;36m[K~~~~~~~~~^~~~[m[K
make[2]: *** [CMakeFiles/ak_series_driver.dir/build.make:63: CMakeFiles/ak_series_driver.dir/src/single_motor.cpp.o] Error 1
make[1]: *** [CMakeFiles/Makefile2:136: CMakeFiles/ak_series_driver.dir/all] Error 2
make: *** [Makefile:141: all] Error 2
